2025-05-22 15:05:11.352 [info] [main] ログ レベル: Info
2025-05-22 15:05:11.352 [info] [main] Git の検証が検出されました: "git"
2025-05-22 15:05:11.352 [info] [main] "git" から Git "2.49.0" を使用しています
2025-05-22 15:05:11.352 [info] [Model][doInitialScan] Initial repository scan started
2025-05-22 15:05:11.352 [info] > git rev-parse --show-toplevel [11ms]
2025-05-22 15:05:11.352 [info] fatal: not a git repository (or any of the parent directories): .git
2025-05-22 15:05:11.352 [info] > git rev-parse --show-toplevel [19ms]
2025-05-22 15:05:11.352 [info] fatal: not a git repository (or any of the parent directories): .git
2025-05-22 15:05:11.352 [info] > git rev-parse --show-toplevel [1ms]
2025-05-22 15:05:11.352 [info] fatal: not a git repository (or any of the parent directories): .git
2025-05-22 15:05:11.352 [info] > git rev-parse --show-toplevel [9ms]
2025-05-22 15:05:11.353 [info] fatal: not a git repository (or any of the parent directories): .git
2025-05-22 15:05:11.353 [info] > git rev-parse --show-toplevel [4ms]
2025-05-22 15:05:11.353 [info] > git rev-parse --git-dir --git-common-dir [0ms]
2025-05-22 15:05:11.353 [info] [Model][openRepository] Opened repository (path): /home/vscode/.nodenv
2025-05-22 15:05:11.353 [info] [Model][openRepository] Opened repository (real path): /home/vscode/.nodenv
2025-05-22 15:05:11.353 [info] > git rev-parse --show-toplevel [161ms]
2025-05-22 15:05:11.353 [info] > git config --get commit.template [187ms]
2025-05-22 15:05:11.353 [info] > git rev-parse --git-dir --git-common-dir [2193ms]
2025-05-22 15:05:11.353 [info] [Model][openRepository] Opened repository (path): /home/vscode/.oh-my-zsh
2025-05-22 15:05:11.353 [info] [Model][openRepository] Opened repository (real path): /home/vscode/.oh-my-zsh
2025-05-22 15:05:11.353 [info] > git for-each-ref --format=%(refname)%00%(upstream:short)%00%(objectname)%00%(upstream:track)%00%(upstream:remotename)%00%(upstream:remoteref) refs/heads/main refs/remotes/main [2171ms]
2025-05-22 15:05:11.353 [warning] [Git][revParse] Unable to read file: ENOENT: no such file or directory, open '/home/vscode/.nodenv/.git/refs/remotes/origin/main'
2025-05-22 15:05:11.353 [info] > git rev-parse --show-toplevel [14ms]
2025-05-22 15:05:11.353 [info] fatal: not a git repository (or any of the parent directories): .git
2025-05-22 15:05:11.353 [info] > git config --get commit.template [21ms]
2025-05-22 15:05:11.367 [info] > git check-ignore -v -z --stdin [47ms]
2025-05-22 15:05:11.370 [info] > git rev-parse refs/remotes/origin/main [21ms]
2025-05-22 15:05:11.433 [info] > git rev-parse --show-toplevel [72ms]
2025-05-22 15:05:11.433 [info] fatal: not a git repository (or any of the parent directories): .git
2025-05-22 15:05:11.435 [info] > git status -z -uall [54ms]
2025-05-22 15:05:11.435 [info] > git for-each-ref --sort -committerdate --format %(refname)%00%(objectname)%00%(*objectname) [24ms]
2025-05-22 15:05:12.438 [info] > git for-each-ref --format=%(refname)%00%(upstream:short)%00%(objectname)%00%(upstream:track)%00%(upstream:remotename)%00%(upstream:remoteref) refs/heads/main refs/remotes/main [890ms]
2025-05-22 15:05:12.448 [info] > git for-each-ref --format=%(refname)%00%(upstream:short)%00%(objectname)%00%(upstream:track)%00%(upstream:remotename)%00%(upstream:remoteref) refs/heads/master refs/remotes/master [1021ms]
2025-05-22 15:05:12.489 [warning] [Git][revParse] Unable to read file: ENOENT: no such file or directory, open '/home/vscode/.oh-my-zsh/.git/refs/remotes/origin/master'
2025-05-22 15:05:12.531 [info] > git check-ignore -v -z --stdin [64ms]
2025-05-22 15:05:12.531 [info] > git check-ignore -v -z --stdin [57ms]
2025-05-22 15:05:12.535 [info] > git config --get --local branch.main.vscode-merge-base [89ms]
2025-05-22 15:05:12.536 [warning] [Git][config] git config failed: Failed to execute git
2025-05-22 15:05:12.551 [info] > git config --get commit.template [958ms]
2025-05-22 15:05:12.551 [info] > git rev-parse --show-toplevel [983ms]
2025-05-22 15:05:12.558 [info] > git rev-parse refs/remotes/origin/master [69ms]
2025-05-22 15:05:12.712 [info] > git reflog main --grep-reflog=branch: Created from *. [162ms]
2025-05-22 15:05:12.830 [info] > git rev-parse --git-dir --git-common-dir [213ms]
2025-05-22 15:05:12.848 [info] [Model][openRepository] Opened repository (path): /home/vscode/environment
2025-05-22 15:05:12.848 [info] [Model][openRepository] Opened repository (real path): /home/vscode/environment
2025-05-22 15:05:12.859 [info] [Model][doInitialScan] Initial repository scan completed - repositories (3), closed repositories (0), parent repositories (0), unsafe repositories (0)
2025-05-22 15:05:12.860 [info] > git for-each-ref --format=%(refname)%00%(upstream:short)%00%(objectname)%00%(upstream:track)%00%(upstream:remotename)%00%(upstream:remoteref) refs/heads/main refs/remotes/main [261ms]
2025-05-22 15:05:12.860 [info] > git for-each-ref --sort -committerdate --format %(refname)%00%(objectname)%00%(*objectname) [281ms]
2025-05-22 15:05:13.038 [info] > git symbolic-ref --short refs/remotes/origin/HEAD [312ms]
2025-05-22 15:05:13.094 [warning] [Git][revParse] Unable to read file: ENOENT: no such file or directory, open '/home/vscode/.nodenv/.git/refs/remotes/origin/main'
2025-05-22 15:05:13.198 [info] > git for-each-ref --format=%(refname)%00%(upstream:short)%00%(objectname)%00%(upstream:track)%00%(upstream:remotename)%00%(upstream:remoteref) refs/heads/origin/main refs/remotes/origin/main [129ms]
2025-05-22 15:05:13.229 [info] > git rev-parse --show-toplevel [340ms]
2025-05-22 15:05:13.232 [info] fatal: not a git repository (or any of the parent directories): .git
2025-05-22 15:05:13.234 [info] > git config --get commit.template [360ms]
2025-05-22 15:05:13.746 [info] > git status -z -uall [1181ms]
2025-05-22 15:05:13.749 [info] > git rev-parse refs/remotes/origin/main [655ms]
2025-05-22 15:05:14.123 [info] > git status -z -uall [365ms]
2025-05-22 15:05:14.144 [info] > git check-ignore -v -z --stdin [333ms]
2025-05-22 15:05:14.144 [info] > git check-ignore -v -z --stdin [324ms]
2025-05-22 15:05:14.145 [info] > git check-ignore -v -z --stdin [316ms]
2025-05-22 15:05:14.145 [info] > git for-each-ref --format=%(refname)%00%(upstream:short)%00%(objectname)%00%(upstream:track)%00%(upstream:remotename)%00%(upstream:remoteref) refs/heads/master refs/remotes/master [349ms]
2025-05-22 15:05:14.173 [info] > git for-each-ref --sort -committerdate --format %(refname)%00%(objectname)%00%(*objectname) [399ms]
2025-05-22 15:05:14.205 [info] > git rev-parse --show-toplevel [921ms]
2025-05-22 15:05:14.205 [info] fatal: not a git repository (or any of the parent directories): .git
2025-05-22 15:05:14.205 [info] > git config --add --local branch.main.vscode-merge-base origin/main [976ms]
2025-05-22 15:05:14.279 [info] > git for-each-ref --format=%(refname)%00%(upstream:short)%00%(objectname)%00%(upstream:track)%00%(upstream:remotename)%00%(upstream:remoteref) refs/heads/main refs/remotes/main [77ms]
2025-05-22 15:05:14.301 [info] > git config --get --local branch.master.vscode-merge-base [128ms]
2025-05-22 15:05:14.301 [warning] [Git][config] git config failed: Failed to execute git
2025-05-22 15:05:14.345 [info] > git config --get commit.template [439ms]
2025-05-22 15:05:14.346 [info] > git for-each-ref --format=%(refname)%00%(upstream:short)%00%(objectname)%00%(upstream:track)%00%(upstream:remotename)%00%(upstream:remoteref) refs/heads/main refs/remotes/main [502ms]
2025-05-22 15:05:14.421 [warning] [Git][revParse] Unable to read file: ENOENT: no such file or directory, open '/home/vscode/environment/.git/refs/remotes/origin/main'
2025-05-22 15:05:14.581 [info] > git config --get --local branch.main.vscode-merge-base [281ms]
2025-05-22 15:05:14.613 [info] > git config --get commit.template [381ms]
2025-05-22 15:05:14.735 [info] > git for-each-ref --format=%(refname)%00%(upstream:short)%00%(objectname)%00%(upstream:track)%00%(upstream:remotename)%00%(upstream:remoteref) refs/heads/origin/main refs/remotes/origin/main [122ms]
2025-05-22 15:05:14.771 [info] > git rev-parse refs/remotes/origin/main [349ms]
2025-05-22 15:05:14.815 [info] > git reflog master --grep-reflog=branch: Created from *. [482ms]
2025-05-22 15:05:14.890 [info] > git status -z -uall [95ms]
2025-05-22 15:05:14.891 [info] > git for-each-ref --sort -committerdate --format %(refname)%00%(objectname)%00%(*objectname) [75ms]
2025-05-22 15:05:14.939 [info] > git merge-base refs/heads/main refs/remotes/origin/main [169ms]
2025-05-22 15:05:14.961 [info] > git rev-parse --show-toplevel [312ms]
2025-05-22 15:05:14.961 [info] fatal: not a git repository (or any of the parent directories): .git
2025-05-22 15:05:14.961 [info] > git for-each-ref --format=%(refname)%00%(upstream:short)%00%(objectname)%00%(upstream:track)%00%(upstream:remotename)%00%(upstream:remoteref) refs/heads/master refs/remotes/master [335ms]
2025-05-22 15:05:14.987 [info] > git diff --name-status -z --diff-filter=ADMR c2bda62623165f2b9bab646844f22fc20a48f944...refs/remotes/origin/main [27ms]
2025-05-22 15:05:14.987 [info] > git for-each-ref --format=%(refname)%00%(upstream:short)%00%(objectname)%00%(upstream:track)%00%(upstream:remotename)%00%(upstream:remoteref) refs/heads/main refs/remotes/main [62ms]
2025-05-22 15:05:14.995 [info] > git for-each-ref --format=%(refname)%00%(upstream:short)%00%(objectname)%00%(upstream:track)%00%(upstream:remotename)%00%(upstream:remoteref) refs/heads/main refs/remotes/main [119ms]
2025-05-22 15:05:14.995 [info] > git symbolic-ref --short refs/remotes/origin/HEAD [151ms]
2025-05-22 15:05:15.013 [warning] [Git][revParse] Unable to read file: ENOENT: no such file or directory, open '/home/vscode/.oh-my-zsh/.git/refs/remotes/origin/master'
2025-05-22 15:05:15.029 [warning] [Git][revParse] Unable to read file: ENOENT: no such file or directory, open '/home/vscode/.nodenv/.git/refs/remotes/origin/main'
2025-05-22 15:05:15.031 [info] > git config --get --local branch.main.vscode-merge-base [37ms]
2025-05-22 15:05:15.031 [warning] [Git][config] git config failed: Failed to execute git
2025-05-22 15:05:15.049 [info] > git config --get commit.template [81ms]
2025-05-22 15:05:15.374 [info] > git reflog main --grep-reflog=branch: Created from *. [325ms]
2025-05-22 15:05:15.398 [info] > git rev-parse refs/remotes/origin/main [369ms]
2025-05-22 15:05:15.452 [info] > git rev-parse refs/remotes/origin/master [439ms]
2025-05-22 15:05:15.497 [info] > git for-each-ref --format=%(refname)%00%(upstream:short)%00%(objectname)%00%(upstream:track)%00%(upstream:remotename)%00%(upstream:remoteref) refs/heads/origin/master refs/remotes/origin/master [491ms]
2025-05-22 15:05:17.015 [info] > git status -z -uall [1588ms]
2025-05-22 15:05:17.015 [info] > git status -z -uall [1539ms]
2025-05-22 15:05:17.018 [info] > git for-each-ref --sort -committerdate --format %(refname)%00%(objectname)%00%(*objectname) [1521ms]
2025-05-22 15:05:17.020 [info] > git for-each-ref --sort -committerdate --format %(refname)%00%(objectname)%00%(*objectname) [1568ms]
2025-05-22 15:05:17.029 [info] > git symbolic-ref --short refs/remotes/origin/HEAD [1631ms]
2025-05-22 15:05:17.776 [info] > git for-each-ref --format=%(refname)%00%(upstream:short)%00%(objectname)%00%(upstream:track)%00%(upstream:remotename)%00%(upstream:remoteref) refs/heads/origin/main refs/remotes/origin/main [719ms]
2025-05-22 15:05:17.795 [info] > git for-each-ref --format=%(refname)%00%(upstream:short)%00%(objectname)%00%(upstream:track)%00%(upstream:remotename)%00%(upstream:remoteref) refs/heads/main refs/remotes/main [2233ms]
2025-05-22 15:05:17.796 [info] > git config --add --local branch.master.vscode-merge-base origin/master [2275ms]
2025-05-22 15:05:17.853 [warning] [Git][revParse] Unable to read file: ENOENT: no such file or directory, open '/home/vscode/environment/.git/refs/remotes/origin/main'
2025-05-22 15:05:18.059 [info] > git config --add --local branch.main.vscode-merge-base origin/main [264ms]
2025-05-22 15:05:18.249 [info] > git config --get commit.template [372ms]
2025-05-22 15:05:18.249 [info] > git rev-parse refs/remotes/origin/main [397ms]
2025-05-22 15:05:18.271 [info] > git for-each-ref --format=%(refname)%00%(upstream:short)%00%(objectname)%00%(upstream:track)%00%(upstream:remotename)%00%(upstream:remoteref) refs/heads/master refs/remotes/master [451ms]
2025-05-22 15:05:18.357 [info] > git config --get commit.template [233ms]
2025-05-22 15:05:18.414 [info] > git config --get --local branch.master.vscode-merge-base [139ms]
2025-05-22 15:05:18.432 [info] > git for-each-ref --format=%(refname)%00%(upstream:short)%00%(objectname)%00%(upstream:track)%00%(upstream:remotename)%00%(upstream:remoteref) refs/heads/main refs/remotes/main [165ms]
2025-05-22 15:05:18.754 [info] > git config --get --local branch.main.vscode-merge-base [291ms]
2025-05-22 15:05:18.776 [info] > git for-each-ref --format=%(refname)%00%(upstream:short)%00%(objectname)%00%(upstream:track)%00%(upstream:remotename)%00%(upstream:remoteref) refs/heads/origin/master refs/remotes/origin/master [344ms]
2025-05-22 15:05:18.810 [info] > git for-each-ref --format=%(refname)%00%(upstream:short)%00%(objectname)%00%(upstream:track)%00%(upstream:remotename)%00%(upstream:remoteref) refs/heads/master refs/remotes/master [423ms]
2025-05-22 15:05:18.827 [warning] [Git][revParse] Unable to read file: ENOENT: no such file or directory, open '/home/vscode/.oh-my-zsh/.git/refs/remotes/origin/master'
2025-05-22 15:05:18.835 [info] > git for-each-ref --format=%(refname)%00%(upstream:short)%00%(objectname)%00%(upstream:track)%00%(upstream:remotename)%00%(upstream:remoteref) refs/heads/origin/main refs/remotes/origin/main [60ms]
2025-05-22 15:05:18.848 [info] > git for-each-ref --format=%(refname)%00%(upstream:short)%00%(objectname)%00%(upstream:track)%00%(upstream:remotename)%00%(upstream:remoteref) refs/heads/main refs/remotes/main [365ms]
2025-05-22 15:05:18.860 [info] > git rev-parse refs/remotes/origin/master [33ms]
2025-05-22 15:05:18.917 [info] > git merge-base refs/heads/master refs/remotes/origin/master [108ms]
2025-05-22 15:05:18.974 [warning] [Git][revParse] Unable to read file: ENOENT: no such file or directory, open '/home/vscode/environment/.git/refs/remotes/origin/main'
2025-05-22 15:05:19.011 [info] > git for-each-ref --sort -committerdate --format %(refname)%00%(objectname)%00%(*objectname) [94ms]
2025-05-22 15:05:19.012 [info] > git merge-base refs/heads/main refs/remotes/origin/main [164ms]
2025-05-22 15:05:19.790 [info] > git rev-parse refs/remotes/origin/main [816ms]
2025-05-22 15:05:19.856 [info] > git diff --name-status -z --diff-filter=ADMR 750d3ac4b493dca13ef0ced55fa6a2cd02dc7ee8...refs/remotes/origin/master [912ms]
2025-05-22 15:05:19.914 [info] > git status -z -uall [1031ms]
2025-05-22 15:05:19.915 [info] > git status -z -uall [86ms]
2025-05-22 15:05:19.958 [info] > git diff --name-status -z --diff-filter=ADMR 527588dbcd166987a649f31988a023c1ec8c7011...refs/remotes/origin/main [898ms]
2025-05-22 15:05:19.989 [info] > git for-each-ref --sort -committerdate --format %(refname)%00%(objectname)%00%(*objectname) [135ms]
2025-05-22 15:05:20.314 [info] > git rev-parse --show-toplevel [331ms]
2025-05-22 15:05:20.314 [info] fatal: not a git repository (or any of the parent directories): .git
2025-05-22 15:05:20.595 [info] > git config --get --local branch.master.github-pr-owner-number [99ms]
2025-05-22 15:05:20.595 [warning] [Git][config] git config failed: Failed to execute git
2025-05-22 15:05:22.441 [info] > git remote add upstream https://github.com/Progate/path-study-environment.git [1429ms]
2025-05-22 15:05:22.555 [info] > git config --get --local branch.main.github-pr-owner-number [158ms]
2025-05-22 15:05:22.555 [warning] [Git][config] git config failed: Failed to execute git
2025-05-22 15:05:24.010 [info] > git config --get commit.template [1499ms]
2025-05-22 15:05:24.424 [info] > git for-each-ref --format=%(refname)%00%(upstream:short)%00%(objectname)%00%(upstream:track)%00%(upstream:remotename)%00%(upstream:remoteref) refs/heads/main refs/remotes/main [323ms]
2025-05-22 15:05:24.478 [warning] [Git][revParse] Unable to read file: ENOENT: no such file or directory, open '/home/vscode/environment/.git/refs/remotes/origin/main'
2025-05-22 15:05:24.494 [info] > git rev-parse refs/remotes/origin/main [16ms]
2025-05-22 15:05:24.525 [info] > git status -z -uall [17ms]
2025-05-22 15:05:24.565 [info] > git for-each-ref --sort -committerdate --format %(refname)%00%(objectname)%00%(*objectname) [36ms]
2025-05-22 15:05:24.875 [info] > git config --get --local branch.main.github-pr-owner-number [291ms]
2025-05-22 15:05:24.875 [warning] [Git][config] git config failed: Failed to execute git
2025-05-22 15:05:25.143 [info] > git rev-parse --show-toplevel [1ms]
2025-05-22 15:05:25.143 [info] fatal: not a git repository (or any of the parent directories): .git
2025-05-22 15:05:25.918 [info] > git config --get --local branch.main.github-pr-owner-number [4ms]
2025-05-22 15:05:25.918 [warning] [Git][config] git config failed: Failed to execute git
2025-05-22 15:05:26.211 [warning] [Model][getRepositoryExact] Failed to get repository realpath for: "/home/vscode/.vscode-remote/extensions/.aacf62ba-4cfb-4af0-852f-2c7f5c112086/node_modules/tr46/lib/". Error:Error: ENOENT: no such file or directory, realpath '/home/vscode/.vscode-remote/extensions/.aacf62ba-4cfb-4af0-852f-2c7f5c112086/node_modules/tr46/lib/'
2025-05-22 15:05:31.664 [info] > git rev-parse --show-toplevel [1ms]
2025-05-22 15:05:31.664 [info] fatal: not a git repository (or any of the parent directories): .git
2025-05-22 15:05:31.674 [info] > git rev-parse --show-toplevel [3ms]
2025-05-22 15:05:31.674 [info] fatal: not a git repository (or any of the parent directories): .git
2025-05-22 15:05:31.685 [info] > git rev-parse --show-toplevel [6ms]
2025-05-22 15:05:31.685 [info] fatal: not a git repository (or any of the parent directories): .git
2025-05-22 15:05:36.164 [info] > git rev-parse --show-toplevel [9ms]
2025-05-22 15:05:36.164 [info] fatal: not a git repository (or any of the parent directories): .git
2025-05-22 15:05:38.409 [info] > git config --get commit.template [12ms]
2025-05-22 15:05:39.084 [info] > git for-each-ref --format=%(refname)%00%(upstream:short)%00%(objectname)%00%(upstream:track)%00%(upstream:remotename)%00%(upstream:remoteref) refs/heads/main refs/remotes/main [182ms]
2025-05-22 15:05:39.110 [warning] [Git][revParse] Unable to read file: ENOENT: no such file or directory, open '/home/vscode/environment/.git/refs/remotes/origin/main'
2025-05-22 15:05:40.049 [info] > git rev-parse refs/remotes/origin/main [939ms]
2025-05-22 15:05:40.067 [info] > git status -z -uall [11ms]
2025-05-22 15:05:40.981 [info] > git for-each-ref --sort -committerdate --format %(refname)%00%(objectname)%00%(*objectname) [917ms]
2025-05-22 15:05:42.138 [info] > git config --get commit.template [111ms]
2025-05-22 15:05:42.139 [info] > git config --get commit.template [120ms]
2025-05-22 15:05:42.139 [info] > git config --get commit.template [127ms]
2025-05-22 15:05:42.185 [info] > git for-each-ref --format=%(refname)%00%(upstream:short)%00%(objectname)%00%(upstream:track)%00%(upstream:remotename)%00%(upstream:remoteref) refs/heads/master refs/remotes/master [20ms]
2025-05-22 15:05:42.185 [info] > git for-each-ref --format=%(refname)%00%(upstream:short)%00%(objectname)%00%(upstream:track)%00%(upstream:remotename)%00%(upstream:remoteref) refs/heads/main refs/remotes/main [27ms]
2025-05-22 15:05:42.202 [info] > git for-each-ref --format=%(refname)%00%(upstream:short)%00%(objectname)%00%(upstream:track)%00%(upstream:remotename)%00%(upstream:remoteref) refs/heads/main refs/remotes/main [29ms]
2025-05-22 15:05:42.213 [warning] [Git][revParse] Unable to read file: ENOENT: no such file or directory, open '/home/vscode/.oh-my-zsh/.git/refs/remotes/origin/master'
2025-05-22 15:05:42.219 [warning] [Git][revParse] Unable to read file: ENOENT: no such file or directory, open '/home/vscode/environment/.git/refs/remotes/origin/main'
2025-05-22 15:05:42.228 [warning] [Git][revParse] Unable to read file: ENOENT: no such file or directory, open '/home/vscode/.nodenv/.git/refs/remotes/origin/main'
2025-05-22 15:05:42.272 [info] > git rev-parse refs/remotes/origin/main [44ms]
2025-05-22 15:05:42.298 [info] > git rev-parse refs/remotes/origin/main [79ms]
2025-05-22 15:05:42.320 [info] > git rev-parse refs/remotes/origin/master [107ms]
2025-05-22 15:05:42.393 [info] > git status -z -uall [109ms]
2025-05-22 15:05:42.393 [info] > git status -z -uall [86ms]
2025-05-22 15:05:42.394 [info] > git for-each-ref --sort -committerdate --format %(refname)%00%(objectname)%00%(*objectname) [75ms]
2025-05-22 15:05:42.416 [info] > git for-each-ref --sort -committerdate --format %(refname)%00%(objectname)%00%(*objectname) [118ms]
2025-05-22 15:05:42.546 [info] > git for-each-ref --sort -committerdate --format %(refname)%00%(objectname)%00%(*objectname) [196ms]
2025-05-22 15:05:42.637 [info] > git status -z -uall [305ms]
2025-05-22 15:05:49.892 [info] > git config --get commit.template [9ms]
2025-05-22 15:05:50.037 [info] > git for-each-ref --format=%(refname)%00%(upstream:short)%00%(objectname)%00%(upstream:track)%00%(upstream:remotename)%00%(upstream:remoteref) refs/heads/main refs/remotes/main [47ms]
2025-05-22 15:05:50.061 [warning] [Git][revParse] Unable to read file: ENOENT: no such file or directory, open '/home/vscode/.nodenv/.git/refs/remotes/origin/main'
2025-05-22 15:05:50.089 [info] > git rev-parse refs/remotes/origin/main [28ms]
2025-05-22 15:05:50.160 [info] > git for-each-ref --sort -committerdate --format %(refname)%00%(objectname)%00%(*objectname) [11ms]
2025-05-22 15:05:50.162 [info] > git status -z -uall [24ms]
2025-05-22 15:06:08.342 [info] > git check-ignore -v -z --stdin [3ms]
