2025-05-30 13:32:23.519 [info] Reading sessions from keychain...
2025-05-30 13:32:23.519 [info] Getting sessions for all scopes...
2025-05-30 13:32:23.519 [info] Getting sessions for all scopes...
2025-05-30 13:32:23.519 [info] Getting sessions for all scopes...
2025-05-30 13:32:23.519 [info] Got stored sessions!
2025-05-30 13:32:23.519 [info] Got 6 verified sessions.
2025-05-30 13:32:23.519 [info] Got 6 sessions for ...
2025-05-30 13:32:23.519 [info] Got 6 sessions for ...
2025-05-30 13:32:23.519 [info] Got 6 sessions for ...
2025-05-30 13:32:23.519 [info] Getting sessions for user:email...
2025-05-30 13:32:23.519 [info] Getting sessions for all scopes...
2025-05-30 13:32:23.519 [info] Getting sessions for all scopes...
2025-05-30 13:32:23.519 [info] Getting sessions for all scopes...
2025-05-30 13:32:23.519 [info] Getting sessions for all scopes...
2025-05-30 13:32:23.519 [info] Getting sessions for all scopes...
2025-05-30 13:32:23.519 [info] Got 1 sessions for user:email...
2025-05-30 13:32:23.519 [info] Got 6 sessions for ...
2025-05-30 13:32:23.519 [info] Got 6 sessions for ...
2025-05-30 13:32:23.519 [info] Got 6 sessions for ...
2025-05-30 13:32:23.519 [info] Got 6 sessions for ...
2025-05-30 13:32:23.519 [info] Got 6 sessions for ...
2025-05-30 13:32:23.574 [info] Getting sessions for all scopes...
2025-05-30 13:32:23.574 [info] Got 6 sessions for ...
2025-05-30 13:32:23.586 [info] Getting sessions for all scopes...
2025-05-30 13:32:23.586 [info] Got 6 sessions for ...
2025-05-30 13:32:24.214 [info] Getting sessions for codespace,read:user,repo,user:email...
2025-05-30 13:32:24.216 [info] Getting sessions for all scopes...
2025-05-30 13:32:24.216 [info] Getting sessions for all scopes...
2025-05-30 13:32:24.216 [info] Getting sessions for all scopes...
2025-05-30 13:32:24.216 [info] Getting sessions for all scopes...
2025-05-30 13:32:24.216 [info] Getting sessions for all scopes...
2025-05-30 13:32:24.216 [info] Getting sessions for all scopes...
2025-05-30 13:32:24.216 [info] Got 1 sessions for codespace,read:user,repo,user:email...
2025-05-30 13:32:24.216 [info] Got 6 sessions for ...
2025-05-30 13:32:24.216 [info] Got 6 sessions for ...
2025-05-30 13:32:24.216 [info] Got 6 sessions for ...
2025-05-30 13:32:24.216 [info] Got 6 sessions for ...
2025-05-30 13:32:24.216 [info] Got 6 sessions for ...
2025-05-30 13:32:24.216 [info] Got 6 sessions for ...
2025-05-30 13:32:26.103 [info] Getting sessions for all scopes...
2025-05-30 13:32:26.104 [info] Got 6 sessions for ...
2025-05-30 13:32:29.270 [info] Getting sessions for all scopes...
2025-05-30 13:32:29.271 [info] Got 6 sessions for ...
2025-05-30 13:32:31.597 [info] Getting sessions for all scopes...
2025-05-30 13:32:31.597 [info] Got 6 sessions for ...
2025-05-30 13:32:32.006 [info] Getting sessions for read:user,repo,user:email,workflow...
2025-05-30 13:32:32.060 [info] Got 1 sessions for read:user,repo,user:email,workflow...
2025-05-30 13:32:35.018 [info] Getting sessions for all scopes...
2025-05-30 13:32:35.018 [info] Getting sessions for all scopes...
2025-05-30 13:32:35.018 [info] Got 6 sessions for ...
2025-05-30 13:32:35.018 [info] Got 6 sessions for ...
2025-05-30 13:32:37.106 [info] Getting sessions for read:user,repo,user:email,workflow...
2025-05-30 13:32:37.108 [info] Getting sessions for all scopes...
2025-05-30 13:32:37.108 [info] Got 1 sessions for read:user,repo,user:email,workflow...
2025-05-30 13:32:37.111 [info] Got 6 sessions for ...
2025-05-30 13:32:37.335 [info] Getting sessions for all scopes...
2025-05-30 13:32:37.335 [info] Getting sessions for all scopes...
2025-05-30 13:32:37.336 [info] Got 6 sessions for ...
2025-05-30 13:32:37.336 [info] Got 6 sessions for ...
2025-05-30 13:32:37.954 [info] Getting sessions for project,read:org,read:user,repo,user:email,workflow...
2025-05-30 13:32:37.954 [info] Got 0 sessions for project,read:org,read:user,repo,user:email,workflow...
2025-05-30 13:32:40.145 [info] Getting sessions for read:user,repo,user:email,workflow...
2025-05-30 13:32:40.145 [info] Got 1 sessions for read:user,repo,user:email,workflow...
2025-05-30 13:32:40.274 [info] Getting sessions for read:user,repo,user:email,workflow...
2025-05-30 13:32:40.274 [info] Got 1 sessions for read:user,repo,user:email,workflow...
2025-05-30 13:32:49.473 [info] Getting sessions for read:user,repo,user:email,workflow...
2025-05-30 13:32:49.473 [info] Got 1 sessions for read:user,repo,user:email,workflow...
2025-05-30 13:32:50.367 [info] Getting sessions for all scopes...
2025-05-30 13:32:50.367 [info] Getting sessions for all scopes...
2025-05-30 13:32:50.367 [info] Got 6 sessions for ...
2025-05-30 13:32:50.367 [info] Got 6 sessions for ...
2025-05-30 13:32:56.336 [info] Getting sessions for read:user,repo,user:email,workflow...
2025-05-30 13:32:56.336 [info] Got 1 sessions for read:user,repo,user:email,workflow...
2025-05-30 13:32:56.939 [info] Getting sessions for read:user,repo,user:email,workflow...
2025-05-30 13:32:56.939 [info] Got 1 sessions for read:user,repo,user:email,workflow...
2025-05-30 13:33:00.944 [info] Getting sessions for read:user,repo,user:email,workflow...
2025-05-30 13:33:00.944 [info] Got 1 sessions for read:user,repo,user:email,workflow...
2025-05-30 13:33:00.964 [info] Getting sessions for all scopes...
2025-05-30 13:33:00.964 [info] Getting sessions for all scopes...
2025-05-30 13:33:00.964 [info] Got 6 sessions for ...
2025-05-30 13:33:00.964 [info] Got 6 sessions for ...
2025-05-30 13:33:01.456 [info] Getting sessions for read:user,repo,user:email,workflow...
2025-05-30 13:33:01.456 [info] Got 1 sessions for read:user,repo,user:email,workflow...
2025-05-30 13:33:02.085 [info] Getting sessions for all scopes...
2025-05-30 13:33:02.085 [info] Got 6 sessions for ...
2025-05-30 13:33:02.647 [info] Getting sessions for read:user,repo,user:email,workflow...
2025-05-30 13:33:02.647 [info] Got 1 sessions for read:user,repo,user:email,workflow...
2025-05-30 13:33:03.925 [info] Getting sessions for all scopes...
2025-05-30 13:33:03.925 [info] Got 6 sessions for ...
2025-05-30 13:33:04.305 [info] Getting sessions for read:user,repo,user:email,workflow...
2025-05-30 13:33:04.305 [info] Got 1 sessions for read:user,repo,user:email,workflow...
2025-05-30 13:33:05.423 [info] Getting sessions for all scopes...
2025-05-30 13:33:05.423 [info] Got 6 sessions for ...
2025-05-30 13:33:05.677 [info] Getting sessions for all scopes...
2025-05-30 13:33:05.677 [info] Got 6 sessions for ...
2025-05-30 13:33:05.895 [info] Getting sessions for all scopes...
2025-05-30 13:33:05.895 [info] Got 6 sessions for ...
2025-05-30 13:33:06.365 [info] Getting sessions for read:user,repo,user:email,workflow...
2025-05-30 13:33:06.365 [info] Got 1 sessions for read:user,repo,user:email,workflow...
2025-05-30 13:37:37.505 [info] Getting sessions for all scopes...
2025-05-30 13:37:37.506 [info] Got 6 sessions for ...
2025-05-30 13:37:38.414 [info] Getting sessions for read:user,repo,user:email,workflow...
2025-05-30 13:37:38.414 [info] Got 1 sessions for read:user,repo,user:email,workflow...
