2025-05-30 15:28:00.293 [info] [main] ログ レベル: Info
2025-05-30 15:28:00.293 [info] [main] Git の検証が検出されました: "git"
2025-05-30 15:28:00.293 [info] [main] "git" から Git "2.49.0" を使用しています
2025-05-30 15:28:00.293 [info] [Model][doInitialScan] Initial repository scan started
2025-05-30 15:28:00.293 [info] > git rev-parse --show-toplevel [279ms]
2025-05-30 15:28:00.293 [info] > git rev-parse --git-dir --git-common-dir [343ms]
2025-05-30 15:28:00.293 [info] [Model][openRepository] Opened repository (path): /home/vscode
2025-05-30 15:28:00.293 [info] [Model][openRepository] Opened repository (real path): /home/vscode
2025-05-30 15:28:00.299 [info] > git config --get commit.template [9ms]
2025-05-30 15:28:00.327 [info] > git for-each-ref --format=%(refname)%00%(upstream:short)%00%(objectname)%00%(upstream:track)%00%(upstream:remotename)%00%(upstream:remoteref) refs/heads/main refs/remotes/main [15ms]
2025-05-30 15:28:00.970 [info] > git rev-parse --show-toplevel [648ms]
2025-05-30 15:28:00.985 [info] > git rev-parse --show-toplevel [5ms]
2025-05-30 15:28:01.021 [info] > git rev-parse --show-toplevel [3ms]
2025-05-30 15:28:01.022 [info] > git for-each-ref --sort -committerdate --format %(refname)%00%(objectname)%00%(*objectname) [14ms]
2025-05-30 15:28:01.134 [info] > git rev-parse --show-toplevel [98ms]
2025-05-30 15:28:01.198 [info] > git rev-parse --git-dir --git-common-dir [2ms]
2025-05-30 15:28:01.203 [info] [Model][openRepository] Opened repository (path): /home/vscode/.nodenv
2025-05-30 15:28:01.203 [info] [Model][openRepository] Opened repository (real path): /home/vscode/.nodenv
2025-05-30 15:28:01.236 [info] > git rev-parse --show-toplevel [4ms]
2025-05-30 15:28:01.237 [info] > git config --get commit.template [18ms]
2025-05-30 15:28:01.262 [info] > git rev-parse --show-toplevel [14ms]
2025-05-30 15:28:01.274 [info] > git rev-parse --git-dir --git-common-dir [2ms]
2025-05-30 15:28:01.279 [info] [Model][openRepository] Opened repository (path): /home/vscode/.oh-my-zsh
2025-05-30 15:28:01.279 [info] [Model][openRepository] Opened repository (real path): /home/vscode/.oh-my-zsh
2025-05-30 15:28:01.308 [info] > git config --get commit.template [14ms]
2025-05-30 15:28:01.318 [info] > git rev-parse --show-toplevel [11ms]
2025-05-30 15:28:01.329 [info] > git rev-parse --show-toplevel [1ms]
2025-05-30 15:28:02.008 [info] > git for-each-ref --format=%(refname)%00%(upstream:short)%00%(objectname)%00%(upstream:track)%00%(upstream:remotename)%00%(upstream:remoteref) refs/heads/main refs/remotes/main [739ms]
2025-05-30 15:28:02.008 [info] > git for-each-ref --format=%(refname)%00%(upstream:short)%00%(objectname)%00%(upstream:track)%00%(upstream:remotename)%00%(upstream:remoteref) refs/heads/master refs/remotes/master [691ms]
2025-05-30 15:28:02.011 [info] > git rev-parse --show-toplevel [674ms]
2025-05-30 15:28:02.154 [warning] [Git][revParse] Unable to read file: ENOENT: no such file or directory, open '/home/vscode/.nodenv/.git/refs/remotes/origin/main'
2025-05-30 15:28:02.171 [warning] [Git][revParse] Unable to read file: ENOENT: no such file or directory, open '/home/vscode/.oh-my-zsh/.git/refs/remotes/origin/master'
2025-05-30 15:28:02.316 [info] > git status -z -uall [1317ms]
2025-05-30 15:28:02.316 [info] > git check-ignore -v -z --stdin [256ms]
2025-05-30 15:28:02.318 [info] > git check-ignore -v -z --stdin [239ms]
2025-05-30 15:28:02.319 [info] > git check-ignore -v -z --stdin [181ms]
2025-05-30 15:28:02.328 [info] > git rev-parse --git-dir --git-common-dir [117ms]
2025-05-30 15:28:02.336 [info] [Model][openRepository] Opened repository (path): /home/vscode/environment
2025-05-30 15:28:02.336 [info] [Model][openRepository] Opened repository (real path): /home/vscode/environment
2025-05-30 15:28:02.344 [info] [Model][doInitialScan] Initial repository scan completed - repositories (4), closed repositories (0), parent repositories (0), unsafe repositories (0)
2025-05-30 15:28:02.344 [info] > git rev-parse refs/remotes/origin/master [173ms]
2025-05-30 15:28:02.367 [info] > git rev-parse refs/remotes/origin/main [213ms]
2025-05-30 15:28:02.444 [info] > git status -z -uall [88ms]
2025-05-30 15:28:02.444 [info] > git status -z -uall [65ms]
2025-05-30 15:28:02.444 [info] > git for-each-ref --format=%(refname)%00%(upstream:short)%00%(objectname)%00%(upstream:track)%00%(upstream:remotename)%00%(upstream:remoteref) refs/heads/main refs/remotes/main [30ms]
2025-05-30 15:28:02.461 [info] > git for-each-ref --sort -committerdate --format %(refname)%00%(objectname)%00%(*objectname) [94ms]
2025-05-30 15:28:02.553 [info] > git for-each-ref --format=%(refname)%00%(upstream:short)%00%(objectname)%00%(upstream:track)%00%(upstream:remotename)%00%(upstream:remoteref) refs/heads/master refs/remotes/master [63ms]
2025-05-30 15:28:02.564 [info] > git config --get --local branch.main.vscode-merge-base [103ms]
2025-05-30 15:28:02.564 [warning] [Git][config] git config failed: Failed to execute git
2025-05-30 15:28:02.573 [info] > git config --get commit.template [133ms]
2025-05-30 15:28:02.573 [info] > git config --get commit.template [142ms]
2025-05-30 15:28:02.600 [info] > git config --get --local branch.master.vscode-merge-base [36ms]
2025-05-30 15:28:02.616 [info] > git config --get commit.template [90ms]
2025-05-30 15:28:02.616 [info] > git for-each-ref --sort -committerdate --format %(refname)%00%(objectname)%00%(*objectname) [220ms]
2025-05-30 15:28:03.570 [info] > git for-each-ref --format=%(refname)%00%(upstream:short)%00%(objectname)%00%(upstream:track)%00%(upstream:remotename)%00%(upstream:remoteref) refs/heads/origin/master refs/remotes/origin/master [954ms]
2025-05-30 15:28:03.588 [info] > git reflog main --grep-reflog=branch: Created from *. [1015ms]
2025-05-30 15:28:03.875 [info] > git check-ignore -v -z --stdin [268ms]
2025-05-30 15:28:03.876 [info] > git check-ignore -v -z --stdin [259ms]
2025-05-30 15:28:03.876 [info] > git check-ignore -v -z --stdin [252ms]
2025-05-30 15:28:03.893 [info] > git symbolic-ref --short refs/remotes/origin/HEAD [295ms]
2025-05-30 15:28:03.893 [info] fatal: ref refs/remotes/origin/HEAD is not a symbolic ref
2025-05-30 15:28:03.893 [warning] [Repository][getDefaultBranch] Failed to get default branch details: Failed to execute git.
2025-05-30 15:28:03.903 [info] > git merge-base refs/heads/master refs/remotes/origin/master [315ms]
2025-05-30 15:28:03.912 [info] > git config --get commit.template [1200ms]
2025-05-30 15:28:03.914 [info] > git for-each-ref --format=%(refname)%00%(upstream:short)%00%(objectname)%00%(upstream:track)%00%(upstream:remotename)%00%(upstream:remoteref) refs/heads/main refs/remotes/main [1216ms]
2025-05-30 15:28:03.914 [info] > git for-each-ref --format=%(refname)%00%(upstream:short)%00%(objectname)%00%(upstream:track)%00%(upstream:remotename)%00%(upstream:remoteref) refs/heads/main refs/remotes/main [1235ms]
2025-05-30 15:28:03.915 [info] > git for-each-ref --format=%(refname)%00%(upstream:short)%00%(objectname)%00%(upstream:track)%00%(upstream:remotename)%00%(upstream:remoteref) refs/heads/main refs/remotes/main [1279ms]
2025-05-30 15:28:03.937 [warning] [Git][revParse] Unable to read file: ENOENT: no such file or directory, open '/home/vscode/environment/.git/refs/remotes/origin/main'
2025-05-30 15:28:04.028 [info] > git diff --name-status -z --diff-filter=ADMR 750d3ac4b493dca13ef0ced55fa6a2cd02dc7ee8...refs/remotes/origin/master [116ms]
2025-05-30 15:28:04.029 [info] > git merge-base refs/heads/main refs/remotes/origin/main [126ms]
2025-05-30 15:28:04.053 [info] > git for-each-ref --format=%(refname)%00%(upstream:short)%00%(objectname)%00%(upstream:track)%00%(upstream:remotename)%00%(upstream:remoteref) refs/heads/master refs/remotes/master [417ms]
2025-05-30 15:28:04.091 [warning] [Git][revParse] Unable to read file: ENOENT: no such file or directory, open '/home/vscode/.oh-my-zsh/.git/refs/remotes/origin/master'
2025-05-30 15:28:04.792 [info] > git rev-parse refs/remotes/origin/main [855ms]
2025-05-30 15:28:04.817 [info] > git config --get --local branch.main.vscode-merge-base [893ms]
2025-05-30 15:28:04.963 [info] > git status -z -uall [159ms]
2025-05-30 15:28:04.964 [info] > git check-ignore -v -z --stdin [127ms]
2025-05-30 15:28:04.970 [info] > git check-ignore -v -z --stdin [118ms]
2025-05-30 15:28:04.971 [info] > git check-ignore -v -z --stdin [108ms]
2025-05-30 15:28:04.971 [info] > git check-ignore -v -z --stdin [97ms]
2025-05-30 15:28:04.971 [info] > git show --textconv :index.html [69ms]
2025-05-30 15:28:04.971 [info] > git for-each-ref --format=%(refname)%00%(upstream:short)%00%(objectname)%00%(upstream:track)%00%(upstream:remotename)%00%(upstream:remoteref) refs/heads/origin/main refs/remotes/origin/main [142ms]
2025-05-30 15:28:05.000 [info] > git rev-parse refs/remotes/origin/master [909ms]
2025-05-30 15:28:05.065 [info] > git for-each-ref --format=%(refname)%00%(upstream:short)%00%(objectname)%00%(upstream:track)%00%(upstream:remotename)%00%(upstream:remoteref) refs/heads/main refs/remotes/main [992ms]
2025-05-30 15:28:05.069 [info] > git diff --name-status -z --diff-filter=ADMR 5d74e03cfe04fe981cdb9dce709fdffa700d5214...refs/remotes/origin/main [1016ms]
2025-05-30 15:28:05.187 [warning] [Git][revParse] Unable to read file: ENOENT: no such file or directory, open '/home/vscode/.nodenv/.git/refs/remotes/origin/main'
2025-05-30 15:28:05.209 [info] > git status -z -uall [195ms]
2025-05-30 15:28:05.210 [info] > git merge-base refs/heads/main refs/remotes/origin/main [211ms]
2025-05-30 15:28:05.243 [info] > git ls-files --stage -- index.html [329ms]
2025-05-30 15:28:05.277 [info] > git for-each-ref --sort -committerdate --format %(refname)%00%(objectname)%00%(*objectname) [460ms]
2025-05-30 15:28:05.351 [info] > git status -z -uall [263ms]
2025-05-30 15:28:05.352 [info] > git for-each-ref --format=%(refname)%00%(upstream:short)%00%(objectname)%00%(upstream:track)%00%(upstream:remotename)%00%(upstream:remoteref) refs/heads/main refs/remotes/main [47ms]
2025-05-30 15:28:05.369 [info] > git cat-file -s 212bf6c52e1483fa48026126d9065d26033b5066 [93ms]
2025-05-30 15:28:05.372 [info] > git diff --name-status -z --diff-filter=ADMR c2bda62623165f2b9bab646844f22fc20a48f944...refs/remotes/origin/main [129ms]
2025-05-30 15:28:05.374 [info] > git rev-parse refs/remotes/origin/main [187ms]
2025-05-30 15:28:05.425 [info] > git for-each-ref --sort -committerdate --format %(refname)%00%(objectname)%00%(*objectname) [267ms]
2025-05-30 15:28:05.425 [info] > git for-each-ref --sort -committerdate --format %(refname)%00%(objectname)%00%(*objectname) [360ms]
2025-05-30 15:28:05.555 [info] > git status -z -uall [146ms]
2025-05-30 15:28:05.555 [info] > git config --get --local branch.main.vscode-merge-base [186ms]
2025-05-30 15:28:05.580 [info] > git config --get commit.template [244ms]
2025-05-30 15:28:06.261 [info] > git for-each-ref --format=%(refname)%00%(upstream:short)%00%(objectname)%00%(upstream:track)%00%(upstream:remotename)%00%(upstream:remoteref) refs/heads/origin/main refs/remotes/origin/main [681ms]
2025-05-30 15:28:06.274 [info] > git for-each-ref --sort -committerdate --format %(refname)%00%(objectname)%00%(*objectname) [849ms]
2025-05-30 15:28:06.387 [info] > git merge-base refs/heads/main refs/remotes/origin/main [113ms]
2025-05-30 15:28:06.415 [info] > git diff --name-status -z --diff-filter=ADMR 527588dbcd166987a649f31988a023c1ec8c7011...refs/remotes/origin/main [12ms]
2025-05-30 15:28:06.417 [info] > git config --get commit.template [32ms]
2025-05-30 15:28:06.418 [info] > git config --get commit.template [47ms]
2025-05-30 15:28:06.418 [info] > git config --get commit.template [60ms]
2025-05-30 15:28:06.418 [info] > git for-each-ref --format=%(refname)%00%(upstream:short)%00%(objectname)%00%(upstream:track)%00%(upstream:remotename)%00%(upstream:remoteref) refs/heads/main refs/remotes/main [73ms]
2025-05-30 15:28:06.432 [warning] [Git][revParse] Unable to read file: ENOENT: no such file or directory, open '/home/vscode/environment/.git/refs/remotes/origin/main'
2025-05-30 15:28:06.482 [info] > git rev-parse refs/remotes/origin/main [50ms]
2025-05-30 15:28:06.509 [info] > git status -z -uall [15ms]
2025-05-30 15:28:06.509 [info] > git for-each-ref --format=%(refname)%00%(upstream:short)%00%(objectname)%00%(upstream:track)%00%(upstream:remotename)%00%(upstream:remoteref) refs/heads/main refs/remotes/main [30ms]
2025-05-30 15:28:06.510 [info] > git for-each-ref --format=%(refname)%00%(upstream:short)%00%(objectname)%00%(upstream:track)%00%(upstream:remotename)%00%(upstream:remoteref) refs/heads/main refs/remotes/main [41ms]
2025-05-30 15:28:06.510 [info] > git for-each-ref --format=%(refname)%00%(upstream:short)%00%(objectname)%00%(upstream:track)%00%(upstream:remotename)%00%(upstream:remoteref) refs/heads/master refs/remotes/master [51ms]
2025-05-30 15:28:06.536 [warning] [Git][revParse] Unable to read file: ENOENT: no such file or directory, open '/home/vscode/.nodenv/.git/refs/remotes/origin/main'
2025-05-30 15:28:06.546 [warning] [Git][revParse] Unable to read file: ENOENT: no such file or directory, open '/home/vscode/.oh-my-zsh/.git/refs/remotes/origin/master'
2025-05-30 15:28:06.546 [info] > git for-each-ref --sort -committerdate --format %(refname)%00%(objectname)%00%(*objectname) [41ms]
2025-05-30 15:28:06.563 [info] > git rev-parse refs/remotes/origin/master [17ms]
2025-05-30 15:28:06.588 [info] > git rev-parse refs/remotes/origin/main [52ms]
2025-05-30 15:28:06.613 [info] > git status -z -uall [41ms]
2025-05-30 15:28:06.613 [info] > git status -z -uall [12ms]
2025-05-30 15:28:06.614 [info] > git for-each-ref --sort -committerdate --format %(refname)%00%(objectname)%00%(*objectname) [26ms]
2025-05-30 15:28:06.620 [info] > git config --get commit.template [59ms]
2025-05-30 15:28:06.658 [info] > git for-each-ref --sort -committerdate --format %(refname)%00%(objectname)%00%(*objectname) [47ms]
2025-05-30 15:28:06.683 [info] > git for-each-ref --sort -committerdate --format %(refname)%00%(objectname)%00%(*objectname) [26ms]
2025-05-30 15:28:06.683 [info] > git for-each-ref --format=%(refname)%00%(upstream:short)%00%(objectname)%00%(upstream:track)%00%(upstream:remotename)%00%(upstream:remoteref) refs/heads/main refs/remotes/main [4ms]
2025-05-30 15:28:06.697 [warning] [Git][revParse] Unable to read file: ENOENT: no such file or directory, open '/home/vscode/environment/.git/refs/remotes/origin/main'
2025-05-30 15:28:06.701 [info] > git rev-parse refs/remotes/origin/main [4ms]
2025-05-30 15:28:06.753 [info] > git status -z -uall [26ms]
2025-05-30 15:28:06.753 [info] > git for-each-ref --sort -committerdate --format %(refname)%00%(objectname)%00%(*objectname) [6ms]
2025-05-30 15:28:06.797 [info] > git status -z -uall [162ms]
