2025-05-30 04:39:10.290 [warning] /home/vscode/.ssh/config: ENOENT: no such file or directory, open '/home/vscode/.ssh/config'
2025-05-30 04:39:10.290 [info] [Activation] Extension version: 0.110.0
2025-05-30 04:39:11.084 [info] [Authentication] Creating hub for .com
2025-05-30 04:39:13.509 [info] [Activation] Looking for git repository
2025-05-30 04:39:13.509 [info] [Activation] Found 0 repositories during activation
2025-05-30 04:39:13.509 [info] [Activation] Git repository found, initializing review manager and pr tree view.
2025-05-30 04:39:13.514 [info] [GitAPI] Registering git provider
2025-05-30 04:39:13.514 [info] [Review+0] Validate state in progress
2025-05-30 04:39:13.514 [info] [Review+0] Validating state...
2025-05-30 04:39:13.514 [info] [Review+1] Validate state in progress
2025-05-30 04:39:13.514 [info] [Review+1] Validating state...
2025-05-30 04:39:13.514 [info] [Review+2] Validate state in progress
2025-05-30 04:39:13.514 [info] [Review+2] Validating state...
2025-05-30 04:39:13.514 [info] [Review+3] Validate state in progress
2025-05-30 04:39:13.514 [info] [Review+3] Validating state...
2025-05-30 04:39:15.518 [info] [FolderRepositoryManager+0] Found GitHub remote for folder /home/vscode/environment
2025-05-30 04:39:15.518 [info] [FolderRepositoryManager+1] Found GitHub remote for folder /home/vscode/.oh-my-zsh
2025-05-30 04:39:15.519 [info] [FolderRepositoryManager+2] Found GitHub remote for folder /home/vscode/.nodenv
2025-05-30 04:39:15.519 [info] [FolderRepositoryManager+3] Found GitHub remote for folder /home/vscode
2025-05-30 04:39:17.430 [info] [FolderRepositoryManager+2] Trying to use globalState for assignableUsers.
2025-05-30 04:39:17.484 [info] [FolderRepositoryManager+1] Trying to use globalState for assignableUsers.
2025-05-30 04:39:17.506 [info] [FolderRepositoryManager+3] Trying to use globalState for assignableUsers.
2025-05-30 04:39:17.540 [info] [Review+3] No matching pull request metadata found locally for current branch main
2025-05-30 04:39:17.544 [info] [Review+1] No matching pull request metadata found locally for current branch master
2025-05-30 04:39:17.548 [info] [Review+2] No matching pull request metadata found locally for current branch main
2025-05-30 04:39:18.673 [info] [FolderRepositoryManager+0] Trying to use globalState for assignableUsers.
2025-05-30 04:39:18.742 [info] [Review+0] No matching pull request metadata found locally for current branch main
2025-05-30 04:39:19.199 [info] [Review+3] No matching pull request metadata found on GitHub for current branch main
2025-05-30 04:39:19.227 [info] [Review+2] No matching pull request metadata found on GitHub for current branch main
2025-05-30 04:39:19.738 [info] [Review+1] No matching pull request metadata found on GitHub for current branch master
2025-05-30 04:39:20.180 [info] [FolderRepositoryManager+2] Using globalState assignableUsers for 1.
2025-05-30 04:39:20.182 [info] [FolderRepositoryManager+1] Using globalState assignableUsers for 1.
2025-05-30 04:39:20.183 [info] [FolderRepositoryManager+3] Using globalState assignableUsers for 1.
2025-05-30 04:39:20.293 [info] [FolderRepositoryManager+0] Using globalState assignableUsers for 2.
2025-05-30 04:39:20.593 [info] [Review+0] No matching pull request metadata found on GitHub for current branch main
2025-05-30 04:39:41.361 [info] [Activation] Repo state for file:///home/vscode changed.
2025-05-30 04:39:41.361 [info] [Activation] Repo file:///home/vscode has already been setup.
