2025-05-29 03:23:59.857 [info] [main] ログ レベル: Info
2025-05-29 03:23:59.857 [info] [main] Git の検証が検出されました: "git"
2025-05-29 03:23:59.857 [info] [main] "git" から Git "2.49.0" を使用しています
2025-05-29 03:23:59.857 [info] [Model][doInitialScan] Initial repository scan started
2025-05-29 03:23:59.857 [info] > git rev-parse --show-toplevel [1900ms]
2025-05-29 03:23:59.857 [info] fatal: not a git repository (or any of the parent directories): .git
2025-05-29 03:24:01.177 [info] > git rev-parse --show-toplevel [145ms]
2025-05-29 03:24:01.180 [info] fatal: not a git repository (or any of the parent directories): .git
2025-05-29 03:24:03.581 [info] > git rev-parse --show-toplevel [182ms]
2025-05-29 03:24:03.581 [info] fatal: not a git repository (or any of the parent directories): .git
2025-05-29 03:24:03.646 [info] > git rev-parse --show-toplevel [52ms]
2025-05-29 03:24:03.646 [info] fatal: not a git repository (or any of the parent directories): .git
2025-05-29 03:24:03.819 [info] > git rev-parse --show-toplevel [158ms]
2025-05-29 03:24:03.882 [info] > git rev-parse --git-dir --git-common-dir [15ms]
2025-05-29 03:24:03.925 [info] [Model][openRepository] Opened repository (path): /home/vscode/.nodenv
2025-05-29 03:24:03.926 [info] [Model][openRepository] Opened repository (real path): /home/vscode/.nodenv
2025-05-29 03:24:03.958 [info] > git config --get commit.template [13ms]
2025-05-29 03:24:03.969 [info] > git rev-parse --show-toplevel [12ms]
2025-05-29 03:24:03.988 [info] > git rev-parse --git-dir --git-common-dir [1ms]
2025-05-29 03:24:03.994 [info] [Model][openRepository] Opened repository (path): /home/vscode/.oh-my-zsh
2025-05-29 03:24:03.994 [info] [Model][openRepository] Opened repository (real path): /home/vscode/.oh-my-zsh
2025-05-29 03:24:04.024 [info] > git config --get commit.template [20ms]
2025-05-29 03:24:04.025 [info] > git rev-parse --show-toplevel [6ms]
2025-05-29 03:24:04.025 [info] fatal: not a git repository (or any of the parent directories): .git
2025-05-29 03:24:04.089 [info] > git rev-parse --show-toplevel [4ms]
2025-05-29 03:24:04.089 [info] fatal: not a git repository (or any of the parent directories): .git
2025-05-29 03:24:04.527 [info] > git rev-parse --show-toplevel [425ms]
2025-05-29 03:24:04.541 [info] > git rev-parse --git-dir --git-common-dir [1ms]
2025-05-29 03:24:04.541 [info] > git for-each-ref --format=%(refname)%00%(upstream:short)%00%(objectname)%00%(upstream:track)%00%(upstream:remotename)%00%(upstream:remoteref) refs/heads/main refs/remotes/main [574ms]
2025-05-29 03:24:04.556 [info] [Model][openRepository] Opened repository (path): /home/vscode/environment
2025-05-29 03:24:04.557 [info] [Model][openRepository] Opened repository (real path): /home/vscode/environment
2025-05-29 03:24:04.577 [info] [Model][doInitialScan] Initial repository scan completed - repositories (3), closed repositories (0), parent repositories (0), unsafe repositories (0)
2025-05-29 03:24:04.599 [warning] [Git][revParse] Unable to read file: ENOENT: no such file or directory, open '/home/vscode/.nodenv/.git/refs/remotes/origin/main'
2025-05-29 03:24:04.620 [info] > git config --get commit.template [11ms]
2025-05-29 03:24:04.625 [info] > git rev-parse refs/remotes/origin/main [26ms]
2025-05-29 03:24:04.670 [info] > git for-each-ref --format=%(refname)%00%(upstream:short)%00%(objectname)%00%(upstream:track)%00%(upstream:remotename)%00%(upstream:remoteref) refs/heads/master refs/remotes/master [630ms]
2025-05-29 03:24:04.671 [info] > git rev-parse --show-toplevel [55ms]
2025-05-29 03:24:04.671 [info] fatal: not a git repository (or any of the parent directories): .git
2025-05-29 03:24:04.694 [warning] [Git][revParse] Unable to read file: ENOENT: no such file or directory, open '/home/vscode/.oh-my-zsh/.git/refs/remotes/origin/master'
2025-05-29 03:24:04.696 [info] > git rev-parse refs/remotes/origin/master [2ms]
2025-05-29 03:24:04.736 [info] > git for-each-ref --sort -committerdate --format %(refname)%00%(objectname)%00%(*objectname) [20ms]
2025-05-29 03:24:04.744 [info] > git for-each-ref --sort -committerdate --format %(refname)%00%(objectname)%00%(*objectname) [77ms]
2025-05-29 03:24:04.753 [info] > git for-each-ref --format=%(refname)%00%(upstream:short)%00%(objectname)%00%(upstream:track)%00%(upstream:remotename)%00%(upstream:remoteref) refs/heads/main refs/remotes/main [70ms]
2025-05-29 03:24:04.781 [warning] [Git][revParse] Unable to read file: ENOENT: no such file or directory, open '/home/vscode/environment/.git/refs/remotes/origin/main'
2025-05-29 03:24:04.787 [info] > git rev-parse refs/remotes/origin/main [6ms]
2025-05-29 03:24:04.887 [info] > git for-each-ref --sort -committerdate --format %(refname)%00%(objectname)%00%(*objectname) [44ms]
2025-05-29 03:24:04.897 [info] > git status -z -uall [71ms]
2025-05-29 03:24:05.004 [info] > git status -z -uall [354ms]
2025-05-29 03:24:05.004 [info] > git for-each-ref --format=%(refname)%00%(upstream:short)%00%(objectname)%00%(upstream:track)%00%(upstream:remotename)%00%(upstream:remoteref) refs/heads/main refs/remotes/main [48ms]
2025-05-29 03:24:05.154 [info] > git for-each-ref --format=%(refname)%00%(upstream:short)%00%(objectname)%00%(upstream:track)%00%(upstream:remotename)%00%(upstream:remoteref) refs/heads/main refs/remotes/main [29ms]
2025-05-29 03:24:05.189 [info] > git config --get --local branch.main.vscode-merge-base [153ms]
2025-05-29 03:24:05.207 [info] > git config --get commit.template [210ms]
2025-05-29 03:24:05.212 [info] > git config --get --local branch.main.vscode-merge-base [23ms]
2025-05-29 03:24:05.243 [info] > git config --get commit.template [90ms]
2025-05-29 03:24:05.270 [info] > git for-each-ref --format=%(refname)%00%(upstream:short)%00%(objectname)%00%(upstream:track)%00%(upstream:remotename)%00%(upstream:remoteref) refs/heads/origin/main refs/remotes/origin/main [65ms]
2025-05-29 03:24:05.335 [info] > git for-each-ref --format=%(refname)%00%(upstream:short)%00%(objectname)%00%(upstream:track)%00%(upstream:remotename)%00%(upstream:remoteref) refs/heads/main refs/remotes/main [62ms]
2025-05-29 03:24:05.338 [info] > git for-each-ref --format=%(refname)%00%(upstream:short)%00%(objectname)%00%(upstream:track)%00%(upstream:remotename)%00%(upstream:remoteref) refs/heads/origin/main refs/remotes/origin/main [96ms]
2025-05-29 03:24:05.369 [warning] [Git][revParse] Unable to read file: ENOENT: no such file or directory, open '/home/vscode/environment/.git/refs/remotes/origin/main'
2025-05-29 03:24:05.376 [info] > git for-each-ref --format=%(refname)%00%(upstream:short)%00%(objectname)%00%(upstream:track)%00%(upstream:remotename)%00%(upstream:remoteref) refs/heads/main refs/remotes/main [48ms]
2025-05-29 03:24:05.379 [info] > git merge-base refs/heads/main refs/remotes/origin/main [78ms]
2025-05-29 03:24:05.414 [warning] [Git][revParse] Unable to read file: ENOENT: no such file or directory, open '/home/vscode/.nodenv/.git/refs/remotes/origin/main'
2025-05-29 03:24:05.415 [info] > git status -z -uall [711ms]
2025-05-29 03:24:05.415 [info] > git rev-parse refs/remotes/origin/main [46ms]
2025-05-29 03:24:05.489 [info] > git merge-base refs/heads/main refs/remotes/origin/main [132ms]
2025-05-29 03:24:05.503 [info] > git status -z -uall [47ms]
2025-05-29 03:24:05.503 [info] > git for-each-ref --sort -committerdate --format %(refname)%00%(objectname)%00%(*objectname) [14ms]
2025-05-29 03:24:05.534 [info] > git rev-parse refs/remotes/origin/main [120ms]
2025-05-29 03:24:05.590 [info] > git diff --name-status -z --diff-filter=ADMR 527588dbcd166987a649f31988a023c1ec8c7011...refs/remotes/origin/main [196ms]
2025-05-29 03:24:05.645 [info] > git status -z -uall [96ms]
2025-05-29 03:24:05.645 [info] > git for-each-ref --format=%(refname)%00%(upstream:short)%00%(objectname)%00%(upstream:track)%00%(upstream:remotename)%00%(upstream:remoteref) refs/heads/master refs/remotes/master [67ms]
2025-05-29 03:24:05.657 [info] > git for-each-ref --sort -committerdate --format %(refname)%00%(objectname)%00%(*objectname) [98ms]
2025-05-29 03:24:05.669 [info] > git merge-base refs/heads/main refs/remotes/origin/main [136ms]
2025-05-29 03:24:05.679 [info] > git diff --name-status -z --diff-filter=ADMR c2bda62623165f2b9bab646844f22fc20a48f944...refs/remotes/origin/main [181ms]
2025-05-29 03:24:05.704 [info] > git diff --name-status -z --diff-filter=ADMR 527588dbcd166987a649f31988a023c1ec8c7011...refs/remotes/origin/main [25ms]
2025-05-29 03:24:05.705 [info] > git merge-base refs/heads/main refs/remotes/origin/main [38ms]
2025-05-29 03:24:05.724 [info] > git config --get --local branch.master.vscode-merge-base [67ms]
2025-05-29 03:24:05.741 [info] > git config --get commit.template [101ms]
2025-05-29 03:24:05.741 [info] > git config --get commit.template [121ms]
2025-05-29 03:24:05.745 [info] > git diff --name-status -z --diff-filter=ADMR c2bda62623165f2b9bab646844f22fc20a48f944...refs/remotes/origin/main [21ms]
2025-05-29 03:24:05.745 [info] > git config --get commit.template [45ms]
2025-05-29 03:24:05.772 [info] > git for-each-ref --format=%(refname)%00%(upstream:short)%00%(objectname)%00%(upstream:track)%00%(upstream:remotename)%00%(upstream:remoteref) refs/heads/origin/master refs/remotes/origin/master [31ms]
2025-05-29 03:24:05.799 [info] > git for-each-ref --format=%(refname)%00%(upstream:short)%00%(objectname)%00%(upstream:track)%00%(upstream:remotename)%00%(upstream:remoteref) refs/heads/main refs/remotes/main [29ms]
2025-05-29 03:24:05.801 [info] > git for-each-ref --format=%(refname)%00%(upstream:short)%00%(objectname)%00%(upstream:track)%00%(upstream:remotename)%00%(upstream:remoteref) refs/heads/master refs/remotes/master [38ms]
2025-05-29 03:24:05.817 [warning] [Git][revParse] Unable to read file: ENOENT: no such file or directory, open '/home/vscode/environment/.git/refs/remotes/origin/main'
2025-05-29 03:24:05.818 [info] > git merge-base refs/heads/master refs/remotes/origin/master [34ms]
2025-05-29 03:24:05.860 [warning] [Git][revParse] Unable to read file: ENOENT: no such file or directory, open '/home/vscode/.oh-my-zsh/.git/refs/remotes/origin/master'
2025-05-29 03:24:05.861 [info] > git rev-parse refs/remotes/origin/main [44ms]
2025-05-29 03:24:05.911 [info] > git for-each-ref --format=%(refname)%00%(upstream:short)%00%(objectname)%00%(upstream:track)%00%(upstream:remotename)%00%(upstream:remoteref) refs/heads/main refs/remotes/main [112ms]
2025-05-29 03:24:05.931 [warning] [Git][revParse] Unable to read file: ENOENT: no such file or directory, open '/home/vscode/.nodenv/.git/refs/remotes/origin/main'
2025-05-29 03:24:05.932 [info] > git status -z -uall [50ms]
2025-05-29 03:24:05.933 [info] > git rev-parse refs/remotes/origin/master [73ms]
2025-05-29 03:24:05.974 [info] > git diff --name-status -z --diff-filter=ADMR 750d3ac4b493dca13ef0ced55fa6a2cd02dc7ee8...refs/remotes/origin/master [134ms]
2025-05-29 03:24:05.979 [info] > git rev-parse refs/remotes/origin/main [48ms]
2025-05-29 03:24:06.026 [info] > git for-each-ref --sort -committerdate --format %(refname)%00%(objectname)%00%(*objectname) [116ms]
2025-05-29 03:24:06.043 [info] > git status -z -uall [39ms]
2025-05-29 03:24:06.047 [info] > git for-each-ref --sort -committerdate --format %(refname)%00%(objectname)%00%(*objectname) [21ms]
2025-05-29 03:24:06.057 [info] > git for-each-ref --sort -committerdate --format %(refname)%00%(objectname)%00%(*objectname) [84ms]
2025-05-29 03:24:06.158 [info] > git status -z -uall [217ms]
2025-05-29 03:24:06.182 [info] > git config --get commit.template [9ms]
2025-05-29 03:24:06.221 [info] > git for-each-ref --format=%(refname)%00%(upstream:short)%00%(objectname)%00%(upstream:track)%00%(upstream:remotename)%00%(upstream:remoteref) refs/heads/master refs/remotes/master [18ms]
2025-05-29 03:24:06.232 [warning] [Git][revParse] Unable to read file: ENOENT: no such file or directory, open '/home/vscode/.oh-my-zsh/.git/refs/remotes/origin/master'
2025-05-29 03:24:06.233 [info] > git rev-parse refs/remotes/origin/master [1ms]
2025-05-29 03:24:06.275 [info] > git for-each-ref --sort -committerdate --format %(refname)%00%(objectname)%00%(*objectname) [7ms]
2025-05-29 03:24:06.348 [info] > git status -z -uall [105ms]
2025-05-29 03:24:07.598 [info] > git check-ignore -v -z --stdin [33ms]
2025-05-29 03:24:07.600 [info] > git check-ignore -v -z --stdin [28ms]
2025-05-29 03:24:07.601 [info] > git check-ignore -v -z --stdin [17ms]
2025-05-29 03:24:08.004 [info] > git rev-parse --show-toplevel [3ms]
2025-05-29 03:24:08.004 [info] fatal: not a git repository (or any of the parent directories): .git
2025-05-29 03:24:10.702 [info] > git rev-parse --show-toplevel [20ms]
2025-05-29 03:24:10.702 [info] fatal: not a git repository (or any of the parent directories): .git
2025-05-29 03:24:15.707 [info] > git rev-parse --show-toplevel [14ms]
2025-05-29 03:24:15.707 [info] fatal: not a git repository (or any of the parent directories): .git
2025-05-29 03:24:15.741 [info] > git rev-parse --show-toplevel [16ms]
2025-05-29 03:24:15.741 [info] fatal: not a git repository (or any of the parent directories): .git
2025-05-29 03:24:15.768 [info] > git rev-parse --show-toplevel [2ms]
2025-05-29 03:24:15.769 [info] fatal: not a git repository (or any of the parent directories): .git
2025-05-29 03:24:17.246 [info] > git config --get --local branch.main.github-pr-owner-number [60ms]
2025-05-29 03:24:17.246 [warning] [Git][config] git config failed: Failed to execute git
2025-05-29 03:24:17.250 [info] > git config --get --local branch.master.github-pr-owner-number [10ms]
2025-05-29 03:24:17.250 [warning] [Git][config] git config failed: Failed to execute git
2025-05-29 03:24:17.253 [info] > git config --get --local branch.main.github-pr-owner-number [28ms]
2025-05-29 03:24:17.253 [warning] [Git][config] git config failed: Failed to execute git
2025-05-29 04:27:14.126 [info] > git rev-parse --show-toplevel [11ms]
2025-05-29 04:27:14.126 [info] fatal: not a git repository (or any of the parent directories): .git
2025-05-29 04:27:24.043 [info] > git rev-parse --show-toplevel [14ms]
2025-05-29 04:27:24.043 [info] fatal: not a git repository (or any of the parent directories): .git
2025-05-29 04:30:00.954 [info] > git rev-parse --show-toplevel [2ms]
2025-05-29 04:30:00.954 [info] fatal: not a git repository (or any of the parent directories): .git
2025-05-29 04:30:29.999 [info] > git rev-parse --show-toplevel [6ms]
2025-05-29 04:30:29.999 [info] fatal: not a git repository (or any of the parent directories): .git
2025-05-29 04:30:58.859 [info] > git rev-parse --show-toplevel [4ms]
2025-05-29 04:30:58.859 [info] fatal: not a git repository (or any of the parent directories): .git
2025-05-29 04:30:58.877 [info] > git rev-parse --show-toplevel [5ms]
2025-05-29 04:30:58.877 [info] fatal: not a git repository (or any of the parent directories): .git
2025-05-29 04:31:01.311 [info] > git rev-parse --show-toplevel [2ms]
2025-05-29 04:31:01.311 [info] fatal: not a git repository (or any of the parent directories): .git
2025-05-29 04:35:01.264 [info] > git rev-parse --show-toplevel [2ms]
2025-05-29 04:35:01.264 [info] fatal: not a git repository (or any of the parent directories): .git
2025-05-29 04:35:46.283 [info] > git rev-parse --show-toplevel [1ms]
2025-05-29 04:35:46.283 [info] fatal: not a git repository (or any of the parent directories): .git
2025-05-29 04:36:46.707 [info] > git rev-parse --show-toplevel [2ms]
2025-05-29 04:36:46.707 [info] fatal: not a git repository (or any of the parent directories): .git
2025-05-29 04:49:32.237 [info] > git rev-parse --show-toplevel [4ms]
2025-05-29 04:49:32.237 [info] fatal: not a git repository (or any of the parent directories): .git
2025-05-29 04:49:48.073 [info] > git rev-parse --show-toplevel [2ms]
2025-05-29 04:49:48.073 [info] fatal: not a git repository (or any of the parent directories): .git
2025-05-29 05:07:00.103 [info] > git log --format=%H%n%aN%n%aE%n%at%n%ct%n%P%n%D%n%B -z --shortstat --diff-merges=first-parent -n50 --skip=0 --topo-order --decorate=full --stdin [22ms]
2025-05-29 05:07:01.115 [info] > git rev-parse --show-toplevel [4ms]
2025-05-29 05:07:01.115 [info] fatal: not a git repository (or any of the parent directories): .git
2025-05-29 05:07:02.705 [info] > git rev-parse --show-toplevel [3ms]
2025-05-29 05:07:02.705 [info] fatal: not a git repository (or any of the parent directories): .git
2025-05-29 05:07:04.160 [info] > git rev-parse --show-toplevel [6ms]
2025-05-29 05:07:04.160 [info] fatal: not a git repository (or any of the parent directories): .git
2025-05-29 05:07:56.291 [info] > git log --format=%H%n%aN%n%aE%n%at%n%ct%n%P%n%D%n%B -z --shortstat --diff-merges=first-parent -n50 --skip=50 --topo-order --decorate=full --stdin [18ms]
2025-05-29 05:16:54.397 [info] > git config --get commit.template [2ms]
2025-05-29 05:16:54.412 [info] > git for-each-ref --format=%(refname)%00%(upstream:short)%00%(objectname)%00%(upstream:track)%00%(upstream:remotename)%00%(upstream:remoteref) refs/heads/master refs/remotes/master [5ms]
2025-05-29 05:16:54.421 [warning] [Git][revParse] Unable to read file: ENOENT: no such file or directory, open '/home/vscode/.oh-my-zsh/.git/refs/remotes/origin/master'
2025-05-29 05:16:54.423 [info] > git rev-parse refs/remotes/origin/master [2ms]
2025-05-29 05:16:54.483 [info] > git for-each-ref --sort -committerdate --format %(refname)%00%(objectname)%00%(*objectname) [42ms]
2025-05-29 05:16:54.528 [info] > git status -z -uall [98ms]
2025-05-29 05:25:22.853 [info] > git config --get commit.template [9ms]
2025-05-29 05:25:22.854 [info] > git for-each-ref --format=%(refname)%00%(upstream:short)%00%(objectname)%00%(upstream:track)%00%(upstream:remotename)%00%(upstream:remoteref) refs/heads/main refs/remotes/main [1ms]
2025-05-29 05:25:22.862 [warning] [Git][revParse] Unable to read file: ENOENT: no such file or directory, open '/home/vscode/.nodenv/.git/refs/remotes/origin/main'
2025-05-29 05:25:22.863 [info] > git rev-parse refs/remotes/origin/main [1ms]
2025-05-29 05:25:22.882 [info] > git status -z -uall [12ms]
2025-05-29 05:25:22.883 [info] > git for-each-ref --sort -committerdate --format %(refname)%00%(objectname)%00%(*objectname) [4ms]
2025-05-29 05:26:49.182 [info] > git rev-parse --show-toplevel [1ms]
2025-05-29 05:26:49.191 [info] > git rev-parse --git-dir --git-common-dir [1ms]
2025-05-29 05:26:49.200 [info] [Model][openRepository] Opened repository (path): /home/vscode
2025-05-29 05:26:49.200 [info] [Model][openRepository] Opened repository (real path): /home/vscode
2025-05-29 05:26:49.211 [info] [Git][getRemotes] No remotes found in the git config file
2025-05-29 05:26:49.219 [info] > git config --get commit.template [9ms]
2025-05-29 05:26:49.220 [info] > git for-each-ref --format=%(refname)%00%(upstream:short)%00%(objectname)%00%(upstream:track)%00%(upstream:remotename)%00%(upstream:remoteref) refs/heads/main refs/remotes/main [1ms]
2025-05-29 05:26:49.220 [warning] [Git][getBranch] No such branch: main
2025-05-29 05:26:49.239 [info] > git for-each-ref --sort -committerdate --format %(refname)%00%(objectname)%00%(*objectname) [2ms]
2025-05-29 05:26:49.388 [info] > git status -z -uall [161ms]
2025-05-29 05:26:50.248 [info] > git for-each-ref --format=%(refname)%00%(upstream:short)%00%(objectname)%00%(upstream:track)%00%(upstream:remotename)%00%(upstream:remoteref) refs/heads/main refs/remotes/main [730ms]
2025-05-29 05:26:50.248 [warning] [Git][getBranch] No such branch: main
2025-05-29 05:26:50.248 [error] [GitHistoryProvider][resolveHEADMergeBase] Failed to resolve merge base for main: Error: No such branch: main.
2025-05-29 05:26:50.272 [info] > git config --get commit.template [38ms]
2025-05-29 05:26:50.275 [info] [Git][getRemotes] No remotes found in the git config file
2025-05-29 05:26:50.295 [info] > git for-each-ref --format=%(refname)%00%(upstream:short)%00%(objectname)%00%(upstream:track)%00%(upstream:remotename)%00%(upstream:remoteref) refs/heads/main refs/remotes/main [3ms]
2025-05-29 05:26:50.295 [warning] [Git][getBranch] No such branch: main
2025-05-29 05:26:50.335 [info] > git for-each-ref --sort -committerdate --format %(refname)%00%(objectname)%00%(*objectname) [0ms]
2025-05-29 05:26:50.410 [info] > git status -z -uall [102ms]
2025-05-29 05:26:51.844 [info] > git check-ignore -v -z --stdin [7ms]
2025-05-29 05:26:54.391 [info] [Git][getRemotes] No remotes found in the git config file
2025-05-29 05:26:54.391 [info] > git config --get commit.template [8ms]
2025-05-29 05:26:54.392 [info] > git for-each-ref --format=%(refname)%00%(upstream:short)%00%(objectname)%00%(upstream:track)%00%(upstream:remotename)%00%(upstream:remoteref) refs/heads/main refs/remotes/main [1ms]
2025-05-29 05:26:54.392 [warning] [Git][getBranch] No such branch: main
2025-05-29 05:26:54.411 [info] > git for-each-ref --sort -committerdate --format %(refname)%00%(objectname)%00%(*objectname) [1ms]
2025-05-29 05:26:54.446 [info] > git status -z -uall [47ms]
2025-05-29 05:26:59.516 [info] [Git][getRemotes] No remotes found in the git config file
2025-05-29 05:26:59.517 [info] > git config --get commit.template [9ms]
2025-05-29 05:26:59.517 [info] > git for-each-ref --format=%(refname)%00%(upstream:short)%00%(objectname)%00%(upstream:track)%00%(upstream:remotename)%00%(upstream:remoteref) refs/heads/main refs/remotes/main [1ms]
2025-05-29 05:26:59.518 [warning] [Git][getBranch] No such branch: main
2025-05-29 05:26:59.537 [info] > git for-each-ref --sort -committerdate --format %(refname)%00%(objectname)%00%(*objectname) [0ms]
2025-05-29 05:26:59.567 [info] > git status -z -uall [42ms]
2025-05-29 05:27:02.138 [info] > git config --get --local branch.main.github-pr-owner-number [2ms]
2025-05-29 05:27:02.138 [warning] [Git][config] git config failed: Failed to execute git
2025-05-29 05:27:02.148 [info] > git config --get --local branch.main.remote [1ms]
2025-05-29 05:27:02.149 [warning] [Git][config] git config failed: Failed to execute git
2025-05-29 05:27:02.157 [info] > git config --get --local branch.main.merge [1ms]
2025-05-29 05:27:02.157 [warning] [Git][config] git config failed: Failed to execute git
2025-05-29 05:27:04.645 [info] [Git][getRemotes] No remotes found in the git config file
2025-05-29 05:27:04.645 [info] > git config --get commit.template [9ms]
2025-05-29 05:27:04.646 [info] > git for-each-ref --format=%(refname)%00%(upstream:short)%00%(objectname)%00%(upstream:track)%00%(upstream:remotename)%00%(upstream:remoteref) refs/heads/main refs/remotes/main [1ms]
2025-05-29 05:27:04.646 [warning] [Git][getBranch] No such branch: main
2025-05-29 05:27:04.668 [info] > git for-each-ref --sort -committerdate --format %(refname)%00%(objectname)%00%(*objectname) [3ms]
2025-05-29 05:27:04.747 [info] > git status -z -uall [94ms]
2025-05-29 05:27:09.885 [info] [Git][getRemotes] No remotes found in the git config file
2025-05-29 05:27:09.886 [info] > git config --get commit.template [8ms]
2025-05-29 05:27:09.886 [info] > git for-each-ref --format=%(refname)%00%(upstream:short)%00%(objectname)%00%(upstream:track)%00%(upstream:remotename)%00%(upstream:remoteref) refs/heads/main refs/remotes/main [1ms]
2025-05-29 05:27:09.887 [warning] [Git][getBranch] No such branch: main
2025-05-29 05:27:09.909 [info] > git for-each-ref --sort -committerdate --format %(refname)%00%(objectname)%00%(*objectname) [0ms]
2025-05-29 05:27:09.939 [info] > git status -z -uall [43ms]
2025-05-29 05:27:15.003 [info] > git config --get commit.template [1ms]
2025-05-29 05:27:15.012 [info] [Git][getRemotes] No remotes found in the git config file
2025-05-29 05:27:15.013 [info] > git for-each-ref --format=%(refname)%00%(upstream:short)%00%(objectname)%00%(upstream:track)%00%(upstream:remotename)%00%(upstream:remoteref) refs/heads/main refs/remotes/main [2ms]
2025-05-29 05:27:15.013 [warning] [Git][getBranch] No such branch: main
2025-05-29 05:27:15.135 [info] > git for-each-ref --sort -committerdate --format %(refname)%00%(objectname)%00%(*objectname) [104ms]
2025-05-29 05:27:15.138 [info] > git status -z -uall [118ms]
2025-05-29 05:27:20.217 [info] [Git][getRemotes] No remotes found in the git config file
2025-05-29 05:27:20.229 [info] > git config --get commit.template [13ms]
2025-05-29 05:27:20.229 [info] > git for-each-ref --format=%(refname)%00%(upstream:short)%00%(objectname)%00%(upstream:track)%00%(upstream:remotename)%00%(upstream:remoteref) refs/heads/main refs/remotes/main [3ms]
2025-05-29 05:27:20.229 [warning] [Git][getBranch] No such branch: main
2025-05-29 05:27:20.251 [info] > git for-each-ref --sort -committerdate --format %(refname)%00%(objectname)%00%(*objectname) [0ms]
2025-05-29 05:27:20.284 [info] > git status -z -uall [46ms]
2025-05-29 05:27:25.670 [info] > git config --get commit.template [5ms]
2025-05-29 05:27:25.678 [info] [Git][getRemotes] No remotes found in the git config file
2025-05-29 05:27:25.680 [info] > git for-each-ref --format=%(refname)%00%(upstream:short)%00%(objectname)%00%(upstream:track)%00%(upstream:remotename)%00%(upstream:remoteref) refs/heads/main refs/remotes/main [2ms]
2025-05-29 05:27:25.680 [warning] [Git][getBranch] No such branch: main
2025-05-29 05:27:25.700 [info] > git for-each-ref --sort -committerdate --format %(refname)%00%(objectname)%00%(*objectname) [0ms]
2025-05-29 05:27:25.742 [info] > git status -z -uall [54ms]
2025-05-29 05:27:30.827 [info] [Git][getRemotes] No remotes found in the git config file
2025-05-29 05:27:30.828 [info] > git config --get commit.template [9ms]
2025-05-29 05:27:30.828 [info] > git for-each-ref --format=%(refname)%00%(upstream:short)%00%(objectname)%00%(upstream:track)%00%(upstream:remotename)%00%(upstream:remoteref) refs/heads/main refs/remotes/main [1ms]
2025-05-29 05:27:30.829 [warning] [Git][getBranch] No such branch: main
2025-05-29 05:27:30.853 [info] > git for-each-ref --sort -committerdate --format %(refname)%00%(objectname)%00%(*objectname) [2ms]
2025-05-29 05:27:30.904 [info] > git status -z -uall [67ms]
2025-05-29 05:27:35.991 [info] [Git][getRemotes] No remotes found in the git config file
2025-05-29 05:27:35.992 [info] > git config --get commit.template [8ms]
2025-05-29 05:27:35.993 [info] > git for-each-ref --format=%(refname)%00%(upstream:short)%00%(objectname)%00%(upstream:track)%00%(upstream:remotename)%00%(upstream:remoteref) refs/heads/main refs/remotes/main [2ms]
2025-05-29 05:27:35.993 [warning] [Git][getBranch] No such branch: main
2025-05-29 05:27:36.011 [info] > git for-each-ref --sort -committerdate --format %(refname)%00%(objectname)%00%(*objectname) [2ms]
2025-05-29 05:27:36.045 [info] > git status -z -uall [45ms]
2025-05-29 05:27:41.117 [info] > git config --get commit.template [2ms]
2025-05-29 05:27:41.125 [info] [Git][getRemotes] No remotes found in the git config file
2025-05-29 05:27:41.127 [info] > git for-each-ref --format=%(refname)%00%(upstream:short)%00%(objectname)%00%(upstream:track)%00%(upstream:remotename)%00%(upstream:remoteref) refs/heads/main refs/remotes/main [2ms]
2025-05-29 05:27:41.127 [warning] [Git][getBranch] No such branch: main
2025-05-29 05:27:41.145 [info] > git for-each-ref --sort -committerdate --format %(refname)%00%(objectname)%00%(*objectname) [0ms]
2025-05-29 05:27:41.178 [info] > git status -z -uall [44ms]
2025-05-29 05:27:46.254 [info] [Git][getRemotes] No remotes found in the git config file
2025-05-29 05:27:46.255 [info] > git config --get commit.template [8ms]
2025-05-29 05:27:46.256 [info] > git for-each-ref --format=%(refname)%00%(upstream:short)%00%(objectname)%00%(upstream:track)%00%(upstream:remotename)%00%(upstream:remoteref) refs/heads/main refs/remotes/main [2ms]
2025-05-29 05:27:46.256 [warning] [Git][getBranch] No such branch: main
2025-05-29 05:27:46.277 [info] > git for-each-ref --sort -committerdate --format %(refname)%00%(objectname)%00%(*objectname) [3ms]
2025-05-29 05:27:46.306 [info] > git status -z -uall [43ms]
2025-05-29 05:27:51.381 [info] [Git][getRemotes] No remotes found in the git config file
2025-05-29 05:27:51.381 [info] > git config --get commit.template [7ms]
2025-05-29 05:27:51.382 [info] > git for-each-ref --format=%(refname)%00%(upstream:short)%00%(objectname)%00%(upstream:track)%00%(upstream:remotename)%00%(upstream:remoteref) refs/heads/main refs/remotes/main [1ms]
2025-05-29 05:27:51.382 [warning] [Git][getBranch] No such branch: main
2025-05-29 05:27:51.404 [info] > git for-each-ref --sort -committerdate --format %(refname)%00%(objectname)%00%(*objectname) [4ms]
2025-05-29 05:27:51.433 [info] > git status -z -uall [44ms]
2025-05-29 05:27:56.502 [info] [Git][getRemotes] No remotes found in the git config file
2025-05-29 05:27:56.502 [info] > git config --get commit.template [9ms]
2025-05-29 05:27:56.503 [info] > git for-each-ref --format=%(refname)%00%(upstream:short)%00%(objectname)%00%(upstream:track)%00%(upstream:remotename)%00%(upstream:remoteref) refs/heads/main refs/remotes/main [1ms]
2025-05-29 05:27:56.503 [warning] [Git][getBranch] No such branch: main
2025-05-29 05:27:56.525 [info] > git for-each-ref --sort -committerdate --format %(refname)%00%(objectname)%00%(*objectname) [3ms]
2025-05-29 05:27:56.557 [info] > git status -z -uall [47ms]
