2025-05-30 13:32:38.925 [warning] /home/vscode/.ssh/config: ENOENT: no such file or directory, open '/home/vscode/.ssh/config'
2025-05-30 13:32:38.925 [info] [Activation] Extension version: 0.110.0
2025-05-30 13:32:49.463 [info] [Authentication] Creating hub for .com
2025-05-30 13:32:52.270 [info] [Activation] Looking for git repository
2025-05-30 13:32:52.270 [info] [Activation] Found 0 repositories during activation
2025-05-30 13:32:52.270 [info] [Activation] Git repository found, initializing review manager and pr tree view.
2025-05-30 13:32:52.277 [info] [GitAPI] Registering git provider
2025-05-30 13:32:52.277 [info] [Review+0] Validate state in progress
2025-05-30 13:32:52.277 [info] [Review+0] Validating state...
2025-05-30 13:32:52.277 [info] [Review+1] Validate state in progress
2025-05-30 13:32:52.277 [info] [Review+1] Validating state...
2025-05-30 13:32:52.277 [info] [Review+2] Validate state in progress
2025-05-30 13:32:52.277 [info] [Review+2] Validating state...
2025-05-30 13:32:52.277 [info] [Review+3] Validate state in progress
2025-05-30 13:32:52.277 [info] [Review+3] Validating state...
2025-05-30 13:32:52.538 [info] [Activation] Repo state for file:///home/vscode changed.
2025-05-30 13:32:52.538 [info] [Activation] Repo file:///home/vscode has already been setup.
2025-05-30 13:32:52.571 [info] [FolderRepositoryManager+0] Found GitHub remote for folder /home/vscode/environment
2025-05-30 13:32:52.572 [info] [FolderRepositoryManager+1] Found GitHub remote for folder /home/vscode/.oh-my-zsh
2025-05-30 13:32:52.572 [info] [FolderRepositoryManager+2] Found GitHub remote for folder /home/vscode/.nodenv
2025-05-30 13:32:52.572 [info] [FolderRepositoryManager+3] Found GitHub remote for folder /home/vscode
2025-05-30 13:32:56.973 [info] [FolderRepositoryManager+3] Trying to use globalState for assignableUsers.
2025-05-30 13:32:57.066 [info] [Review+3] No matching pull request metadata found locally for current branch main
2025-05-30 13:32:57.077 [info] [FolderRepositoryManager+1] Trying to use globalState for assignableUsers.
2025-05-30 13:32:57.090 [info] [FolderRepositoryManager+2] Trying to use globalState for assignableUsers.
2025-05-30 13:32:57.104 [info] [FolderRepositoryManager+0] Trying to use globalState for assignableUsers.
2025-05-30 13:32:57.208 [info] [Review+2] No matching pull request metadata found locally for current branch main
2025-05-30 13:32:57.211 [info] [Review+1] No matching pull request metadata found locally for current branch master
2025-05-30 13:32:57.222 [info] [Review+0] No matching pull request metadata found locally for current branch main
2025-05-30 13:32:58.668 [info] [FolderRepositoryManager+1] Using globalState assignableUsers for 1.
2025-05-30 13:32:58.672 [info] [FolderRepositoryManager+3] Using globalState assignableUsers for 1.
2025-05-30 13:32:58.678 [info] [FolderRepositoryManager+0] Using globalState assignableUsers for 2.
2025-05-30 13:32:58.682 [info] [FolderRepositoryManager+2] Using globalState assignableUsers for 1.
2025-05-30 13:32:58.826 [info] [Review+2] No matching pull request metadata found on GitHub for current branch main
2025-05-30 13:32:58.896 [info] [Review+3] No matching pull request metadata found on GitHub for current branch main
2025-05-30 13:32:58.899 [info] [Review+0] No matching pull request metadata found on GitHub for current branch main
2025-05-30 13:32:59.388 [info] [Review+1] No matching pull request metadata found on GitHub for current branch master
2025-05-30 13:33:05.072 [info] [Activation] Repo state for file:///home/vscode/.nodenv changed.
2025-05-30 13:33:05.077 [info] [Activation] Repo file:///home/vscode/.nodenv has already been setup.
2025-05-30 13:35:35.590 [info] [Review+3] Validate state in progress
2025-05-30 13:35:35.590 [info] [Review+3] Validating state...
2025-05-30 13:35:35.590 [warning] No remotes found. The following remotes are missing: origin, upstream
2025-05-30 13:35:35.590 [info] [FolderRepositoryManager+3] No GitHub remotes found for folder /home/vscode
2025-05-30 13:35:35.610 [info] [Review+3] No matching pull request metadata found locally for current branch main
2025-05-30 13:35:35.620 [info] [Review+3] No matching pull request metadata found on GitHub for current branch main
2025-05-30 13:39:17.750 [info] [Review+3] Validate state in progress
2025-05-30 13:39:17.750 [info] [Review+3] Validating state...
2025-05-30 13:39:18.072 [info] [FolderRepositoryManager+3] Found GitHub remote for folder /home/vscode
2025-05-30 13:39:18.072 [info] [FolderRepositoryManager+3] Using in-memory cached assignable users.
2025-05-30 13:39:18.087 [info] [Review+3] No matching pull request metadata found locally for current branch main
2025-05-30 13:39:18.097 [info] [Review+3] No matching pull request metadata found on GitHub for current branch main
2025-05-30 13:40:15.488 [info] [Review+3] Validate state in progress
2025-05-30 13:40:15.488 [info] [Review+3] Validating state...
2025-05-30 13:40:15.923 [info] [FolderRepositoryManager+3] Found GitHub remote for folder /home/vscode
2025-05-30 13:40:15.923 [info] [FolderRepositoryManager+3] Using in-memory cached assignable users.
2025-05-30 13:40:15.941 [info] [Review+3] No matching pull request metadata found locally for current branch main
2025-05-30 13:40:15.962 [info] [Review+3] No matching pull request metadata found on GitHub for current branch main
2025-05-30 13:43:33.350 [info] [Review+3] Validate state in progress
2025-05-30 13:43:33.351 [info] [Review+3] Validating state...
2025-05-30 13:43:33.474 [info] [FolderRepositoryManager+3] Found GitHub remote for folder /home/vscode
2025-05-30 13:43:33.474 [info] [FolderRepositoryManager+3] Using in-memory cached assignable users.
2025-05-30 13:43:33.487 [info] [Review+3] No matching pull request metadata found locally for current branch main
2025-05-30 13:43:34.015 [info] [Review+3] No matching pull request metadata found on GitHub for current branch main
