2025-05-30 06:18:22.094 [info] [main] ログ レベル: Info
2025-05-30 06:18:22.095 [info] [main] Git の検証が検出されました: "git"
2025-05-30 06:18:22.095 [info] [main] "git" から Git "2.49.0" を使用しています
2025-05-30 06:18:22.095 [info] [Model][doInitialScan] Initial repository scan started
2025-05-30 06:18:22.095 [info] > git rev-parse --show-toplevel [35ms]
2025-05-30 06:18:22.095 [info] > git rev-parse --git-dir --git-common-dir [10ms]
2025-05-30 06:18:22.095 [info] [Model][openRepository] Opened repository (path): /home/vscode
2025-05-30 06:18:22.095 [info] [Model][openRepository] Opened repository (real path): /home/vscode
2025-05-30 06:18:25.605 [info] > git config --get commit.template [3495ms]
2025-05-30 06:18:27.690 [info] > git rev-parse --show-toplevel [1887ms]
2025-05-30 06:18:27.691 [info] > git for-each-ref --format=%(refname)%00%(upstream:short)%00%(objectname)%00%(upstream:track)%00%(upstream:remotename)%00%(upstream:remoteref) refs/heads/main refs/remotes/main [2057ms]
2025-05-30 06:18:27.748 [info] > git check-ignore -v -z --stdin [43ms]
2025-05-30 06:18:27.752 [info] > git rev-parse --show-toplevel [29ms]
2025-05-30 06:18:27.818 [info] > git for-each-ref --sort -committerdate --format %(refname)%00%(objectname)%00%(*objectname) [20ms]
2025-05-30 06:18:27.819 [info] > git rev-parse --show-toplevel [56ms]
2025-05-30 06:18:29.421 [info] > git status -z -uall [1649ms]
2025-05-30 06:18:29.469 [info] > git rev-parse --show-toplevel [1636ms]
2025-05-30 06:18:29.536 [info] > git for-each-ref --format=%(refname)%00%(upstream:short)%00%(objectname)%00%(upstream:track)%00%(upstream:remotename)%00%(upstream:remoteref) refs/heads/main refs/remotes/main [76ms]
2025-05-30 06:18:29.638 [info] > git config --get --local branch.main.vscode-merge-base [84ms]
2025-05-30 06:18:29.638 [warning] [Git][config] git config failed: Failed to execute git
2025-05-30 06:18:29.647 [info] > git rev-parse --git-dir --git-common-dir [137ms]
2025-05-30 06:18:29.664 [info] [Model][openRepository] Opened repository (path): /home/vscode/.nodenv
2025-05-30 06:18:29.664 [info] [Model][openRepository] Opened repository (real path): /home/vscode/.nodenv
2025-05-30 06:18:29.666 [info] > git config --get commit.template [176ms]
2025-05-30 06:18:29.707 [info] > git reflog main --grep-reflog=branch: Created from *. [60ms]
2025-05-30 06:18:29.755 [info] > git symbolic-ref --short refs/remotes/origin/HEAD [38ms]
2025-05-30 06:18:29.755 [info] fatal: ref refs/remotes/origin/HEAD is not a symbolic ref
2025-05-30 06:18:29.755 [warning] [Repository][getDefaultBranch] Failed to get default branch details: Failed to execute git.
2025-05-30 06:18:29.764 [info] > git config --get commit.template [74ms]
2025-05-30 06:18:29.764 [info] > git rev-parse --show-toplevel [83ms]
2025-05-30 06:18:29.823 [info] > git for-each-ref --format=%(refname)%00%(upstream:short)%00%(objectname)%00%(upstream:track)%00%(upstream:remotename)%00%(upstream:remoteref) refs/heads/main refs/remotes/main [95ms]
2025-05-30 06:18:29.854 [info] > git rev-parse --show-toplevel [68ms]
2025-05-30 06:18:29.858 [info] > git merge-base refs/heads/main refs/remotes/origin/main [95ms]
2025-05-30 06:18:29.925 [info] > git diff --name-status -z --diff-filter=ADMR 869b1c0b8e0ec3aff5da6b452626c69030886833...refs/remotes/origin/main [37ms]
2025-05-30 06:18:29.926 [info] > git for-each-ref --format=%(refname)%00%(upstream:short)%00%(objectname)%00%(upstream:track)%00%(upstream:remotename)%00%(upstream:remoteref) refs/heads/main refs/remotes/main [74ms]
2025-05-30 06:18:29.947 [warning] [Git][revParse] Unable to read file: ENOENT: no such file or directory, open '/home/vscode/.nodenv/.git/refs/remotes/origin/main'
2025-05-30 06:18:29.948 [info] > git rev-parse --git-dir --git-common-dir [38ms]
2025-05-30 06:18:29.963 [info] [Model][openRepository] Opened repository (path): /home/vscode/.oh-my-zsh
2025-05-30 06:18:29.964 [info] [Model][openRepository] Opened repository (real path): /home/vscode/.oh-my-zsh
2025-05-30 06:18:30.074 [info] > git rev-parse refs/remotes/origin/main [127ms]
2025-05-30 06:18:30.113 [info] > git status -z -uall [30ms]
2025-05-30 06:18:30.114 [info] > git rev-parse --show-toplevel [41ms]
2025-05-30 06:18:30.114 [info] > git config --get commit.template [50ms]
2025-05-30 06:18:30.114 [info] > git for-each-ref --sort -committerdate --format %(refname)%00%(objectname)%00%(*objectname) [74ms]
2025-05-30 06:18:30.624 [info] > git status -z -uall [641ms]
2025-05-30 06:18:30.625 [info] > git for-each-ref --sort -committerdate --format %(refname)%00%(objectname)%00%(*objectname) [517ms]
2025-05-30 06:18:30.749 [info] > git for-each-ref --format=%(refname)%00%(upstream:short)%00%(objectname)%00%(upstream:track)%00%(upstream:remotename)%00%(upstream:remoteref) refs/heads/main refs/remotes/main [110ms]
2025-05-30 06:18:30.774 [info] > git for-each-ref --format=%(refname)%00%(upstream:short)%00%(objectname)%00%(upstream:track)%00%(upstream:remotename)%00%(upstream:remoteref) refs/heads/master refs/remotes/master [150ms]
2025-05-30 06:18:30.795 [info] > git rev-parse --show-toplevel [665ms]
2025-05-30 06:18:30.806 [warning] [Git][revParse] Unable to read file: ENOENT: no such file or directory, open '/home/vscode/.oh-my-zsh/.git/refs/remotes/origin/master'
2025-05-30 06:18:30.955 [info] > git config --get --local branch.main.vscode-merge-base [182ms]
2025-05-30 06:18:30.970 [info] > git config --get commit.template [317ms]
2025-05-30 06:18:31.153 [info] > git for-each-ref --format=%(refname)%00%(upstream:short)%00%(objectname)%00%(upstream:track)%00%(upstream:remotename)%00%(upstream:remoteref) refs/heads/origin/main refs/remotes/origin/main [184ms]
2025-05-30 06:18:31.168 [info] > git rev-parse --show-toplevel [350ms]
2025-05-30 06:18:31.168 [info] > git rev-parse refs/remotes/origin/master [362ms]
2025-05-30 06:18:31.274 [info] > git status -z -uall [84ms]
2025-05-30 06:18:31.275 [info] > git merge-base refs/heads/main refs/remotes/origin/main [107ms]
2025-05-30 06:18:31.331 [info] > git rev-parse --git-dir --git-common-dir [69ms]
2025-05-30 06:18:31.335 [info] [Model][openRepository] Opened repository (path): /home/vscode/environment
2025-05-30 06:18:31.335 [info] [Model][openRepository] Opened repository (real path): /home/vscode/environment
2025-05-30 06:18:31.343 [info] [Model][doInitialScan] Initial repository scan completed - repositories (4), closed repositories (0), parent repositories (0), unsafe repositories (0)
2025-05-30 06:18:31.366 [info] > git for-each-ref --format=%(refname)%00%(upstream:short)%00%(objectname)%00%(upstream:track)%00%(upstream:remotename)%00%(upstream:remoteref) refs/heads/main refs/remotes/main [121ms]
2025-05-30 06:18:31.367 [info] > git for-each-ref --sort -committerdate --format %(refname)%00%(objectname)%00%(*objectname) [139ms]
2025-05-30 06:18:31.440 [warning] [Git][revParse] Unable to read file: ENOENT: no such file or directory, open '/home/vscode/.nodenv/.git/refs/remotes/origin/main'
2025-05-30 06:18:31.518 [info] > git show --textconv :index.html [166ms]
2025-05-30 06:18:31.518 [info] > git check-ignore -v -z --stdin [122ms]
2025-05-30 06:18:31.523 [info] > git check-ignore -v -z --stdin [112ms]
2025-05-30 06:18:31.526 [info] > git check-ignore -v -z --stdin [109ms]
2025-05-30 06:18:31.533 [info] > git for-each-ref --format=%(refname)%00%(upstream:short)%00%(objectname)%00%(upstream:track)%00%(upstream:remotename)%00%(upstream:remoteref) refs/heads/master refs/remotes/master [146ms]
2025-05-30 06:18:31.558 [info] > git ls-files --stage -- index.html [192ms]
2025-05-30 06:18:31.568 [info] > git diff --name-status -z --diff-filter=ADMR c2bda62623165f2b9bab646844f22fc20a48f944...refs/remotes/origin/main [273ms]
2025-05-30 06:18:31.647 [info] > git config --get --local branch.master.vscode-merge-base [90ms]
2025-05-30 06:18:31.664 [info] > git config --get commit.template [205ms]
2025-05-30 06:18:31.664 [info] > git rev-parse refs/remotes/origin/main [224ms]
2025-05-30 06:18:31.685 [info] > git config --get commit.template [255ms]
2025-05-30 06:18:31.707 [info] > git status -z -uall [31ms]
2025-05-30 06:18:31.707 [info] > git for-each-ref --sort -committerdate --format %(refname)%00%(objectname)%00%(*objectname) [22ms]
2025-05-30 06:18:31.710 [info] > git for-each-ref --format=%(refname)%00%(upstream:short)%00%(objectname)%00%(upstream:track)%00%(upstream:remotename)%00%(upstream:remoteref) refs/heads/origin/master refs/remotes/origin/master [46ms]
2025-05-30 06:18:31.720 [info] > git cat-file -s 212bf6c52e1483fa48026126d9065d26033b5066 [153ms]
2025-05-30 06:18:31.751 [info] > git for-each-ref --format=%(refname)%00%(upstream:short)%00%(objectname)%00%(upstream:track)%00%(upstream:remotename)%00%(upstream:remoteref) refs/heads/main refs/remotes/main [12ms]
2025-05-30 06:18:31.752 [info] > git merge-base refs/heads/master refs/remotes/origin/master [33ms]
2025-05-30 06:18:31.773 [warning] [Git][revParse] Unable to read file: ENOENT: no such file or directory, open '/home/vscode/environment/.git/refs/remotes/origin/main'
2025-05-30 06:18:31.778 [info] > git for-each-ref --format=%(refname)%00%(upstream:short)%00%(objectname)%00%(upstream:track)%00%(upstream:remotename)%00%(upstream:remoteref) refs/heads/master refs/remotes/master [29ms]
2025-05-30 06:18:31.785 [info] > git rev-parse refs/remotes/origin/main [12ms]
2025-05-30 06:18:31.808 [info] > git diff --name-status -z --diff-filter=ADMR 750d3ac4b493dca13ef0ced55fa6a2cd02dc7ee8...refs/remotes/origin/master [45ms]
2025-05-30 06:18:31.820 [warning] [Git][revParse] Unable to read file: ENOENT: no such file or directory, open '/home/vscode/.oh-my-zsh/.git/refs/remotes/origin/master'
2025-05-30 06:18:31.886 [info] > git status -z -uall [91ms]
2025-05-30 06:18:32.012 [info] > git rev-parse refs/remotes/origin/master [193ms]
2025-05-30 06:18:32.039 [info] > git for-each-ref --sort -committerdate --format %(refname)%00%(objectname)%00%(*objectname) [231ms]
2025-05-30 06:18:32.146 [info] > git status -z -uall [119ms]
2025-05-30 06:18:32.146 [info] > git for-each-ref --format=%(refname)%00%(upstream:short)%00%(objectname)%00%(upstream:track)%00%(upstream:remotename)%00%(upstream:remoteref) refs/heads/main refs/remotes/main [79ms]
2025-05-30 06:18:32.158 [info] > git for-each-ref --sort -committerdate --format %(refname)%00%(objectname)%00%(*objectname) [120ms]
2025-05-30 06:18:32.179 [info] > git config --get --local branch.main.vscode-merge-base [21ms]
2025-05-30 06:18:32.189 [info] > git config --get commit.template [50ms]
2025-05-30 06:18:32.189 [info] > git config --get commit.template [64ms]
2025-05-30 06:18:32.190 [info] > git config --get commit.template [82ms]
2025-05-30 06:18:32.204 [info] > git for-each-ref --format=%(refname)%00%(upstream:short)%00%(objectname)%00%(upstream:track)%00%(upstream:remotename)%00%(upstream:remoteref) refs/heads/origin/main refs/remotes/origin/main [15ms]
2025-05-30 06:18:32.219 [info] > git config --get commit.template [42ms]
2025-05-30 06:18:32.469 [info] > git merge-base refs/heads/main refs/remotes/origin/main [251ms]
2025-05-30 06:18:32.556 [info] > git check-ignore -v -z --stdin [61ms]
2025-05-30 06:18:32.557 [info] > git check-ignore -v -z --stdin [45ms]
2025-05-30 06:18:32.558 [info] > git check-ignore -v -z --stdin [38ms]
2025-05-30 06:18:32.559 [info] > git check-ignore -v -z --stdin [30ms]
2025-05-30 06:18:32.560 [info] > git diff --name-status -z --diff-filter=ADMR 527588dbcd166987a649f31988a023c1ec8c7011...refs/remotes/origin/main [78ms]
2025-05-30 06:18:32.562 [info] > git for-each-ref --format=%(refname)%00%(upstream:short)%00%(objectname)%00%(upstream:track)%00%(upstream:remotename)%00%(upstream:remoteref) refs/heads/main refs/remotes/main [314ms]
2025-05-30 06:18:32.563 [info] > git for-each-ref --format=%(refname)%00%(upstream:short)%00%(objectname)%00%(upstream:track)%00%(upstream:remotename)%00%(upstream:remoteref) refs/heads/main refs/remotes/main [323ms]
2025-05-30 06:18:32.563 [info] > git for-each-ref --format=%(refname)%00%(upstream:short)%00%(objectname)%00%(upstream:track)%00%(upstream:remotename)%00%(upstream:remoteref) refs/heads/main refs/remotes/main [334ms]
2025-05-30 06:18:32.575 [warning] [Git][revParse] Unable to read file: ENOENT: no such file or directory, open '/home/vscode/.nodenv/.git/refs/remotes/origin/main'
2025-05-30 06:18:32.582 [warning] [Git][revParse] Unable to read file: ENOENT: no such file or directory, open '/home/vscode/environment/.git/refs/remotes/origin/main'
2025-05-30 06:18:32.584 [info] > git for-each-ref --format=%(refname)%00%(upstream:short)%00%(objectname)%00%(upstream:track)%00%(upstream:remotename)%00%(upstream:remoteref) refs/heads/master refs/remotes/master [42ms]
2025-05-30 06:18:32.593 [warning] [Git][revParse] Unable to read file: ENOENT: no such file or directory, open '/home/vscode/.oh-my-zsh/.git/refs/remotes/origin/master'
2025-05-30 06:18:32.594 [info] > git rev-parse refs/remotes/origin/main [12ms]
2025-05-30 06:18:32.615 [info] > git rev-parse refs/remotes/origin/main [40ms]
2025-05-30 06:18:32.638 [info] > git status -z -uall [31ms]
2025-05-30 06:18:32.638 [info] > git status -z -uall [16ms]
2025-05-30 06:18:32.639 [info] > git for-each-ref --sort -committerdate --format %(refname)%00%(objectname)%00%(*objectname) [24ms]
2025-05-30 06:18:32.643 [info] > git rev-parse refs/remotes/origin/master [50ms]
2025-05-30 06:18:32.740 [info] > git status -z -uall [85ms]
2025-05-30 06:18:32.740 [info] > git for-each-ref --sort -committerdate --format %(refname)%00%(objectname)%00%(*objectname) [104ms]
2025-05-30 06:18:32.751 [info] > git config --get commit.template [11ms]
2025-05-30 06:18:32.751 [info] > git for-each-ref --sort -committerdate --format %(refname)%00%(objectname)%00%(*objectname) [24ms]
2025-05-30 06:18:32.752 [info] > git for-each-ref --sort -committerdate --format %(refname)%00%(objectname)%00%(*objectname) [86ms]
2025-05-30 06:18:32.766 [info] > git for-each-ref --format=%(refname)%00%(upstream:short)%00%(objectname)%00%(upstream:track)%00%(upstream:remotename)%00%(upstream:remoteref) refs/heads/main refs/remotes/main [3ms]
2025-05-30 06:18:32.775 [warning] [Git][revParse] Unable to read file: ENOENT: no such file or directory, open '/home/vscode/environment/.git/refs/remotes/origin/main'
2025-05-30 06:18:32.777 [info] > git rev-parse refs/remotes/origin/main [2ms]
2025-05-30 06:18:32.800 [info] > git status -z -uall [15ms]
2025-05-30 06:18:32.804 [info] > git for-each-ref --sort -committerdate --format %(refname)%00%(objectname)%00%(*objectname) [4ms]
2025-05-30 06:18:33.084 [info] > git status -z -uall [402ms]
2025-05-30 06:18:39.088 [info] > git blame --root --incremental 869b1c0b8e0ec3aff5da6b452626c69030886833 -- index.html [34ms]
2025-05-30 06:18:44.632 [info] > git config --get --local branch.main.github-pr-owner-number [151ms]
2025-05-30 06:18:44.633 [warning] [Git][config] git config failed: Failed to execute git
2025-05-30 06:18:44.643 [info] > git config --get --local branch.master.github-pr-owner-number [222ms]
2025-05-30 06:18:44.643 [warning] [Git][config] git config failed: Failed to execute git
2025-05-30 06:18:44.719 [info] > git config --get --local branch.main.github-pr-owner-number [190ms]
2025-05-30 06:18:44.719 [warning] [Git][config] git config failed: Failed to execute git
2025-05-30 06:18:45.532 [info] > git config --get --local branch.main.github-pr-owner-number [247ms]
2025-05-30 06:18:45.533 [warning] [Git][config] git config failed: Failed to execute git
2025-05-30 06:21:39.267 [info] > git config --get commit.template [7ms]
2025-05-30 06:21:39.280 [info] > git for-each-ref --format=%(refname)%00%(upstream:short)%00%(objectname)%00%(upstream:track)%00%(upstream:remotename)%00%(upstream:remoteref) refs/heads/main refs/remotes/main [13ms]
2025-05-30 06:21:39.316 [info] > git for-each-ref --sort -committerdate --format %(refname)%00%(objectname)%00%(*objectname) [14ms]
2025-05-30 06:21:39.831 [info] > git status -z -uall [545ms]
2025-05-30 06:21:44.856 [info] > git config --get commit.template [7ms]
2025-05-30 06:21:44.857 [info] > git for-each-ref --format=%(refname)%00%(upstream:short)%00%(objectname)%00%(upstream:track)%00%(upstream:remotename)%00%(upstream:remoteref) refs/heads/main refs/remotes/main [1ms]
2025-05-30 06:21:44.891 [info] > git for-each-ref --sort -committerdate --format %(refname)%00%(objectname)%00%(*objectname) [2ms]
2025-05-30 06:21:44.939 [info] > git status -z -uall [76ms]
