2025-05-30 06:18:19.888 [info] Reading sessions from keychain...
2025-05-30 06:18:19.888 [info] Getting sessions for all scopes...
2025-05-30 06:18:19.888 [info] Getting sessions for all scopes...
2025-05-30 06:18:19.888 [info] Getting sessions for all scopes...
2025-05-30 06:18:19.888 [info] Getting sessions for user:email...
2025-05-30 06:18:19.888 [info] Getting sessions for all scopes...
2025-05-30 06:18:19.888 [info] Getting sessions for all scopes...
2025-05-30 06:18:19.888 [info] Getting sessions for all scopes...
2025-05-30 06:18:19.888 [info] Getting sessions for all scopes...
2025-05-30 06:18:19.888 [info] Getting sessions for all scopes...
2025-05-30 06:18:19.888 [info] Got stored sessions!
2025-05-30 06:18:19.888 [info] Got 6 verified sessions.
2025-05-30 06:18:19.888 [info] Got 6 sessions for ...
2025-05-30 06:18:19.888 [info] Got 6 sessions for ...
2025-05-30 06:18:19.888 [info] Got 6 sessions for ...
2025-05-30 06:18:19.888 [info] Got 1 sessions for user:email...
2025-05-30 06:18:19.888 [info] Got 6 sessions for ...
2025-05-30 06:18:19.889 [info] Got 6 sessions for ...
2025-05-30 06:18:19.889 [info] Got 6 sessions for ...
2025-05-30 06:18:19.889 [info] Got 6 sessions for ...
2025-05-30 06:18:19.889 [info] Got 6 sessions for ...
2025-05-30 06:18:20.173 [info] Getting sessions for codespace,read:user,repo,user:email...
2025-05-30 06:18:20.173 [info] Getting sessions for all scopes...
2025-05-30 06:18:20.173 [info] Getting sessions for all scopes...
2025-05-30 06:18:20.173 [info] Getting sessions for all scopes...
2025-05-30 06:18:20.173 [info] Getting sessions for all scopes...
2025-05-30 06:18:20.173 [info] Getting sessions for all scopes...
2025-05-30 06:18:20.173 [info] Getting sessions for all scopes...
2025-05-30 06:18:20.173 [info] Getting sessions for all scopes...
2025-05-30 06:18:20.173 [info] Got 1 sessions for codespace,read:user,repo,user:email...
2025-05-30 06:18:20.173 [info] Got 6 sessions for ...
2025-05-30 06:18:20.173 [info] Got 6 sessions for ...
2025-05-30 06:18:20.173 [info] Got 6 sessions for ...
2025-05-30 06:18:20.173 [info] Got 6 sessions for ...
2025-05-30 06:18:20.173 [info] Got 6 sessions for ...
2025-05-30 06:18:20.173 [info] Got 6 sessions for ...
2025-05-30 06:18:20.173 [info] Got 6 sessions for ...
2025-05-30 06:18:20.698 [info] Getting sessions for all scopes...
2025-05-30 06:18:20.699 [info] Got 6 sessions for ...
2025-05-30 06:18:22.112 [info] Getting sessions for all scopes...
2025-05-30 06:18:22.112 [info] Got 6 sessions for ...
2025-05-30 06:18:25.642 [info] Getting sessions for all scopes...
2025-05-30 06:18:25.643 [info] Got 6 sessions for ...
2025-05-30 06:18:27.412 [info] Getting sessions for all scopes...
2025-05-30 06:18:27.412 [info] Getting sessions for all scopes...
2025-05-30 06:18:27.412 [info] Got 6 sessions for ...
2025-05-30 06:18:27.412 [info] Got 6 sessions for ...
2025-05-30 06:18:28.834 [info] Getting sessions for read:user,repo,user:email,workflow...
2025-05-30 06:18:28.835 [info] Getting sessions for all scopes...
2025-05-30 06:18:28.835 [info] Getting sessions for all scopes...
2025-05-30 06:18:28.835 [info] Got 1 sessions for read:user,repo,user:email,workflow...
2025-05-30 06:18:28.839 [info] Got 6 sessions for ...
2025-05-30 06:18:28.839 [info] Got 6 sessions for ...
2025-05-30 06:18:29.911 [info] Getting sessions for all scopes...
2025-05-30 06:18:29.911 [info] Getting sessions for all scopes...
2025-05-30 06:18:29.911 [info] Getting sessions for project,read:org,read:user,repo,user:email,workflow...
2025-05-30 06:18:29.913 [info] Got 6 sessions for ...
2025-05-30 06:18:29.913 [info] Got 6 sessions for ...
2025-05-30 06:18:29.913 [info] Got 0 sessions for project,read:org,read:user,repo,user:email,workflow...
2025-05-30 06:18:31.582 [info] Getting sessions for read:user,repo,user:email,workflow...
2025-05-30 06:18:31.582 [info] Got 1 sessions for read:user,repo,user:email,workflow...
2025-05-30 06:18:31.829 [info] Getting sessions for read:user,repo,user:email,workflow...
2025-05-30 06:18:31.829 [info] Getting sessions for read:user,repo,user:email,workflow...
2025-05-30 06:18:31.829 [info] Got 1 sessions for read:user,repo,user:email,workflow...
2025-05-30 06:18:31.830 [info] Got 1 sessions for read:user,repo,user:email,workflow...
2025-05-30 06:18:38.596 [info] Getting sessions for read:user,repo,user:email,workflow...
2025-05-30 06:18:38.596 [info] Got 1 sessions for read:user,repo,user:email,workflow...
2025-05-30 06:18:39.144 [info] Getting sessions for all scopes...
2025-05-30 06:18:39.144 [info] Getting sessions for all scopes...
2025-05-30 06:18:39.145 [info] Got 6 sessions for ...
2025-05-30 06:18:39.145 [info] Got 6 sessions for ...
2025-05-30 06:18:40.664 [info] Getting sessions for read:user,repo,user:email,workflow...
2025-05-30 06:18:40.664 [info] Got 1 sessions for read:user,repo,user:email,workflow...
2025-05-30 06:18:44.094 [info] Getting sessions for read:user,repo,user:email,workflow...
2025-05-30 06:18:44.094 [info] Got 1 sessions for read:user,repo,user:email,workflow...
2025-05-30 06:18:46.674 [info] Getting sessions for read:user,repo,user:email,workflow...
2025-05-30 06:18:46.674 [info] Got 1 sessions for read:user,repo,user:email,workflow...
2025-05-30 06:18:47.660 [info] Getting sessions for read:user,repo,user:email,workflow...
2025-05-30 06:18:47.660 [info] Got 1 sessions for read:user,repo,user:email,workflow...
2025-05-30 06:18:48.409 [info] Getting sessions for all scopes...
2025-05-30 06:18:48.409 [info] Getting sessions for all scopes...
2025-05-30 06:18:48.409 [info] Got 6 sessions for ...
2025-05-30 06:18:48.409 [info] Got 6 sessions for ...
2025-05-30 06:18:48.798 [info] Getting sessions for read:user,repo,user:email,workflow...
2025-05-30 06:18:48.798 [info] Got 1 sessions for read:user,repo,user:email,workflow...
2025-05-30 06:18:49.272 [info] Getting sessions for all scopes...
2025-05-30 06:18:49.272 [info] Got 6 sessions for ...
2025-05-30 06:18:49.756 [info] Getting sessions for read:user,repo,user:email,workflow...
2025-05-30 06:18:49.756 [info] Got 1 sessions for read:user,repo,user:email,workflow...
2025-05-30 06:18:50.650 [info] Getting sessions for all scopes...
2025-05-30 06:18:50.651 [info] Got 6 sessions for ...
2025-05-30 06:18:51.396 [info] Getting sessions for read:user,repo,user:email,workflow...
2025-05-30 06:18:51.396 [info] Got 1 sessions for read:user,repo,user:email,workflow...
2025-05-30 06:18:51.646 [info] Getting sessions for all scopes...
2025-05-30 06:18:51.647 [info] Got 6 sessions for ...
2025-05-30 06:18:51.957 [info] Getting sessions for all scopes...
2025-05-30 06:18:51.957 [info] Got 6 sessions for ...
2025-05-30 06:18:52.966 [info] Getting sessions for all scopes...
2025-05-30 06:18:52.966 [info] Got 6 sessions for ...
2025-05-30 06:18:53.403 [info] Getting sessions for read:user,repo,user:email,workflow...
2025-05-30 06:18:53.404 [info] Got 1 sessions for read:user,repo,user:email,workflow...
