2025-05-30 15:27:55.349 [info] Reading sessions from keychain...
2025-05-30 15:27:55.349 [info] Getting sessions for all scopes...
2025-05-30 15:27:55.349 [info] Getting sessions for all scopes...
2025-05-30 15:27:55.349 [info] Getting sessions for all scopes...
2025-05-30 15:27:55.349 [info] Getting sessions for user:email...
2025-05-30 15:27:55.349 [info] Getting sessions for all scopes...
2025-05-30 15:27:55.349 [info] Getting sessions for all scopes...
2025-05-30 15:27:55.349 [info] Getting sessions for all scopes...
2025-05-30 15:27:55.349 [info] Getting sessions for all scopes...
2025-05-30 15:27:55.349 [info] Getting sessions for all scopes...
2025-05-30 15:27:55.349 [info] Got stored sessions!
2025-05-30 15:27:55.349 [info] Got 6 verified sessions.
2025-05-30 15:27:55.349 [info] Got 6 sessions for ...
2025-05-30 15:27:55.349 [info] Got 6 sessions for ...
2025-05-30 15:27:55.349 [info] Got 6 sessions for ...
2025-05-30 15:27:55.349 [info] Got 1 sessions for user:email...
2025-05-30 15:27:55.349 [info] Got 6 sessions for ...
2025-05-30 15:27:55.349 [info] Got 6 sessions for ...
2025-05-30 15:27:55.349 [info] Got 6 sessions for ...
2025-05-30 15:27:55.349 [info] Got 6 sessions for ...
2025-05-30 15:27:55.349 [info] Got 6 sessions for ...
2025-05-30 15:27:55.435 [info] Getting sessions for codespace,read:user,repo,user:email...
2025-05-30 15:27:55.438 [info] Getting sessions for all scopes...
2025-05-30 15:27:55.438 [info] Getting sessions for all scopes...
2025-05-30 15:27:55.438 [info] Getting sessions for all scopes...
2025-05-30 15:27:55.438 [info] Getting sessions for all scopes...
2025-05-30 15:27:55.438 [info] Got 1 sessions for codespace,read:user,repo,user:email...
2025-05-30 15:27:55.438 [info] Got 6 sessions for ...
2025-05-30 15:27:55.438 [info] Got 6 sessions for ...
2025-05-30 15:27:55.438 [info] Got 6 sessions for ...
2025-05-30 15:27:55.438 [info] Got 6 sessions for ...
2025-05-30 15:27:55.485 [info] Getting sessions for all scopes...
2025-05-30 15:27:55.486 [info] Getting sessions for all scopes...
2025-05-30 15:27:55.486 [info] Getting sessions for all scopes...
2025-05-30 15:27:55.493 [info] Got 6 sessions for ...
2025-05-30 15:27:55.493 [info] Got 6 sessions for ...
2025-05-30 15:27:55.493 [info] Got 6 sessions for ...
2025-05-30 15:27:56.325 [info] Getting sessions for all scopes...
2025-05-30 15:27:56.339 [info] Got 6 sessions for ...
2025-05-30 15:27:59.632 [info] Getting sessions for all scopes...
2025-05-30 15:27:59.650 [info] Got 6 sessions for ...
2025-05-30 15:28:01.760 [info] Getting sessions for all scopes...
2025-05-30 15:28:01.760 [info] Got 6 sessions for ...
2025-05-30 15:28:02.255 [info] Getting sessions for all scopes...
2025-05-30 15:28:02.255 [info] Got 6 sessions for ...
2025-05-30 15:28:03.639 [info] Getting sessions for all scopes...
2025-05-30 15:28:03.639 [info] Getting sessions for read:user,repo,user:email,workflow...
2025-05-30 15:28:03.639 [info] Getting sessions for all scopes...
2025-05-30 15:28:03.640 [info] Got 6 sessions for ...
2025-05-30 15:28:03.640 [info] Got 1 sessions for read:user,repo,user:email,workflow...
2025-05-30 15:28:03.640 [info] Got 6 sessions for ...
2025-05-30 15:28:04.101 [info] Getting sessions for all scopes...
2025-05-30 15:28:04.102 [info] Got 6 sessions for ...
2025-05-30 15:28:05.350 [info] Getting sessions for read:user,repo,user:email,workflow...
2025-05-30 15:28:05.350 [info] Getting sessions for all scopes...
2025-05-30 15:28:05.350 [info] Getting sessions for all scopes...
2025-05-30 15:28:05.350 [info] Getting sessions for project,read:org,read:user,repo,user:email,workflow...
2025-05-30 15:28:05.350 [info] Got 1 sessions for read:user,repo,user:email,workflow...
2025-05-30 15:28:05.350 [info] Got 6 sessions for ...
2025-05-30 15:28:05.350 [info] Got 6 sessions for ...
2025-05-30 15:28:05.350 [info] Got 0 sessions for project,read:org,read:user,repo,user:email,workflow...
2025-05-30 15:28:28.107 [info] Getting sessions for read:user,repo,user:email,workflow...
2025-05-30 15:28:28.107 [info] Getting sessions for read:user,repo,user:email,workflow...
2025-05-30 15:28:28.107 [info] Got 1 sessions for read:user,repo,user:email,workflow...
2025-05-30 15:28:28.107 [info] Got 1 sessions for read:user,repo,user:email,workflow...
