2025-05-30 04:39:02.497 [info] Reading sessions from keychain...
2025-05-30 04:39:02.497 [info] Getting sessions for all scopes...
2025-05-30 04:39:02.497 [info] Getting sessions for all scopes...
2025-05-30 04:39:02.497 [info] Getting sessions for all scopes...
2025-05-30 04:39:02.497 [info] Getting sessions for user:email...
2025-05-30 04:39:02.497 [info] Getting sessions for all scopes...
2025-05-30 04:39:02.497 [info] Getting sessions for all scopes...
2025-05-30 04:39:02.497 [info] Getting sessions for all scopes...
2025-05-30 04:39:02.497 [info] Getting sessions for all scopes...
2025-05-30 04:39:02.497 [info] Getting sessions for all scopes...
2025-05-30 04:39:02.497 [info] Got stored sessions!
2025-05-30 04:39:02.497 [info] Got 6 verified sessions.
2025-05-30 04:39:02.497 [info] Got 6 sessions for ...
2025-05-30 04:39:02.497 [info] Got 6 sessions for ...
2025-05-30 04:39:02.497 [info] Got 6 sessions for ...
2025-05-30 04:39:02.497 [info] Got 1 sessions for user:email...
2025-05-30 04:39:02.497 [info] Got 6 sessions for ...
2025-05-30 04:39:02.497 [info] Got 6 sessions for ...
2025-05-30 04:39:02.497 [info] Got 6 sessions for ...
2025-05-30 04:39:02.497 [info] Got 6 sessions for ...
2025-05-30 04:39:02.497 [info] Got 6 sessions for ...
2025-05-30 04:39:02.805 [info] Getting sessions for codespace,read:user,repo,user:email...
2025-05-30 04:39:02.808 [info] Getting sessions for all scopes...
2025-05-30 04:39:02.808 [info] Getting sessions for all scopes...
2025-05-30 04:39:02.808 [info] Getting sessions for all scopes...
2025-05-30 04:39:02.808 [info] Getting sessions for all scopes...
2025-05-30 04:39:02.808 [info] Getting sessions for all scopes...
2025-05-30 04:39:02.808 [info] Getting sessions for all scopes...
2025-05-30 04:39:02.808 [info] Getting sessions for all scopes...
2025-05-30 04:39:02.808 [info] Got 1 sessions for codespace,read:user,repo,user:email...
2025-05-30 04:39:02.809 [info] Got 6 sessions for ...
2025-05-30 04:39:02.809 [info] Got 6 sessions for ...
2025-05-30 04:39:02.809 [info] Got 6 sessions for ...
2025-05-30 04:39:02.809 [info] Got 6 sessions for ...
2025-05-30 04:39:02.809 [info] Got 6 sessions for ...
2025-05-30 04:39:02.809 [info] Got 6 sessions for ...
2025-05-30 04:39:02.809 [info] Got 6 sessions for ...
2025-05-30 04:39:03.402 [info] Getting sessions for all scopes...
2025-05-30 04:39:03.403 [info] Got 6 sessions for ...
2025-05-30 04:39:03.788 [info] Getting sessions for all scopes...
2025-05-30 04:39:03.791 [info] Got 6 sessions for ...
2025-05-30 04:39:05.226 [info] Getting sessions for all scopes...
2025-05-30 04:39:05.226 [info] Got 6 sessions for ...
2025-05-30 04:39:06.529 [info] Getting sessions for all scopes...
2025-05-30 04:39:06.530 [info] Got 6 sessions for ...
2025-05-30 04:39:07.481 [info] Getting sessions for read:user,repo,user:email,workflow...
2025-05-30 04:39:07.539 [info] Getting sessions for all scopes...
2025-05-30 04:39:07.539 [info] Got 1 sessions for read:user,repo,user:email,workflow...
2025-05-30 04:39:07.539 [info] Got 6 sessions for ...
2025-05-30 04:39:08.313 [info] Getting sessions for all scopes...
2025-05-30 04:39:08.313 [info] Got 6 sessions for ...
2025-05-30 04:39:08.815 [info] Getting sessions for read:user,repo,user:email,workflow...
2025-05-30 04:39:08.815 [info] Getting sessions for all scopes...
2025-05-30 04:39:08.815 [info] Got 1 sessions for read:user,repo,user:email,workflow...
2025-05-30 04:39:08.816 [info] Got 6 sessions for ...
2025-05-30 04:39:09.606 [info] Getting sessions for all scopes...
2025-05-30 04:39:09.606 [info] Getting sessions for all scopes...
2025-05-30 04:39:09.606 [info] Getting sessions for project,read:org,read:user,repo,user:email,workflow...
2025-05-30 04:39:09.606 [info] Got 6 sessions for ...
2025-05-30 04:39:09.607 [info] Got 6 sessions for ...
2025-05-30 04:39:09.607 [info] Got 0 sessions for project,read:org,read:user,repo,user:email,workflow...
2025-05-30 04:39:10.064 [info] Getting sessions for read:user,repo,user:email,workflow...
2025-05-30 04:39:10.064 [info] Got 1 sessions for read:user,repo,user:email,workflow...
2025-05-30 04:39:10.741 [info] Getting sessions for read:user,repo,user:email,workflow...
2025-05-30 04:39:10.741 [info] Getting sessions for read:user,repo,user:email,workflow...
2025-05-30 04:39:10.741 [info] Got 1 sessions for read:user,repo,user:email,workflow...
2025-05-30 04:39:10.742 [info] Got 1 sessions for read:user,repo,user:email,workflow...
2025-05-30 04:39:12.820 [info] Getting sessions for all scopes...
2025-05-30 04:39:12.821 [info] Getting sessions for all scopes...
2025-05-30 04:39:12.821 [info] Getting sessions for all scopes...
2025-05-30 04:39:12.821 [info] Got 6 sessions for ...
2025-05-30 04:39:12.821 [info] Got 6 sessions for ...
2025-05-30 04:39:12.821 [info] Got 6 sessions for ...
2025-05-30 04:39:13.075 [info] Getting sessions for read:user,repo,user:email,workflow...
2025-05-30 04:39:13.075 [info] Got 1 sessions for read:user,repo,user:email,workflow...
2025-05-30 04:39:15.426 [info] Getting sessions for read:user,repo,user:email,workflow...
2025-05-30 04:39:15.426 [info] Got 1 sessions for read:user,repo,user:email,workflow...
2025-05-30 04:39:19.801 [info] Getting sessions for read:user,repo,user:email,workflow...
2025-05-30 04:39:19.803 [info] Got 1 sessions for read:user,repo,user:email,workflow...
2025-05-30 04:39:21.030 [info] Getting sessions for read:user,repo,user:email,workflow...
2025-05-30 04:39:21.030 [info] Got 1 sessions for read:user,repo,user:email,workflow...
2025-05-30 04:39:21.325 [info] Getting sessions for all scopes...
2025-05-30 04:39:21.325 [info] Getting sessions for all scopes...
2025-05-30 04:39:21.325 [info] Got 6 sessions for ...
2025-05-30 04:39:21.325 [info] Got 6 sessions for ...
2025-05-30 04:39:21.730 [info] Getting sessions for read:user,repo,user:email,workflow...
2025-05-30 04:39:21.730 [info] Got 1 sessions for read:user,repo,user:email,workflow...
2025-05-30 04:39:22.147 [info] Getting sessions for all scopes...
2025-05-30 04:39:22.147 [info] Got 6 sessions for ...
2025-05-30 04:39:22.495 [info] Getting sessions for read:user,repo,user:email,workflow...
2025-05-30 04:39:22.495 [info] Got 1 sessions for read:user,repo,user:email,workflow...
2025-05-30 04:39:23.134 [info] Getting sessions for all scopes...
2025-05-30 04:39:23.135 [info] Got 6 sessions for ...
2025-05-30 04:39:24.584 [info] Getting sessions for read:user,repo,user:email,workflow...
2025-05-30 04:39:24.585 [info] Got 1 sessions for read:user,repo,user:email,workflow...
2025-05-30 04:39:24.960 [info] Getting sessions for all scopes...
2025-05-30 04:39:24.960 [info] Got 6 sessions for ...
2025-05-30 04:39:25.128 [info] Getting sessions for all scopes...
2025-05-30 04:39:25.128 [info] Got 6 sessions for ...
2025-05-30 04:44:10.436 [info] Getting sessions for all scopes...
2025-05-30 04:44:10.436 [info] Got 6 sessions for ...
2025-05-30 04:44:10.857 [info] Getting sessions for read:user,repo,user:email,workflow...
2025-05-30 04:44:10.857 [info] Got 1 sessions for read:user,repo,user:email,workflow...
