2025-05-29 13:56:16.524 [info] [main] ログ レベル: Info
2025-05-29 13:56:16.524 [info] [main] Git の検証が検出されました: "git"
2025-05-29 13:56:16.524 [info] [main] "git" から Git "2.49.0" を使用しています
2025-05-29 13:56:16.524 [info] [Model][doInitialScan] Initial repository scan started
2025-05-29 13:56:16.524 [info] > git rev-parse --show-toplevel [648ms]
2025-05-29 13:56:16.524 [info] > git rev-parse --git-dir --git-common-dir [414ms]
2025-05-29 13:56:16.524 [info] [Model][openRepository] Opened repository (path): /home/vscode
2025-05-29 13:56:16.524 [info] [Model][openRepository] Opened repository (real path): /home/vscode
2025-05-29 13:56:16.524 [info] > git config --get commit.template [14ms]
2025-05-29 13:56:16.552 [info] > git for-each-ref --format=%(refname)%00%(upstream:short)%00%(objectname)%00%(upstream:track)%00%(upstream:remotename)%00%(upstream:remoteref) refs/heads/main refs/remotes/main [19ms]
2025-05-29 13:56:16.627 [info] > git rev-parse --show-toplevel [10ms]
2025-05-29 13:56:16.627 [info] > git for-each-ref --sort -committerdate --format %(refname)%00%(objectname)%00%(*objectname) [52ms]
2025-05-29 13:56:17.609 [info] > git status -z -uall [1046ms]
2025-05-29 13:56:17.609 [info] > git rev-parse --show-toplevel [200ms]
2025-05-29 13:56:17.706 [info] > git for-each-ref --format=%(refname)%00%(upstream:short)%00%(objectname)%00%(upstream:track)%00%(upstream:remotename)%00%(upstream:remoteref) refs/heads/main refs/remotes/main [54ms]
2025-05-29 13:56:17.884 [info] > git config --get --local branch.main.vscode-merge-base [165ms]
2025-05-29 13:56:17.885 [warning] [Git][config] git config failed: Failed to execute git
2025-05-29 13:56:17.909 [info] > git config --get commit.template [207ms]
2025-05-29 13:56:17.910 [info] > git rev-parse --show-toplevel [227ms]
2025-05-29 13:56:18.004 [info] > git for-each-ref --format=%(refname)%00%(upstream:short)%00%(objectname)%00%(upstream:track)%00%(upstream:remotename)%00%(upstream:remoteref) refs/heads/main refs/remotes/main [24ms]
2025-05-29 13:56:18.073 [info] > git reflog main --grep-reflog=branch: Created from *. [167ms]
2025-05-29 13:56:18.102 [info] > git rev-parse --show-toplevel [149ms]
2025-05-29 13:56:19.077 [info] > git status -z -uall [1049ms]
2025-05-29 13:56:19.077 [info] > git for-each-ref --sort -committerdate --format %(refname)%00%(objectname)%00%(*objectname) [1006ms]
2025-05-29 13:56:19.735 [info] > git symbolic-ref --short refs/remotes/origin/HEAD [1633ms]
2025-05-29 13:56:19.735 [info] fatal: ref refs/remotes/origin/HEAD is not a symbolic ref
2025-05-29 13:56:19.735 [warning] [Repository][getDefaultBranch] Failed to get default branch details: Failed to execute git.
2025-05-29 13:56:19.742 [info] > git for-each-ref --format=%(refname)%00%(upstream:short)%00%(objectname)%00%(upstream:track)%00%(upstream:remotename)%00%(upstream:remoteref) refs/heads/main refs/remotes/main [8ms]
2025-05-29 13:56:19.752 [info] > git rev-parse --git-dir --git-common-dir [661ms]
2025-05-29 13:56:19.761 [info] [Model][openRepository] Opened repository (path): /home/vscode/.nodenv
2025-05-29 13:56:19.761 [info] [Model][openRepository] Opened repository (real path): /home/vscode/.nodenv
2025-05-29 13:56:19.785 [info] > git config --get --local branch.main.vscode-merge-base [33ms]
2025-05-29 13:56:19.785 [warning] [Git][config] git config failed: Failed to execute git
2025-05-29 13:56:19.799 [info] > git rev-parse --show-toplevel [15ms]
2025-05-29 13:56:19.800 [info] > git config --get commit.template [26ms]
2025-05-29 13:56:19.801 [info] > git reflog main --grep-reflog=branch: Created from *. [9ms]
2025-05-29 13:56:19.897 [info] > git symbolic-ref --short refs/remotes/origin/HEAD [87ms]
2025-05-29 13:56:19.897 [info] fatal: ref refs/remotes/origin/HEAD is not a symbolic ref
2025-05-29 13:56:19.897 [warning] [Repository][getDefaultBranch] Failed to get default branch details: Failed to execute git.
2025-05-29 13:56:19.899 [info] > git for-each-ref --format=%(refname)%00%(upstream:short)%00%(objectname)%00%(upstream:track)%00%(upstream:remotename)%00%(upstream:remoteref) refs/heads/main refs/remotes/main [15ms]
2025-05-29 13:56:19.901 [info] > git rev-parse --show-toplevel [28ms]
2025-05-29 13:56:19.920 [warning] [Git][revParse] Unable to read file: ENOENT: no such file or directory, open '/home/vscode/.nodenv/.git/refs/remotes/origin/main'
2025-05-29 13:56:19.940 [info] > git rev-parse --git-dir --git-common-dir [9ms]
2025-05-29 13:56:19.948 [info] [Model][openRepository] Opened repository (path): /home/vscode/.oh-my-zsh
2025-05-29 13:56:19.948 [info] [Model][openRepository] Opened repository (real path): /home/vscode/.oh-my-zsh
2025-05-29 13:56:19.949 [info] > git rev-parse refs/remotes/origin/main [29ms]
2025-05-29 13:56:20.268 [info] > git status -z -uall [304ms]
2025-05-29 13:56:20.269 [info] > git check-ignore -v -z --stdin [269ms]
2025-05-29 13:56:20.270 [info] > git for-each-ref --sort -committerdate --format %(refname)%00%(objectname)%00%(*objectname) [288ms]
2025-05-29 13:56:20.323 [info] > git rev-parse --show-toplevel [290ms]
2025-05-29 13:56:20.324 [info] > git config --get commit.template [302ms]
2025-05-29 13:56:20.336 [info] > git config --get commit.template [25ms]
2025-05-29 13:56:20.336 [info] > git for-each-ref --format=%(refname)%00%(upstream:short)%00%(objectname)%00%(upstream:track)%00%(upstream:remotename)%00%(upstream:remoteref) refs/heads/main refs/remotes/main [54ms]
2025-05-29 13:56:20.413 [info] > git for-each-ref --format=%(refname)%00%(upstream:short)%00%(objectname)%00%(upstream:track)%00%(upstream:remotename)%00%(upstream:remoteref) refs/heads/master refs/remotes/master [40ms]
2025-05-29 13:56:20.413 [info] > git rev-parse --show-toplevel [49ms]
2025-05-29 13:56:20.413 [info] > git config --get --local branch.main.vscode-merge-base [64ms]
2025-05-29 13:56:20.981 [warning] [Git][revParse] Unable to read file: ENOENT: no such file or directory, open '/home/vscode/.oh-my-zsh/.git/refs/remotes/origin/master'
2025-05-29 13:56:21.057 [info] > git for-each-ref --format=%(refname)%00%(upstream:short)%00%(objectname)%00%(upstream:track)%00%(upstream:remotename)%00%(upstream:remoteref) refs/heads/main refs/remotes/main [658ms]
2025-05-29 13:56:21.073 [warning] [Git][revParse] Unable to read file: ENOENT: no such file or directory, open '/home/vscode/.nodenv/.git/refs/remotes/origin/main'
2025-05-29 13:56:21.237 [info] > git rev-parse --show-toplevel [244ms]
2025-05-29 13:56:21.238 [info] > git rev-parse refs/remotes/origin/master [257ms]
2025-05-29 13:56:21.272 [info] > git for-each-ref --format=%(refname)%00%(upstream:short)%00%(objectname)%00%(upstream:track)%00%(upstream:remotename)%00%(upstream:remoteref) refs/heads/origin/main refs/remotes/origin/main [849ms]
2025-05-29 13:56:21.341 [info] > git merge-base refs/heads/main refs/remotes/origin/main [49ms]
2025-05-29 13:56:21.395 [info] > git for-each-ref --sort -committerdate --format %(refname)%00%(objectname)%00%(*objectname) [124ms]
2025-05-29 13:56:21.397 [info] > git config --get commit.template [315ms]
2025-05-29 13:56:21.397 [info] > git rev-parse refs/remotes/origin/main [324ms]
2025-05-29 13:56:21.447 [info] > git status -z -uall [200ms]
2025-05-29 13:56:21.447 [info] > git status -z -uall [33ms]
2025-05-29 13:56:21.448 [info] > git diff --name-status -z --diff-filter=ADMR c2bda62623165f2b9bab646844f22fc20a48f944...refs/remotes/origin/main [53ms]
2025-05-29 13:56:21.448 [info] > git rev-parse --git-dir --git-common-dir [138ms]
2025-05-29 13:56:21.453 [info] [Model][openRepository] Opened repository (path): /home/vscode/environment
2025-05-29 13:56:21.453 [info] [Model][openRepository] Opened repository (real path): /home/vscode/environment
2025-05-29 13:56:21.456 [info] [Model][doInitialScan] Initial repository scan completed - repositories (4), closed repositories (0), parent repositories (0), unsafe repositories (0)
2025-05-29 13:56:21.585 [info] > git show --textconv :index.html [118ms]
2025-05-29 13:56:21.586 [info] > git for-each-ref --format=%(refname)%00%(upstream:short)%00%(objectname)%00%(upstream:track)%00%(upstream:remotename)%00%(upstream:remoteref) refs/heads/master refs/remotes/master [87ms]
2025-05-29 13:56:21.598 [info] > git ls-files --stage -- index.html [115ms]
2025-05-29 13:56:21.608 [info] > git for-each-ref --sort -committerdate --format %(refname)%00%(objectname)%00%(*objectname) [175ms]
2025-05-29 13:56:21.655 [info] > git check-ignore -v -z --stdin [35ms]
2025-05-29 13:56:21.656 [info] > git check-ignore -v -z --stdin [24ms]
2025-05-29 13:56:21.656 [info] > git check-ignore -v -z --stdin [17ms]
2025-05-29 13:56:21.657 [info] > git cat-file -s 212bf6c52e1483fa48026126d9065d26033b5066 [49ms]
2025-05-29 13:56:21.657 [info] > git config --get --local branch.master.vscode-merge-base [59ms]
2025-05-29 13:56:21.669 [info] > git config --get commit.template [143ms]
2025-05-29 13:56:21.669 [info] > git for-each-ref --format=%(refname)%00%(upstream:short)%00%(objectname)%00%(upstream:track)%00%(upstream:remotename)%00%(upstream:remoteref) refs/heads/main refs/remotes/main [154ms]
2025-05-29 13:56:21.714 [info] > git for-each-ref --sort -committerdate --format %(refname)%00%(objectname)%00%(*objectname) [4ms]
2025-05-29 13:56:21.715 [info] > git for-each-ref --format=%(refname)%00%(upstream:short)%00%(objectname)%00%(upstream:track)%00%(upstream:remotename)%00%(upstream:remoteref) refs/heads/origin/master refs/remotes/origin/master [46ms]
2025-05-29 13:56:21.727 [info] > git config --get commit.template [82ms]
2025-05-29 13:56:21.775 [info] > git for-each-ref --format=%(refname)%00%(upstream:short)%00%(objectname)%00%(upstream:track)%00%(upstream:remotename)%00%(upstream:remoteref) refs/heads/main refs/remotes/main [24ms]
2025-05-29 13:56:21.776 [info] > git merge-base refs/heads/master refs/remotes/origin/master [49ms]
2025-05-29 13:56:21.815 [warning] [Git][revParse] Unable to read file: ENOENT: no such file or directory, open '/home/vscode/environment/.git/refs/remotes/origin/main'
2025-05-29 13:56:21.815 [info] > git for-each-ref --format=%(refname)%00%(upstream:short)%00%(objectname)%00%(upstream:track)%00%(upstream:remotename)%00%(upstream:remoteref) refs/heads/master refs/remotes/master [44ms]
2025-05-29 13:56:21.818 [info] > git diff --name-status -z --diff-filter=ADMR 750d3ac4b493dca13ef0ced55fa6a2cd02dc7ee8...refs/remotes/origin/master [23ms]
2025-05-29 13:56:21.841 [warning] [Git][revParse] Unable to read file: ENOENT: no such file or directory, open '/home/vscode/.oh-my-zsh/.git/refs/remotes/origin/master'
2025-05-29 13:56:21.842 [info] > git rev-parse refs/remotes/origin/main [27ms]
2025-05-29 13:56:21.881 [info] > git status -z -uall [26ms]
2025-05-29 13:56:21.883 [info] > git rev-parse refs/remotes/origin/master [42ms]
2025-05-29 13:56:21.933 [info] > git for-each-ref --sort -committerdate --format %(refname)%00%(objectname)%00%(*objectname) [9ms]
2025-05-29 13:56:21.934 [info] > git for-each-ref --sort -committerdate --format %(refname)%00%(objectname)%00%(*objectname) [59ms]
2025-05-29 13:56:22.050 [info] > git status -z -uall [375ms]
2025-05-29 13:56:22.050 [info] > git status -z -uall [151ms]
2025-05-29 13:56:22.050 [info] > git for-each-ref --format=%(refname)%00%(upstream:short)%00%(objectname)%00%(upstream:track)%00%(upstream:remotename)%00%(upstream:remoteref) refs/heads/main refs/remotes/main [79ms]
2025-05-29 13:56:22.308 [info] > git config --get --local branch.main.vscode-merge-base [247ms]
2025-05-29 13:56:22.320 [info] > git config --get commit.template [294ms]
2025-05-29 13:56:22.320 [info] > git config --get commit.template [308ms]
2025-05-29 13:56:22.446 [info] > git for-each-ref --format=%(refname)%00%(upstream:short)%00%(objectname)%00%(upstream:track)%00%(upstream:remotename)%00%(upstream:remoteref) refs/heads/origin/main refs/remotes/origin/main [126ms]
2025-05-29 13:56:22.457 [info] > git config --get commit.template [344ms]
2025-05-29 13:56:22.707 [info] > git config --get commit.template [268ms]
2025-05-29 13:56:22.744 [info] > git for-each-ref --format=%(refname)%00%(upstream:short)%00%(objectname)%00%(upstream:track)%00%(upstream:remotename)%00%(upstream:remoteref) refs/heads/main refs/remotes/main [259ms]
2025-05-29 13:56:22.744 [info] > git for-each-ref --format=%(refname)%00%(upstream:short)%00%(objectname)%00%(upstream:track)%00%(upstream:remotename)%00%(upstream:remoteref) refs/heads/main refs/remotes/main [273ms]
2025-05-29 13:56:22.744 [info] > git merge-base refs/heads/main refs/remotes/origin/main [287ms]
2025-05-29 13:56:22.778 [warning] [Git][revParse] Unable to read file: ENOENT: no such file or directory, open '/home/vscode/.nodenv/.git/refs/remotes/origin/main'
2025-05-29 13:56:22.786 [warning] [Git][revParse] Unable to read file: ENOENT: no such file or directory, open '/home/vscode/environment/.git/refs/remotes/origin/main'
2025-05-29 13:56:22.787 [info] > git for-each-ref --format=%(refname)%00%(upstream:short)%00%(objectname)%00%(upstream:track)%00%(upstream:remotename)%00%(upstream:remoteref) refs/heads/main refs/remotes/main [65ms]
2025-05-29 13:56:22.836 [info] > git rev-parse refs/remotes/origin/main [50ms]
2025-05-29 13:56:22.862 [info] > git rev-parse refs/remotes/origin/main [84ms]
2025-05-29 13:56:22.902 [info] > git for-each-ref --format=%(refname)%00%(upstream:short)%00%(objectname)%00%(upstream:track)%00%(upstream:remotename)%00%(upstream:remoteref) refs/heads/master refs/remotes/master [134ms]
2025-05-29 13:56:22.902 [info] > git diff --name-status -z --diff-filter=ADMR 527588dbcd166987a649f31988a023c1ec8c7011...refs/remotes/origin/main [146ms]
2025-05-29 13:56:22.941 [warning] [Git][revParse] Unable to read file: ENOENT: no such file or directory, open '/home/vscode/.oh-my-zsh/.git/refs/remotes/origin/master'
2025-05-29 13:56:22.943 [info] > git status -z -uall [93ms]
2025-05-29 13:56:22.943 [info] > git status -z -uall [67ms]
2025-05-29 13:56:22.943 [info] > git for-each-ref --sort -committerdate --format %(refname)%00%(objectname)%00%(*objectname) [41ms]
2025-05-29 13:56:22.948 [info] > git for-each-ref --sort -committerdate --format %(refname)%00%(objectname)%00%(*objectname) [86ms]
2025-05-29 13:56:22.954 [info] > git for-each-ref --sort -committerdate --format %(refname)%00%(objectname)%00%(*objectname) [123ms]
2025-05-29 13:56:22.997 [info] > git rev-parse refs/remotes/origin/master [57ms]
2025-05-29 13:56:23.078 [info] > git for-each-ref --sort -committerdate --format %(refname)%00%(objectname)%00%(*objectname) [16ms]
2025-05-29 13:56:23.079 [info] > git config --get commit.template [113ms]
2025-05-29 13:56:23.132 [info] > git status -z -uall [337ms]
2025-05-29 13:56:23.149 [info] > git for-each-ref --format=%(refname)%00%(upstream:short)%00%(objectname)%00%(upstream:track)%00%(upstream:remotename)%00%(upstream:remoteref) refs/heads/main refs/remotes/main [25ms]
2025-05-29 13:56:23.165 [warning] [Git][revParse] Unable to read file: ENOENT: no such file or directory, open '/home/vscode/environment/.git/refs/remotes/origin/main'
2025-05-29 13:56:23.167 [info] > git rev-parse refs/remotes/origin/main [2ms]
2025-05-29 13:56:23.225 [info] > git status -z -uall [204ms]
2025-05-29 13:56:23.225 [info] > git status -z -uall [34ms]
2025-05-29 13:56:23.245 [info] > git for-each-ref --sort -committerdate --format %(refname)%00%(objectname)%00%(*objectname) [34ms]
2025-05-29 13:56:23.706 [info] > git check-ignore -v -z --stdin [79ms]
2025-05-29 13:56:23.706 [info] > git check-ignore -v -z --stdin [65ms]
2025-05-29 13:56:23.707 [info] > git check-ignore -v -z --stdin [55ms]
2025-05-29 13:56:23.707 [info] > git check-ignore -v -z --stdin [45ms]
2025-05-29 13:56:27.390 [info] > git config --get commit.template [6ms]
2025-05-29 13:56:27.406 [info] > git for-each-ref --format=%(refname)%00%(upstream:short)%00%(objectname)%00%(upstream:track)%00%(upstream:remotename)%00%(upstream:remoteref) refs/heads/main refs/remotes/main [3ms]
2025-05-29 13:56:27.460 [info] > git for-each-ref --sort -committerdate --format %(refname)%00%(objectname)%00%(*objectname) [10ms]
2025-05-29 13:56:27.664 [info] > git status -z -uall [247ms]
2025-05-29 13:56:36.519 [info] > git config --get commit.template [356ms]
2025-05-29 13:56:36.772 [info] > git config --get --local branch.master.github-pr-owner-number [95ms]
2025-05-29 13:56:36.772 [warning] [Git][config] git config failed: Failed to execute git
2025-05-29 13:56:36.780 [info] > git for-each-ref --format=%(refname)%00%(upstream:short)%00%(objectname)%00%(upstream:track)%00%(upstream:remotename)%00%(upstream:remoteref) refs/heads/main refs/remotes/main [133ms]
2025-05-29 13:56:36.844 [info] > git config --get --local branch.main.github-pr-owner-number [212ms]
2025-05-29 13:56:36.844 [warning] [Git][config] git config failed: Failed to execute git
2025-05-29 13:56:36.853 [info] > git config --get --local branch.main.github-pr-owner-number [303ms]
2025-05-29 13:56:36.853 [warning] [Git][config] git config failed: Failed to execute git
2025-05-29 13:56:37.609 [info] > git status -z -uall [817ms]
2025-05-29 13:56:37.610 [info] > git for-each-ref --sort -committerdate --format %(refname)%00%(objectname)%00%(*objectname) [768ms]
2025-05-29 13:56:37.610 [info] > git config --get --local branch.main.github-pr-owner-number [911ms]
2025-05-29 13:56:37.610 [warning] [Git][config] git config failed: Failed to execute git
2025-05-29 13:56:37.893 [info] > git config --get --local branch.main.remote [1024ms]
2025-05-29 13:56:37.893 [warning] [Git][config] git config failed: Failed to execute git
2025-05-29 13:56:38.293 [info] > git config --get --local branch.main.merge [382ms]
2025-05-29 13:56:38.293 [warning] [Git][config] git config failed: Failed to execute git
2025-05-29 13:56:39.681 [info] > git blame --root --incremental 24dce244cb82b75e1db6aa64c91fb45c82e251f7 -- index.html [159ms]
2025-05-29 13:56:44.443 [info] > git config --get commit.template [16ms]
2025-05-29 13:56:44.445 [info] > git for-each-ref --format=%(refname)%00%(upstream:short)%00%(objectname)%00%(upstream:track)%00%(upstream:remotename)%00%(upstream:remoteref) refs/heads/main refs/remotes/main [3ms]
2025-05-29 13:56:44.465 [warning] [Git][revParse] Unable to read file: ENOENT: no such file or directory, open '/home/vscode/.nodenv/.git/refs/remotes/origin/main'
2025-05-29 13:56:44.468 [info] > git rev-parse refs/remotes/origin/main [3ms]
2025-05-29 13:56:44.555 [info] > git status -z -uall [69ms]
2025-05-29 13:56:44.557 [info] > git for-each-ref --sort -committerdate --format %(refname)%00%(objectname)%00%(*objectname) [47ms]
2025-05-29 13:56:48.521 [info] > git config --get commit.template [2ms]
2025-05-29 13:56:48.543 [info] > git for-each-ref --format=%(refname)%00%(upstream:short)%00%(objectname)%00%(upstream:track)%00%(upstream:remotename)%00%(upstream:remoteref) refs/heads/main refs/remotes/main [3ms]
2025-05-29 13:56:48.610 [info] > git for-each-ref --sort -committerdate --format %(refname)%00%(objectname)%00%(*objectname) [6ms]
2025-05-29 13:56:48.755 [info] > git status -z -uall [195ms]
2025-05-29 13:56:56.466 [info] > git config --get commit.template [4ms]
2025-05-29 13:56:56.488 [info] > git for-each-ref --format=%(refname)%00%(upstream:short)%00%(objectname)%00%(upstream:track)%00%(upstream:remotename)%00%(upstream:remoteref) refs/heads/main refs/remotes/main [7ms]
2025-05-29 13:56:56.585 [info] > git for-each-ref --sort -committerdate --format %(refname)%00%(objectname)%00%(*objectname) [49ms]
2025-05-29 13:56:57.274 [info] > git status -z -uall [778ms]
2025-05-29 13:57:02.316 [info] > git config --get commit.template [14ms]
2025-05-29 13:57:02.319 [info] > git for-each-ref --format=%(refname)%00%(upstream:short)%00%(objectname)%00%(upstream:track)%00%(upstream:remotename)%00%(upstream:remoteref) refs/heads/main refs/remotes/main [4ms]
2025-05-29 13:57:02.387 [info] > git for-each-ref --sort -committerdate --format %(refname)%00%(objectname)%00%(*objectname) [11ms]
2025-05-29 13:57:02.532 [info] > git status -z -uall [192ms]
2025-05-29 13:57:07.563 [info] > git config --get commit.template [10ms]
2025-05-29 13:57:07.564 [info] > git for-each-ref --format=%(refname)%00%(upstream:short)%00%(objectname)%00%(upstream:track)%00%(upstream:remotename)%00%(upstream:remoteref) refs/heads/main refs/remotes/main [1ms]
2025-05-29 13:57:07.627 [info] > git for-each-ref --sort -committerdate --format %(refname)%00%(objectname)%00%(*objectname) [1ms]
2025-05-29 13:57:07.782 [info] > git status -z -uall [207ms]
2025-05-29 13:57:12.827 [info] > git config --get commit.template [18ms]
2025-05-29 13:57:12.828 [info] > git for-each-ref --format=%(refname)%00%(upstream:short)%00%(objectname)%00%(upstream:track)%00%(upstream:remotename)%00%(upstream:remoteref) refs/heads/main refs/remotes/main [3ms]
2025-05-29 13:57:12.889 [info] > git for-each-ref --sort -committerdate --format %(refname)%00%(objectname)%00%(*objectname) [4ms]
2025-05-29 13:57:13.026 [info] > git status -z -uall [187ms]
2025-05-29 13:57:18.059 [info] > git config --get commit.template [10ms]
2025-05-29 13:57:18.060 [info] > git for-each-ref --format=%(refname)%00%(upstream:short)%00%(objectname)%00%(upstream:track)%00%(upstream:remotename)%00%(upstream:remoteref) refs/heads/main refs/remotes/main [2ms]
2025-05-29 13:57:18.094 [info] > git for-each-ref --sort -committerdate --format %(refname)%00%(objectname)%00%(*objectname) [2ms]
2025-05-29 13:57:18.196 [info] > git status -z -uall [130ms]
2025-05-29 13:57:23.235 [info] > git config --get commit.template [13ms]
2025-05-29 13:57:23.236 [info] > git for-each-ref --format=%(refname)%00%(upstream:short)%00%(objectname)%00%(upstream:track)%00%(upstream:remotename)%00%(upstream:remoteref) refs/heads/main refs/remotes/main [1ms]
2025-05-29 13:57:23.294 [info] > git for-each-ref --sort -committerdate --format %(refname)%00%(objectname)%00%(*objectname) [8ms]
2025-05-29 13:57:23.463 [info] > git status -z -uall [215ms]
2025-05-29 13:57:28.511 [info] > git config --get commit.template [15ms]
2025-05-29 13:57:28.512 [info] > git for-each-ref --format=%(refname)%00%(upstream:short)%00%(objectname)%00%(upstream:track)%00%(upstream:remotename)%00%(upstream:remoteref) refs/heads/main refs/remotes/main [1ms]
2025-05-29 13:57:28.579 [info] > git for-each-ref --sort -committerdate --format %(refname)%00%(objectname)%00%(*objectname) [4ms]
2025-05-29 13:57:28.697 [info] > git status -z -uall [173ms]
2025-05-29 13:57:33.735 [info] > git config --get commit.template [1ms]
2025-05-29 13:57:33.755 [info] > git for-each-ref --format=%(refname)%00%(upstream:short)%00%(objectname)%00%(upstream:track)%00%(upstream:remotename)%00%(upstream:remoteref) refs/heads/main refs/remotes/main [1ms]
2025-05-29 13:57:33.831 [info] > git for-each-ref --sort -committerdate --format %(refname)%00%(objectname)%00%(*objectname) [4ms]
2025-05-29 13:57:33.975 [info] > git status -z -uall [207ms]
2025-05-29 13:57:39.019 [info] > git for-each-ref --format=%(refname)%00%(upstream:short)%00%(objectname)%00%(upstream:track)%00%(upstream:remotename)%00%(upstream:remoteref) refs/heads/main refs/remotes/main [1ms]
2025-05-29 13:57:39.019 [info] > git config --get commit.template [13ms]
2025-05-29 13:57:39.095 [info] > git for-each-ref --sort -committerdate --format %(refname)%00%(objectname)%00%(*objectname) [6ms]
2025-05-29 13:57:39.192 [info] > git status -z -uall [159ms]
2025-05-29 13:57:44.221 [info] > git config --get commit.template [9ms]
2025-05-29 13:57:44.223 [info] > git for-each-ref --format=%(refname)%00%(upstream:short)%00%(objectname)%00%(upstream:track)%00%(upstream:remotename)%00%(upstream:remoteref) refs/heads/main refs/remotes/main [2ms]
2025-05-29 13:57:44.262 [info] > git for-each-ref --sort -committerdate --format %(refname)%00%(objectname)%00%(*objectname) [6ms]
2025-05-29 13:57:44.346 [info] > git status -z -uall [117ms]
2025-05-29 13:57:49.369 [info] > git config --get commit.template [7ms]
2025-05-29 13:57:49.370 [info] > git for-each-ref --format=%(refname)%00%(upstream:short)%00%(objectname)%00%(upstream:track)%00%(upstream:remotename)%00%(upstream:remoteref) refs/heads/main refs/remotes/main [2ms]
2025-05-29 13:57:49.410 [info] > git for-each-ref --sort -committerdate --format %(refname)%00%(objectname)%00%(*objectname) [6ms]
2025-05-29 13:57:49.487 [info] > git status -z -uall [111ms]
2025-05-29 13:57:54.515 [info] > git config --get commit.template [3ms]
2025-05-29 13:57:54.530 [info] > git for-each-ref --format=%(refname)%00%(upstream:short)%00%(objectname)%00%(upstream:track)%00%(upstream:remotename)%00%(upstream:remoteref) refs/heads/main refs/remotes/main [2ms]
2025-05-29 13:57:54.604 [info] > git for-each-ref --sort -committerdate --format %(refname)%00%(objectname)%00%(*objectname) [15ms]
2025-05-29 13:57:54.768 [info] > git status -z -uall [225ms]
2025-05-29 13:57:59.834 [info] > git config --get commit.template [7ms]
2025-05-29 13:57:59.857 [info] > git for-each-ref --format=%(refname)%00%(upstream:short)%00%(objectname)%00%(upstream:track)%00%(upstream:remotename)%00%(upstream:remoteref) refs/heads/main refs/remotes/main [5ms]
2025-05-29 13:57:59.922 [info] > git for-each-ref --sort -committerdate --format %(refname)%00%(objectname)%00%(*objectname) [4ms]
2025-05-29 13:58:00.070 [info] > git status -z -uall [199ms]
2025-05-29 13:58:05.116 [info] > git config --get commit.template [14ms]
2025-05-29 13:58:05.118 [info] > git for-each-ref --format=%(refname)%00%(upstream:short)%00%(objectname)%00%(upstream:track)%00%(upstream:remotename)%00%(upstream:remoteref) refs/heads/main refs/remotes/main [2ms]
2025-05-29 13:58:05.183 [info] > git for-each-ref --sort -committerdate --format %(refname)%00%(objectname)%00%(*objectname) [9ms]
2025-05-29 13:58:05.324 [info] > git status -z -uall [193ms]
2025-05-29 13:58:10.348 [info] > git config --get commit.template [2ms]
2025-05-29 13:58:10.366 [info] > git for-each-ref --format=%(refname)%00%(upstream:short)%00%(objectname)%00%(upstream:track)%00%(upstream:remotename)%00%(upstream:remoteref) refs/heads/main refs/remotes/main [1ms]
2025-05-29 13:58:10.464 [info] > git for-each-ref --sort -committerdate --format %(refname)%00%(objectname)%00%(*objectname) [11ms]
2025-05-29 13:58:10.596 [info] > git status -z -uall [211ms]
2025-05-29 13:58:15.676 [info] > git config --get commit.template [35ms]
2025-05-29 13:58:15.677 [info] > git for-each-ref --format=%(refname)%00%(upstream:short)%00%(objectname)%00%(upstream:track)%00%(upstream:remotename)%00%(upstream:remoteref) refs/heads/main refs/remotes/main [7ms]
2025-05-29 13:58:15.758 [info] > git for-each-ref --sort -committerdate --format %(refname)%00%(objectname)%00%(*objectname) [8ms]
2025-05-29 13:58:15.885 [info] > git status -z -uall [195ms]
2025-05-29 13:58:20.892 [info] > git ls-files --stage -- index.html [9ms]
2025-05-29 13:58:20.912 [info] > git cat-file -s 212bf6c52e1483fa48026126d9065d26033b5066 [3ms]
2025-05-29 13:58:20.938 [info] > git config --get commit.template [14ms]
2025-05-29 13:58:20.942 [info] > git for-each-ref --format=%(refname)%00%(upstream:short)%00%(objectname)%00%(upstream:track)%00%(upstream:remotename)%00%(upstream:remoteref) refs/heads/main refs/remotes/main [4ms]
2025-05-29 13:58:21.002 [info] > git for-each-ref --sort -committerdate --format %(refname)%00%(objectname)%00%(*objectname) [8ms]
2025-05-29 13:58:21.042 [info] > git show --textconv :index.html [3ms]
2025-05-29 13:58:21.130 [info] > git status -z -uall [177ms]
2025-05-29 13:58:26.164 [info] > git config --get commit.template [2ms]
2025-05-29 13:58:26.175 [info] > git for-each-ref --format=%(refname)%00%(upstream:short)%00%(objectname)%00%(upstream:track)%00%(upstream:remotename)%00%(upstream:remoteref) refs/heads/main refs/remotes/main [1ms]
2025-05-29 13:58:26.218 [info] > git for-each-ref --sort -committerdate --format %(refname)%00%(objectname)%00%(*objectname) [1ms]
2025-05-29 13:58:26.330 [info] > git status -z -uall [146ms]
2025-05-29 13:58:31.366 [info] > git config --get commit.template [9ms]
2025-05-29 13:58:31.368 [info] > git for-each-ref --format=%(refname)%00%(upstream:short)%00%(objectname)%00%(upstream:track)%00%(upstream:remotename)%00%(upstream:remoteref) refs/heads/main refs/remotes/main [2ms]
2025-05-29 13:58:31.441 [info] > git for-each-ref --sort -committerdate --format %(refname)%00%(objectname)%00%(*objectname) [5ms]
2025-05-29 13:58:31.560 [info] > git status -z -uall [176ms]
