2025-05-29 13:03:24.893 [warning] /home/vscode/.ssh/config: ENOENT: no such file or directory, open '/home/vscode/.ssh/config'
2025-05-29 13:03:24.893 [info] [Activation] Extension version: 0.110.0
2025-05-29 13:03:31.781 [info] [Authentication] Creating hub for .com
2025-05-29 13:03:34.614 [info] [Activation] Looking for git repository
2025-05-29 13:03:34.614 [info] [Activation] Found 0 repositories during activation
2025-05-29 13:03:34.614 [info] [Activation] Git repository found, initializing review manager and pr tree view.
2025-05-29 13:03:34.627 [info] [GitAPI] Registering git provider
2025-05-29 13:03:34.628 [info] [Review+0] Validate state in progress
2025-05-29 13:03:34.628 [info] [Review+0] Validating state...
2025-05-29 13:03:34.628 [info] [Review+1] Validate state in progress
2025-05-29 13:03:34.628 [info] [Review+1] Validating state...
2025-05-29 13:03:34.628 [info] [Review+2] Validate state in progress
2025-05-29 13:03:34.628 [info] [Review+2] Validating state...
2025-05-29 13:03:34.628 [info] [Review+3] Validate state in progress
2025-05-29 13:03:34.628 [info] [Review+3] Validating state...
2025-05-29 13:03:35.045 [info] [FolderRepositoryManager+0] Found GitHub remote for folder /home/vscode/environment
2025-05-29 13:03:35.046 [info] [FolderRepositoryManager+1] Found GitHub remote for folder /home/vscode/.oh-my-zsh
2025-05-29 13:03:35.046 [info] [FolderRepositoryManager+2] Found GitHub remote for folder /home/vscode/.nodenv
2025-05-29 13:03:35.046 [info] [FolderRepositoryManager+3] Found GitHub remote for folder /home/vscode
2025-05-29 13:03:35.958 [info] [Activation] Repo state for file:///home/vscode changed.
2025-05-29 13:03:35.958 [info] [Activation] Repo file:///home/vscode has already been setup.
2025-05-29 13:03:40.891 [info] [FolderRepositoryManager+3] Trying to use globalState for assignableUsers.
2025-05-29 13:03:40.967 [info] [FolderRepositoryManager+2] Trying to use globalState for assignableUsers.
2025-05-29 13:03:41.006 [info] [FolderRepositoryManager+1] Trying to use globalState for assignableUsers.
2025-05-29 13:03:41.169 [info] [FolderRepositoryManager+0] Trying to use globalState for assignableUsers.
2025-05-29 13:03:41.263 [info] [Review+1] No matching pull request metadata found locally for current branch master
2025-05-29 13:03:41.268 [info] [Review+2] No matching pull request metadata found locally for current branch main
2025-05-29 13:03:41.291 [info] [Review+3] No matching pull request metadata found locally for current branch main
2025-05-29 13:03:43.209 [info] [Review+0] No matching pull request metadata found locally for current branch main
2025-05-29 13:03:44.012 [info] [Review+3] No matching pull request metadata found on GitHub for current branch main
2025-05-29 13:03:44.542 [info] [FolderRepositoryManager+3] Using globalState assignableUsers for 1.
2025-05-29 13:03:44.545 [info] [FolderRepositoryManager+2] Using globalState assignableUsers for 1.
2025-05-29 13:03:44.548 [info] [FolderRepositoryManager+1] Using globalState assignableUsers for 1.
2025-05-29 13:03:44.835 [info] [FolderRepositoryManager+0] Using globalState assignableUsers for 2.
2025-05-29 13:03:45.116 [info] [Review+2] No matching pull request metadata found on GitHub for current branch main
2025-05-29 13:03:45.117 [info] [Review+0] No matching pull request metadata found on GitHub for current branch main
2025-05-29 13:03:45.680 [info] [Review+1] No matching pull request metadata found on GitHub for current branch master
