2025-05-22 15:05:13.854 [warning] /home/vscode/.ssh/config: ENOENT: no such file or directory, open '/home/vscode/.ssh/config'
2025-05-22 15:05:13.854 [info] [Activation] Extension version: 0.110.0
2025-05-22 15:05:14.689 [info] [Authentication] Creating hub for .com
2025-05-22 15:05:18.199 [info] [Activation] Looking for git repository
2025-05-22 15:05:18.199 [info] [Activation] Found 0 repositories during activation
2025-05-22 15:05:18.199 [info] [Activation] Git repository found, initializing review manager and pr tree view.
2025-05-22 15:05:18.239 [info] [GitAPI] Registering git provider
2025-05-22 15:05:18.239 [info] [Review+0] Validate state in progress
2025-05-22 15:05:18.239 [info] [Review+0] Validating state...
2025-05-22 15:05:18.239 [info] [Review+1] Validate state in progress
2025-05-22 15:05:18.239 [info] [Review+1] Validating state...
2025-05-22 15:05:18.239 [info] [Review+2] Validate state in progress
2025-05-22 15:05:18.239 [info] [Review+2] Validating state...
2025-05-22 15:05:18.670 [info] [FolderRepositoryManager+0] Found GitHub remote for folder /home/vscode/environment
2025-05-22 15:05:18.672 [info] [FolderRepositoryManager+1] Found GitHub remote for folder /home/vscode/.oh-my-zsh
2025-05-22 15:05:18.673 [info] [FolderRepositoryManager+2] Found GitHub remote for folder /home/vscode/.nodenv
2025-05-22 15:05:19.951 [info] [Activation] Repo state for file:///home/vscode/.oh-my-zsh changed.
2025-05-22 15:05:19.951 [info] [Activation] Repo file:///home/vscode/.oh-my-zsh has already been setup.
2025-05-22 15:05:20.008 [info] [Activation] Repo state for file:///home/vscode/environment changed.
2025-05-22 15:05:20.008 [info] [Activation] Repo file:///home/vscode/environment has already been setup.
2025-05-22 15:05:20.486 [info] [FolderRepositoryManager+1] Trying to use globalState for assignableUsers.
2025-05-22 15:05:20.596 [info] [Review+1] No matching pull request metadata found locally for current branch master
2025-05-22 15:05:22.378 [info] [FolderRepositoryManager+2] Trying to use globalState for assignableUsers.
2025-05-22 15:05:22.455 [info] [FolderRepositoryManager+1] GlobalState does not exist for assignableUsers.
2025-05-22 15:05:22.560 [info] [Review+2] No matching pull request metadata found locally for current branch main
2025-05-22 15:05:24.102 [info] [FolderRepositoryManager+2] GlobalState does not exist for assignableUsers.
2025-05-22 15:05:24.544 [info] [Review+1] No matching pull request metadata found on GitHub for current branch master
2025-05-22 15:05:24.571 [info] [Review+0] Queuing additional validate state
2025-05-22 15:05:24.876 [info] [Review+0] No matching pull request metadata found locally for current branch main
2025-05-22 15:05:24.876 [info] [Review+0] No matching pull request metadata found on GitHub for current branch main
2025-05-22 15:05:24.881 [info] [FolderRepositoryManager+0] Found GitHub remote for folder /home/vscode/environment
2025-05-22 15:05:24.927 [info] [Review+2] No matching pull request metadata found on GitHub for current branch main
2025-05-22 15:05:25.603 [info] [FolderRepositoryManager+0] Trying to use globalState for assignableUsers.
2025-05-22 15:05:25.784 [info] [Review+0] Validating state...
2025-05-22 15:05:25.827 [info] [FolderRepositoryManager+0] No globalState for assignableUsers.
2025-05-22 15:05:25.898 [info] [FolderRepositoryManager+0] Found GitHub remote for folder /home/vscode/environment
2025-05-22 15:05:25.902 [info] [FolderRepositoryManager+0] Trying to use globalState for assignableUsers.
2025-05-22 15:05:25.919 [info] [Review+0] No matching pull request metadata found locally for current branch main
2025-05-22 15:05:26.351 [info] [FolderRepositoryManager+0] No globalState for assignableUsers.
2025-05-22 15:05:26.695 [info] [Review+0] No matching pull request metadata found on GitHub for current branch main
2025-05-22 15:05:42.425 [info] [Activation] Repo state for file:///home/vscode/.nodenv changed.
2025-05-22 15:05:42.429 [info] [Activation] Repo file:///home/vscode/.nodenv has already been setup.
