2025-06-01 04:10:55.892 [info] Reading sessions from keychain...
2025-06-01 04:10:55.892 [info] Getting sessions for all scopes...
2025-06-01 04:10:55.892 [info] Getting sessions for all scopes...
2025-06-01 04:10:55.892 [info] Getting sessions for all scopes...
2025-06-01 04:10:55.892 [info] Getting sessions for user:email...
2025-06-01 04:10:55.892 [info] Getting sessions for all scopes...
2025-06-01 04:10:55.892 [info] Getting sessions for all scopes...
2025-06-01 04:10:55.892 [info] Getting sessions for all scopes...
2025-06-01 04:10:55.892 [info] Getting sessions for all scopes...
2025-06-01 04:10:55.892 [info] Getting sessions for all scopes...
2025-06-01 04:10:55.892 [info] Got stored sessions!
2025-06-01 04:10:55.892 [info] Got 6 verified sessions.
2025-06-01 04:10:55.892 [info] Got 6 sessions for ...
2025-06-01 04:10:55.892 [info] Got 6 sessions for ...
2025-06-01 04:10:55.892 [info] Got 6 sessions for ...
2025-06-01 04:10:55.892 [info] Got 1 sessions for user:email...
2025-06-01 04:10:55.892 [info] Got 6 sessions for ...
2025-06-01 04:10:55.892 [info] Got 6 sessions for ...
2025-06-01 04:10:55.892 [info] Got 6 sessions for ...
2025-06-01 04:10:55.892 [info] Got 6 sessions for ...
2025-06-01 04:10:55.892 [info] Got 6 sessions for ...
2025-06-01 04:10:56.171 [info] Getting sessions for codespace,read:user,repo,user:email...
2025-06-01 04:10:56.171 [info] Getting sessions for all scopes...
2025-06-01 04:10:56.171 [info] Getting sessions for all scopes...
2025-06-01 04:10:56.171 [info] Getting sessions for all scopes...
2025-06-01 04:10:56.171 [info] Getting sessions for all scopes...
2025-06-01 04:10:56.171 [info] Getting sessions for all scopes...
2025-06-01 04:10:56.171 [info] Getting sessions for all scopes...
2025-06-01 04:10:56.171 [info] Getting sessions for all scopes...
2025-06-01 04:10:56.171 [info] Got 1 sessions for codespace,read:user,repo,user:email...
2025-06-01 04:10:56.171 [info] Got 6 sessions for ...
2025-06-01 04:10:56.171 [info] Got 6 sessions for ...
2025-06-01 04:10:56.171 [info] Got 6 sessions for ...
2025-06-01 04:10:56.172 [info] Got 6 sessions for ...
2025-06-01 04:10:56.172 [info] Got 6 sessions for ...
2025-06-01 04:10:56.172 [info] Got 6 sessions for ...
2025-06-01 04:10:56.172 [info] Got 6 sessions for ...
2025-06-01 04:10:56.732 [info] Getting sessions for all scopes...
2025-06-01 04:10:56.734 [info] Got 6 sessions for ...
2025-06-01 04:10:58.691 [info] Getting sessions for all scopes...
2025-06-01 04:10:58.691 [info] Got 6 sessions for ...
2025-06-01 04:10:59.595 [info] Getting sessions for all scopes...
2025-06-01 04:10:59.596 [info] Getting sessions for all scopes...
2025-06-01 04:10:59.596 [info] Got 6 sessions for ...
2025-06-01 04:10:59.596 [info] Got 6 sessions for ...
2025-06-01 04:11:03.339 [info] Getting sessions for read:user,repo,user:email,workflow...
2025-06-01 04:11:03.339 [info] Getting sessions for all scopes...
2025-06-01 04:11:03.339 [info] Getting sessions for all scopes...
2025-06-01 04:11:03.341 [info] Got 1 sessions for read:user,repo,user:email,workflow...
2025-06-01 04:11:03.341 [info] Got 6 sessions for ...
2025-06-01 04:11:03.341 [info] Got 6 sessions for ...
2025-06-01 04:11:03.934 [info] Getting sessions for all scopes...
2025-06-01 04:11:03.934 [info] Got 6 sessions for ...
2025-06-01 04:11:04.340 [info] Getting sessions for all scopes...
2025-06-01 04:11:04.340 [info] Getting sessions for all scopes...
2025-06-01 04:11:04.340 [info] Getting sessions for project,read:org,read:user,repo,user:email,workflow...
2025-06-01 04:11:04.340 [info] Got 6 sessions for ...
2025-06-01 04:11:04.340 [info] Got 6 sessions for ...
2025-06-01 04:11:04.340 [info] Got 0 sessions for project,read:org,read:user,repo,user:email,workflow...
2025-06-01 04:11:05.942 [info] Getting sessions for read:user,repo,user:email,workflow...
2025-06-01 04:11:05.942 [info] Getting sessions for read:user,repo,user:email,workflow...
2025-06-01 04:11:05.942 [info] Got 1 sessions for read:user,repo,user:email,workflow...
2025-06-01 04:11:05.942 [info] Got 1 sessions for read:user,repo,user:email,workflow...
2025-06-01 04:11:06.625 [info] Getting sessions for read:user,repo,user:email,workflow...
2025-06-01 04:11:06.625 [info] Got 1 sessions for read:user,repo,user:email,workflow...
2025-06-01 04:11:06.732 [info] Getting sessions for all scopes...
2025-06-01 04:11:06.733 [info] Getting sessions for all scopes...
2025-06-01 04:11:06.733 [info] Got 6 sessions for ...
2025-06-01 04:11:06.733 [info] Got 6 sessions for ...
2025-06-01 04:11:12.505 [info] Getting sessions for read:user,repo,user:email,workflow...
2025-06-01 04:11:12.505 [info] Getting sessions for all scopes...
2025-06-01 04:11:12.506 [info] Got 1 sessions for read:user,repo,user:email,workflow...
2025-06-01 04:11:12.506 [info] Got 6 sessions for ...
2025-06-01 04:11:13.450 [info] Getting sessions for read:user,repo,user:email,workflow...
2025-06-01 04:11:13.450 [info] Getting sessions for read:user,repo,user:email,workflow...
2025-06-01 04:11:13.450 [info] Got 1 sessions for read:user,repo,user:email,workflow...
2025-06-01 04:11:13.450 [info] Got 1 sessions for read:user,repo,user:email,workflow...
2025-06-01 04:11:19.535 [info] Getting sessions for read:user,repo,user:email,workflow...
2025-06-01 04:11:19.535 [info] Got 1 sessions for read:user,repo,user:email,workflow...
2025-06-01 04:11:19.890 [info] Getting sessions for read:user,repo,user:email,workflow...
2025-06-01 04:11:19.890 [info] Got 1 sessions for read:user,repo,user:email,workflow...
2025-06-01 04:11:20.545 [info] Getting sessions for all scopes...
2025-06-01 04:11:20.545 [info] Getting sessions for all scopes...
2025-06-01 04:11:20.545 [info] Got 6 sessions for ...
2025-06-01 04:11:20.545 [info] Got 6 sessions for ...
2025-06-01 04:11:21.063 [info] Getting sessions for read:user,repo,user:email,workflow...
2025-06-01 04:11:21.063 [info] Got 1 sessions for read:user,repo,user:email,workflow...
2025-06-01 04:11:21.625 [info] Getting sessions for all scopes...
2025-06-01 04:11:21.626 [info] Got 6 sessions for ...
2025-06-01 04:11:22.245 [info] Getting sessions for read:user,repo,user:email,workflow...
2025-06-01 04:11:22.245 [info] Got 1 sessions for read:user,repo,user:email,workflow...
2025-06-01 04:11:22.973 [info] Getting sessions for all scopes...
2025-06-01 04:11:22.973 [info] Got 6 sessions for ...
2025-06-01 04:11:23.314 [info] Getting sessions for read:user,repo,user:email,workflow...
2025-06-01 04:11:23.314 [info] Got 1 sessions for read:user,repo,user:email,workflow...
2025-06-01 04:11:23.561 [info] Getting sessions for all scopes...
2025-06-01 04:11:23.561 [info] Got 6 sessions for ...
2025-06-01 04:11:23.845 [info] Getting sessions for all scopes...
2025-06-01 04:11:23.845 [info] Got 6 sessions for ...
2025-06-01 04:11:25.212 [info] Getting sessions for all scopes...
2025-06-01 04:11:25.212 [info] Got 6 sessions for ...
2025-06-01 04:11:25.530 [info] Getting sessions for read:user,repo,user:email,workflow...
2025-06-01 04:11:25.531 [info] Got 1 sessions for read:user,repo,user:email,workflow...
