2025-05-29 13:56:11.261 [info] Reading sessions from keychain...
2025-05-29 13:56:11.261 [info] Getting sessions for all scopes...
2025-05-29 13:56:11.261 [info] Getting sessions for all scopes...
2025-05-29 13:56:11.261 [info] Getting sessions for all scopes...
2025-05-29 13:56:11.261 [info] Getting sessions for user:email...
2025-05-29 13:56:11.261 [info] Getting sessions for all scopes...
2025-05-29 13:56:11.261 [info] Getting sessions for all scopes...
2025-05-29 13:56:11.261 [info] Getting sessions for all scopes...
2025-05-29 13:56:11.261 [info] Getting sessions for all scopes...
2025-05-29 13:56:11.261 [info] Getting sessions for all scopes...
2025-05-29 13:56:11.261 [info] Got stored sessions!
2025-05-29 13:56:11.261 [info] Got 6 verified sessions.
2025-05-29 13:56:11.261 [info] Got 6 sessions for ...
2025-05-29 13:56:11.261 [info] Got 6 sessions for ...
2025-05-29 13:56:11.261 [info] Got 6 sessions for ...
2025-05-29 13:56:11.261 [info] Got 1 sessions for user:email...
2025-05-29 13:56:11.261 [info] Got 6 sessions for ...
2025-05-29 13:56:11.261 [info] Got 6 sessions for ...
2025-05-29 13:56:11.261 [info] Got 6 sessions for ...
2025-05-29 13:56:11.261 [info] Got 6 sessions for ...
2025-05-29 13:56:11.261 [info] Got 6 sessions for ...
2025-05-29 13:56:11.469 [info] Getting sessions for codespace,read:user,repo,user:email...
2025-05-29 13:56:11.470 [info] Getting sessions for all scopes...
2025-05-29 13:56:11.470 [info] Getting sessions for all scopes...
2025-05-29 13:56:11.470 [info] Getting sessions for all scopes...
2025-05-29 13:56:11.470 [info] Getting sessions for all scopes...
2025-05-29 13:56:11.470 [info] Got 1 sessions for codespace,read:user,repo,user:email...
2025-05-29 13:56:11.470 [info] Got 6 sessions for ...
2025-05-29 13:56:11.470 [info] Got 6 sessions for ...
2025-05-29 13:56:11.470 [info] Got 6 sessions for ...
2025-05-29 13:56:11.470 [info] Got 6 sessions for ...
2025-05-29 13:56:11.482 [info] Getting sessions for all scopes...
2025-05-29 13:56:11.482 [info] Got 6 sessions for ...
2025-05-29 13:56:12.172 [info] Getting sessions for all scopes...
2025-05-29 13:56:12.172 [info] Getting sessions for all scopes...
2025-05-29 13:56:12.176 [info] Got 6 sessions for ...
2025-05-29 13:56:12.176 [info] Got 6 sessions for ...
2025-05-29 13:56:12.534 [info] Getting sessions for all scopes...
2025-05-29 13:56:12.534 [info] Got 6 sessions for ...
2025-05-29 13:56:15.405 [info] Getting sessions for all scopes...
2025-05-29 13:56:15.418 [info] Got 6 sessions for ...
2025-05-29 13:56:17.499 [info] Getting sessions for all scopes...
2025-05-29 13:56:17.499 [info] Getting sessions for all scopes...
2025-05-29 13:56:17.500 [info] Got 6 sessions for ...
2025-05-29 13:56:17.501 [info] Got 6 sessions for ...
2025-05-29 13:56:19.512 [info] Getting sessions for read:user,repo,user:email,workflow...
2025-05-29 13:56:19.512 [info] Getting sessions for all scopes...
2025-05-29 13:56:19.512 [info] Getting sessions for all scopes...
2025-05-29 13:56:19.516 [info] Got 1 sessions for read:user,repo,user:email,workflow...
2025-05-29 13:56:19.516 [info] Got 6 sessions for ...
2025-05-29 13:56:19.516 [info] Got 6 sessions for ...
2025-05-29 13:56:20.046 [info] Getting sessions for read:user,repo,user:email,workflow...
2025-05-29 13:56:20.049 [info] Getting sessions for all scopes...
2025-05-29 13:56:20.049 [info] Got 1 sessions for read:user,repo,user:email,workflow...
2025-05-29 13:56:20.055 [info] Got 6 sessions for ...
2025-05-29 13:56:21.099 [info] Getting sessions for all scopes...
2025-05-29 13:56:21.099 [info] Getting sessions for all scopes...
2025-05-29 13:56:21.099 [info] Getting sessions for project,read:org,read:user,repo,user:email,workflow...
2025-05-29 13:56:21.100 [info] Got 6 sessions for ...
2025-05-29 13:56:21.100 [info] Got 6 sessions for ...
2025-05-29 13:56:21.100 [info] Got 0 sessions for project,read:org,read:user,repo,user:email,workflow...
2025-05-29 13:56:23.318 [info] Getting sessions for read:user,repo,user:email,workflow...
2025-05-29 13:56:23.319 [info] Got 1 sessions for read:user,repo,user:email,workflow...
2025-05-29 13:56:23.967 [info] Getting sessions for read:user,repo,user:email,workflow...
2025-05-29 13:56:23.967 [info] Getting sessions for read:user,repo,user:email,workflow...
2025-05-29 13:56:23.968 [info] Got 1 sessions for read:user,repo,user:email,workflow...
2025-05-29 13:56:23.968 [info] Got 1 sessions for read:user,repo,user:email,workflow...
2025-05-29 13:56:31.049 [info] Getting sessions for all scopes...
2025-05-29 13:56:31.049 [info] Getting sessions for all scopes...
2025-05-29 13:56:31.049 [info] Getting sessions for read:user,repo,user:email,workflow...
2025-05-29 13:56:31.049 [info] Got 6 sessions for ...
2025-05-29 13:56:31.049 [info] Got 6 sessions for ...
2025-05-29 13:56:31.049 [info] Got 1 sessions for read:user,repo,user:email,workflow...
2025-05-29 13:56:32.380 [info] Getting sessions for read:user,repo,user:email,workflow...
2025-05-29 13:56:32.381 [info] Got 1 sessions for read:user,repo,user:email,workflow...
2025-05-29 13:56:36.711 [info] Getting sessions for read:user,repo,user:email,workflow...
2025-05-29 13:56:36.711 [info] Got 1 sessions for read:user,repo,user:email,workflow...
2025-05-29 13:56:39.933 [info] Getting sessions for read:user,repo,user:email,workflow...
2025-05-29 13:56:39.934 [info] Got 1 sessions for read:user,repo,user:email,workflow...
2025-05-29 13:56:40.829 [info] Getting sessions for all scopes...
2025-05-29 13:56:40.829 [info] Getting sessions for all scopes...
2025-05-29 13:56:40.829 [info] Got 6 sessions for ...
2025-05-29 13:56:40.829 [info] Got 6 sessions for ...
2025-05-29 13:56:41.309 [info] Getting sessions for read:user,repo,user:email,workflow...
2025-05-29 13:56:41.309 [info] Got 1 sessions for read:user,repo,user:email,workflow...
2025-05-29 13:56:41.774 [info] Getting sessions for all scopes...
2025-05-29 13:56:41.774 [info] Got 6 sessions for ...
2025-05-29 13:56:42.254 [info] Getting sessions for read:user,repo,user:email,workflow...
2025-05-29 13:56:42.254 [info] Got 1 sessions for read:user,repo,user:email,workflow...
2025-05-29 13:56:43.308 [info] Getting sessions for all scopes...
2025-05-29 13:56:43.310 [info] Got 6 sessions for ...
2025-05-29 13:56:43.828 [info] Getting sessions for read:user,repo,user:email,workflow...
2025-05-29 13:56:43.829 [info] Got 1 sessions for read:user,repo,user:email,workflow...
2025-05-29 13:56:44.123 [info] Getting sessions for all scopes...
2025-05-29 13:56:44.124 [info] Got 6 sessions for ...
2025-05-29 13:56:44.405 [info] Getting sessions for all scopes...
2025-05-29 13:56:44.405 [info] Got 6 sessions for ...
2025-05-29 13:56:44.619 [info] Getting sessions for all scopes...
2025-05-29 13:56:44.619 [info] Got 6 sessions for ...
2025-05-29 13:56:44.961 [info] Getting sessions for read:user,repo,user:email,workflow...
2025-05-29 13:56:44.961 [info] Got 1 sessions for read:user,repo,user:email,workflow...
2025-05-29 14:01:21.228 [info] Getting sessions for all scopes...
2025-05-29 14:01:21.228 [info] Got 6 sessions for ...
2025-05-29 14:01:21.559 [info] Getting sessions for read:user,repo,user:email,workflow...
2025-05-29 14:01:21.559 [info] Got 1 sessions for read:user,repo,user:email,workflow...
2025-05-29 14:06:21.420 [info] Getting sessions for all scopes...
2025-05-29 14:06:21.420 [info] Got 6 sessions for ...
2025-05-29 14:06:21.973 [info] Getting sessions for read:user,repo,user:email,workflow...
2025-05-29 14:06:21.973 [info] Got 1 sessions for read:user,repo,user:email,workflow...
2025-05-29 14:11:21.867 [info] Getting sessions for all scopes...
2025-05-29 14:11:21.867 [info] Got 6 sessions for ...
2025-05-29 14:11:22.915 [info] Getting sessions for read:user,repo,user:email,workflow...
2025-05-29 14:11:22.915 [info] Got 1 sessions for read:user,repo,user:email,workflow...
2025-05-29 14:11:45.914 [info] Getting sessions for all scopes...
2025-05-29 14:11:45.914 [info] Got 6 sessions for ...
2025-05-29 14:11:46.445 [info] Getting sessions for read:user,repo,user:email,workflow...
2025-05-29 14:11:46.445 [info] Got 1 sessions for read:user,repo,user:email,workflow...
2025-05-29 14:16:21.503 [info] Getting sessions for all scopes...
2025-05-29 14:16:21.503 [info] Got 6 sessions for ...
2025-05-29 14:16:22.427 [info] Getting sessions for read:user,repo,user:email,workflow...
2025-05-29 14:16:22.427 [info] Got 1 sessions for read:user,repo,user:email,workflow...
2025-05-29 14:21:21.222 [info] Getting sessions for all scopes...
2025-05-29 14:21:21.222 [info] Got 6 sessions for ...
2025-05-29 14:21:21.538 [info] Getting sessions for read:user,repo,user:email,workflow...
2025-05-29 14:21:21.538 [info] Got 1 sessions for read:user,repo,user:email,workflow...
2025-05-29 14:26:21.233 [info] Getting sessions for all scopes...
2025-05-29 14:26:21.233 [info] Got 6 sessions for ...
2025-05-29 14:26:21.539 [info] Getting sessions for read:user,repo,user:email,workflow...
2025-05-29 14:26:21.539 [info] Got 1 sessions for read:user,repo,user:email,workflow...
2025-05-29 14:28:40.458 [info] Getting sessions for all scopes...
2025-05-29 14:28:40.458 [info] Got 6 sessions for ...
2025-05-29 14:28:42.636 [info] Getting sessions for read:user,repo,user:email,workflow...
2025-05-29 14:28:42.636 [info] Got 1 sessions for read:user,repo,user:email,workflow...
2025-05-29 14:28:43.044 [info] Getting sessions for all scopes...
2025-05-29 14:28:43.044 [info] Got 6 sessions for ...
2025-05-29 14:28:43.591 [info] Getting sessions for read:user,repo,user:email,workflow...
2025-05-29 14:28:43.591 [info] Got 1 sessions for read:user,repo,user:email,workflow...
2025-05-29 14:28:45.564 [info] Getting sessions for all scopes...
2025-05-29 14:28:45.564 [info] Getting sessions for all scopes...
2025-05-29 14:28:45.564 [info] Got 6 sessions for ...
2025-05-29 14:28:45.564 [info] Got 6 sessions for ...
2025-05-29 14:28:45.953 [info] Getting sessions for read:user,repo,user:email,workflow...
2025-05-29 14:28:45.953 [info] Got 1 sessions for read:user,repo,user:email,workflow...
2025-05-29 14:28:46.401 [info] Getting sessions for all scopes...
2025-05-29 14:28:46.402 [info] Got 6 sessions for ...
2025-05-29 14:28:46.792 [info] Getting sessions for read:user,repo,user:email,workflow...
2025-05-29 14:28:46.793 [info] Got 1 sessions for read:user,repo,user:email,workflow...
2025-05-29 14:28:47.256 [info] Getting sessions for all scopes...
2025-05-29 14:28:47.256 [info] Got 6 sessions for ...
2025-05-29 14:28:47.621 [info] Getting sessions for read:user,repo,user:email,workflow...
2025-05-29 14:28:47.622 [info] Got 1 sessions for read:user,repo,user:email,workflow...
2025-05-29 14:31:21.225 [info] Getting sessions for all scopes...
2025-05-29 14:31:21.225 [info] Got 6 sessions for ...
2025-05-29 14:31:21.528 [info] Getting sessions for read:user,repo,user:email,workflow...
2025-05-29 14:31:21.528 [info] Got 1 sessions for read:user,repo,user:email,workflow...
2025-05-29 14:36:21.224 [info] Getting sessions for all scopes...
2025-05-29 14:36:21.224 [info] Got 6 sessions for ...
2025-05-29 14:36:21.544 [info] Getting sessions for read:user,repo,user:email,workflow...
2025-05-29 14:36:21.544 [info] Got 1 sessions for read:user,repo,user:email,workflow...
2025-05-29 14:42:40.409 [info] Getting sessions for all scopes...
2025-05-29 14:42:40.410 [info] Got 6 sessions for ...
2025-05-29 14:44:36.087 [info] Getting sessions for read:user,repo,user:email,workflow...
2025-05-29 14:44:36.087 [info] Getting sessions for all scopes...
2025-05-29 14:44:36.087 [info] Got 1 sessions for read:user,repo,user:email,workflow...
2025-05-29 14:44:36.087 [info] Got 6 sessions for ...
2025-05-29 14:44:36.517 [info] Getting sessions for read:user,repo,user:email,workflow...
2025-05-29 14:44:36.517 [info] Got 1 sessions for read:user,repo,user:email,workflow...
2025-05-29 14:47:40.468 [info] Getting sessions for all scopes...
2025-05-29 14:47:40.468 [info] Got 6 sessions for ...
2025-05-29 14:50:33.171 [info] Getting sessions for read:user,repo,user:email,workflow...
2025-05-29 14:50:33.172 [info] Got 1 sessions for read:user,repo,user:email,workflow...
2025-05-29 14:51:21.293 [info] Getting sessions for all scopes...
2025-05-29 14:51:21.293 [info] Got 6 sessions for ...
2025-05-29 14:51:21.699 [info] Getting sessions for read:user,repo,user:email,workflow...
2025-05-29 14:51:21.699 [info] Got 1 sessions for read:user,repo,user:email,workflow...
2025-05-29 14:57:40.407 [info] Getting sessions for all scopes...
2025-05-29 14:57:40.408 [info] Got 6 sessions for ...
2025-05-29 15:00:40.411 [info] Getting sessions for read:user,repo,user:email,workflow...
2025-05-29 15:00:40.411 [info] Getting sessions for all scopes...
2025-05-29 15:00:40.412 [info] Got 1 sessions for read:user,repo,user:email,workflow...
2025-05-29 15:00:40.412 [info] Got 6 sessions for ...
2025-05-29 15:03:40.409 [info] Getting sessions for read:user,repo,user:email,workflow...
2025-05-29 15:03:40.409 [info] Got 1 sessions for read:user,repo,user:email,workflow...
2025-05-29 15:05:31.161 [info] Getting sessions for all scopes...
2025-05-29 15:05:31.161 [info] Got 6 sessions for ...
2025-05-29 15:05:31.530 [info] Getting sessions for read:user,repo,user:email,workflow...
2025-05-29 15:05:31.530 [info] Got 1 sessions for read:user,repo,user:email,workflow...
2025-05-29 15:05:33.501 [info] Getting sessions for all scopes...
2025-05-29 15:05:33.501 [info] Getting sessions for all scopes...
2025-05-29 15:05:33.501 [info] Got 6 sessions for ...
2025-05-29 15:05:33.501 [info] Got 6 sessions for ...
2025-05-29 15:05:33.881 [info] Getting sessions for read:user,repo,user:email,workflow...
2025-05-29 15:05:33.881 [info] Got 1 sessions for read:user,repo,user:email,workflow...
2025-05-29 15:05:34.272 [info] Getting sessions for all scopes...
2025-05-29 15:05:34.272 [info] Got 6 sessions for ...
2025-05-29 15:05:35.619 [info] Getting sessions for read:user,repo,user:email,workflow...
2025-05-29 15:05:35.619 [info] Got 1 sessions for read:user,repo,user:email,workflow...
2025-05-29 15:05:35.983 [info] Getting sessions for all scopes...
2025-05-29 15:05:35.984 [info] Got 6 sessions for ...
2025-05-29 15:05:36.289 [info] Getting sessions for read:user,repo,user:email,workflow...
2025-05-29 15:05:36.289 [info] Got 1 sessions for read:user,repo,user:email,workflow...
2025-05-29 15:06:21.522 [info] Getting sessions for all scopes...
2025-05-29 15:06:21.522 [info] Got 6 sessions for ...
2025-05-29 15:06:22.078 [info] Getting sessions for read:user,repo,user:email,workflow...
2025-05-29 15:06:22.078 [info] Got 1 sessions for read:user,repo,user:email,workflow...
2025-05-29 15:12:40.469 [info] Getting sessions for all scopes...
2025-05-29 15:12:40.470 [info] Got 6 sessions for ...
2025-05-29 15:15:40.407 [info] Getting sessions for read:user,repo,user:email,workflow...
2025-05-29 15:15:40.407 [info] Got 1 sessions for read:user,repo,user:email,workflow...
2025-05-29 15:16:21.242 [info] Getting sessions for all scopes...
2025-05-29 15:16:21.242 [info] Got 6 sessions for ...
2025-05-29 15:16:21.546 [info] Getting sessions for read:user,repo,user:email,workflow...
2025-05-29 15:16:21.546 [info] Got 1 sessions for read:user,repo,user:email,workflow...
2025-05-29 15:20:49.516 [info] Getting sessions for all scopes...
2025-05-29 15:20:49.516 [info] Got 6 sessions for ...
2025-05-29 15:20:50.707 [info] Getting sessions for read:user,repo,user:email,workflow...
2025-05-29 15:20:50.707 [info] Got 1 sessions for read:user,repo,user:email,workflow...
2025-05-29 15:21:21.322 [info] Getting sessions for all scopes...
2025-05-29 15:21:21.322 [info] Got 6 sessions for ...
2025-05-29 15:21:21.622 [info] Getting sessions for read:user,repo,user:email,workflow...
2025-05-29 15:21:21.622 [info] Got 1 sessions for read:user,repo,user:email,workflow...
2025-05-29 15:26:21.239 [info] Getting sessions for all scopes...
2025-05-29 15:26:21.239 [info] Got 6 sessions for ...
2025-05-29 15:26:21.561 [info] Getting sessions for read:user,repo,user:email,workflow...
2025-05-29 15:26:21.561 [info] Got 1 sessions for read:user,repo,user:email,workflow...
2025-05-29 15:31:21.255 [info] Getting sessions for all scopes...
2025-05-29 15:31:21.255 [info] Got 6 sessions for ...
2025-05-29 15:31:21.563 [info] Getting sessions for read:user,repo,user:email,workflow...
2025-05-29 15:31:21.564 [info] Got 1 sessions for read:user,repo,user:email,workflow...
2025-05-29 15:35:53.357 [info] Getting sessions for all scopes...
2025-05-29 15:35:53.357 [info] Got 6 sessions for ...
2025-05-29 15:35:53.773 [info] Getting sessions for read:user,repo,user:email,workflow...
2025-05-29 15:35:53.774 [info] Got 1 sessions for read:user,repo,user:email,workflow...
2025-05-29 15:35:54.078 [info] Getting sessions for all scopes...
2025-05-29 15:35:54.078 [info] Got 6 sessions for ...
2025-05-29 15:36:40.392 [info] Getting sessions for read:user,repo,user:email,workflow...
2025-05-29 15:36:40.392 [info] Got 1 sessions for read:user,repo,user:email,workflow...
2025-05-29 15:37:40.413 [info] Getting sessions for all scopes...
2025-05-29 15:37:40.414 [info] Got 6 sessions for ...
2025-05-29 15:40:40.421 [info] Getting sessions for read:user,repo,user:email,workflow...
2025-05-29 15:40:40.421 [info] Got 1 sessions for read:user,repo,user:email,workflow...
2025-05-29 15:40:54.364 [info] Getting sessions for all scopes...
2025-05-29 15:40:54.364 [info] Got 6 sessions for ...
2025-05-29 15:40:55.558 [info] Getting sessions for read:user,repo,user:email,workflow...
2025-05-29 15:40:55.559 [info] Got 1 sessions for read:user,repo,user:email,workflow...
2025-05-29 15:40:55.866 [info] Getting sessions for all scopes...
2025-05-29 15:40:55.866 [info] Got 6 sessions for ...
2025-05-29 15:40:56.194 [info] Getting sessions for read:user,repo,user:email,workflow...
2025-05-29 15:40:56.194 [info] Got 1 sessions for read:user,repo,user:email,workflow...
2025-05-29 15:40:56.560 [info] Getting sessions for all scopes...
2025-05-29 15:40:56.560 [info] Got 6 sessions for ...
2025-05-29 15:40:56.865 [info] Getting sessions for read:user,repo,user:email,workflow...
2025-05-29 15:40:56.865 [info] Got 1 sessions for read:user,repo,user:email,workflow...
2025-05-29 15:41:21.230 [info] Getting sessions for all scopes...
2025-05-29 15:41:21.230 [info] Got 6 sessions for ...
2025-05-29 15:41:21.541 [info] Getting sessions for read:user,repo,user:email,workflow...
2025-05-29 15:41:21.542 [info] Got 1 sessions for read:user,repo,user:email,workflow...
