2025-05-30 04:19:52.735 [warning] /home/vscode/.ssh/config: ENOENT: no such file or directory, open '/home/vscode/.ssh/config'
2025-05-30 04:19:52.735 [info] [Activation] Extension version: 0.110.0
2025-05-30 04:19:54.925 [info] [Authentication] Creating hub for .com
2025-05-30 04:19:59.368 [info] [Activation] Looking for git repository
2025-05-30 04:19:59.368 [info] [Activation] Found 0 repositories during activation
2025-05-30 04:19:59.368 [info] [Activation] Git repository found, initializing review manager and pr tree view.
2025-05-30 04:19:59.381 [info] [GitAPI] Registering git provider
2025-05-30 04:19:59.382 [info] [Review+0] Validate state in progress
2025-05-30 04:19:59.382 [info] [Review+0] Validating state...
2025-05-30 04:19:59.382 [info] [Review+1] Validate state in progress
2025-05-30 04:19:59.382 [info] [Review+1] Validating state...
2025-05-30 04:19:59.382 [info] [Review+2] Validate state in progress
2025-05-30 04:19:59.382 [info] [Review+2] Validating state...
2025-05-30 04:19:59.382 [info] [Review+3] Validate state in progress
2025-05-30 04:19:59.382 [info] [Review+3] Validating state...
2025-05-30 04:19:59.382 [warning] No remotes found. The following remotes are missing: origin, upstream
2025-05-30 04:19:59.382 [info] [FolderRepositoryManager+0] No GitHub remotes found for folder /home/vscode/environment
2025-05-30 04:20:00.029 [info] [FolderRepositoryManager+1] Found GitHub remote for folder /home/vscode/.oh-my-zsh
2025-05-30 04:20:00.030 [info] [FolderRepositoryManager+2] Found GitHub remote for folder /home/vscode/.nodenv
2025-05-30 04:20:00.032 [info] [FolderRepositoryManager+3] Found GitHub remote for folder /home/vscode
2025-05-30 04:20:00.068 [info] [Activation] Repo state for file:///home/vscode/.oh-my-zsh changed.
2025-05-30 04:20:00.068 [info] [Activation] Repo file:///home/vscode/.oh-my-zsh has already been setup.
2025-05-30 04:20:01.811 [info] [Activation] Repo state for file:///home/vscode changed.
2025-05-30 04:20:01.811 [info] [Activation] Repo file:///home/vscode has already been setup.
2025-05-30 04:20:01.816 [info] [Review+0] Validate state in progress
2025-05-30 04:20:01.816 [info] [Review+0] Validating state...
2025-05-30 04:20:01.817 [info] [Activation] Repo state for file:///home/vscode/environment changed.
2025-05-30 04:20:01.817 [info] [Activation] Repo file:///home/vscode/environment has already been setup.
2025-05-30 04:20:02.081 [info] [FolderRepositoryManager+2] Trying to use globalState for assignableUsers.
2025-05-30 04:20:02.145 [info] [FolderRepositoryManager+3] Trying to use globalState for assignableUsers.
2025-05-30 04:20:02.199 [info] [FolderRepositoryManager+1] Trying to use globalState for assignableUsers.
2025-05-30 04:20:02.344 [info] [FolderRepositoryManager+0] Found GitHub remote for folder /home/vscode/environment
2025-05-30 04:20:02.414 [info] [Review+1] No matching pull request metadata found locally for current branch master
2025-05-30 04:20:02.421 [info] [Review+3] No matching pull request metadata found locally for current branch main
2025-05-30 04:20:02.425 [info] [Review+2] No matching pull request metadata found locally for current branch main
2025-05-30 04:20:03.513 [info] [Activation] Repo state for file:///home/vscode/.nodenv changed.
2025-05-30 04:20:03.513 [info] [Activation] Repo file:///home/vscode/.nodenv has already been setup.
2025-05-30 04:20:04.135 [info] [FolderRepositoryManager+2] Using globalState assignableUsers for 1.
2025-05-30 04:20:04.139 [info] [FolderRepositoryManager+3] Using globalState assignableUsers for 1.
2025-05-30 04:20:04.140 [info] [FolderRepositoryManager+1] Using globalState assignableUsers for 1.
2025-05-30 04:20:04.171 [info] [Review+3] No matching pull request metadata found on GitHub for current branch main
2025-05-30 04:20:04.171 [info] [Review+2] No matching pull request metadata found on GitHub for current branch main
2025-05-30 04:20:04.190 [info] [FolderRepositoryManager+0] Trying to use globalState for assignableUsers.
2025-05-30 04:20:04.240 [info] [Review+0] No matching pull request metadata found locally for current branch main
2025-05-30 04:20:04.977 [info] [Review+1] No matching pull request metadata found on GitHub for current branch master
2025-05-30 04:20:04.985 [info] [FolderRepositoryManager+0] Using globalState assignableUsers for 2.
2025-05-30 04:20:08.517 [info] [Review+0] No matching pull request metadata found on GitHub for current branch main
