2025-05-28 06:40:30.971 [info] Reading sessions from keychain...
2025-05-28 06:40:30.971 [info] Getting sessions for all scopes...
2025-05-28 06:40:30.971 [info] Getting sessions for all scopes...
2025-05-28 06:40:30.971 [info] Getting sessions for all scopes...
2025-05-28 06:40:30.971 [info] Getting sessions for user:email...
2025-05-28 06:40:30.971 [info] Getting sessions for all scopes...
2025-05-28 06:40:30.971 [info] Getting sessions for all scopes...
2025-05-28 06:40:30.971 [info] Getting sessions for all scopes...
2025-05-28 06:40:30.971 [info] Getting sessions for all scopes...
2025-05-28 06:40:30.971 [info] Getting sessions for all scopes...
2025-05-28 06:40:30.971 [info] Got stored sessions!
2025-05-28 06:40:30.971 [info] Got 6 verified sessions.
2025-05-28 06:40:30.971 [info] Got 6 sessions for ...
2025-05-28 06:40:30.971 [info] Got 6 sessions for ...
2025-05-28 06:40:30.971 [info] Got 6 sessions for ...
2025-05-28 06:40:30.971 [info] Got 1 sessions for user:email...
2025-05-28 06:40:30.971 [info] Got 6 sessions for ...
2025-05-28 06:40:30.971 [info] Got 6 sessions for ...
2025-05-28 06:40:30.971 [info] Got 6 sessions for ...
2025-05-28 06:40:30.971 [info] Got 6 sessions for ...
2025-05-28 06:40:30.971 [info] Got 6 sessions for ...
2025-05-28 06:40:30.971 [info] Getting sessions for codespace,read:user,repo,user:email...
2025-05-28 06:40:30.971 [info] Getting sessions for all scopes...
2025-05-28 06:40:30.971 [info] Getting sessions for all scopes...
2025-05-28 06:40:30.971 [info] Getting sessions for all scopes...
2025-05-28 06:40:30.971 [info] Getting sessions for all scopes...
2025-05-28 06:40:30.971 [info] Getting sessions for all scopes...
2025-05-28 06:40:30.971 [info] Getting sessions for all scopes...
2025-05-28 06:40:30.971 [info] Getting sessions for all scopes...
2025-05-28 06:40:30.971 [info] Got 1 sessions for codespace,read:user,repo,user:email...
2025-05-28 06:40:30.971 [info] Got 6 sessions for ...
2025-05-28 06:40:30.971 [info] Got 6 sessions for ...
2025-05-28 06:40:30.971 [info] Got 6 sessions for ...
2025-05-28 06:40:30.971 [info] Got 6 sessions for ...
2025-05-28 06:40:30.971 [info] Got 6 sessions for ...
2025-05-28 06:40:30.971 [info] Got 6 sessions for ...
2025-05-28 06:40:30.971 [info] Got 6 sessions for ...
2025-05-28 06:40:31.058 [info] Getting sessions for all scopes...
2025-05-28 06:40:31.058 [info] Got 6 sessions for ...
2025-05-28 06:40:31.432 [info] Getting sessions for all scopes...
2025-05-28 06:40:31.433 [info] Got 6 sessions for ...
2025-05-28 06:40:31.731 [info] Getting sessions for all scopes...
2025-05-28 06:40:31.731 [info] Got 6 sessions for ...
2025-05-28 06:40:33.495 [info] Getting sessions for all scopes...
2025-05-28 06:40:33.495 [info] Got 6 sessions for ...
2025-05-28 06:40:34.088 [info] Getting sessions for all scopes...
2025-05-28 06:40:34.088 [info] Getting sessions for all scopes...
2025-05-28 06:40:34.088 [info] Got 6 sessions for ...
2025-05-28 06:40:34.089 [info] Got 6 sessions for ...
2025-05-28 06:40:36.950 [info] Getting sessions for read:user,repo,user:email,workflow...
2025-05-28 06:40:36.950 [info] Getting sessions for all scopes...
2025-05-28 06:40:36.950 [info] Got 1 sessions for read:user,repo,user:email,workflow...
2025-05-28 06:40:36.950 [info] Got 6 sessions for ...
2025-05-28 06:40:38.392 [info] Getting sessions for all scopes...
2025-05-28 06:40:38.394 [info] Getting sessions for all scopes...
2025-05-28 06:40:38.394 [info] Getting sessions for project,read:org,read:user,repo,user:email,workflow...
2025-05-28 06:40:38.395 [info] Got 6 sessions for ...
2025-05-28 06:40:38.395 [info] Got 6 sessions for ...
2025-05-28 06:40:38.395 [info] Got 0 sessions for project,read:org,read:user,repo,user:email,workflow...
2025-05-28 06:40:39.502 [info] Getting sessions for read:user,repo,user:email,workflow...
2025-05-28 06:40:39.502 [info] Getting sessions for read:user,repo,user:email,workflow...
2025-05-28 06:40:39.502 [info] Got 1 sessions for read:user,repo,user:email,workflow...
2025-05-28 06:40:39.502 [info] Got 1 sessions for read:user,repo,user:email,workflow...
