2025-05-29 03:23:49.184 [info] Reading sessions from keychain...
2025-05-29 03:23:49.184 [info] Getting sessions for all scopes...
2025-05-29 03:23:49.184 [info] Getting sessions for all scopes...
2025-05-29 03:23:49.184 [info] Getting sessions for all scopes...
2025-05-29 03:23:49.184 [info] Getting sessions for user:email...
2025-05-29 03:23:49.184 [info] Getting sessions for all scopes...
2025-05-29 03:23:49.184 [info] Getting sessions for all scopes...
2025-05-29 03:23:49.184 [info] Getting sessions for all scopes...
2025-05-29 03:23:49.184 [info] Getting sessions for all scopes...
2025-05-29 03:23:49.184 [info] Getting sessions for all scopes...
2025-05-29 03:23:49.184 [info] Got stored sessions!
2025-05-29 03:23:49.184 [info] Got 6 verified sessions.
2025-05-29 03:23:49.184 [info] Got 6 sessions for ...
2025-05-29 03:23:49.184 [info] Got 6 sessions for ...
2025-05-29 03:23:49.184 [info] Got 6 sessions for ...
2025-05-29 03:23:49.184 [info] Got 1 sessions for user:email...
2025-05-29 03:23:49.184 [info] Got 6 sessions for ...
2025-05-29 03:23:49.184 [info] Got 6 sessions for ...
2025-05-29 03:23:49.184 [info] Got 6 sessions for ...
2025-05-29 03:23:49.184 [info] Got 6 sessions for ...
2025-05-29 03:23:49.184 [info] Got 6 sessions for ...
2025-05-29 03:23:50.902 [info] Getting sessions for codespace,read:user,repo,user:email...
2025-05-29 03:23:50.902 [info] Getting sessions for all scopes...
2025-05-29 03:23:50.902 [info] Getting sessions for all scopes...
2025-05-29 03:23:50.902 [info] Getting sessions for all scopes...
2025-05-29 03:23:50.902 [info] Getting sessions for all scopes...
2025-05-29 03:23:50.902 [info] Getting sessions for all scopes...
2025-05-29 03:23:50.902 [info] Getting sessions for all scopes...
2025-05-29 03:23:50.902 [info] Getting sessions for all scopes...
2025-05-29 03:23:50.903 [info] Got 1 sessions for codespace,read:user,repo,user:email...
2025-05-29 03:23:50.903 [info] Got 6 sessions for ...
2025-05-29 03:23:50.903 [info] Got 6 sessions for ...
2025-05-29 03:23:50.903 [info] Got 6 sessions for ...
2025-05-29 03:23:50.903 [info] Got 6 sessions for ...
2025-05-29 03:23:50.903 [info] Got 6 sessions for ...
2025-05-29 03:23:50.903 [info] Got 6 sessions for ...
2025-05-29 03:23:50.903 [info] Got 6 sessions for ...
2025-05-29 03:23:51.979 [info] Getting sessions for all scopes...
2025-05-29 03:23:51.979 [info] Getting sessions for all scopes...
2025-05-29 03:23:51.979 [info] Getting sessions for all scopes...
2025-05-29 03:23:51.979 [info] Got 6 sessions for ...
2025-05-29 03:23:51.979 [info] Got 6 sessions for ...
2025-05-29 03:23:51.979 [info] Got 6 sessions for ...
2025-05-29 03:23:54.527 [info] Getting sessions for all scopes...
2025-05-29 03:23:54.529 [info] Got 6 sessions for ...
2025-05-29 03:23:58.020 [info] Getting sessions for all scopes...
2025-05-29 03:23:58.022 [info] Getting sessions for all scopes...
2025-05-29 03:23:58.025 [info] Got 6 sessions for ...
2025-05-29 03:23:58.025 [info] Got 6 sessions for ...
2025-05-29 03:23:59.931 [info] Getting sessions for read:user,repo,user:email,workflow...
2025-05-29 03:23:59.932 [info] Getting sessions for read:user,repo,user:email,workflow...
2025-05-29 03:23:59.932 [info] Getting sessions for all scopes...
2025-05-29 03:23:59.932 [info] Getting sessions for all scopes...
2025-05-29 03:23:59.932 [info] Got 1 sessions for read:user,repo,user:email,workflow...
2025-05-29 03:23:59.932 [info] Got 1 sessions for read:user,repo,user:email,workflow...
2025-05-29 03:23:59.937 [info] Got 6 sessions for ...
2025-05-29 03:23:59.937 [info] Got 6 sessions for ...
2025-05-29 03:24:06.714 [info] Getting sessions for project,read:org,read:user,repo,user:email,workflow...
2025-05-29 03:24:06.714 [info] Getting sessions for all scopes...
2025-05-29 03:24:06.714 [info] Got 0 sessions for project,read:org,read:user,repo,user:email,workflow...
2025-05-29 03:24:06.714 [info] Got 6 sessions for ...
2025-05-29 03:24:09.090 [info] Getting sessions for read:user,repo,user:email,workflow...
2025-05-29 03:24:09.090 [info] Got 1 sessions for read:user,repo,user:email,workflow...
2025-05-29 03:24:09.627 [info] Getting sessions for all scopes...
2025-05-29 03:24:09.627 [info] Getting sessions for all scopes...
2025-05-29 03:24:09.627 [info] Got 6 sessions for ...
2025-05-29 03:24:09.627 [info] Got 6 sessions for ...
2025-05-29 03:24:09.982 [info] Getting sessions for read:user,repo,user:email,workflow...
2025-05-29 03:24:09.983 [info] Got 1 sessions for read:user,repo,user:email,workflow...
2025-05-29 03:24:10.828 [info] Getting sessions for read:user,repo,user:email,workflow...
2025-05-29 03:24:10.829 [info] Got 1 sessions for read:user,repo,user:email,workflow...
2025-05-29 03:24:10.919 [info] Getting sessions for read:user,repo,user:email,workflow...
2025-05-29 03:24:10.920 [info] Got 1 sessions for read:user,repo,user:email,workflow...
2025-05-29 03:24:17.173 [info] Getting sessions for read:user,repo,user:email,workflow...
2025-05-29 03:24:17.174 [info] Got 1 sessions for read:user,repo,user:email,workflow...
2025-05-29 03:24:19.029 [info] Getting sessions for all scopes...
2025-05-29 03:24:19.029 [info] Getting sessions for all scopes...
2025-05-29 03:24:19.029 [info] Got 6 sessions for ...
2025-05-29 03:24:19.029 [info] Got 6 sessions for ...
2025-05-29 03:24:22.514 [info] Getting sessions for read:user,repo,user:email,workflow...
2025-05-29 03:24:22.514 [info] Got 1 sessions for read:user,repo,user:email,workflow...
2025-05-29 03:24:22.747 [info] Getting sessions for read:user,repo,user:email,workflow...
2025-05-29 03:24:22.747 [info] Got 1 sessions for read:user,repo,user:email,workflow...
2025-05-29 03:24:23.286 [info] Getting sessions for all scopes...
2025-05-29 03:24:23.286 [info] Got 6 sessions for ...
2025-05-29 03:24:23.724 [info] Getting sessions for read:user,repo,user:email,workflow...
2025-05-29 03:24:23.725 [info] Got 1 sessions for read:user,repo,user:email,workflow...
2025-05-29 03:24:24.645 [info] Getting sessions for all scopes...
2025-05-29 03:24:24.645 [info] Got 6 sessions for ...
2025-05-29 03:24:25.071 [info] Getting sessions for read:user,repo,user:email,workflow...
2025-05-29 03:24:25.071 [info] Got 1 sessions for read:user,repo,user:email,workflow...
2025-05-29 03:24:25.296 [info] Getting sessions for all scopes...
2025-05-29 03:24:25.296 [info] Got 6 sessions for ...
2025-05-29 03:24:25.474 [info] Getting sessions for all scopes...
2025-05-29 03:24:25.474 [info] Got 6 sessions for ...
2025-05-29 03:24:26.333 [info] Getting sessions for all scopes...
2025-05-29 03:24:26.334 [info] Got 6 sessions for ...
2025-05-29 03:24:26.664 [info] Getting sessions for read:user,repo,user:email,workflow...
2025-05-29 03:24:26.664 [info] Got 1 sessions for read:user,repo,user:email,workflow...
2025-05-29 03:28:51.307 [info] Getting sessions for all scopes...
2025-05-29 03:28:51.308 [info] Got 6 sessions for ...
2025-05-29 03:28:51.598 [info] Getting sessions for read:user,repo,user:email,workflow...
2025-05-29 03:28:51.598 [info] Got 1 sessions for read:user,repo,user:email,workflow...
2025-05-29 03:33:51.308 [info] Getting sessions for all scopes...
2025-05-29 03:33:51.309 [info] Got 6 sessions for ...
2025-05-29 03:33:51.604 [info] Getting sessions for read:user,repo,user:email,workflow...
2025-05-29 03:33:51.604 [info] Got 1 sessions for read:user,repo,user:email,workflow...
2025-05-29 03:38:51.317 [info] Getting sessions for all scopes...
2025-05-29 03:38:51.317 [info] Got 6 sessions for ...
2025-05-29 03:38:51.619 [info] Getting sessions for read:user,repo,user:email,workflow...
2025-05-29 03:38:51.619 [info] Got 1 sessions for read:user,repo,user:email,workflow...
2025-05-29 03:39:27.029 [info] Getting sessions for all scopes...
2025-05-29 03:39:27.029 [info] Got 6 sessions for ...
2025-05-29 03:39:27.528 [info] Getting sessions for read:user,repo,user:email,workflow...
2025-05-29 03:39:27.528 [info] Got 1 sessions for read:user,repo,user:email,workflow...
2025-05-29 03:43:51.311 [info] Getting sessions for all scopes...
2025-05-29 03:43:51.311 [info] Got 6 sessions for ...
2025-05-29 03:43:51.618 [info] Getting sessions for read:user,repo,user:email,workflow...
2025-05-29 03:43:51.618 [info] Got 1 sessions for read:user,repo,user:email,workflow...
2025-05-29 03:48:51.397 [info] Getting sessions for all scopes...
2025-05-29 03:48:51.398 [info] Got 6 sessions for ...
2025-05-29 03:48:51.702 [info] Getting sessions for read:user,repo,user:email,workflow...
2025-05-29 03:48:51.702 [info] Got 1 sessions for read:user,repo,user:email,workflow...
2025-05-29 03:49:55.656 [info] Getting sessions for read:user,repo,user:email,workflow...
2025-05-29 03:49:55.656 [info] Got 1 sessions for read:user,repo,user:email,workflow...
2025-05-29 03:53:51.331 [info] Getting sessions for all scopes...
2025-05-29 03:53:51.331 [info] Got 6 sessions for ...
2025-05-29 03:53:51.649 [info] Getting sessions for read:user,repo,user:email,workflow...
2025-05-29 03:53:51.649 [info] Got 1 sessions for read:user,repo,user:email,workflow...
2025-05-29 03:54:27.893 [info] Getting sessions for all scopes...
2025-05-29 03:54:27.893 [info] Got 6 sessions for ...
2025-05-29 03:54:28.205 [info] Getting sessions for read:user,repo,user:email,workflow...
2025-05-29 03:54:28.205 [info] Got 1 sessions for read:user,repo,user:email,workflow...
2025-05-29 03:54:28.510 [info] Getting sessions for all scopes...
2025-05-29 03:54:28.510 [info] Got 6 sessions for ...
2025-05-29 03:54:28.816 [info] Getting sessions for read:user,repo,user:email,workflow...
2025-05-29 03:54:28.816 [info] Got 1 sessions for read:user,repo,user:email,workflow...
2025-05-29 03:54:30.617 [info] Getting sessions for all scopes...
2025-05-29 03:54:30.617 [info] Getting sessions for all scopes...
2025-05-29 03:54:30.617 [info] Got 6 sessions for ...
2025-05-29 03:54:30.617 [info] Got 6 sessions for ...
2025-05-29 03:54:30.934 [info] Getting sessions for read:user,repo,user:email,workflow...
2025-05-29 03:54:30.934 [info] Got 1 sessions for read:user,repo,user:email,workflow...
2025-05-29 03:54:31.281 [info] Getting sessions for all scopes...
2025-05-29 03:54:31.281 [info] Got 6 sessions for ...
2025-05-29 03:54:31.577 [info] Getting sessions for read:user,repo,user:email,workflow...
2025-05-29 03:54:31.577 [info] Got 1 sessions for read:user,repo,user:email,workflow...
2025-05-29 03:54:31.939 [info] Getting sessions for all scopes...
2025-05-29 03:54:31.939 [info] Got 6 sessions for ...
2025-05-29 03:54:32.241 [info] Getting sessions for read:user,repo,user:email,workflow...
2025-05-29 03:54:32.241 [info] Got 1 sessions for read:user,repo,user:email,workflow...
2025-05-29 03:58:51.310 [info] Getting sessions for all scopes...
2025-05-29 03:58:51.310 [info] Got 6 sessions for ...
2025-05-29 03:58:51.610 [info] Getting sessions for read:user,repo,user:email,workflow...
2025-05-29 03:58:51.610 [info] Got 1 sessions for read:user,repo,user:email,workflow...
2025-05-29 04:03:51.310 [info] Getting sessions for all scopes...
2025-05-29 04:03:51.310 [info] Got 6 sessions for ...
2025-05-29 04:03:51.618 [info] Getting sessions for read:user,repo,user:email,workflow...
2025-05-29 04:03:51.618 [info] Got 1 sessions for read:user,repo,user:email,workflow...
2025-05-29 04:08:51.328 [info] Getting sessions for all scopes...
2025-05-29 04:08:51.328 [info] Got 6 sessions for ...
2025-05-29 04:08:51.669 [info] Getting sessions for read:user,repo,user:email,workflow...
2025-05-29 04:08:51.669 [info] Got 1 sessions for read:user,repo,user:email,workflow...
2025-05-29 04:09:32.569 [info] Getting sessions for all scopes...
2025-05-29 04:09:32.569 [info] Got 6 sessions for ...
2025-05-29 04:09:32.867 [info] Getting sessions for read:user,repo,user:email,workflow...
2025-05-29 04:09:32.867 [info] Got 1 sessions for read:user,repo,user:email,workflow...
2025-05-29 04:09:33.173 [info] Getting sessions for all scopes...
2025-05-29 04:09:33.173 [info] Got 6 sessions for ...
2025-05-29 04:09:33.478 [info] Getting sessions for read:user,repo,user:email,workflow...
2025-05-29 04:09:33.478 [info] Got 1 sessions for read:user,repo,user:email,workflow...
2025-05-29 04:13:51.311 [info] Getting sessions for all scopes...
2025-05-29 04:13:51.311 [info] Got 6 sessions for ...
2025-05-29 04:13:51.615 [info] Getting sessions for read:user,repo,user:email,workflow...
2025-05-29 04:13:51.615 [info] Got 1 sessions for read:user,repo,user:email,workflow...
2025-05-29 04:14:56.298 [info] Getting sessions for read:user,repo,user:email,workflow...
2025-05-29 04:14:56.298 [info] Got 1 sessions for read:user,repo,user:email,workflow...
2025-05-29 04:18:51.382 [info] Getting sessions for all scopes...
2025-05-29 04:18:51.382 [info] Got 6 sessions for ...
2025-05-29 04:18:51.693 [info] Getting sessions for read:user,repo,user:email,workflow...
2025-05-29 04:18:51.693 [info] Got 1 sessions for read:user,repo,user:email,workflow...
2025-05-29 04:23:51.312 [info] Getting sessions for all scopes...
2025-05-29 04:23:51.312 [info] Got 6 sessions for ...
2025-05-29 04:23:51.613 [info] Getting sessions for read:user,repo,user:email,workflow...
2025-05-29 04:23:51.613 [info] Got 1 sessions for read:user,repo,user:email,workflow...
2025-05-29 04:24:34.885 [info] Getting sessions for all scopes...
2025-05-29 04:24:34.885 [info] Got 6 sessions for ...
2025-05-29 04:24:35.187 [info] Getting sessions for read:user,repo,user:email,workflow...
2025-05-29 04:24:35.187 [info] Got 1 sessions for read:user,repo,user:email,workflow...
2025-05-29 04:24:35.492 [info] Getting sessions for all scopes...
2025-05-29 04:24:35.492 [info] Got 6 sessions for ...
2025-05-29 04:24:35.798 [info] Getting sessions for read:user,repo,user:email,workflow...
2025-05-29 04:24:35.798 [info] Got 1 sessions for read:user,repo,user:email,workflow...
2025-05-29 04:24:37.712 [info] Getting sessions for all scopes...
2025-05-29 04:24:37.712 [info] Getting sessions for all scopes...
2025-05-29 04:24:37.712 [info] Got 6 sessions for ...
2025-05-29 04:24:37.712 [info] Got 6 sessions for ...
2025-05-29 04:24:38.027 [info] Getting sessions for read:user,repo,user:email,workflow...
2025-05-29 04:24:38.028 [info] Got 1 sessions for read:user,repo,user:email,workflow...
2025-05-29 04:24:38.379 [info] Getting sessions for all scopes...
2025-05-29 04:24:38.379 [info] Got 6 sessions for ...
2025-05-29 04:24:38.677 [info] Getting sessions for read:user,repo,user:email,workflow...
2025-05-29 04:24:38.677 [info] Got 1 sessions for read:user,repo,user:email,workflow...
2025-05-29 04:24:39.038 [info] Getting sessions for all scopes...
2025-05-29 04:24:39.038 [info] Got 6 sessions for ...
2025-05-29 04:24:39.346 [info] Getting sessions for read:user,repo,user:email,workflow...
2025-05-29 04:24:39.346 [info] Got 1 sessions for read:user,repo,user:email,workflow...
2025-05-29 04:28:51.317 [info] Getting sessions for all scopes...
2025-05-29 04:28:51.317 [info] Got 6 sessions for ...
2025-05-29 04:28:51.718 [info] Getting sessions for read:user,repo,user:email,workflow...
2025-05-29 04:28:51.718 [info] Got 1 sessions for read:user,repo,user:email,workflow...
2025-05-29 04:33:51.320 [info] Getting sessions for all scopes...
2025-05-29 04:33:51.320 [info] Got 6 sessions for ...
2025-05-29 04:33:51.632 [info] Getting sessions for read:user,repo,user:email,workflow...
2025-05-29 04:33:51.633 [info] Got 1 sessions for read:user,repo,user:email,workflow...
2025-05-29 04:40:10.005 [info] Getting sessions for all scopes...
2025-05-29 04:40:10.005 [info] Got 6 sessions for ...
2025-05-29 04:41:10.007 [info] Getting sessions for all scopes...
2025-05-29 04:41:10.008 [info] Got 6 sessions for ...
2025-05-29 04:43:10.011 [info] Getting sessions for read:user,repo,user:email,workflow...
2025-05-29 04:43:10.011 [info] Got 1 sessions for read:user,repo,user:email,workflow...
2025-05-29 04:48:51.401 [info] Getting sessions for all scopes...
2025-05-29 04:48:51.401 [info] Got 6 sessions for ...
2025-05-29 04:48:51.706 [info] Getting sessions for read:user,repo,user:email,workflow...
2025-05-29 04:48:51.706 [info] Got 1 sessions for read:user,repo,user:email,workflow...
2025-05-29 04:49:52.674 [info] Getting sessions for read:user,repo,user:email,workflow...
2025-05-29 04:49:52.674 [info] Got 1 sessions for read:user,repo,user:email,workflow...
2025-05-29 04:53:51.319 [info] Getting sessions for all scopes...
2025-05-29 04:53:51.319 [info] Got 6 sessions for ...
2025-05-29 04:53:51.613 [info] Getting sessions for read:user,repo,user:email,workflow...
2025-05-29 04:53:51.614 [info] Got 1 sessions for read:user,repo,user:email,workflow...
2025-05-29 04:58:51.375 [info] Getting sessions for all scopes...
2025-05-29 04:58:51.375 [info] Got 6 sessions for ...
2025-05-29 04:58:51.674 [info] Getting sessions for read:user,repo,user:email,workflow...
2025-05-29 04:58:51.674 [info] Got 1 sessions for read:user,repo,user:email,workflow...
2025-05-29 04:59:31.666 [info] Getting sessions for all scopes...
2025-05-29 04:59:31.666 [info] Got 6 sessions for ...
2025-05-29 04:59:31.963 [info] Getting sessions for read:user,repo,user:email,workflow...
2025-05-29 04:59:31.963 [info] Got 1 sessions for read:user,repo,user:email,workflow...
2025-05-29 04:59:32.267 [info] Getting sessions for all scopes...
2025-05-29 04:59:32.267 [info] Got 6 sessions for ...
2025-05-29 04:59:32.580 [info] Getting sessions for read:user,repo,user:email,workflow...
2025-05-29 04:59:32.580 [info] Got 1 sessions for read:user,repo,user:email,workflow...
2025-05-29 04:59:34.333 [info] Getting sessions for all scopes...
2025-05-29 04:59:34.333 [info] Getting sessions for all scopes...
2025-05-29 04:59:34.333 [info] Got 6 sessions for ...
2025-05-29 04:59:34.333 [info] Got 6 sessions for ...
2025-05-29 04:59:34.677 [info] Getting sessions for read:user,repo,user:email,workflow...
2025-05-29 04:59:34.677 [info] Got 1 sessions for read:user,repo,user:email,workflow...
2025-05-29 04:59:34.998 [info] Getting sessions for all scopes...
2025-05-29 04:59:34.998 [info] Got 6 sessions for ...
2025-05-29 04:59:35.303 [info] Getting sessions for read:user,repo,user:email,workflow...
2025-05-29 04:59:35.304 [info] Got 1 sessions for read:user,repo,user:email,workflow...
2025-05-29 04:59:35.654 [info] Getting sessions for all scopes...
2025-05-29 04:59:35.654 [info] Got 6 sessions for ...
2025-05-29 04:59:35.974 [info] Getting sessions for read:user,repo,user:email,workflow...
2025-05-29 04:59:35.974 [info] Got 1 sessions for read:user,repo,user:email,workflow...
2025-05-29 05:04:11.158 [info] Getting sessions for all scopes...
2025-05-29 05:04:11.158 [info] Got 6 sessions for ...
2025-05-29 05:04:11.462 [info] Getting sessions for read:user,repo,user:email,workflow...
2025-05-29 05:04:11.462 [info] Got 1 sessions for read:user,repo,user:email,workflow...
2025-05-29 05:07:04.261 [info] Getting sessions for read:user,repo,user:email,workflow...
2025-05-29 05:07:04.261 [info] Got 1 sessions for read:user,repo,user:email,workflow...
2025-05-29 05:07:05.245 [info] Getting sessions for read:user,repo,user:email,workflow...
2025-05-29 05:07:05.245 [info] Got 1 sessions for read:user,repo,user:email,workflow...
2025-05-29 05:07:56.519 [info] Getting sessions for read:user,repo,user:email,workflow...
2025-05-29 05:07:56.519 [info] Got 1 sessions for read:user,repo,user:email,workflow...
2025-05-29 05:08:51.330 [info] Getting sessions for all scopes...
2025-05-29 05:08:51.330 [info] Got 6 sessions for ...
2025-05-29 05:08:51.643 [info] Getting sessions for read:user,repo,user:email,workflow...
2025-05-29 05:08:51.643 [info] Got 1 sessions for read:user,repo,user:email,workflow...
2025-05-29 05:13:51.316 [info] Getting sessions for all scopes...
2025-05-29 05:13:51.316 [info] Got 6 sessions for ...
2025-05-29 05:13:51.630 [info] Getting sessions for read:user,repo,user:email,workflow...
2025-05-29 05:13:51.630 [info] Got 1 sessions for read:user,repo,user:email,workflow...
2025-05-29 05:14:36.269 [info] Getting sessions for all scopes...
2025-05-29 05:14:36.269 [info] Got 6 sessions for ...
2025-05-29 05:14:36.610 [info] Getting sessions for read:user,repo,user:email,workflow...
2025-05-29 05:14:36.610 [info] Got 1 sessions for read:user,repo,user:email,workflow...
2025-05-29 05:14:36.907 [info] Getting sessions for all scopes...
2025-05-29 05:14:36.907 [info] Got 6 sessions for ...
2025-05-29 05:14:37.233 [info] Getting sessions for read:user,repo,user:email,workflow...
2025-05-29 05:14:37.233 [info] Got 1 sessions for read:user,repo,user:email,workflow...
2025-05-29 05:18:51.406 [info] Getting sessions for all scopes...
2025-05-29 05:18:51.406 [info] Got 6 sessions for ...
2025-05-29 05:18:51.700 [info] Getting sessions for read:user,repo,user:email,workflow...
2025-05-29 05:18:51.700 [info] Got 1 sessions for read:user,repo,user:email,workflow...
2025-05-29 05:20:56.165 [info] Getting sessions for all scopes...
2025-05-29 05:20:56.165 [info] Got 6 sessions for ...
2025-05-29 05:20:56.468 [info] Getting sessions for read:user,repo,user:email,workflow...
2025-05-29 05:20:56.468 [info] Got 1 sessions for read:user,repo,user:email,workflow...
2025-05-29 05:20:56.796 [info] Getting sessions for all scopes...
2025-05-29 05:20:56.796 [info] Got 6 sessions for ...
2025-05-29 05:20:57.106 [info] Getting sessions for read:user,repo,user:email,workflow...
2025-05-29 05:20:57.106 [info] Got 1 sessions for read:user,repo,user:email,workflow...
2025-05-29 05:20:58.925 [info] Getting sessions for all scopes...
2025-05-29 05:20:58.925 [info] Getting sessions for all scopes...
2025-05-29 05:20:58.925 [info] Got 6 sessions for ...
2025-05-29 05:20:58.925 [info] Got 6 sessions for ...
2025-05-29 05:20:59.227 [info] Getting sessions for read:user,repo,user:email,workflow...
2025-05-29 05:20:59.227 [info] Got 1 sessions for read:user,repo,user:email,workflow...
2025-05-29 05:20:59.537 [info] Getting sessions for all scopes...
2025-05-29 05:20:59.537 [info] Got 6 sessions for ...
2025-05-29 05:20:59.859 [info] Getting sessions for read:user,repo,user:email,workflow...
2025-05-29 05:20:59.859 [info] Got 1 sessions for read:user,repo,user:email,workflow...
2025-05-29 05:21:00.205 [info] Getting sessions for all scopes...
2025-05-29 05:21:00.205 [info] Got 6 sessions for ...
2025-05-29 05:21:00.510 [info] Getting sessions for read:user,repo,user:email,workflow...
2025-05-29 05:21:00.510 [info] Got 1 sessions for read:user,repo,user:email,workflow...
2025-05-29 05:21:03.876 [info] Getting sessions for all scopes...
2025-05-29 05:21:03.876 [info] Got 6 sessions for ...
2025-05-29 05:21:04.185 [info] Getting sessions for read:user,repo,user:email,workflow...
2025-05-29 05:21:04.185 [info] Got 1 sessions for read:user,repo,user:email,workflow...
2025-05-29 05:23:51.336 [info] Getting sessions for all scopes...
2025-05-29 05:23:51.337 [info] Got 6 sessions for ...
2025-05-29 05:23:51.645 [info] Getting sessions for read:user,repo,user:email,workflow...
2025-05-29 05:23:51.645 [info] Got 1 sessions for read:user,repo,user:email,workflow...
2025-05-29 05:27:10.013 [info] Getting sessions for all scopes...
2025-05-29 05:27:10.013 [info] Got 6 sessions for ...
2025-05-29 05:27:14.826 [info] Getting sessions for read:user,repo,user:email,workflow...
2025-05-29 05:27:14.826 [info] Got 1 sessions for read:user,repo,user:email,workflow...
2025-05-29 05:27:20.138 [info] Getting sessions for all scopes...
2025-05-29 05:27:20.138 [info] Got 6 sessions for ...
2025-05-29 05:27:25.573 [info] Getting sessions for read:user,repo,user:email,workflow...
2025-05-29 05:27:25.573 [info] Got 1 sessions for read:user,repo,user:email,workflow...
2025-05-29 05:27:30.968 [info] Getting sessions for all scopes...
2025-05-29 05:27:30.968 [info] Got 6 sessions for ...
2025-05-29 05:27:35.796 [info] Getting sessions for read:user,repo,user:email,workflow...
2025-05-29 05:27:35.796 [info] Got 1 sessions for read:user,repo,user:email,workflow...
2025-05-29 05:29:40.250 [info] Getting sessions for all scopes...
2025-05-29 05:29:40.250 [info] Got 6 sessions for ...
2025-05-29 05:30:56.197 [info] Getting sessions for read:user,repo,user:email,workflow...
2025-05-29 05:30:56.197 [info] Got 1 sessions for read:user,repo,user:email,workflow...
2025-05-29 05:33:51.395 [info] Getting sessions for all scopes...
2025-05-29 05:33:51.395 [info] Got 6 sessions for ...
2025-05-29 05:33:51.705 [info] Getting sessions for read:user,repo,user:email,workflow...
2025-05-29 05:33:51.705 [info] Got 1 sessions for read:user,repo,user:email,workflow...
2025-05-29 05:36:00.819 [info] Getting sessions for all scopes...
2025-05-29 05:36:00.819 [info] Got 6 sessions for ...
2025-05-29 05:36:01.120 [info] Getting sessions for read:user,repo,user:email,workflow...
2025-05-29 05:36:01.120 [info] Got 1 sessions for read:user,repo,user:email,workflow...
2025-05-29 05:38:51.328 [info] Getting sessions for all scopes...
2025-05-29 05:38:51.328 [info] Got 6 sessions for ...
2025-05-29 05:38:51.654 [info] Getting sessions for read:user,repo,user:email,workflow...
2025-05-29 05:38:51.654 [info] Got 1 sessions for read:user,repo,user:email,workflow...
2025-05-29 05:43:51.322 [info] Getting sessions for all scopes...
2025-05-29 05:43:51.322 [info] Got 6 sessions for ...
2025-05-29 05:43:51.650 [info] Getting sessions for read:user,repo,user:email,workflow...
2025-05-29 05:43:51.650 [info] Got 1 sessions for read:user,repo,user:email,workflow...
2025-05-29 05:48:51.316 [info] Getting sessions for all scopes...
2025-05-29 05:48:51.316 [info] Got 6 sessions for ...
2025-05-29 05:48:51.646 [info] Getting sessions for read:user,repo,user:email,workflow...
2025-05-29 05:48:51.646 [info] Got 1 sessions for read:user,repo,user:email,workflow...
2025-05-29 05:51:01.443 [info] Getting sessions for all scopes...
2025-05-29 05:51:01.443 [info] Got 6 sessions for ...
2025-05-29 05:51:01.753 [info] Getting sessions for read:user,repo,user:email,workflow...
2025-05-29 05:51:01.753 [info] Got 1 sessions for read:user,repo,user:email,workflow...
2025-05-29 05:51:02.062 [info] Getting sessions for all scopes...
2025-05-29 05:51:02.062 [info] Got 6 sessions for ...
2025-05-29 05:51:02.371 [info] Getting sessions for read:user,repo,user:email,workflow...
2025-05-29 05:51:02.371 [info] Got 1 sessions for read:user,repo,user:email,workflow...
2025-05-29 05:51:04.322 [info] Getting sessions for all scopes...
2025-05-29 05:51:04.322 [info] Getting sessions for all scopes...
2025-05-29 05:51:04.322 [info] Got 6 sessions for ...
2025-05-29 05:51:04.322 [info] Got 6 sessions for ...
2025-05-29 05:51:04.623 [info] Getting sessions for read:user,repo,user:email,workflow...
2025-05-29 05:51:04.623 [info] Got 1 sessions for read:user,repo,user:email,workflow...
2025-05-29 05:51:04.937 [info] Getting sessions for all scopes...
2025-05-29 05:51:04.937 [info] Got 6 sessions for ...
2025-05-29 05:51:05.239 [info] Getting sessions for read:user,repo,user:email,workflow...
2025-05-29 05:51:05.239 [info] Got 1 sessions for read:user,repo,user:email,workflow...
2025-05-29 05:51:05.592 [info] Getting sessions for all scopes...
2025-05-29 05:51:05.592 [info] Got 6 sessions for ...
2025-05-29 05:51:05.893 [info] Getting sessions for read:user,repo,user:email,workflow...
2025-05-29 05:51:05.893 [info] Got 1 sessions for read:user,repo,user:email,workflow...
2025-05-29 05:53:51.322 [info] Getting sessions for all scopes...
2025-05-29 05:53:51.322 [info] Got 6 sessions for ...
2025-05-29 05:53:51.655 [info] Getting sessions for read:user,repo,user:email,workflow...
2025-05-29 05:53:51.655 [info] Got 1 sessions for read:user,repo,user:email,workflow...
2025-05-29 05:58:51.325 [info] Getting sessions for all scopes...
2025-05-29 05:58:51.325 [info] Got 6 sessions for ...
2025-05-29 05:58:51.626 [info] Getting sessions for read:user,repo,user:email,workflow...
2025-05-29 05:58:51.626 [info] Got 1 sessions for read:user,repo,user:email,workflow...
