2025-05-30 06:18:29.900 [warning] /home/vscode/.ssh/config: ENOENT: no such file or directory, open '/home/vscode/.ssh/config'
2025-05-30 06:18:29.900 [info] [Activation] Extension version: 0.110.0
2025-05-30 06:18:38.050 [info] [Authentication] Creating hub for .com
2025-05-30 06:18:39.745 [info] [Activation] Looking for git repository
2025-05-30 06:18:39.745 [info] [Activation] Found 0 repositories during activation
2025-05-30 06:18:39.745 [info] [Activation] Git repository found, initializing review manager and pr tree view.
2025-05-30 06:18:39.757 [info] [GitAPI] Registering git provider
2025-05-30 06:18:39.757 [info] [Review+0] Validate state in progress
2025-05-30 06:18:39.757 [info] [Review+0] Validating state...
2025-05-30 06:18:39.757 [info] [Review+1] Validate state in progress
2025-05-30 06:18:39.757 [info] [Review+1] Validating state...
2025-05-30 06:18:39.757 [info] [Review+2] Validate state in progress
2025-05-30 06:18:39.757 [info] [Review+2] Validating state...
2025-05-30 06:18:39.757 [info] [Review+3] Validate state in progress
2025-05-30 06:18:39.757 [info] [Review+3] Validating state...
2025-05-30 06:18:40.256 [info] [FolderRepositoryManager+0] Found GitHub remote for folder /home/vscode/environment
2025-05-30 06:18:40.257 [info] [FolderRepositoryManager+1] Found GitHub remote for folder /home/vscode/.oh-my-zsh
2025-05-30 06:18:40.257 [info] [FolderRepositoryManager+2] Found GitHub remote for folder /home/vscode/.nodenv
2025-05-30 06:18:40.257 [info] [FolderRepositoryManager+3] Found GitHub remote for folder /home/vscode
2025-05-30 06:18:44.408 [info] [FolderRepositoryManager+1] Trying to use globalState for assignableUsers.
2025-05-30 06:18:44.470 [info] [FolderRepositoryManager+3] Trying to use globalState for assignableUsers.
2025-05-30 06:18:44.509 [info] [FolderRepositoryManager+0] Trying to use globalState for assignableUsers.
2025-05-30 06:18:44.633 [info] [Review+3] No matching pull request metadata found locally for current branch main
2025-05-30 06:18:44.644 [info] [Review+1] No matching pull request metadata found locally for current branch master
2025-05-30 06:18:44.719 [info] [Review+0] No matching pull request metadata found locally for current branch main
2025-05-30 06:18:45.271 [info] [FolderRepositoryManager+2] Trying to use globalState for assignableUsers.
2025-05-30 06:18:45.533 [info] [Review+2] No matching pull request metadata found locally for current branch main
2025-05-30 06:18:46.189 [info] [FolderRepositoryManager+1] Using globalState assignableUsers for 1.
2025-05-30 06:18:46.194 [info] [FolderRepositoryManager+3] Using globalState assignableUsers for 1.
2025-05-30 06:18:46.199 [info] [Review+3] No matching pull request metadata found on GitHub for current branch main
2025-05-30 06:18:46.210 [info] [FolderRepositoryManager+0] Using globalState assignableUsers for 2.
2025-05-30 06:18:46.226 [info] [Review+0] No matching pull request metadata found on GitHub for current branch main
2025-05-30 06:18:46.418 [info] [FolderRepositoryManager+2] Using globalState assignableUsers for 1.
2025-05-30 06:18:47.291 [info] [Review+2] No matching pull request metadata found on GitHub for current branch main
2025-05-30 06:18:47.297 [info] [Review+1] No matching pull request metadata found on GitHub for current branch master
2025-05-30 06:21:39.839 [info] [Activation] Repo state for file:///home/vscode changed.
2025-05-30 06:21:39.840 [info] [Activation] Repo file:///home/vscode has already been setup.
