2025-05-29 12:30:50.526 [info] [main] ログ レベル: Info
2025-05-29 12:30:50.526 [info] [main] Git の検証が検出されました: "git"
2025-05-29 12:30:50.526 [info] [main] "git" から Git "2.49.0" を使用しています
2025-05-29 12:30:50.526 [info] [Model][doInitialScan] Initial repository scan started
2025-05-29 12:30:50.526 [info] > git rev-parse --show-toplevel [8ms]
2025-05-29 12:30:50.526 [info] > git rev-parse --git-dir --git-common-dir [1ms]
2025-05-29 12:30:50.526 [info] [Model][openRepository] Opened repository (path): /home/vscode
2025-05-29 12:30:50.526 [info] [Model][openRepository] Opened repository (real path): /home/vscode
2025-05-29 12:30:50.526 [info] > git config --get commit.template [13ms]
2025-05-29 12:30:50.526 [info] > git rev-parse --show-toplevel [5ms]
2025-05-29 12:30:50.526 [info] > git rev-parse --show-toplevel [1ms]
2025-05-29 12:30:50.526 [info] > git for-each-ref --format=%(refname)%00%(upstream:short)%00%(objectname)%00%(upstream:track)%00%(upstream:remotename)%00%(upstream:remoteref) refs/heads/main refs/remotes/main [13ms]
2025-05-29 12:30:50.526 [info] > git for-each-ref --sort -committerdate --format %(refname)%00%(objectname)%00%(*objectname) [39ms]
2025-05-29 12:30:50.526 [info] > git rev-parse --show-toplevel [6ms]
2025-05-29 12:30:50.526 [info] > git rev-parse --show-toplevel [1ms]
2025-05-29 12:30:50.526 [info] > git rev-parse --git-dir --git-common-dir [3ms]
2025-05-29 12:30:50.526 [info] [Model][openRepository] Opened repository (path): /home/vscode/.nodenv
2025-05-29 12:30:50.526 [info] [Model][openRepository] Opened repository (real path): /home/vscode/.nodenv
2025-05-29 12:30:50.526 [info] > git rev-parse --show-toplevel [2ms]
2025-05-29 12:30:50.526 [info] > git config --get commit.template [16ms]
2025-05-29 12:30:50.526 [info] > git rev-parse --show-toplevel [10ms]
2025-05-29 12:30:50.526 [info] > git rev-parse --git-dir --git-common-dir [2ms]
2025-05-29 12:30:50.526 [info] [Model][openRepository] Opened repository (path): /home/vscode/.oh-my-zsh
2025-05-29 12:30:50.526 [info] [Model][openRepository] Opened repository (real path): /home/vscode/.oh-my-zsh
2025-05-29 12:30:50.526 [info] > git for-each-ref --format=%(refname)%00%(upstream:short)%00%(objectname)%00%(upstream:track)%00%(upstream:remotename)%00%(upstream:remoteref) refs/heads/main refs/remotes/main [27ms]
2025-05-29 12:30:50.526 [warning] [Git][revParse] Unable to read file: ENOENT: no such file or directory, open '/home/vscode/.nodenv/.git/refs/remotes/origin/main'
2025-05-29 12:30:50.526 [info] > git rev-parse refs/remotes/origin/main [4ms]
2025-05-29 12:30:50.526 [info] > git rev-parse --show-toplevel [31ms]
2025-05-29 12:30:50.526 [info] > git config --get commit.template [39ms]
2025-05-29 12:30:50.526 [info] > git status -z -uall [15ms]
2025-05-29 12:30:50.526 [info] > git rev-parse --show-toplevel [7ms]
2025-05-29 12:30:50.526 [info] > git rev-parse --show-toplevel [1ms]
2025-05-29 12:30:50.526 [info] > git rev-parse --git-dir --git-common-dir [1ms]
2025-05-29 12:30:50.526 [info] [Model][openRepository] Opened repository (path): /home/vscode/environment
2025-05-29 12:30:50.526 [info] [Model][openRepository] Opened repository (real path): /home/vscode/environment
2025-05-29 12:30:50.526 [info] [Model][doInitialScan] Initial repository scan completed - repositories (4), closed repositories (0), parent repositories (0), unsafe repositories (0)
2025-05-29 12:30:50.526 [info] > git for-each-ref --sort -committerdate --format %(refname)%00%(objectname)%00%(*objectname) [54ms]
2025-05-29 12:30:50.526 [info] > git config --get commit.template [43ms]
2025-05-29 12:30:50.526 [info] > git for-each-ref --format=%(refname)%00%(upstream:short)%00%(objectname)%00%(upstream:track)%00%(upstream:remotename)%00%(upstream:remoteref) refs/heads/main refs/remotes/main [25ms]
2025-05-29 12:30:50.526 [info] > git for-each-ref --format=%(refname)%00%(upstream:short)%00%(objectname)%00%(upstream:track)%00%(upstream:remotename)%00%(upstream:remoteref) refs/heads/main refs/remotes/main [70ms]
2025-05-29 12:30:50.526 [info] > git for-each-ref --format=%(refname)%00%(upstream:short)%00%(objectname)%00%(upstream:track)%00%(upstream:remotename)%00%(upstream:remoteref) refs/heads/master refs/remotes/master [110ms]
2025-05-29 12:30:50.526 [warning] [Git][revParse] Unable to read file: ENOENT: no such file or directory, open '/home/vscode/environment/.git/refs/remotes/origin/main'
2025-05-29 12:30:50.526 [warning] [Git][revParse] Unable to read file: ENOENT: no such file or directory, open '/home/vscode/.oh-my-zsh/.git/refs/remotes/origin/master'
2025-05-29 12:30:50.526 [info] > git config --get --local branch.main.vscode-merge-base [33ms]
2025-05-29 12:30:50.526 [info] > git config --get commit.template [71ms]
2025-05-29 12:30:50.526 [info] > git for-each-ref --format=%(refname)%00%(upstream:short)%00%(objectname)%00%(upstream:track)%00%(upstream:remotename)%00%(upstream:remoteref) refs/heads/origin/main refs/remotes/origin/main [6ms]
2025-05-29 12:30:50.526 [info] > git rev-parse refs/remotes/origin/master [39ms]
2025-05-29 12:30:50.526 [info] > git rev-parse refs/remotes/origin/main [83ms]
2025-05-29 12:30:50.526 [info] > git status -z -uall [62ms]
2025-05-29 12:30:50.526 [info] > git for-each-ref --sort -committerdate --format %(refname)%00%(objectname)%00%(*objectname) [96ms]
2025-05-29 12:30:50.526 [info] > git merge-base refs/heads/main refs/remotes/origin/main [130ms]
2025-05-29 12:30:50.526 [info] > git for-each-ref --format=%(refname)%00%(upstream:short)%00%(objectname)%00%(upstream:track)%00%(upstream:remotename)%00%(upstream:remoteref) refs/heads/main refs/remotes/main [25ms]
2025-05-29 12:30:50.526 [info] > git for-each-ref --sort -committerdate --format %(refname)%00%(objectname)%00%(*objectname) [51ms]
2025-05-29 12:30:50.526 [warning] [Git][revParse] Unable to read file: ENOENT: no such file or directory, open '/home/vscode/.nodenv/.git/refs/remotes/origin/main'
2025-05-29 12:30:50.527 [info] > git status -z -uall [186ms]
2025-05-29 12:30:50.527 [info] > git diff --name-status -z --diff-filter=ADMR c2bda62623165f2b9bab646844f22fc20a48f944...refs/remotes/origin/main [55ms]
2025-05-29 12:30:50.527 [info] > git rev-parse refs/remotes/origin/main [11ms]
2025-05-29 12:30:50.527 [info] > git for-each-ref --format=%(refname)%00%(upstream:short)%00%(objectname)%00%(upstream:track)%00%(upstream:remotename)%00%(upstream:remoteref) refs/heads/main refs/remotes/main [61ms]
2025-05-29 12:30:50.527 [info] > git status -z -uall [662ms]
2025-05-29 12:30:50.527 [info] > git status -z -uall [44ms]
2025-05-29 12:30:50.527 [info] > git for-each-ref --format=%(refname)%00%(upstream:short)%00%(objectname)%00%(upstream:track)%00%(upstream:remotename)%00%(upstream:remoteref) refs/heads/master refs/remotes/master [22ms]
2025-05-29 12:30:50.527 [info] > git for-each-ref --sort -committerdate --format %(refname)%00%(objectname)%00%(*objectname) [44ms]
2025-05-29 12:30:50.527 [info] > git config --get commit.template [106ms]
2025-05-29 12:30:50.527 [info] > git for-each-ref --format=%(refname)%00%(upstream:short)%00%(objectname)%00%(upstream:track)%00%(upstream:remotename)%00%(upstream:remoteref) refs/heads/main refs/remotes/main [40ms]
2025-05-29 12:30:50.527 [info] > git config --get --local branch.master.vscode-merge-base [91ms]
2025-05-29 12:30:50.527 [info] > git config --get commit.template [109ms]
2025-05-29 12:30:50.527 [info] > git config --get --local branch.main.vscode-merge-base [121ms]
2025-05-29 12:30:50.527 [info] > git for-each-ref --format=%(refname)%00%(upstream:short)%00%(objectname)%00%(upstream:track)%00%(upstream:remotename)%00%(upstream:remoteref) refs/heads/origin/main refs/remotes/origin/main [59ms]
2025-05-29 12:30:50.527 [info] > git for-each-ref --format=%(refname)%00%(upstream:short)%00%(objectname)%00%(upstream:track)%00%(upstream:remotename)%00%(upstream:remoteref) refs/heads/origin/master refs/remotes/origin/master [86ms]
2025-05-29 12:30:50.527 [info] > git config --get --local branch.main.vscode-merge-base [105ms]
2025-05-29 12:30:50.527 [warning] [Git][config] git config failed: Failed to execute git
2025-05-29 12:30:50.527 [info] > git config --get commit.template [126ms]
2025-05-29 12:30:50.527 [info] > git for-each-ref --format=%(refname)%00%(upstream:short)%00%(objectname)%00%(upstream:track)%00%(upstream:remotename)%00%(upstream:remoteref) refs/heads/main refs/remotes/main [137ms]
2025-05-29 12:30:50.527 [warning] [Git][revParse] Unable to read file: ENOENT: no such file or directory, open '/home/vscode/environment/.git/refs/remotes/origin/main'
2025-05-29 12:30:50.527 [info] > git merge-base refs/heads/master refs/remotes/origin/master [35ms]
2025-05-29 12:30:50.527 [info] > git merge-base refs/heads/main refs/remotes/origin/main [52ms]
2025-05-29 12:30:50.527 [info] > git diff --name-status -z --diff-filter=ADMR 750d3ac4b493dca13ef0ced55fa6a2cd02dc7ee8...refs/remotes/origin/master [18ms]
2025-05-29 12:30:50.527 [info] > git rev-parse refs/remotes/origin/main [28ms]
2025-05-29 12:30:50.527 [info] > git for-each-ref --format=%(refname)%00%(upstream:short)%00%(objectname)%00%(upstream:track)%00%(upstream:remotename)%00%(upstream:remoteref) refs/heads/master refs/remotes/master [46ms]
2025-05-29 12:30:50.527 [info] > git reflog main --grep-reflog=branch: Created from *. [59ms]
2025-05-29 12:30:50.527 [warning] [Git][revParse] Unable to read file: ENOENT: no such file or directory, open '/home/vscode/.oh-my-zsh/.git/refs/remotes/origin/master'
2025-05-29 12:30:50.527 [info] > git status -z -uall [24ms]
2025-05-29 12:30:50.527 [info] > git for-each-ref --sort -committerdate --format %(refname)%00%(objectname)%00%(*objectname) [18ms]
2025-05-29 12:30:50.527 [info] > git for-each-ref --format=%(refname)%00%(upstream:short)%00%(objectname)%00%(upstream:track)%00%(upstream:remotename)%00%(upstream:remoteref) refs/heads/main refs/remotes/main [38ms]
2025-05-29 12:30:50.527 [info] > git diff --name-status -z --diff-filter=ADMR 527588dbcd166987a649f31988a023c1ec8c7011...refs/remotes/origin/main [74ms]
2025-05-29 12:30:50.527 [info] > git merge-base refs/heads/main refs/remotes/origin/main [30ms]
2025-05-29 12:30:50.527 [info] > git rev-parse refs/remotes/origin/master [49ms]
2025-05-29 12:30:50.527 [info] > git symbolic-ref --short refs/remotes/origin/HEAD [81ms]
2025-05-29 12:30:50.527 [info] fatal: ref refs/remotes/origin/HEAD is not a symbolic ref
2025-05-29 12:30:50.527 [warning] [Repository][getDefaultBranch] Failed to get default branch details: Failed to execute git.
2025-05-29 12:30:50.527 [info] > git for-each-ref --sort -committerdate --format %(refname)%00%(objectname)%00%(*objectname) [10ms]
2025-05-29 12:30:50.527 [info] > git diff --name-status -z --diff-filter=ADMR 527588dbcd166987a649f31988a023c1ec8c7011...refs/remotes/origin/main [30ms]
2025-05-29 12:30:50.527 [info] > git for-each-ref --sort -committerdate --format %(refname)%00%(objectname)%00%(*objectname) [42ms]
2025-05-29 12:30:50.527 [info] > git status -z -uall [76ms]
2025-05-29 12:30:50.527 [info] > git status -z -uall [148ms]
2025-05-29 12:30:50.527 [info] > git config --get commit.template [9ms]
2025-05-29 12:30:50.527 [info] > git for-each-ref --format=%(refname)%00%(upstream:short)%00%(objectname)%00%(upstream:track)%00%(upstream:remotename)%00%(upstream:remoteref) refs/heads/main refs/remotes/main [6ms]
2025-05-29 12:30:50.527 [info] > git for-each-ref --sort -committerdate --format %(refname)%00%(objectname)%00%(*objectname) [3ms]
2025-05-29 12:30:50.527 [info] > git status -z -uall [103ms]
2025-05-29 12:30:52.034 [info] > git check-ignore -v -z --stdin [13ms]
2025-05-29 12:30:52.035 [info] > git check-ignore -v -z --stdin [8ms]
2025-05-29 12:30:52.036 [info] > git check-ignore -v -z --stdin [22ms]
2025-05-29 12:30:52.036 [info] > git check-ignore -v -z --stdin [4ms]
2025-05-29 12:30:54.444 [info] > git config --get commit.template [8ms]
2025-05-29 12:30:54.445 [info] > git for-each-ref --format=%(refname)%00%(upstream:short)%00%(objectname)%00%(upstream:track)%00%(upstream:remotename)%00%(upstream:remoteref) refs/heads/main refs/remotes/main [2ms]
2025-05-29 12:30:54.464 [info] > git for-each-ref --sort -committerdate --format %(refname)%00%(objectname)%00%(*objectname) [2ms]
2025-05-29 12:30:54.563 [info] > git status -z -uall [113ms]
2025-05-29 12:30:59.584 [info] > git config --get commit.template [7ms]
2025-05-29 12:30:59.585 [info] > git for-each-ref --format=%(refname)%00%(upstream:short)%00%(objectname)%00%(upstream:track)%00%(upstream:remotename)%00%(upstream:remoteref) refs/heads/main refs/remotes/main [1ms]
2025-05-29 12:30:59.616 [info] > git for-each-ref --sort -committerdate --format %(refname)%00%(objectname)%00%(*objectname) [3ms]
2025-05-29 12:30:59.693 [info] > git status -z -uall [103ms]
2025-05-29 12:31:03.344 [info] > git config --get commit.template [6ms]
2025-05-29 12:31:03.344 [info] > git config --get commit.template [11ms]
2025-05-29 12:31:03.344 [info] > git config --get commit.template [17ms]
2025-05-29 12:31:03.345 [info] > git config --get commit.template [2ms]
2025-05-29 12:31:03.366 [info] > git for-each-ref --format=%(refname)%00%(upstream:short)%00%(objectname)%00%(upstream:track)%00%(upstream:remotename)%00%(upstream:remoteref) refs/heads/main refs/remotes/main [5ms]
2025-05-29 12:31:03.366 [info] > git for-each-ref --format=%(refname)%00%(upstream:short)%00%(objectname)%00%(upstream:track)%00%(upstream:remotename)%00%(upstream:remoteref) refs/heads/master refs/remotes/master [10ms]
2025-05-29 12:31:03.367 [info] > git for-each-ref --format=%(refname)%00%(upstream:short)%00%(objectname)%00%(upstream:track)%00%(upstream:remotename)%00%(upstream:remoteref) refs/heads/main refs/remotes/main [16ms]
2025-05-29 12:31:03.371 [warning] [Git][revParse] Unable to read file: ENOENT: no such file or directory, open '/home/vscode/.nodenv/.git/refs/remotes/origin/main'
2025-05-29 12:31:03.376 [warning] [Git][revParse] Unable to read file: ENOENT: no such file or directory, open '/home/vscode/.oh-my-zsh/.git/refs/remotes/origin/master'
2025-05-29 12:31:03.381 [warning] [Git][revParse] Unable to read file: ENOENT: no such file or directory, open '/home/vscode/environment/.git/refs/remotes/origin/main'
2025-05-29 12:31:03.381 [info] > git rev-parse refs/remotes/origin/main [10ms]
2025-05-29 12:31:03.392 [info] > git for-each-ref --format=%(refname)%00%(upstream:short)%00%(objectname)%00%(upstream:track)%00%(upstream:remotename)%00%(upstream:remoteref) refs/heads/main refs/remotes/main [27ms]
2025-05-29 12:31:03.428 [info] > git status -z -uall [41ms]
2025-05-29 12:31:03.428 [info] > git for-each-ref --sort -committerdate --format %(refname)%00%(objectname)%00%(*objectname) [36ms]
2025-05-29 12:31:03.434 [info] > git rev-parse refs/remotes/origin/main [53ms]
2025-05-29 12:31:03.449 [info] > git rev-parse refs/remotes/origin/master [73ms]
2025-05-29 12:31:03.472 [info] > git status -z -uall [32ms]
2025-05-29 12:31:03.473 [info] > git for-each-ref --sort -committerdate --format %(refname)%00%(objectname)%00%(*objectname) [24ms]
2025-05-29 12:31:03.479 [info] > git for-each-ref --sort -committerdate --format %(refname)%00%(objectname)%00%(*objectname) [59ms]
2025-05-29 12:31:03.482 [info] > git for-each-ref --sort -committerdate --format %(refname)%00%(objectname)%00%(*objectname) [12ms]
2025-05-29 12:31:03.540 [info] > git status -z -uall [83ms]
2025-05-29 12:31:03.547 [info] > git status -z -uall [150ms]
2025-05-29 12:31:16.605 [info] > git config --get commit.template [6ms]
2025-05-29 12:31:16.606 [info] > git for-each-ref --format=%(refname)%00%(upstream:short)%00%(objectname)%00%(upstream:track)%00%(upstream:remotename)%00%(upstream:remoteref) refs/heads/main refs/remotes/main [1ms]
2025-05-29 12:31:16.638 [info] > git for-each-ref --sort -committerdate --format %(refname)%00%(objectname)%00%(*objectname) [4ms]
2025-05-29 12:31:16.718 [info] > git status -z -uall [107ms]
2025-05-29 12:31:29.408 [info] > git config --get commit.template [2ms]
2025-05-29 12:31:29.418 [info] > git for-each-ref --format=%(refname)%00%(upstream:short)%00%(objectname)%00%(upstream:track)%00%(upstream:remotename)%00%(upstream:remoteref) refs/heads/main refs/remotes/main [5ms]
2025-05-29 12:31:29.446 [info] > git for-each-ref --sort -committerdate --format %(refname)%00%(objectname)%00%(*objectname) [0ms]
2025-05-29 12:31:29.575 [info] > git status -z -uall [152ms]
2025-05-29 12:31:44.832 [info] > git config --get --local branch.main.github-pr-owner-number [61ms]
2025-05-29 12:31:44.833 [warning] [Git][config] git config failed: Failed to execute git
2025-05-29 12:31:44.847 [info] > git config --get --local branch.main.remote [3ms]
2025-05-29 12:31:44.847 [warning] [Git][config] git config failed: Failed to execute git
2025-05-29 12:31:44.883 [info] > git config --get --local branch.main.merge [26ms]
2025-05-29 12:31:44.883 [warning] [Git][config] git config failed: Failed to execute git
2025-05-29 12:31:44.922 [info] > git config --get --local branch.main.github-pr-owner-number [42ms]
2025-05-29 12:31:44.922 [warning] [Git][config] git config failed: Failed to execute git
2025-05-29 12:31:44.938 [info] > git config --get --local branch.main.github-pr-owner-number [17ms]
2025-05-29 12:31:44.938 [warning] [Git][config] git config failed: Failed to execute git
2025-05-29 12:31:44.967 [info] > git config --get --local branch.master.github-pr-owner-number [9ms]
2025-05-29 12:31:44.967 [warning] [Git][config] git config failed: Failed to execute git
2025-05-29 12:31:46.870 [info] > git config --get commit.template [8ms]
2025-05-29 12:31:46.871 [info] > git for-each-ref --format=%(refname)%00%(upstream:short)%00%(objectname)%00%(upstream:track)%00%(upstream:remotename)%00%(upstream:remoteref) refs/heads/main refs/remotes/main [2ms]
2025-05-29 12:31:46.904 [info] > git for-each-ref --sort -committerdate --format %(refname)%00%(objectname)%00%(*objectname) [5ms]
2025-05-29 12:31:46.977 [info] > git status -z -uall [101ms]
2025-05-29 12:31:51.992 [info] > git config --get commit.template [2ms]
2025-05-29 12:31:51.999 [info] > git for-each-ref --format=%(refname)%00%(upstream:short)%00%(objectname)%00%(upstream:track)%00%(upstream:remotename)%00%(upstream:remoteref) refs/heads/main refs/remotes/main [1ms]
2025-05-29 12:31:52.028 [info] > git for-each-ref --sort -committerdate --format %(refname)%00%(objectname)%00%(*objectname) [2ms]
2025-05-29 12:31:52.106 [info] > git status -z -uall [102ms]
2025-05-29 12:32:09.018 [info] > git config --get commit.template [2ms]
2025-05-29 12:32:09.026 [info] > git for-each-ref --format=%(refname)%00%(upstream:short)%00%(objectname)%00%(upstream:track)%00%(upstream:remotename)%00%(upstream:remoteref) refs/heads/main refs/remotes/main [1ms]
2025-05-29 12:32:09.059 [info] > git for-each-ref --sort -committerdate --format %(refname)%00%(objectname)%00%(*objectname) [4ms]
2025-05-29 12:32:09.132 [info] > git status -z -uall [101ms]
2025-05-29 12:32:38.586 [info] > git config --get commit.template [1ms]
2025-05-29 12:32:38.593 [info] > git for-each-ref --format=%(refname)%00%(upstream:short)%00%(objectname)%00%(upstream:track)%00%(upstream:remotename)%00%(upstream:remoteref) refs/heads/main refs/remotes/main [1ms]
2025-05-29 12:32:38.628 [info] > git for-each-ref --sort -committerdate --format %(refname)%00%(objectname)%00%(*objectname) [4ms]
2025-05-29 12:32:38.701 [info] > git status -z -uall [102ms]
2025-05-29 12:33:19.380 [info] > git config --get commit.template [7ms]
2025-05-29 12:33:19.382 [info] > git for-each-ref --format=%(refname)%00%(upstream:short)%00%(objectname)%00%(upstream:track)%00%(upstream:remotename)%00%(upstream:remoteref) refs/heads/main refs/remotes/main [2ms]
2025-05-29 12:33:19.417 [info] > git for-each-ref --sort -committerdate --format %(refname)%00%(objectname)%00%(*objectname) [6ms]
2025-05-29 12:33:19.497 [info] > git status -z -uall [110ms]
2025-05-29 12:34:11.916 [info] > git config --get commit.template [6ms]
2025-05-29 12:34:11.918 [info] > git for-each-ref --format=%(refname)%00%(upstream:short)%00%(objectname)%00%(upstream:track)%00%(upstream:remotename)%00%(upstream:remoteref) refs/heads/main refs/remotes/main [2ms]
2025-05-29 12:34:11.950 [info] > git for-each-ref --sort -committerdate --format %(refname)%00%(objectname)%00%(*objectname) [2ms]
2025-05-29 12:34:12.028 [info] > git status -z -uall [104ms]
