2025-06-01 04:10:59.891 [info] [main] ログ レベル: Info
2025-06-01 04:10:59.891 [info] [main] Git の検証が検出されました: "git"
2025-06-01 04:10:59.891 [info] [main] "git" から Git "2.49.0" を使用しています
2025-06-01 04:10:59.891 [info] [Model][doInitialScan] Initial repository scan started
2025-06-01 04:10:59.891 [info] > git rev-parse --show-toplevel [253ms]
2025-06-01 04:10:59.891 [info] > git rev-parse --git-dir --git-common-dir [749ms]
2025-06-01 04:10:59.891 [info] [Model][openRepository] Opened repository (path): /home/vscode
2025-06-01 04:10:59.891 [info] [Model][openRepository] Opened repository (real path): /home/vscode
2025-06-01 04:10:59.891 [info] > git config --get commit.template [47ms]
2025-06-01 04:10:59.949 [info] > git for-each-ref --format=%(refname)%00%(upstream:short)%00%(objectname)%00%(upstream:track)%00%(upstream:remotename)%00%(upstream:remoteref) refs/heads/main refs/remotes/main [28ms]
2025-06-01 04:11:00.105 [info] > git for-each-ref --sort -committerdate --format %(refname)%00%(objectname)%00%(*objectname) [111ms]
2025-06-01 04:11:03.698 [info] > git rev-parse --show-toplevel [3633ms]
2025-06-01 04:11:03.751 [info] > git status -z -uall [3781ms]
2025-06-01 04:11:04.140 [info] > git check-ignore -v -z --stdin [233ms]
2025-06-01 04:11:04.142 [info] > git for-each-ref --format=%(refname)%00%(upstream:short)%00%(objectname)%00%(upstream:track)%00%(upstream:remotename)%00%(upstream:remoteref) refs/heads/main refs/remotes/main [267ms]
2025-06-01 04:11:04.154 [info] > git rev-parse --show-toplevel [422ms]
2025-06-01 04:11:04.236 [info] > git config --get --local branch.main.vscode-merge-base [82ms]
2025-06-01 04:11:04.237 [warning] [Git][config] git config failed: Failed to execute git
2025-06-01 04:11:04.265 [info] > git config --get commit.template [344ms]
2025-06-01 04:11:04.284 [info] > git rev-parse --show-toplevel [64ms]
2025-06-01 04:11:04.403 [info] > git rev-parse --show-toplevel [63ms]
2025-06-01 04:11:04.406 [info] > git for-each-ref --format=%(refname)%00%(upstream:short)%00%(objectname)%00%(upstream:track)%00%(upstream:remotename)%00%(upstream:remoteref) refs/heads/main refs/remotes/main [92ms]
2025-06-01 04:11:05.461 [info] > git status -z -uall [1000ms]
2025-06-01 04:11:05.461 [info] > git rev-parse --git-dir --git-common-dir [204ms]
2025-06-01 04:11:05.466 [info] [Model][openRepository] Opened repository (path): /home/vscode/.nodenv
2025-06-01 04:11:05.466 [info] [Model][openRepository] Opened repository (real path): /home/vscode/.nodenv
2025-06-01 04:11:05.471 [info] > git reflog main --grep-reflog=branch: Created from *. [1206ms]
2025-06-01 04:11:05.490 [info] > git for-each-ref --sort -committerdate --format %(refname)%00%(objectname)%00%(*objectname) [976ms]
2025-06-01 04:11:05.695 [info] > git symbolic-ref --short refs/remotes/origin/HEAD [206ms]
2025-06-01 04:11:05.695 [info] fatal: ref refs/remotes/origin/HEAD is not a symbolic ref
2025-06-01 04:11:05.696 [warning] [Repository][getDefaultBranch] Failed to get default branch details: Failed to execute git.
2025-06-01 04:11:05.799 [info] > git rev-parse --show-toplevel [250ms]
2025-06-01 04:11:05.799 [info] > git config --get commit.template [263ms]
2025-06-01 04:11:05.799 [info] > git for-each-ref --format=%(refname)%00%(upstream:short)%00%(objectname)%00%(upstream:track)%00%(upstream:remotename)%00%(upstream:remoteref) refs/heads/main refs/remotes/main [279ms]
2025-06-01 04:11:05.849 [info] > git config --get --local branch.main.vscode-merge-base [35ms]
2025-06-01 04:11:05.850 [warning] [Git][config] git config failed: Failed to execute git
2025-06-01 04:11:05.878 [info] > git rev-parse --show-toplevel [32ms]
2025-06-01 04:11:05.881 [info] > git for-each-ref --format=%(refname)%00%(upstream:short)%00%(objectname)%00%(upstream:track)%00%(upstream:remotename)%00%(upstream:remoteref) refs/heads/main refs/remotes/main [7ms]
2025-06-01 04:11:05.881 [info] > git reflog main --grep-reflog=branch: Created from *. [19ms]
2025-06-01 04:11:05.917 [warning] [Git][revParse] Unable to read file: ENOENT: no such file or directory, open '/home/vscode/.nodenv/.git/refs/remotes/origin/main'
2025-06-01 04:11:05.949 [info] > git rev-parse refs/remotes/origin/main [32ms]
2025-06-01 04:11:05.978 [info] > git rev-parse --git-dir --git-common-dir [72ms]
2025-06-01 04:11:05.985 [info] [Model][openRepository] Opened repository (path): /home/vscode/.oh-my-zsh
2025-06-01 04:11:05.985 [info] [Model][openRepository] Opened repository (real path): /home/vscode/.oh-my-zsh
2025-06-01 04:11:05.986 [info] > git symbolic-ref --short refs/remotes/origin/HEAD [92ms]
2025-06-01 04:11:05.986 [info] fatal: ref refs/remotes/origin/HEAD is not a symbolic ref
2025-06-01 04:11:05.986 [warning] [Repository][getDefaultBranch] Failed to get default branch details: Failed to execute git.
2025-06-01 04:11:06.037 [info] > git status -z -uall [74ms]
2025-06-01 04:11:06.059 [info] > git rev-parse --show-toplevel [37ms]
2025-06-01 04:11:06.059 [info] > git config --get commit.template [50ms]
2025-06-01 04:11:06.059 [info] > git for-each-ref --sort -committerdate --format %(refname)%00%(objectname)%00%(*objectname) [81ms]
2025-06-01 04:11:06.111 [info] > git for-each-ref --format=%(refname)%00%(upstream:short)%00%(objectname)%00%(upstream:track)%00%(upstream:remotename)%00%(upstream:remoteref) refs/heads/main refs/remotes/main [31ms]
2025-06-01 04:11:06.155 [info] > git config --get --local branch.main.vscode-merge-base [31ms]
2025-06-01 04:11:06.166 [info] > git config --get commit.template [57ms]
2025-06-01 04:11:06.166 [info] > git rev-parse --show-toplevel [67ms]
2025-06-01 04:11:06.171 [info] > git for-each-ref --format=%(refname)%00%(upstream:short)%00%(objectname)%00%(upstream:track)%00%(upstream:remotename)%00%(upstream:remoteref) refs/heads/master refs/remotes/master [38ms]
2025-06-01 04:11:06.200 [warning] [Git][revParse] Unable to read file: ENOENT: no such file or directory, open '/home/vscode/.oh-my-zsh/.git/refs/remotes/origin/master'
2025-06-01 04:11:06.200 [info] > git for-each-ref --format=%(refname)%00%(upstream:short)%00%(objectname)%00%(upstream:track)%00%(upstream:remotename)%00%(upstream:remoteref) refs/heads/origin/main refs/remotes/origin/main [34ms]
2025-06-01 04:11:06.218 [info] > git rev-parse refs/remotes/origin/master [19ms]
2025-06-01 04:11:06.251 [info] > git for-each-ref --format=%(refname)%00%(upstream:short)%00%(objectname)%00%(upstream:track)%00%(upstream:remotename)%00%(upstream:remoteref) refs/heads/main refs/remotes/main [62ms]
2025-06-01 04:11:06.252 [info] > git rev-parse --show-toplevel [72ms]
2025-06-01 04:11:06.304 [info] > git status -z -uall [74ms]
2025-06-01 04:11:06.305 [info] > git merge-base refs/heads/main refs/remotes/origin/main [95ms]
2025-06-01 04:11:06.336 [warning] [Git][revParse] Unable to read file: ENOENT: no such file or directory, open '/home/vscode/.nodenv/.git/refs/remotes/origin/main'
2025-06-01 04:11:06.575 [info] > git for-each-ref --sort -committerdate --format %(refname)%00%(objectname)%00%(*objectname) [324ms]
2025-06-01 04:11:06.631 [info] > git for-each-ref --format=%(refname)%00%(upstream:short)%00%(objectname)%00%(upstream:track)%00%(upstream:remotename)%00%(upstream:remoteref) refs/heads/master refs/remotes/master [40ms]
2025-06-01 04:11:06.642 [info] > git rev-parse --git-dir --git-common-dir [295ms]
2025-06-01 04:11:06.647 [info] [Model][openRepository] Opened repository (path): /home/vscode/environment
2025-06-01 04:11:06.647 [info] [Model][openRepository] Opened repository (real path): /home/vscode/environment
2025-06-01 04:11:06.651 [info] [Model][doInitialScan] Initial repository scan completed - repositories (4), closed repositories (0), parent repositories (0), unsafe repositories (0)
2025-06-01 04:11:06.678 [info] > git rev-parse refs/remotes/origin/main [342ms]
2025-06-01 04:11:06.714 [info] > git diff --name-status -z --diff-filter=ADMR c2bda62623165f2b9bab646844f22fc20a48f944...refs/remotes/origin/main [394ms]
2025-06-01 04:11:06.736 [info] > git show --textconv :index.html [73ms]
2025-06-01 04:11:06.737 [info] > git status -z -uall [40ms]
2025-06-01 04:11:06.738 [info] > git for-each-ref --sort -committerdate --format %(refname)%00%(objectname)%00%(*objectname) [24ms]
2025-06-01 04:11:06.742 [info] > git ls-files --stage -- index.html [64ms]
2025-06-01 04:11:06.753 [info] > git config --get --local branch.master.vscode-merge-base [112ms]
2025-06-01 04:11:06.769 [info] > git config --get commit.template [148ms]
2025-06-01 04:11:06.815 [info] > git check-ignore -v -z --stdin [35ms]
2025-06-01 04:11:06.816 [info] > git check-ignore -v -z --stdin [20ms]
2025-06-01 04:11:06.816 [info] > git check-ignore -v -z --stdin [9ms]
2025-06-01 04:11:06.816 [info] > git for-each-ref --format=%(refname)%00%(upstream:short)%00%(objectname)%00%(upstream:track)%00%(upstream:remotename)%00%(upstream:remoteref) refs/heads/origin/master refs/remotes/origin/master [47ms]
2025-06-01 04:11:06.834 [info] > git cat-file -s 212bf6c52e1483fa48026126d9065d26033b5066 [81ms]
2025-06-01 04:11:06.835 [info] > git config --get commit.template [103ms]
2025-06-01 04:11:06.856 [info] > git merge-base refs/heads/master refs/remotes/origin/master [22ms]
2025-06-01 04:11:06.867 [info] > git for-each-ref --format=%(refname)%00%(upstream:short)%00%(objectname)%00%(upstream:track)%00%(upstream:remotename)%00%(upstream:remoteref) refs/heads/main refs/remotes/main [13ms]
2025-06-01 04:11:06.867 [info] > git for-each-ref --format=%(refname)%00%(upstream:short)%00%(objectname)%00%(upstream:track)%00%(upstream:remotename)%00%(upstream:remoteref) refs/heads/master refs/remotes/master [23ms]
2025-06-01 04:11:06.879 [warning] [Git][revParse] Unable to read file: ENOENT: no such file or directory, open '/home/vscode/environment/.git/refs/remotes/origin/main'
2025-06-01 04:11:06.887 [warning] [Git][revParse] Unable to read file: ENOENT: no such file or directory, open '/home/vscode/.oh-my-zsh/.git/refs/remotes/origin/master'
2025-06-01 04:11:06.890 [info] > git rev-parse refs/remotes/origin/main [11ms]
2025-06-01 04:11:06.904 [info] > git diff --name-status -z --diff-filter=ADMR 750d3ac4b493dca13ef0ced55fa6a2cd02dc7ee8...refs/remotes/origin/master [37ms]
2025-06-01 04:11:06.905 [info] > git status -z -uall [8ms]
2025-06-01 04:11:06.906 [info] > git rev-parse refs/remotes/origin/master [19ms]
2025-06-01 04:11:06.936 [info] > git for-each-ref --sort -committerdate --format %(refname)%00%(objectname)%00%(*objectname) [33ms]
2025-06-01 04:11:07.006 [info] > git status -z -uall [87ms]
2025-06-01 04:11:07.006 [info] > git for-each-ref --format=%(refname)%00%(upstream:short)%00%(objectname)%00%(upstream:track)%00%(upstream:remotename)%00%(upstream:remoteref) refs/heads/main refs/remotes/main [50ms]
2025-06-01 04:11:07.018 [info] > git for-each-ref --sort -committerdate --format %(refname)%00%(objectname)%00%(*objectname) [85ms]
2025-06-01 04:11:07.040 [info] > git config --get --local branch.main.vscode-merge-base [22ms]
2025-06-01 04:11:07.047 [info] > git config --get commit.template [42ms]
2025-06-01 04:11:07.048 [info] > git config --get commit.template [52ms]
2025-06-01 04:11:07.048 [info] > git config --get commit.template [68ms]
2025-06-01 04:11:07.049 [info] > git config --get commit.template [13ms]
2025-06-01 04:11:08.126 [info] > git for-each-ref --format=%(refname)%00%(upstream:short)%00%(objectname)%00%(upstream:track)%00%(upstream:remotename)%00%(upstream:remoteref) refs/heads/main refs/remotes/main [1048ms]
2025-06-01 04:11:08.126 [info] > git for-each-ref --format=%(refname)%00%(upstream:short)%00%(objectname)%00%(upstream:track)%00%(upstream:remotename)%00%(upstream:remoteref) refs/heads/main refs/remotes/main [1065ms]
2025-06-01 04:11:08.129 [info] > git for-each-ref --format=%(refname)%00%(upstream:short)%00%(objectname)%00%(upstream:track)%00%(upstream:remotename)%00%(upstream:remoteref) refs/heads/origin/main refs/remotes/origin/main [1080ms]
2025-06-01 04:11:08.266 [warning] [Git][revParse] Unable to read file: ENOENT: no such file or directory, open '/home/vscode/.nodenv/.git/refs/remotes/origin/main'
2025-06-01 04:11:08.273 [warning] [Git][revParse] Unable to read file: ENOENT: no such file or directory, open '/home/vscode/environment/.git/refs/remotes/origin/main'
2025-06-01 04:11:08.286 [info] > git check-ignore -v -z --stdin [127ms]
2025-06-01 04:11:08.287 [info] > git check-ignore -v -z --stdin [114ms]
2025-06-01 04:11:08.287 [info] > git check-ignore -v -z --stdin [105ms]
2025-06-01 04:11:08.287 [info] > git check-ignore -v -z --stdin [91ms]
2025-06-01 04:11:08.289 [info] > git merge-base refs/heads/main refs/remotes/origin/main [143ms]
2025-06-01 04:11:08.302 [info] > git for-each-ref --format=%(refname)%00%(upstream:short)%00%(objectname)%00%(upstream:track)%00%(upstream:remotename)%00%(upstream:remoteref) refs/heads/master refs/remotes/master [1201ms]
2025-06-01 04:11:08.305 [info] > git for-each-ref --format=%(refname)%00%(upstream:short)%00%(objectname)%00%(upstream:track)%00%(upstream:remotename)%00%(upstream:remoteref) refs/heads/main refs/remotes/main [1217ms]
2025-06-01 04:11:08.391 [warning] [Git][revParse] Unable to read file: ENOENT: no such file or directory, open '/home/vscode/.oh-my-zsh/.git/refs/remotes/origin/master'
2025-06-01 04:11:08.394 [info] > git diff --name-status -z --diff-filter=ADMR 527588dbcd166987a649f31988a023c1ec8c7011...refs/remotes/origin/main [92ms]
2025-06-01 04:11:08.397 [info] > git rev-parse refs/remotes/origin/main [124ms]
2025-06-01 04:11:08.424 [info] > git rev-parse refs/remotes/origin/main [158ms]
2025-06-01 04:11:08.457 [info] > git status -z -uall [48ms]
2025-06-01 04:11:08.457 [info] > git status -z -uall [17ms]
2025-06-01 04:11:08.458 [info] > git for-each-ref --sort -committerdate --format %(refname)%00%(objectname)%00%(*objectname) [34ms]
2025-06-01 04:11:08.462 [info] > git rev-parse refs/remotes/origin/master [71ms]
2025-06-01 04:11:08.519 [info] > git for-each-ref --sort -committerdate --format %(refname)%00%(objectname)%00%(*objectname) [149ms]
2025-06-01 04:11:08.545 [info] > git status -z -uall [224ms]
2025-06-01 04:11:08.546 [info] > git status -z -uall [58ms]
2025-06-01 04:11:08.546 [info] > git for-each-ref --sort -committerdate --format %(refname)%00%(objectname)%00%(*objectname) [28ms]
2025-06-01 04:11:08.557 [info] > git for-each-ref --sort -committerdate --format %(refname)%00%(objectname)%00%(*objectname) [106ms]
2025-06-01 04:11:08.582 [info] > git config --get commit.template [41ms]
2025-06-01 04:11:08.596 [info] > git config --get commit.template [14ms]
2025-06-01 04:11:08.622 [info] > git for-each-ref --format=%(refname)%00%(upstream:short)%00%(objectname)%00%(upstream:track)%00%(upstream:remotename)%00%(upstream:remoteref) refs/heads/main refs/remotes/main [17ms]
2025-06-01 04:11:08.633 [warning] [Git][revParse] Unable to read file: ENOENT: no such file or directory, open '/home/vscode/environment/.git/refs/remotes/origin/main'
2025-06-01 04:11:08.633 [info] > git for-each-ref --format=%(refname)%00%(upstream:short)%00%(objectname)%00%(upstream:track)%00%(upstream:remotename)%00%(upstream:remoteref) refs/heads/main refs/remotes/main [12ms]
2025-06-01 04:11:08.756 [info] > git for-each-ref --sort -committerdate --format %(refname)%00%(objectname)%00%(*objectname) [70ms]
2025-06-01 04:11:08.757 [info] > git rev-parse refs/remotes/origin/main [124ms]
2025-06-01 04:11:08.823 [info] > git status -z -uall [180ms]
2025-06-01 04:11:08.823 [info] > git status -z -uall [47ms]
2025-06-01 04:11:08.833 [info] > git for-each-ref --sort -committerdate --format %(refname)%00%(objectname)%00%(*objectname) [44ms]
2025-06-01 04:11:12.549 [info] > git blame --root --incremental 5d74e03cfe04fe981cdb9dce709fdffa700d5214 -- index.html [11ms]
2025-06-01 04:11:13.437 [info] > git config --get --local branch.main.github-pr-owner-number [118ms]
2025-06-01 04:11:13.437 [warning] [Git][config] git config failed: Failed to execute git
2025-06-01 04:11:13.873 [info] > git config --get --local branch.main.remote [424ms]
2025-06-01 04:11:13.873 [warning] [Git][config] git config failed: Failed to execute git
2025-06-01 04:11:14.001 [info] > git config --get --local branch.main.github-pr-owner-number [33ms]
2025-06-01 04:11:14.001 [warning] [Git][config] git config failed: Failed to execute git
2025-06-01 04:11:14.008 [info] > git config --get --local branch.master.github-pr-owner-number [66ms]
2025-06-01 04:11:14.008 [warning] [Git][config] git config failed: Failed to execute git
2025-06-01 04:11:14.012 [info] > git config --get --local branch.main.merge [125ms]
2025-06-01 04:11:14.012 [warning] [Git][config] git config failed: Failed to execute git
2025-06-01 04:11:15.002 [info] > git config --get --local branch.main.github-pr-owner-number [966ms]
2025-06-01 04:11:15.002 [warning] [Git][config] git config failed: Failed to execute git
2025-06-01 04:11:15.550 [info] > git config --get commit.template [506ms]
2025-06-01 04:11:15.893 [info] > git for-each-ref --format=%(refname)%00%(upstream:short)%00%(objectname)%00%(upstream:track)%00%(upstream:remotename)%00%(upstream:remoteref) refs/heads/main refs/remotes/main [97ms]
2025-06-01 04:11:16.015 [info] > git for-each-ref --sort -committerdate --format %(refname)%00%(objectname)%00%(*objectname) [32ms]
2025-06-01 04:11:16.124 [info] > git status -z -uall [197ms]
2025-06-01 04:11:21.173 [info] > git config --get commit.template [14ms]
2025-06-01 04:11:21.174 [info] > git for-each-ref --format=%(refname)%00%(upstream:short)%00%(objectname)%00%(upstream:track)%00%(upstream:remotename)%00%(upstream:remoteref) refs/heads/main refs/remotes/main [4ms]
2025-06-01 04:11:21.277 [info] > git for-each-ref --sort -committerdate --format %(refname)%00%(objectname)%00%(*objectname) [31ms]
2025-06-01 04:11:21.548 [info] > git status -z -uall [361ms]
2025-06-01 04:11:25.819 [info] > git config --get commit.template [23ms]
2025-06-01 04:11:25.820 [info] > git for-each-ref --format=%(refname)%00%(upstream:short)%00%(objectname)%00%(upstream:track)%00%(upstream:remotename)%00%(upstream:remoteref) refs/heads/main refs/remotes/main [4ms]
2025-06-01 04:11:25.835 [warning] [Git][revParse] Unable to read file: ENOENT: no such file or directory, open '/home/vscode/.nodenv/.git/refs/remotes/origin/main'
2025-06-01 04:11:25.837 [info] > git rev-parse refs/remotes/origin/main [2ms]
2025-06-01 04:11:25.872 [info] > git status -z -uall [23ms]
2025-06-01 04:11:25.873 [info] > git for-each-ref --sort -committerdate --format %(refname)%00%(objectname)%00%(*objectname) [8ms]
2025-06-01 04:11:26.581 [info] > git config --get commit.template [6ms]
2025-06-01 04:11:26.589 [info] > git for-each-ref --format=%(refname)%00%(upstream:short)%00%(objectname)%00%(upstream:track)%00%(upstream:remotename)%00%(upstream:remoteref) refs/heads/main refs/remotes/main [1ms]
2025-06-01 04:11:26.646 [info] > git for-each-ref --sort -committerdate --format %(refname)%00%(objectname)%00%(*objectname) [6ms]
2025-06-01 04:11:26.725 [info] > git status -z -uall [129ms]
2025-06-01 04:11:31.754 [info] > git config --get commit.template [1ms]
2025-06-01 04:11:31.772 [info] > git for-each-ref --format=%(refname)%00%(upstream:short)%00%(objectname)%00%(upstream:track)%00%(upstream:remotename)%00%(upstream:remoteref) refs/heads/main refs/remotes/main [1ms]
2025-06-01 04:11:31.796 [info] > git for-each-ref --sort -committerdate --format %(refname)%00%(objectname)%00%(*objectname) [2ms]
2025-06-01 04:11:31.879 [info] > git status -z -uall [98ms]
2025-06-01 04:11:36.924 [info] > git config --get commit.template [16ms]
2025-06-01 04:11:36.925 [info] > git for-each-ref --format=%(refname)%00%(upstream:short)%00%(objectname)%00%(upstream:track)%00%(upstream:remotename)%00%(upstream:remoteref) refs/heads/main refs/remotes/main [2ms]
2025-06-01 04:11:37.000 [info] > git for-each-ref --sort -committerdate --format %(refname)%00%(objectname)%00%(*objectname) [8ms]
2025-06-01 04:11:37.094 [info] > git status -z -uall [156ms]
2025-06-01 04:11:42.129 [info] > git config --get commit.template [10ms]
2025-06-01 04:11:42.136 [info] > git for-each-ref --format=%(refname)%00%(upstream:short)%00%(objectname)%00%(upstream:track)%00%(upstream:remotename)%00%(upstream:remoteref) refs/heads/main refs/remotes/main [7ms]
2025-06-01 04:11:42.222 [info] > git for-each-ref --sort -committerdate --format %(refname)%00%(objectname)%00%(*objectname) [3ms]
2025-06-01 04:11:42.298 [info] > git status -z -uall [150ms]
2025-06-01 04:11:47.321 [info] > git config --get commit.template [9ms]
2025-06-01 04:11:47.322 [info] > git for-each-ref --format=%(refname)%00%(upstream:short)%00%(objectname)%00%(upstream:track)%00%(upstream:remotename)%00%(upstream:remoteref) refs/heads/main refs/remotes/main [1ms]
2025-06-01 04:11:47.359 [info] > git for-each-ref --sort -committerdate --format %(refname)%00%(objectname)%00%(*objectname) [1ms]
2025-06-01 04:11:47.462 [info] > git status -z -uall [133ms]
2025-06-01 04:11:49.379 [info] > git ls-files --stage -- index.html [6ms]
2025-06-01 04:11:49.392 [info] > git cat-file -s 212bf6c52e1483fa48026126d9065d26033b5066 [2ms]
2025-06-01 04:11:49.513 [info] > git show --textconv :index.html [7ms]
2025-06-01 04:11:52.501 [info] > git config --get commit.template [12ms]
2025-06-01 04:11:52.577 [info] [Git][getRemotes] No remotes found in the git config file
2025-06-01 04:11:52.589 [info] > git for-each-ref --format=%(refname)%00%(upstream:short)%00%(objectname)%00%(upstream:track)%00%(upstream:remotename)%00%(upstream:remoteref) refs/heads/main refs/remotes/main [12ms]
2025-06-01 04:11:52.686 [info] > git for-each-ref --sort -committerdate --format %(refname)%00%(objectname)%00%(*objectname) [3ms]
2025-06-01 04:11:52.784 [info] > git status -z -uall [148ms]
2025-06-01 04:11:52.810 [info] > git config --get --local branch.main.github-pr-owner-number [4ms]
2025-06-01 04:11:52.810 [warning] [Git][config] git config failed: Failed to execute git
2025-06-01 04:11:52.825 [info] > git config --get --local branch.main.remote [3ms]
2025-06-01 04:11:52.825 [warning] [Git][config] git config failed: Failed to execute git
2025-06-01 04:11:52.844 [info] > git config --get --local branch.main.merge [4ms]
2025-06-01 04:11:52.844 [warning] [Git][config] git config failed: Failed to execute git
2025-06-01 04:11:57.809 [info] [Git][getRemotes] No remotes found in the git config file
2025-06-01 04:11:57.821 [info] > git config --get commit.template [12ms]
2025-06-01 04:11:57.823 [info] > git for-each-ref --format=%(refname)%00%(upstream:short)%00%(objectname)%00%(upstream:track)%00%(upstream:remotename)%00%(upstream:remoteref) refs/heads/main refs/remotes/main [2ms]
2025-06-01 04:11:57.886 [info] > git for-each-ref --sort -committerdate --format %(refname)%00%(objectname)%00%(*objectname) [5ms]
2025-06-01 04:11:57.970 [info] > git status -z -uall [133ms]
2025-06-01 04:12:03.005 [info] [Git][getRemotes] No remotes found in the git config file
2025-06-01 04:12:03.005 [info] > git config --get commit.template [11ms]
2025-06-01 04:12:03.006 [info] > git for-each-ref --format=%(refname)%00%(upstream:short)%00%(objectname)%00%(upstream:track)%00%(upstream:remotename)%00%(upstream:remoteref) refs/heads/main refs/remotes/main [2ms]
2025-06-01 04:12:03.051 [info] > git for-each-ref --sort -committerdate --format %(refname)%00%(objectname)%00%(*objectname) [5ms]
2025-06-01 04:12:03.120 [info] > git status -z -uall [107ms]
2025-06-01 04:12:08.142 [info] [Git][getRemotes] No remotes found in the git config file
2025-06-01 04:12:08.143 [info] > git config --get commit.template [8ms]
2025-06-01 04:12:08.144 [info] > git for-each-ref --format=%(refname)%00%(upstream:short)%00%(objectname)%00%(upstream:track)%00%(upstream:remotename)%00%(upstream:remoteref) refs/heads/main refs/remotes/main [2ms]
2025-06-01 04:12:08.201 [info] > git for-each-ref --sort -committerdate --format %(refname)%00%(objectname)%00%(*objectname) [0ms]
2025-06-01 04:12:08.244 [info] > git status -z -uall [91ms]
2025-06-01 04:12:13.269 [info] > git config --get commit.template [1ms]
2025-06-01 04:12:13.280 [info] [Git][getRemotes] No remotes found in the git config file
2025-06-01 04:12:13.284 [info] > git for-each-ref --format=%(refname)%00%(upstream:short)%00%(objectname)%00%(upstream:track)%00%(upstream:remotename)%00%(upstream:remoteref) refs/heads/main refs/remotes/main [4ms]
2025-06-01 04:12:13.327 [info] > git for-each-ref --sort -committerdate --format %(refname)%00%(objectname)%00%(*objectname) [2ms]
2025-06-01 04:12:13.405 [info] > git status -z -uall [110ms]
2025-06-01 04:12:18.428 [info] [Git][getRemotes] No remotes found in the git config file
2025-06-01 04:12:18.913 [info] > git config --get commit.template [485ms]
2025-06-01 04:12:18.914 [info] > git for-each-ref --format=%(refname)%00%(upstream:short)%00%(objectname)%00%(upstream:track)%00%(upstream:remotename)%00%(upstream:remoteref) refs/heads/main refs/remotes/main [2ms]
2025-06-01 04:12:18.955 [info] > git for-each-ref --sort -committerdate --format %(refname)%00%(objectname)%00%(*objectname) [8ms]
2025-06-01 04:12:19.053 [info] > git status -z -uall [130ms]
2025-06-01 04:12:30.122 [info] [Git][getRemotes] No remotes found in the git config file
2025-06-01 04:12:30.123 [info] > git config --get commit.template [15ms]
2025-06-01 04:12:30.123 [info] > git for-each-ref --format=%(refname)%00%(upstream:short)%00%(objectname)%00%(upstream:track)%00%(upstream:remotename)%00%(upstream:remoteref) refs/heads/main refs/remotes/main [1ms]
2025-06-01 04:12:30.175 [info] > git for-each-ref --sort -committerdate --format %(refname)%00%(objectname)%00%(*objectname) [7ms]
2025-06-01 04:12:30.234 [info] > git status -z -uall [100ms]
2025-06-01 04:12:35.258 [info] [Git][getRemotes] No remotes found in the git config file
2025-06-01 04:12:35.268 [info] > git config --get commit.template [13ms]
2025-06-01 04:12:35.269 [info] > git for-each-ref --format=%(refname)%00%(upstream:short)%00%(objectname)%00%(upstream:track)%00%(upstream:remotename)%00%(upstream:remoteref) refs/heads/main refs/remotes/main [1ms]
2025-06-01 04:12:35.325 [info] > git for-each-ref --sort -committerdate --format %(refname)%00%(objectname)%00%(*objectname) [4ms]
2025-06-01 04:12:35.400 [info] > git status -z -uall [122ms]
2025-06-01 04:12:40.442 [info] [Git][getRemotes] No remotes found in the git config file
2025-06-01 04:12:40.443 [info] > git for-each-ref --format=%(refname)%00%(upstream:short)%00%(objectname)%00%(upstream:track)%00%(upstream:remotename)%00%(upstream:remoteref) refs/heads/main refs/remotes/main [1ms]
2025-06-01 04:12:40.443 [info] > git config --get commit.template [14ms]
2025-06-01 04:12:40.507 [info] > git for-each-ref --sort -committerdate --format %(refname)%00%(objectname)%00%(*objectname) [2ms]
2025-06-01 04:12:40.573 [info] > git status -z -uall [117ms]
2025-06-01 04:12:45.607 [info] > git config --get commit.template [5ms]
2025-06-01 04:12:45.607 [info] [Git][getRemotes] No remotes found in the git config file
2025-06-01 04:12:45.627 [info] > git for-each-ref --format=%(refname)%00%(upstream:short)%00%(objectname)%00%(upstream:track)%00%(upstream:remotename)%00%(upstream:remoteref) refs/heads/main refs/remotes/main [2ms]
2025-06-01 04:12:45.685 [info] > git for-each-ref --sort -committerdate --format %(refname)%00%(objectname)%00%(*objectname) [16ms]
2025-06-01 04:12:45.926 [info] > git status -z -uall [287ms]
2025-06-01 04:12:51.036 [info] [Git][getRemotes] No remotes found in the git config file
2025-06-01 04:12:51.036 [info] > git config --get commit.template [11ms]
2025-06-01 04:12:51.037 [info] > git for-each-ref --format=%(refname)%00%(upstream:short)%00%(objectname)%00%(upstream:track)%00%(upstream:remotename)%00%(upstream:remoteref) refs/heads/main refs/remotes/main [1ms]
2025-06-01 04:12:51.088 [info] > git for-each-ref --sort -committerdate --format %(refname)%00%(objectname)%00%(*objectname) [4ms]
2025-06-01 04:12:51.187 [info] > git status -z -uall [140ms]
2025-06-01 04:12:56.207 [info] > git config --get commit.template [0ms]
2025-06-01 04:12:56.218 [info] [Git][getRemotes] No remotes found in the git config file
2025-06-01 04:12:56.220 [info] > git for-each-ref --format=%(refname)%00%(upstream:short)%00%(objectname)%00%(upstream:track)%00%(upstream:remotename)%00%(upstream:remoteref) refs/heads/main refs/remotes/main [2ms]
2025-06-01 04:12:56.269 [info] > git for-each-ref --sort -committerdate --format %(refname)%00%(objectname)%00%(*objectname) [2ms]
2025-06-01 04:12:56.346 [info] > git status -z -uall [116ms]
2025-06-01 04:13:01.376 [info] > git config --get commit.template [1ms]
2025-06-01 04:13:01.386 [info] [Git][getRemotes] No remotes found in the git config file
2025-06-01 04:13:01.388 [info] > git for-each-ref --format=%(refname)%00%(upstream:short)%00%(objectname)%00%(upstream:track)%00%(upstream:remotename)%00%(upstream:remoteref) refs/heads/main refs/remotes/main [2ms]
2025-06-01 04:13:01.461 [info] > git for-each-ref --sort -committerdate --format %(refname)%00%(objectname)%00%(*objectname) [11ms]
2025-06-01 04:13:01.525 [info] > git status -z -uall [114ms]
2025-06-01 04:13:06.566 [info] [Git][getRemotes] No remotes found in the git config file
2025-06-01 04:13:06.566 [info] > git config --get commit.template [14ms]
2025-06-01 04:13:06.567 [info] > git for-each-ref --format=%(refname)%00%(upstream:short)%00%(objectname)%00%(upstream:track)%00%(upstream:remotename)%00%(upstream:remoteref) refs/heads/main refs/remotes/main [1ms]
2025-06-01 04:13:06.595 [info] > git for-each-ref --sort -committerdate --format %(refname)%00%(objectname)%00%(*objectname) [5ms]
2025-06-01 04:13:06.686 [info] > git status -z -uall [113ms]
2025-06-01 04:13:11.712 [info] [Git][getRemotes] No remotes found in the git config file
2025-06-01 04:13:11.712 [info] > git config --get commit.template [8ms]
2025-06-01 04:13:11.713 [info] > git for-each-ref --format=%(refname)%00%(upstream:short)%00%(objectname)%00%(upstream:track)%00%(upstream:remotename)%00%(upstream:remoteref) refs/heads/main refs/remotes/main [1ms]
2025-06-01 04:13:11.746 [info] > git for-each-ref --sort -committerdate --format %(refname)%00%(objectname)%00%(*objectname) [1ms]
2025-06-01 04:13:11.790 [info] > git status -z -uall [70ms]
2025-06-01 04:13:16.809 [info] > git config --get commit.template [2ms]
2025-06-01 04:13:16.820 [info] [Git][getRemotes] No remotes found in the git config file
2025-06-01 04:13:16.822 [info] > git for-each-ref --format=%(refname)%00%(upstream:short)%00%(objectname)%00%(upstream:track)%00%(upstream:remotename)%00%(upstream:remoteref) refs/heads/main refs/remotes/main [2ms]
2025-06-01 04:13:16.863 [info] > git for-each-ref --sort -committerdate --format %(refname)%00%(objectname)%00%(*objectname) [4ms]
2025-06-01 04:13:16.924 [info] > git status -z -uall [96ms]
2025-06-01 04:13:21.946 [info] > git config --get commit.template [2ms]
2025-06-01 04:13:21.956 [info] [Git][getRemotes] No remotes found in the git config file
2025-06-01 04:13:21.957 [info] > git for-each-ref --format=%(refname)%00%(upstream:short)%00%(objectname)%00%(upstream:track)%00%(upstream:remotename)%00%(upstream:remoteref) refs/heads/main refs/remotes/main [1ms]
2025-06-01 04:13:22.008 [info] > git for-each-ref --sort -committerdate --format %(refname)%00%(objectname)%00%(*objectname) [5ms]
2025-06-01 04:13:22.104 [info] > git status -z -uall [137ms]
2025-06-01 04:13:27.127 [info] [Git][getRemotes] No remotes found in the git config file
2025-06-01 04:13:27.127 [info] > git config --get commit.template [8ms]
2025-06-01 04:13:27.128 [info] > git for-each-ref --format=%(refname)%00%(upstream:short)%00%(objectname)%00%(upstream:track)%00%(upstream:remotename)%00%(upstream:remoteref) refs/heads/main refs/remotes/main [1ms]
2025-06-01 04:13:27.162 [info] > git for-each-ref --sort -committerdate --format %(refname)%00%(objectname)%00%(*objectname) [1ms]
2025-06-01 04:13:27.204 [info] > git status -z -uall [69ms]
2025-06-01 04:13:32.218 [info] > git config --get commit.template [2ms]
2025-06-01 04:13:32.225 [info] [Git][getRemotes] No remotes found in the git config file
2025-06-01 04:13:32.226 [info] > git for-each-ref --format=%(refname)%00%(upstream:short)%00%(objectname)%00%(upstream:track)%00%(upstream:remotename)%00%(upstream:remoteref) refs/heads/main refs/remotes/main [2ms]
2025-06-01 04:13:32.266 [info] > git for-each-ref --sort -committerdate --format %(refname)%00%(objectname)%00%(*objectname) [9ms]
2025-06-01 04:13:32.304 [info] > git status -z -uall [72ms]
2025-06-01 04:13:37.323 [info] [Git][getRemotes] No remotes found in the git config file
2025-06-01 04:13:37.324 [info] > git config --get commit.template [8ms]
2025-06-01 04:13:37.325 [info] > git for-each-ref --format=%(refname)%00%(upstream:short)%00%(objectname)%00%(upstream:track)%00%(upstream:remotename)%00%(upstream:remoteref) refs/heads/main refs/remotes/main [2ms]
2025-06-01 04:13:37.363 [info] > git for-each-ref --sort -committerdate --format %(refname)%00%(objectname)%00%(*objectname) [4ms]
2025-06-01 04:13:37.407 [info] > git status -z -uall [76ms]
2025-06-01 04:13:40.978 [info] > git ls-files --stage -- index.html [4ms]
2025-06-01 04:13:40.986 [info] > git cat-file -s 212bf6c52e1483fa48026126d9065d26033b5066 [1ms]
2025-06-01 04:13:41.185 [info] > git show --textconv :index.html [4ms]
2025-06-01 04:13:42.428 [info] > git config --get commit.template [8ms]
2025-06-01 04:13:42.429 [info] > git for-each-ref --format=%(refname)%00%(upstream:short)%00%(objectname)%00%(upstream:track)%00%(upstream:remotename)%00%(upstream:remoteref) refs/heads/main refs/remotes/main [2ms]
2025-06-01 04:13:42.471 [info] > git for-each-ref --sort -committerdate --format %(refname)%00%(objectname)%00%(*objectname) [3ms]
2025-06-01 04:13:42.510 [info] > git status -z -uall [75ms]
2025-06-01 04:13:43.347 [info] > git config --get --local branch.main.github-pr-owner-number [2ms]
2025-06-01 04:13:43.348 [warning] [Git][config] git config failed: Failed to execute git
2025-06-01 04:13:43.356 [info] > git config --get --local branch.main.remote [1ms]
2025-06-01 04:13:43.356 [warning] [Git][config] git config failed: Failed to execute git
2025-06-01 04:13:43.365 [info] > git config --get --local branch.main.merge [1ms]
2025-06-01 04:13:43.365 [warning] [Git][config] git config failed: Failed to execute git
2025-06-01 04:14:06.633 [info] > git config --get commit.template [1ms]
2025-06-01 04:14:06.642 [info] > git for-each-ref --format=%(refname)%00%(upstream:short)%00%(objectname)%00%(upstream:track)%00%(upstream:remotename)%00%(upstream:remoteref) refs/heads/main refs/remotes/main [0ms]
2025-06-01 04:14:06.677 [info] > git for-each-ref --sort -committerdate --format %(refname)%00%(objectname)%00%(*objectname) [0ms]
2025-06-01 04:14:06.720 [info] > git status -z -uall [71ms]
2025-06-01 04:14:11.740 [info] > git config --get commit.template [1ms]
2025-06-01 04:14:11.750 [info] > git for-each-ref --format=%(refname)%00%(upstream:short)%00%(objectname)%00%(upstream:track)%00%(upstream:remotename)%00%(upstream:remoteref) refs/heads/main refs/remotes/main [2ms]
2025-06-01 04:14:11.783 [info] > git for-each-ref --sort -committerdate --format %(refname)%00%(objectname)%00%(*objectname) [1ms]
2025-06-01 04:14:11.826 [info] > git status -z -uall [69ms]
