2025-05-29 03:24:03.616 [warning] /home/vscode/.ssh/config: ENOENT: no such file or directory, open '/home/vscode/.ssh/config'
2025-05-29 03:24:03.616 [info] [Activation] Extension version: 0.110.0
2025-05-29 03:24:10.711 [info] [Authentication] Creating hub for .com
2025-05-29 03:24:12.149 [info] [Activation] Looking for git repository
2025-05-29 03:24:12.149 [info] [Activation] Found 0 repositories during activation
2025-05-29 03:24:12.149 [info] [Activation] Git repository found, initializing review manager and pr tree view.
2025-05-29 03:24:12.156 [info] [GitAPI] Registering git provider
2025-05-29 03:24:12.156 [info] [Review+0] Validate state in progress
2025-05-29 03:24:12.156 [info] [Review+0] Validating state...
2025-05-29 03:24:12.156 [info] [Review+1] Validate state in progress
2025-05-29 03:24:12.156 [info] [Review+1] Validating state...
2025-05-29 03:24:12.156 [info] [Review+2] Validate state in progress
2025-05-29 03:24:12.156 [info] [Review+2] Validating state...
2025-05-29 03:24:15.588 [info] [FolderRepositoryManager+0] Found GitHub remote for folder /home/vscode/environment
2025-05-29 03:24:15.588 [info] [FolderRepositoryManager+1] Found GitHub remote for folder /home/vscode/.oh-my-zsh
2025-05-29 03:24:15.589 [info] [FolderRepositoryManager+2] Found GitHub remote for folder /home/vscode/.nodenv
2025-05-29 03:24:17.179 [info] [FolderRepositoryManager+2] Trying to use globalState for assignableUsers.
2025-05-29 03:24:17.218 [info] [FolderRepositoryManager+0] Trying to use globalState for assignableUsers.
2025-05-29 03:24:17.233 [info] [FolderRepositoryManager+1] Trying to use globalState for assignableUsers.
2025-05-29 03:24:17.247 [info] [Review+2] No matching pull request metadata found locally for current branch main
2025-05-29 03:24:17.250 [info] [Review+1] No matching pull request metadata found locally for current branch master
2025-05-29 03:24:17.253 [info] [Review+0] No matching pull request metadata found locally for current branch main
2025-05-29 03:24:18.457 [info] [FolderRepositoryManager+1] Using globalState assignableUsers for 1.
2025-05-29 03:24:18.730 [info] [Review+0] No matching pull request metadata found on GitHub for current branch main
2025-05-29 03:24:18.791 [info] [Review+2] No matching pull request metadata found on GitHub for current branch main
2025-05-29 03:24:19.030 [info] [FolderRepositoryManager+0] Using globalState assignableUsers for 2.
2025-05-29 03:24:19.033 [info] [FolderRepositoryManager+2] Using globalState assignableUsers for 1.
2025-05-29 03:24:22.645 [info] [Review+1] No matching pull request metadata found on GitHub for current branch master
2025-05-29 05:16:54.530 [info] [Activation] Repo state for file:///home/vscode/.oh-my-zsh changed.
2025-05-29 05:16:54.532 [info] [Activation] Repo file:///home/vscode/.oh-my-zsh has already been setup.
2025-05-29 05:25:22.885 [info] [Activation] Repo state for file:///home/vscode/.nodenv changed.
2025-05-29 05:25:22.885 [info] [Activation] Repo file:///home/vscode/.nodenv has already been setup.
2025-05-29 05:26:49.200 [info] [GitAPI] Repository file:///home/vscode has been opened
2025-05-29 05:26:49.200 [info] [Review+3] Validate state in progress
2025-05-29 05:26:49.200 [info] [Review+3] Validating state...
2025-05-29 05:26:49.201 [warning] No remotes found. The following remotes are missing: origin, upstream
2025-05-29 05:26:49.201 [info] [FolderRepositoryManager+3] No GitHub remotes found for folder /home/vscode
2025-05-29 05:26:49.509 [info] [Review+3] Queuing additional validate state
2025-05-29 05:26:49.509 [info] [Activation] Repo state for file:///home/vscode changed.
2025-05-29 05:26:49.509 [info] [Activation] Repo file:///home/vscode has already been setup.
2025-05-29 05:27:02.126 [info] [Review+3] Validating state...
2025-05-29 05:27:02.126 [warning] No remotes found. The following remotes are missing: origin, upstream
2025-05-29 05:27:02.126 [info] [FolderRepositoryManager+3] No GitHub remotes found for folder /home/vscode
2025-05-29 05:27:02.147 [info] [Review+3] No matching pull request metadata found locally for current branch main
2025-05-29 05:27:02.157 [info] [Review+3] No matching pull request metadata found on GitHub for current branch main
