2025-05-28 06:39:03.394 [info] Reading sessions from keychain...
2025-05-28 06:39:03.394 [info] Getting sessions for all scopes...
2025-05-28 06:39:03.394 [info] Getting sessions for all scopes...
2025-05-28 06:39:03.394 [info] Getting sessions for all scopes...
2025-05-28 06:39:03.394 [info] Getting sessions for user:email...
2025-05-28 06:39:03.394 [info] Getting sessions for all scopes...
2025-05-28 06:39:03.394 [info] Getting sessions for all scopes...
2025-05-28 06:39:03.394 [info] Getting sessions for all scopes...
2025-05-28 06:39:03.394 [info] Getting sessions for all scopes...
2025-05-28 06:39:03.394 [info] Getting sessions for all scopes...
2025-05-28 06:39:03.394 [info] Got stored sessions!
2025-05-28 06:39:03.394 [info] Got 6 verified sessions.
2025-05-28 06:39:03.394 [info] Got 6 sessions for ...
2025-05-28 06:39:03.394 [info] Got 6 sessions for ...
2025-05-28 06:39:03.394 [info] Got 6 sessions for ...
2025-05-28 06:39:03.394 [info] Got 1 sessions for user:email...
2025-05-28 06:39:03.394 [info] Got 6 sessions for ...
2025-05-28 06:39:03.394 [info] Got 6 sessions for ...
2025-05-28 06:39:03.394 [info] Got 6 sessions for ...
2025-05-28 06:39:03.394 [info] Got 6 sessions for ...
2025-05-28 06:39:03.394 [info] Got 6 sessions for ...
