2025-05-30 04:19:40.809 [info] Reading sessions from keychain...
2025-05-30 04:19:40.809 [info] Getting sessions for all scopes...
2025-05-30 04:19:40.809 [info] Getting sessions for all scopes...
2025-05-30 04:19:40.809 [info] Getting sessions for all scopes...
2025-05-30 04:19:40.809 [info] Getting sessions for user:email...
2025-05-30 04:19:40.809 [info] Getting sessions for all scopes...
2025-05-30 04:19:40.809 [info] Getting sessions for all scopes...
2025-05-30 04:19:40.809 [info] Getting sessions for all scopes...
2025-05-30 04:19:40.809 [info] Getting sessions for all scopes...
2025-05-30 04:19:40.809 [info] Getting sessions for all scopes...
2025-05-30 04:19:40.809 [info] Got stored sessions!
2025-05-30 04:19:40.809 [info] Got 6 verified sessions.
2025-05-30 04:19:40.809 [info] Got 6 sessions for ...
2025-05-30 04:19:40.809 [info] Got 6 sessions for ...
2025-05-30 04:19:40.809 [info] Got 6 sessions for ...
2025-05-30 04:19:40.809 [info] Got 1 sessions for user:email...
2025-05-30 04:19:40.809 [info] Got 6 sessions for ...
2025-05-30 04:19:40.809 [info] Got 6 sessions for ...
2025-05-30 04:19:40.809 [info] Got 6 sessions for ...
2025-05-30 04:19:40.809 [info] Got 6 sessions for ...
2025-05-30 04:19:40.809 [info] Got 6 sessions for ...
2025-05-30 04:19:40.837 [info] Getting sessions for codespace,read:user,repo,user:email...
2025-05-30 04:19:40.838 [info] Getting sessions for all scopes...
2025-05-30 04:19:40.838 [info] Getting sessions for all scopes...
2025-05-30 04:19:40.838 [info] Getting sessions for all scopes...
2025-05-30 04:19:40.838 [info] Getting sessions for all scopes...
2025-05-30 04:19:40.838 [info] Getting sessions for all scopes...
2025-05-30 04:19:40.838 [info] Getting sessions for all scopes...
2025-05-30 04:19:40.838 [info] Getting sessions for all scopes...
2025-05-30 04:19:40.838 [info] Got 1 sessions for codespace,read:user,repo,user:email...
2025-05-30 04:19:40.839 [info] Got 6 sessions for ...
2025-05-30 04:19:40.839 [info] Got 6 sessions for ...
2025-05-30 04:19:40.839 [info] Got 6 sessions for ...
2025-05-30 04:19:40.839 [info] Got 6 sessions for ...
2025-05-30 04:19:40.839 [info] Got 6 sessions for ...
2025-05-30 04:19:40.839 [info] Got 6 sessions for ...
2025-05-30 04:19:40.839 [info] Got 6 sessions for ...
2025-05-30 04:19:41.898 [info] Getting sessions for all scopes...
2025-05-30 04:19:41.910 [info] Got 6 sessions for ...
2025-05-30 04:19:46.969 [info] Getting sessions for all scopes...
2025-05-30 04:19:46.977 [info] Got 6 sessions for ...
2025-05-30 04:19:47.687 [info] Getting sessions for all scopes...
2025-05-30 04:19:47.694 [info] Got 6 sessions for ...
2025-05-30 04:19:49.997 [info] Getting sessions for all scopes...
2025-05-30 04:19:49.997 [info] Getting sessions for all scopes...
2025-05-30 04:19:49.997 [info] Got 6 sessions for ...
2025-05-30 04:19:49.998 [info] Got 6 sessions for ...
2025-05-30 04:19:50.949 [info] Getting sessions for read:user,repo,user:email,workflow...
2025-05-30 04:19:50.950 [info] Getting sessions for all scopes...
2025-05-30 04:19:50.950 [info] Getting sessions for all scopes...
2025-05-30 04:19:50.952 [info] Getting sessions for project,read:org,read:user,repo,user:email,workflow...
2025-05-30 04:19:50.952 [info] Getting sessions for all scopes...
2025-05-30 04:19:50.953 [info] Getting sessions for all scopes...
2025-05-30 04:19:50.953 [info] Got 1 sessions for read:user,repo,user:email,workflow...
2025-05-30 04:19:50.953 [info] Got 6 sessions for ...
2025-05-30 04:19:50.953 [info] Got 6 sessions for ...
2025-05-30 04:19:50.953 [info] Got 0 sessions for project,read:org,read:user,repo,user:email,workflow...
2025-05-30 04:19:50.953 [info] Got 6 sessions for ...
2025-05-30 04:19:50.953 [info] Got 6 sessions for ...
2025-05-30 04:19:53.718 [info] Getting sessions for read:user,repo,user:email,workflow...
2025-05-30 04:19:53.719 [info] Getting sessions for read:user,repo,user:email,workflow...
2025-05-30 04:19:53.719 [info] Got 1 sessions for read:user,repo,user:email,workflow...
2025-05-30 04:19:53.719 [info] Got 1 sessions for read:user,repo,user:email,workflow...
2025-05-30 04:19:56.008 [info] Getting sessions for read:user,repo,user:email,workflow...
2025-05-30 04:19:56.009 [info] Getting sessions for all scopes...
2025-05-30 04:19:56.009 [info] Getting sessions for all scopes...
2025-05-30 04:19:56.009 [info] Got 1 sessions for read:user,repo,user:email,workflow...
2025-05-30 04:19:56.009 [info] Got 6 sessions for ...
2025-05-30 04:19:56.009 [info] Got 6 sessions for ...
2025-05-30 04:20:00.089 [info] Getting sessions for read:user,repo,user:email,workflow...
2025-05-30 04:20:00.090 [info] Got 1 sessions for read:user,repo,user:email,workflow...
2025-05-30 04:20:02.536 [info] Getting sessions for read:user,repo,user:email,workflow...
2025-05-30 04:20:02.537 [info] Got 1 sessions for read:user,repo,user:email,workflow...
2025-05-30 04:20:04.091 [info] Getting sessions for all scopes...
2025-05-30 04:20:04.091 [info] Got 6 sessions for ...
2025-05-30 04:20:05.177 [info] Getting sessions for read:user,repo,user:email,workflow...
2025-05-30 04:20:05.179 [info] Got 1 sessions for read:user,repo,user:email,workflow...
2025-05-30 04:20:05.262 [info] Getting sessions for read:user,repo,user:email,workflow...
2025-05-30 04:20:05.262 [info] Getting sessions for read:user,repo,user:email,workflow...
2025-05-30 04:20:05.262 [info] Got 1 sessions for read:user,repo,user:email,workflow...
2025-05-30 04:20:05.262 [info] Got 1 sessions for read:user,repo,user:email,workflow...
2025-05-30 04:20:10.072 [info] Getting sessions for all scopes...
2025-05-30 04:20:10.072 [info] Getting sessions for all scopes...
2025-05-30 04:20:10.072 [info] Got 6 sessions for ...
2025-05-30 04:20:10.072 [info] Got 6 sessions for ...
2025-05-30 04:20:10.406 [info] Getting sessions for read:user,repo,user:email,workflow...
2025-05-30 04:20:10.406 [info] Got 1 sessions for read:user,repo,user:email,workflow...
2025-05-30 04:20:10.606 [info] Getting sessions for read:user,repo,user:email,workflow...
2025-05-30 04:20:10.606 [info] Got 1 sessions for read:user,repo,user:email,workflow...
2025-05-30 04:20:11.187 [info] Getting sessions for all scopes...
2025-05-30 04:20:11.187 [info] Got 6 sessions for ...
2025-05-30 04:20:11.696 [info] Getting sessions for read:user,repo,user:email,workflow...
2025-05-30 04:20:11.696 [info] Got 1 sessions for read:user,repo,user:email,workflow...
2025-05-30 04:20:12.907 [info] Getting sessions for all scopes...
2025-05-30 04:20:12.907 [info] Got 6 sessions for ...
2025-05-30 04:20:13.369 [info] Getting sessions for read:user,repo,user:email,workflow...
2025-05-30 04:20:13.370 [info] Got 1 sessions for read:user,repo,user:email,workflow...
2025-05-30 04:20:13.667 [info] Getting sessions for all scopes...
2025-05-30 04:20:13.667 [info] Got 6 sessions for ...
2025-05-30 04:20:13.893 [info] Getting sessions for all scopes...
2025-05-30 04:20:13.894 [info] Got 6 sessions for ...
2025-05-30 04:20:16.008 [info] Getting sessions for all scopes...
2025-05-30 04:20:16.008 [info] Got 6 sessions for ...
2025-05-30 04:20:16.447 [info] Getting sessions for read:user,repo,user:email,workflow...
2025-05-30 04:20:16.447 [info] Got 1 sessions for read:user,repo,user:email,workflow...
2025-05-30 04:24:51.776 [info] Getting sessions for all scopes...
2025-05-30 04:24:51.776 [info] Got 6 sessions for ...
2025-05-30 04:24:52.215 [info] Getting sessions for read:user,repo,user:email,workflow...
2025-05-30 04:24:52.215 [info] Got 1 sessions for read:user,repo,user:email,workflow...
2025-05-30 04:29:51.505 [info] Getting sessions for all scopes...
2025-05-30 04:29:51.505 [info] Got 6 sessions for ...
2025-05-30 04:29:51.865 [info] Getting sessions for read:user,repo,user:email,workflow...
2025-05-30 04:29:51.865 [info] Got 1 sessions for read:user,repo,user:email,workflow...
2025-05-30 04:34:51.524 [info] Getting sessions for all scopes...
2025-05-30 04:34:51.524 [info] Got 6 sessions for ...
2025-05-30 04:34:51.914 [info] Getting sessions for read:user,repo,user:email,workflow...
2025-05-30 04:34:51.914 [info] Got 1 sessions for read:user,repo,user:email,workflow...
2025-05-30 04:35:17.065 [info] Getting sessions for all scopes...
2025-05-30 04:35:17.065 [info] Got 6 sessions for ...
2025-05-30 04:35:17.460 [info] Getting sessions for read:user,repo,user:email,workflow...
2025-05-30 04:35:17.460 [info] Got 1 sessions for read:user,repo,user:email,workflow...
