2025-06-02 11:37:57.736 [info] [main] ログ レベル: Info
2025-06-02 11:37:57.736 [info] [main] Git の検証が検出されました: "git"
2025-06-02 11:37:57.736 [info] [main] "git" から Git "2.49.0" を使用しています
2025-06-02 11:37:57.736 [info] [Model][doInitialScan] Initial repository scan started
2025-06-02 11:37:57.736 [info] > git rev-parse --show-toplevel [44ms]
2025-06-02 11:37:58.284 [info] > git rev-parse --git-dir --git-common-dir [1453ms]
2025-06-02 11:37:58.367 [info] [Model][openRepository] Opened repository (path): /home/vscode
2025-06-02 11:37:58.367 [info] [Model][openRepository] Opened repository (real path): /home/vscode
2025-06-02 11:38:00.952 [info] > git check-ignore -v -z --stdin [322ms]
2025-06-02 11:38:00.964 [info] > git config --get commit.template [2467ms]
2025-06-02 11:38:02.226 [info] > git rev-parse --show-toplevel [1119ms]
2025-06-02 11:38:02.226 [info] > git for-each-ref --format=%(refname)%00%(upstream:short)%00%(objectname)%00%(upstream:track)%00%(upstream:remotename)%00%(upstream:remoteref) refs/heads/main refs/remotes/main [1146ms]
2025-06-02 11:38:02.358 [info] > git rev-parse --show-toplevel [105ms]
2025-06-02 11:38:03.185 [info] > git rev-parse --show-toplevel [811ms]
2025-06-02 11:38:03.454 [info] > git for-each-ref --sort -committerdate --format %(refname)%00%(objectname)%00%(*objectname) [282ms]
2025-06-02 11:38:03.583 [info] > git status -z -uall [474ms]
2025-06-02 11:38:03.583 [info] > git rev-parse --show-toplevel [378ms]
2025-06-02 11:38:03.739 [info] > git for-each-ref --format=%(refname)%00%(upstream:short)%00%(objectname)%00%(upstream:track)%00%(upstream:remotename)%00%(upstream:remoteref) refs/heads/main refs/remotes/main [99ms]
2025-06-02 11:38:03.899 [info] > git config --get --local branch.main.vscode-merge-base [127ms]
2025-06-02 11:38:03.899 [warning] [Git][config] git config failed: Failed to execute git
2025-06-02 11:38:03.915 [info] > git config --get commit.template [227ms]
2025-06-02 11:38:03.915 [info] > git rev-parse --git-dir --git-common-dir [241ms]
2025-06-02 11:38:03.923 [info] [Model][openRepository] Opened repository (path): /home/vscode/.nodenv
2025-06-02 11:38:03.923 [info] [Model][openRepository] Opened repository (real path): /home/vscode/.nodenv
2025-06-02 11:38:03.957 [info] > git reflog main --grep-reflog=branch: Created from *. [45ms]
2025-06-02 11:38:03.986 [info] > git symbolic-ref --short refs/remotes/origin/HEAD [15ms]
2025-06-02 11:38:03.988 [info] fatal: ref refs/remotes/origin/HEAD is not a symbolic ref
2025-06-02 11:38:03.988 [warning] [Repository][getDefaultBranch] Failed to get default branch details: Failed to execute git.
2025-06-02 11:38:04.004 [info] > git rev-parse --show-toplevel [51ms]
2025-06-02 11:38:04.005 [info] > git config --get commit.template [64ms]
2025-06-02 11:38:04.019 [info] > git for-each-ref --format=%(refname)%00%(upstream:short)%00%(objectname)%00%(upstream:track)%00%(upstream:remotename)%00%(upstream:remoteref) refs/heads/main refs/remotes/main [33ms]
2025-06-02 11:38:04.034 [info] > git merge-base refs/heads/main refs/remotes/origin/main [32ms]
2025-06-02 11:38:04.053 [info] > git rev-parse --show-toplevel [35ms]
2025-06-02 11:38:04.073 [info] > git for-each-ref --format=%(refname)%00%(upstream:short)%00%(objectname)%00%(upstream:track)%00%(upstream:remotename)%00%(upstream:remoteref) refs/heads/main refs/remotes/main [41ms]
2025-06-02 11:38:04.073 [info] > git diff --name-status -z --diff-filter=ADMR 1ca885d23d71149ce66d0d1a3371ecfe7e898001...refs/remotes/origin/main [24ms]
2025-06-02 11:38:04.177 [warning] [Git][revParse] Unable to read file: ENOENT: no such file or directory, open '/home/vscode/.nodenv/.git/refs/remotes/origin/main'
2025-06-02 11:38:04.214 [info] > git rev-parse refs/remotes/origin/main [37ms]
2025-06-02 11:38:04.243 [info] > git for-each-ref --sort -committerdate --format %(refname)%00%(objectname)%00%(*objectname) [84ms]
2025-06-02 11:38:04.243 [info] > git rev-parse --git-dir --git-common-dir [174ms]
2025-06-02 11:38:04.258 [info] [Model][openRepository] Opened repository (path): /home/vscode/.oh-my-zsh
2025-06-02 11:38:04.258 [info] [Model][openRepository] Opened repository (real path): /home/vscode/.oh-my-zsh
2025-06-02 11:38:04.313 [info] > git status -z -uall [225ms]
2025-06-02 11:38:04.313 [info] > git status -z -uall [87ms]
2025-06-02 11:38:04.316 [info] > git rev-parse --show-toplevel [5ms]
2025-06-02 11:38:04.316 [info] > git config --get commit.template [20ms]
2025-06-02 11:38:04.324 [info] > git for-each-ref --sort -committerdate --format %(refname)%00%(objectname)%00%(*objectname) [82ms]
2025-06-02 11:38:04.451 [info] > git for-each-ref --format=%(refname)%00%(upstream:short)%00%(objectname)%00%(upstream:track)%00%(upstream:remotename)%00%(upstream:remoteref) refs/heads/main refs/remotes/main [110ms]
2025-06-02 11:38:04.512 [info] > git config --get --local branch.main.vscode-merge-base [48ms]
2025-06-02 11:38:04.530 [info] > git config --get commit.template [153ms]
2025-06-02 11:38:04.530 [info] > git rev-parse --show-toplevel [166ms]
2025-06-02 11:38:04.556 [info] > git for-each-ref --format=%(refname)%00%(upstream:short)%00%(objectname)%00%(upstream:track)%00%(upstream:remotename)%00%(upstream:remoteref) refs/heads/origin/main refs/remotes/origin/main [27ms]
2025-06-02 11:38:04.575 [info] > git for-each-ref --format=%(refname)%00%(upstream:short)%00%(objectname)%00%(upstream:track)%00%(upstream:remotename)%00%(upstream:remoteref) refs/heads/master refs/remotes/master [71ms]
2025-06-02 11:38:04.605 [warning] [Git][revParse] Unable to read file: ENOENT: no such file or directory, open '/home/vscode/.oh-my-zsh/.git/refs/remotes/origin/master'
2025-06-02 11:38:04.612 [info] > git rev-parse --show-toplevel [60ms]
2025-06-02 11:38:04.614 [info] > git merge-base refs/heads/main refs/remotes/origin/main [40ms]
2025-06-02 11:38:04.627 [info] > git rev-parse refs/remotes/origin/master [24ms]
2025-06-02 11:38:04.662 [info] > git for-each-ref --format=%(refname)%00%(upstream:short)%00%(objectname)%00%(upstream:track)%00%(upstream:remotename)%00%(upstream:remoteref) refs/heads/main refs/remotes/main [74ms]
2025-06-02 11:38:04.694 [info] > git status -z -uall [58ms]
2025-06-02 11:38:04.694 [info] > git diff --name-status -z --diff-filter=ADMR c2bda62623165f2b9bab646844f22fc20a48f944...refs/remotes/origin/main [67ms]
2025-06-02 11:38:04.723 [warning] [Git][revParse] Unable to read file: ENOENT: no such file or directory, open '/home/vscode/.nodenv/.git/refs/remotes/origin/main'
2025-06-02 11:38:04.735 [info] > git for-each-ref --sort -committerdate --format %(refname)%00%(objectname)%00%(*objectname) [73ms]
2025-06-02 11:38:04.772 [info] > git for-each-ref --format=%(refname)%00%(upstream:short)%00%(objectname)%00%(upstream:track)%00%(upstream:remotename)%00%(upstream:remoteref) refs/heads/master refs/remotes/master [15ms]
2025-06-02 11:38:04.786 [info] > git rev-parse refs/remotes/origin/main [64ms]
2025-06-02 11:38:04.816 [info] > git rev-parse --git-dir --git-common-dir [125ms]
2025-06-02 11:38:04.828 [info] [Model][openRepository] Opened repository (path): /home/vscode/environment
2025-06-02 11:38:04.828 [info] [Model][openRepository] Opened repository (real path): /home/vscode/environment
2025-06-02 11:38:04.833 [info] [Model][doInitialScan] Initial repository scan completed - repositories (4), closed repositories (0), parent repositories (0), unsafe repositories (0)
2025-06-02 11:38:04.889 [info] > git status -z -uall [90ms]
2025-06-02 11:38:04.889 [info] > git for-each-ref --sort -committerdate --format %(refname)%00%(objectname)%00%(*objectname) [73ms]
2025-06-02 11:38:04.895 [info] > git config --get --local branch.master.vscode-merge-base [109ms]
2025-06-02 11:38:04.917 [info] > git config --get commit.template [146ms]
2025-06-02 11:38:04.927 [info] > git config --get commit.template [41ms]
2025-06-02 11:38:04.927 [info] > git ls-files --stage -- index.html [58ms]
2025-06-02 11:38:04.953 [info] > git for-each-ref --format=%(refname)%00%(upstream:short)%00%(objectname)%00%(upstream:track)%00%(upstream:remotename)%00%(upstream:remoteref) refs/heads/origin/master refs/remotes/origin/master [36ms]
2025-06-02 11:38:05.229 [info] > git for-each-ref --format=%(refname)%00%(upstream:short)%00%(objectname)%00%(upstream:track)%00%(upstream:remotename)%00%(upstream:remoteref) refs/heads/master refs/remotes/master [278ms]
2025-06-02 11:38:05.246 [warning] [Git][revParse] Unable to read file: ENOENT: no such file or directory, open '/home/vscode/.oh-my-zsh/.git/refs/remotes/origin/master'
2025-06-02 11:38:05.248 [info] > git for-each-ref --format=%(refname)%00%(upstream:short)%00%(objectname)%00%(upstream:track)%00%(upstream:remotename)%00%(upstream:remoteref) refs/heads/main refs/remotes/main [263ms]
2025-06-02 11:38:05.249 [info] > git merge-base refs/heads/master refs/remotes/origin/master [278ms]
2025-06-02 11:38:05.293 [warning] [Git][revParse] Unable to read file: ENOENT: no such file or directory, open '/home/vscode/environment/.git/refs/remotes/origin/main'
2025-06-02 11:38:05.296 [info] > git diff --name-status -z --diff-filter=ADMR 750d3ac4b493dca13ef0ced55fa6a2cd02dc7ee8...refs/remotes/origin/master [33ms]
2025-06-02 11:38:05.297 [info] > git rev-parse refs/remotes/origin/master [51ms]
2025-06-02 11:38:05.344 [info] > git rev-parse refs/remotes/origin/main [53ms]
2025-06-02 11:38:05.379 [info] > git status -z -uall [64ms]
2025-06-02 11:38:05.379 [info] > git status -z -uall [16ms]
2025-06-02 11:38:05.380 [info] > git for-each-ref --sort -committerdate --format %(refname)%00%(objectname)%00%(*objectname) [39ms]
2025-06-02 11:38:05.577 [info] > git show --textconv :index.html [728ms]
2025-06-02 11:38:05.577 [info] > git cat-file -s 212bf6c52e1483fa48026126d9065d26033b5066 [641ms]
2025-06-02 11:38:05.585 [info] > git for-each-ref --sort -committerdate --format %(refname)%00%(objectname)%00%(*objectname) [209ms]
2025-06-02 11:38:05.678 [info] > git for-each-ref --format=%(refname)%00%(upstream:short)%00%(objectname)%00%(upstream:track)%00%(upstream:remotename)%00%(upstream:remoteref) refs/heads/main refs/remotes/main [72ms]
2025-06-02 11:38:05.707 [info] > git config --get commit.template [32ms]
2025-06-02 11:38:05.708 [info] > git config --get commit.template [43ms]
2025-06-02 11:38:05.708 [info] > git config --get commit.template [61ms]
2025-06-02 11:38:05.708 [info] > git config --get commit.template [75ms]
2025-06-02 11:38:05.709 [info] > git config --get --local branch.main.vscode-merge-base [15ms]
2025-06-02 11:38:05.798 [info] > git for-each-ref --format=%(refname)%00%(upstream:short)%00%(objectname)%00%(upstream:track)%00%(upstream:remotename)%00%(upstream:remoteref) refs/heads/main refs/remotes/main [18ms]
2025-06-02 11:38:05.799 [info] > git for-each-ref --format=%(refname)%00%(upstream:short)%00%(objectname)%00%(upstream:track)%00%(upstream:remotename)%00%(upstream:remoteref) refs/heads/master refs/remotes/master [35ms]
2025-06-02 11:38:05.799 [info] > git for-each-ref --format=%(refname)%00%(upstream:short)%00%(objectname)%00%(upstream:track)%00%(upstream:remotename)%00%(upstream:remoteref) refs/heads/main refs/remotes/main [51ms]
2025-06-02 11:38:05.799 [info] > git for-each-ref --format=%(refname)%00%(upstream:short)%00%(objectname)%00%(upstream:track)%00%(upstream:remotename)%00%(upstream:remoteref) refs/heads/origin/main refs/remotes/origin/main [74ms]
2025-06-02 11:38:05.824 [warning] [Git][revParse] Unable to read file: ENOENT: no such file or directory, open '/home/vscode/.nodenv/.git/refs/remotes/origin/main'
2025-06-02 11:38:05.841 [warning] [Git][revParse] Unable to read file: ENOENT: no such file or directory, open '/home/vscode/.oh-my-zsh/.git/refs/remotes/origin/master'
2025-06-02 11:38:05.852 [warning] [Git][revParse] Unable to read file: ENOENT: no such file or directory, open '/home/vscode/environment/.git/refs/remotes/origin/main'
2025-06-02 11:38:05.853 [info] > git for-each-ref --format=%(refname)%00%(upstream:short)%00%(objectname)%00%(upstream:track)%00%(upstream:remotename)%00%(upstream:remoteref) refs/heads/main refs/remotes/main [57ms]
2025-06-02 11:38:05.856 [info] > git rev-parse refs/remotes/origin/master [15ms]
2025-06-02 11:38:05.888 [info] > git rev-parse refs/remotes/origin/main [63ms]
2025-06-02 11:38:05.928 [info] > git merge-base refs/heads/main refs/remotes/origin/main [117ms]
2025-06-02 11:38:05.948 [info] > git status -z -uall [77ms]
2025-06-02 11:38:05.948 [info] > git status -z -uall [42ms]
2025-06-02 11:38:05.948 [info] > git for-each-ref --sort -committerdate --format %(refname)%00%(objectname)%00%(*objectname) [20ms]
2025-06-02 11:38:05.955 [info] > git for-each-ref --sort -committerdate --format %(refname)%00%(objectname)%00%(*objectname) [68ms]
2025-06-02 11:38:05.960 [info] > git rev-parse refs/remotes/origin/main [109ms]
2025-06-02 11:38:05.991 [info] > git status -z -uall [23ms]
2025-06-02 11:38:05.992 [info] > git diff --name-status -z --diff-filter=ADMR 527588dbcd166987a649f31988a023c1ec8c7011...refs/remotes/origin/main [48ms]
2025-06-02 11:38:05.994 [info] > git for-each-ref --sort -committerdate --format %(refname)%00%(objectname)%00%(*objectname) [16ms]
2025-06-02 11:38:06.100 [info] > git for-each-ref --sort -committerdate --format %(refname)%00%(objectname)%00%(*objectname) [32ms]
2025-06-02 11:38:06.101 [info] > git config --get commit.template [4ms]
2025-06-02 11:38:06.113 [info] > git for-each-ref --format=%(refname)%00%(upstream:short)%00%(objectname)%00%(upstream:track)%00%(upstream:remotename)%00%(upstream:remoteref) refs/heads/main refs/remotes/main [2ms]
2025-06-02 11:38:06.131 [warning] [Git][revParse] Unable to read file: ENOENT: no such file or directory, open '/home/vscode/environment/.git/refs/remotes/origin/main'
2025-06-02 11:38:06.136 [info] > git rev-parse refs/remotes/origin/main [0ms]
2025-06-02 11:38:06.200 [info] > git status -z -uall [41ms]
2025-06-02 11:38:06.201 [info] > git for-each-ref --sort -committerdate --format %(refname)%00%(objectname)%00%(*objectname) [28ms]
2025-06-02 11:38:06.206 [info] > git status -z -uall [194ms]
2025-06-02 11:38:10.799 [info] > git check-ignore -v -z --stdin [88ms]
2025-06-02 11:38:10.800 [info] > git check-ignore -v -z --stdin [78ms]
2025-06-02 11:38:10.800 [info] > git check-ignore -v -z --stdin [72ms]
2025-06-02 11:38:10.801 [info] > git check-ignore -v -z --stdin [52ms]
2025-06-02 11:38:11.487 [info] > git blame --root --incremental be06071c57bfd24b27bcbe6179945060be8949ca -- index.html [667ms]
2025-06-02 11:38:12.947 [info] > git config --get --local branch.main.github-pr-owner-number [296ms]
2025-06-02 11:38:12.947 [warning] [Git][config] git config failed: Failed to execute git
2025-06-02 11:38:12.966 [info] > git config --get --local branch.main.github-pr-owner-number [424ms]
2025-06-02 11:38:12.966 [warning] [Git][config] git config failed: Failed to execute git
2025-06-02 11:38:13.551 [info] > git config --get --local branch.master.github-pr-owner-number [819ms]
2025-06-02 11:38:13.551 [warning] [Git][config] git config failed: Failed to execute git
2025-06-02 11:38:13.558 [info] > git config --get --local branch.main.github-pr-owner-number [858ms]
2025-06-02 11:38:13.558 [warning] [Git][config] git config failed: Failed to execute git
2025-06-02 11:38:20.136 [info] > git config --get commit.template [115ms]
2025-06-02 11:38:20.159 [info] > git for-each-ref --format=%(refname)%00%(upstream:short)%00%(objectname)%00%(upstream:track)%00%(upstream:remotename)%00%(upstream:remoteref) refs/heads/main refs/remotes/main [5ms]
2025-06-02 11:38:20.465 [info] > git status -z -uall [228ms]
2025-06-02 11:38:20.465 [info] > git for-each-ref --sort -committerdate --format %(refname)%00%(objectname)%00%(*objectname) [153ms]
2025-06-02 11:38:26.802 [info] > git config --get commit.template [17ms]
2025-06-02 11:38:26.804 [info] > git for-each-ref --format=%(refname)%00%(upstream:short)%00%(objectname)%00%(upstream:track)%00%(upstream:remotename)%00%(upstream:remoteref) refs/heads/main refs/remotes/main [3ms]
2025-06-02 11:38:26.814 [warning] [Git][revParse] Unable to read file: ENOENT: no such file or directory, open '/home/vscode/.nodenv/.git/refs/remotes/origin/main'
2025-06-02 11:38:26.816 [info] > git rev-parse refs/remotes/origin/main [2ms]
2025-06-02 11:38:26.859 [info] > git status -z -uall [28ms]
2025-06-02 11:38:26.865 [info] > git for-each-ref --sort -committerdate --format %(refname)%00%(objectname)%00%(*objectname) [9ms]
2025-06-02 11:38:29.891 [info] > git config --get commit.template [17ms]
2025-06-02 11:38:29.892 [info] > git for-each-ref --format=%(refname)%00%(upstream:short)%00%(objectname)%00%(upstream:track)%00%(upstream:remotename)%00%(upstream:remoteref) refs/heads/main refs/remotes/main [3ms]
2025-06-02 11:38:29.970 [info] > git for-each-ref --sort -committerdate --format %(refname)%00%(objectname)%00%(*objectname) [5ms]
2025-06-02 11:38:30.043 [info] > git status -z -uall [136ms]
2025-06-02 11:38:35.083 [info] > git config --get commit.template [15ms]
2025-06-02 11:38:35.084 [info] > git for-each-ref --format=%(refname)%00%(upstream:short)%00%(objectname)%00%(upstream:track)%00%(upstream:remotename)%00%(upstream:remoteref) refs/heads/main refs/remotes/main [2ms]
2025-06-02 11:38:35.171 [info] > git for-each-ref --sort -committerdate --format %(refname)%00%(objectname)%00%(*objectname) [4ms]
2025-06-02 11:38:35.249 [info] > git status -z -uall [150ms]
2025-06-02 11:38:40.300 [info] > git config --get commit.template [22ms]
2025-06-02 11:38:40.301 [info] > git for-each-ref --format=%(refname)%00%(upstream:short)%00%(objectname)%00%(upstream:track)%00%(upstream:remotename)%00%(upstream:remoteref) refs/heads/main refs/remotes/main [2ms]
2025-06-02 11:38:40.391 [info] > git for-each-ref --sort -committerdate --format %(refname)%00%(objectname)%00%(*objectname) [10ms]
2025-06-02 11:38:43.914 [info] > git status -z -uall [3595ms]
2025-06-02 11:38:48.950 [info] > git config --get commit.template [12ms]
2025-06-02 11:38:48.951 [info] > git for-each-ref --format=%(refname)%00%(upstream:short)%00%(objectname)%00%(upstream:track)%00%(upstream:remotename)%00%(upstream:remoteref) refs/heads/main refs/remotes/main [2ms]
2025-06-02 11:38:49.025 [info] > git for-each-ref --sort -committerdate --format %(refname)%00%(objectname)%00%(*objectname) [2ms]
2025-06-02 11:38:49.097 [info] > git status -z -uall [126ms]
2025-06-02 11:38:54.321 [info] > git config --get commit.template [16ms]
2025-06-02 11:38:54.323 [info] > git for-each-ref --format=%(refname)%00%(upstream:short)%00%(objectname)%00%(upstream:track)%00%(upstream:remotename)%00%(upstream:remoteref) refs/heads/main refs/remotes/main [2ms]
2025-06-02 11:38:54.353 [info] > git for-each-ref --sort -committerdate --format %(refname)%00%(objectname)%00%(*objectname) [9ms]
2025-06-02 11:38:54.447 [info] > git status -z -uall [117ms]
2025-06-02 11:38:59.491 [info] > git config --get commit.template [12ms]
2025-06-02 11:38:59.493 [info] > git for-each-ref --format=%(refname)%00%(upstream:short)%00%(objectname)%00%(upstream:track)%00%(upstream:remotename)%00%(upstream:remoteref) refs/heads/main refs/remotes/main [2ms]
2025-06-02 11:38:59.540 [info] > git for-each-ref --sort -committerdate --format %(refname)%00%(objectname)%00%(*objectname) [14ms]
2025-06-02 11:38:59.590 [info] > git status -z -uall [90ms]
2025-06-02 11:39:01.854 [info] > git ls-files --stage -- index.html [4ms]
2025-06-02 11:39:01.866 [info] > git cat-file -s 212bf6c52e1483fa48026126d9065d26033b5066 [1ms]
2025-06-02 11:39:01.991 [info] > git show --textconv :index.html [4ms]
2025-06-02 11:39:04.630 [info] [Git][getRemotes] No remotes found in the git config file
2025-06-02 11:39:04.630 [info] > git config --get commit.template [17ms]
2025-06-02 11:39:04.634 [info] > git for-each-ref --format=%(refname)%00%(upstream:short)%00%(objectname)%00%(upstream:track)%00%(upstream:remotename)%00%(upstream:remoteref) refs/heads/main refs/remotes/main [4ms]
2025-06-02 11:39:04.749 [info] > git for-each-ref --sort -committerdate --format %(refname)%00%(objectname)%00%(*objectname) [7ms]
2025-06-02 11:39:04.817 [info] > git status -z -uall [156ms]
2025-06-02 11:39:04.853 [info] > git config --get --local branch.main.github-pr-owner-number [6ms]
2025-06-02 11:39:04.853 [warning] [Git][config] git config failed: Failed to execute git
2025-06-02 11:39:04.885 [info] > git config --get --local branch.main.remote [4ms]
2025-06-02 11:39:04.885 [warning] [Git][config] git config failed: Failed to execute git
2025-06-02 11:39:04.913 [info] > git config --get --local branch.main.merge [4ms]
2025-06-02 11:39:04.913 [warning] [Git][config] git config failed: Failed to execute git
2025-06-02 11:39:09.859 [info] [Git][getRemotes] No remotes found in the git config file
2025-06-02 11:39:09.859 [info] > git config --get commit.template [11ms]
2025-06-02 11:39:09.860 [info] > git for-each-ref --format=%(refname)%00%(upstream:short)%00%(objectname)%00%(upstream:track)%00%(upstream:remotename)%00%(upstream:remoteref) refs/heads/main refs/remotes/main [1ms]
2025-06-02 11:39:09.948 [info] > git for-each-ref --sort -committerdate --format %(refname)%00%(objectname)%00%(*objectname) [13ms]
2025-06-02 11:39:10.030 [info] > git status -z -uall [156ms]
2025-06-02 11:39:15.094 [info] [Git][getRemotes] No remotes found in the git config file
2025-06-02 11:39:15.097 [info] > git config --get commit.template [29ms]
2025-06-02 11:39:15.097 [info] > git for-each-ref --format=%(refname)%00%(upstream:short)%00%(objectname)%00%(upstream:track)%00%(upstream:remotename)%00%(upstream:remoteref) refs/heads/main refs/remotes/main [3ms]
2025-06-02 11:39:15.170 [info] > git for-each-ref --sort -committerdate --format %(refname)%00%(objectname)%00%(*objectname) [2ms]
2025-06-02 11:39:15.269 [info] > git status -z -uall [158ms]
2025-06-02 11:39:20.311 [info] > git config --get commit.template [2ms]
2025-06-02 11:39:20.330 [info] [Git][getRemotes] No remotes found in the git config file
2025-06-02 11:39:20.333 [info] > git for-each-ref --format=%(refname)%00%(upstream:short)%00%(objectname)%00%(upstream:track)%00%(upstream:remotename)%00%(upstream:remoteref) refs/heads/main refs/remotes/main [3ms]
2025-06-02 11:39:20.436 [info] > git for-each-ref --sort -committerdate --format %(refname)%00%(objectname)%00%(*objectname) [16ms]
2025-06-02 11:39:20.489 [info] > git status -z -uall [134ms]
2025-06-02 11:39:25.524 [info] [Git][getRemotes] No remotes found in the git config file
2025-06-02 11:39:25.525 [info] > git config --get commit.template [9ms]
2025-06-02 11:39:25.526 [info] > git for-each-ref --format=%(refname)%00%(upstream:short)%00%(objectname)%00%(upstream:track)%00%(upstream:remotename)%00%(upstream:remoteref) refs/heads/main refs/remotes/main [2ms]
2025-06-02 11:39:25.601 [info] > git for-each-ref --sort -committerdate --format %(refname)%00%(objectname)%00%(*objectname) [8ms]
2025-06-02 11:39:25.684 [info] > git status -z -uall [152ms]
2025-06-02 11:39:30.705 [info] > git config --get commit.template [2ms]
2025-06-02 11:39:30.718 [info] [Git][getRemotes] No remotes found in the git config file
2025-06-02 11:39:30.720 [info] > git for-each-ref --format=%(refname)%00%(upstream:short)%00%(objectname)%00%(upstream:track)%00%(upstream:remotename)%00%(upstream:remoteref) refs/heads/main refs/remotes/main [2ms]
2025-06-02 11:39:30.787 [info] > git for-each-ref --sort -committerdate --format %(refname)%00%(objectname)%00%(*objectname) [4ms]
2025-06-02 11:39:30.852 [info] > git status -z -uall [118ms]
2025-06-02 11:39:40.173 [info] [Git][getRemotes] No remotes found in the git config file
2025-06-02 11:39:40.173 [info] > git config --get commit.template [8ms]
2025-06-02 11:39:40.174 [info] > git for-each-ref --format=%(refname)%00%(upstream:short)%00%(objectname)%00%(upstream:track)%00%(upstream:remotename)%00%(upstream:remoteref) refs/heads/main refs/remotes/main [2ms]
2025-06-02 11:39:40.215 [info] > git for-each-ref --sort -committerdate --format %(refname)%00%(objectname)%00%(*objectname) [4ms]
2025-06-02 11:39:40.250 [info] > git status -z -uall [69ms]
2025-06-02 11:39:45.339 [info] [Git][getRemotes] No remotes found in the git config file
2025-06-02 11:39:45.340 [info] > git config --get commit.template [39ms]
2025-06-02 11:39:45.340 [info] > git for-each-ref --format=%(refname)%00%(upstream:short)%00%(objectname)%00%(upstream:track)%00%(upstream:remotename)%00%(upstream:remoteref) refs/heads/main refs/remotes/main [7ms]
2025-06-02 11:39:45.367 [info] > git for-each-ref --sort -committerdate --format %(refname)%00%(objectname)%00%(*objectname) [1ms]
2025-06-02 11:39:45.475 [info] > git status -z -uall [123ms]
2025-06-02 11:39:50.515 [info] [Git][getRemotes] No remotes found in the git config file
2025-06-02 11:39:50.516 [info] > git for-each-ref --format=%(refname)%00%(upstream:short)%00%(objectname)%00%(upstream:track)%00%(upstream:remotename)%00%(upstream:remoteref) refs/heads/main refs/remotes/main [1ms]
2025-06-02 11:39:50.516 [info] > git config --get commit.template [14ms]
2025-06-02 11:39:50.580 [info] > git for-each-ref --sort -committerdate --format %(refname)%00%(objectname)%00%(*objectname) [10ms]
2025-06-02 11:39:50.689 [info] > git status -z -uall [158ms]
2025-06-02 11:39:55.719 [info] > git config --get commit.template [4ms]
2025-06-02 11:39:55.730 [info] [Git][getRemotes] No remotes found in the git config file
2025-06-02 11:39:55.735 [info] > git for-each-ref --format=%(refname)%00%(upstream:short)%00%(objectname)%00%(upstream:track)%00%(upstream:remotename)%00%(upstream:remoteref) refs/heads/main refs/remotes/main [4ms]
2025-06-02 11:39:55.790 [info] > git for-each-ref --sort -committerdate --format %(refname)%00%(objectname)%00%(*objectname) [1ms]
2025-06-02 11:39:55.857 [info] > git status -z -uall [111ms]
2025-06-02 11:40:00.885 [info] > git config --get commit.template [3ms]
2025-06-02 11:40:00.908 [info] [Git][getRemotes] No remotes found in the git config file
2025-06-02 11:40:00.911 [info] > git for-each-ref --format=%(refname)%00%(upstream:short)%00%(objectname)%00%(upstream:track)%00%(upstream:remotename)%00%(upstream:remoteref) refs/heads/main refs/remotes/main [4ms]
2025-06-02 11:40:00.996 [info] > git for-each-ref --sort -committerdate --format %(refname)%00%(objectname)%00%(*objectname) [19ms]
2025-06-02 11:40:01.072 [info] > git status -z -uall [147ms]
2025-06-02 11:40:06.095 [info] > git config --get commit.template [2ms]
2025-06-02 11:40:06.103 [info] [Git][getRemotes] No remotes found in the git config file
2025-06-02 11:40:06.104 [info] > git for-each-ref --format=%(refname)%00%(upstream:short)%00%(objectname)%00%(upstream:track)%00%(upstream:remotename)%00%(upstream:remoteref) refs/heads/main refs/remotes/main [1ms]
2025-06-02 11:40:06.146 [info] > git for-each-ref --sort -committerdate --format %(refname)%00%(objectname)%00%(*objectname) [3ms]
2025-06-02 11:40:06.188 [info] > git status -z -uall [77ms]
2025-06-02 11:40:11.206 [info] > git config --get commit.template [2ms]
2025-06-02 11:40:11.206 [info] [Git][getRemotes] No remotes found in the git config file
2025-06-02 11:40:11.216 [info] > git for-each-ref --format=%(refname)%00%(upstream:short)%00%(objectname)%00%(upstream:track)%00%(upstream:remotename)%00%(upstream:remoteref) refs/heads/main refs/remotes/main [2ms]
2025-06-02 11:40:11.269 [info] > git for-each-ref --sort -committerdate --format %(refname)%00%(objectname)%00%(*objectname) [7ms]
2025-06-02 11:40:11.348 [info] > git status -z -uall [119ms]
2025-06-02 11:40:16.365 [info] [Git][getRemotes] No remotes found in the git config file
2025-06-02 11:40:16.373 [info] > git config --get commit.template [9ms]
2025-06-02 11:40:16.374 [info] > git for-each-ref --format=%(refname)%00%(upstream:short)%00%(objectname)%00%(upstream:track)%00%(upstream:remotename)%00%(upstream:remoteref) refs/heads/main refs/remotes/main [2ms]
2025-06-02 11:40:16.416 [info] > git for-each-ref --sort -committerdate --format %(refname)%00%(objectname)%00%(*objectname) [1ms]
2025-06-02 11:40:16.456 [info] > git status -z -uall [74ms]
2025-06-02 11:40:21.478 [info] > git config --get commit.template [9ms]
2025-06-02 11:40:21.478 [info] [Git][getRemotes] No remotes found in the git config file
2025-06-02 11:40:21.480 [info] > git for-each-ref --format=%(refname)%00%(upstream:short)%00%(objectname)%00%(upstream:track)%00%(upstream:remotename)%00%(upstream:remoteref) refs/heads/main refs/remotes/main [2ms]
2025-06-02 11:40:21.517 [info] > git for-each-ref --sort -committerdate --format %(refname)%00%(objectname)%00%(*objectname) [2ms]
2025-06-02 11:40:21.558 [info] > git status -z -uall [71ms]
2025-06-02 11:40:26.580 [info] [Git][getRemotes] No remotes found in the git config file
2025-06-02 11:40:26.583 [info] > git for-each-ref --format=%(refname)%00%(upstream:short)%00%(objectname)%00%(upstream:track)%00%(upstream:remotename)%00%(upstream:remoteref) refs/heads/main refs/remotes/main [3ms]
2025-06-02 11:40:26.583 [info] > git config --get commit.template [11ms]
2025-06-02 11:40:26.620 [info] > git for-each-ref --sort -committerdate --format %(refname)%00%(objectname)%00%(*objectname) [3ms]
2025-06-02 11:40:26.658 [info] > git status -z -uall [69ms]
2025-06-02 11:40:31.680 [info] [Git][getRemotes] No remotes found in the git config file
2025-06-02 11:40:31.681 [info] > git config --get commit.template [9ms]
2025-06-02 11:40:31.682 [info] > git for-each-ref --format=%(refname)%00%(upstream:short)%00%(objectname)%00%(upstream:track)%00%(upstream:remotename)%00%(upstream:remoteref) refs/heads/main refs/remotes/main [2ms]
2025-06-02 11:40:31.724 [info] > git for-each-ref --sort -committerdate --format %(refname)%00%(objectname)%00%(*objectname) [7ms]
2025-06-02 11:40:31.757 [info] > git status -z -uall [68ms]
2025-06-02 11:40:36.770 [info] > git config --get commit.template [2ms]
2025-06-02 11:40:36.778 [info] [Git][getRemotes] No remotes found in the git config file
2025-06-02 11:40:36.780 [info] > git for-each-ref --format=%(refname)%00%(upstream:short)%00%(objectname)%00%(upstream:track)%00%(upstream:remotename)%00%(upstream:remoteref) refs/heads/main refs/remotes/main [2ms]
2025-06-02 11:40:36.810 [info] > git for-each-ref --sort -committerdate --format %(refname)%00%(objectname)%00%(*objectname) [5ms]
2025-06-02 11:40:36.875 [info] > git status -z -uall [89ms]
2025-06-02 11:40:41.889 [info] > git config --get commit.template [3ms]
2025-06-02 11:40:41.895 [info] [Git][getRemotes] No remotes found in the git config file
2025-06-02 11:40:41.897 [info] > git for-each-ref --format=%(refname)%00%(upstream:short)%00%(objectname)%00%(upstream:track)%00%(upstream:remotename)%00%(upstream:remoteref) refs/heads/main refs/remotes/main [2ms]
2025-06-02 11:40:41.932 [info] > git for-each-ref --sort -committerdate --format %(refname)%00%(objectname)%00%(*objectname) [3ms]
2025-06-02 11:40:41.972 [info] > git status -z -uall [69ms]
2025-06-02 11:40:51.227 [info] > git config --get commit.template [2ms]
2025-06-02 11:40:51.234 [info] [Git][getRemotes] No remotes found in the git config file
2025-06-02 11:40:51.236 [info] > git for-each-ref --format=%(refname)%00%(upstream:short)%00%(objectname)%00%(upstream:track)%00%(upstream:remotename)%00%(upstream:remoteref) refs/heads/main refs/remotes/main [2ms]
2025-06-02 11:40:51.277 [info] > git for-each-ref --sort -committerdate --format %(refname)%00%(objectname)%00%(*objectname) [6ms]
2025-06-02 11:40:51.338 [info] > git status -z -uall [96ms]
2025-06-02 11:40:56.366 [info] [Git][getRemotes] No remotes found in the git config file
2025-06-02 11:40:56.366 [info] > git config --get commit.template [7ms]
2025-06-02 11:40:56.368 [info] > git for-each-ref --format=%(refname)%00%(upstream:short)%00%(objectname)%00%(upstream:track)%00%(upstream:remotename)%00%(upstream:remoteref) refs/heads/main refs/remotes/main [2ms]
2025-06-02 11:40:56.403 [info] > git for-each-ref --sort -committerdate --format %(refname)%00%(objectname)%00%(*objectname) [1ms]
2025-06-02 11:40:56.443 [info] > git status -z -uall [69ms]
2025-06-02 11:41:01.467 [info] > git config --get commit.template [3ms]
2025-06-02 11:41:01.474 [info] [Git][getRemotes] No remotes found in the git config file
2025-06-02 11:41:01.476 [info] > git for-each-ref --format=%(refname)%00%(upstream:short)%00%(objectname)%00%(upstream:track)%00%(upstream:remotename)%00%(upstream:remoteref) refs/heads/main refs/remotes/main [2ms]
2025-06-02 11:41:01.511 [info] > git for-each-ref --sort -committerdate --format %(refname)%00%(objectname)%00%(*objectname) [1ms]
2025-06-02 11:41:01.552 [info] > git status -z -uall [69ms]
2025-06-02 11:41:06.574 [info] [Git][getRemotes] No remotes found in the git config file
2025-06-02 11:41:06.574 [info] > git config --get commit.template [8ms]
2025-06-02 11:41:06.576 [info] > git for-each-ref --format=%(refname)%00%(upstream:short)%00%(objectname)%00%(upstream:track)%00%(upstream:remotename)%00%(upstream:remoteref) refs/heads/main refs/remotes/main [2ms]
2025-06-02 11:41:06.610 [info] > git for-each-ref --sort -committerdate --format %(refname)%00%(objectname)%00%(*objectname) [1ms]
2025-06-02 11:41:06.655 [info] > git status -z -uall [73ms]
2025-06-02 11:41:11.670 [info] > git config --get commit.template [2ms]
2025-06-02 11:41:11.676 [info] [Git][getRemotes] No remotes found in the git config file
2025-06-02 11:41:11.678 [info] > git for-each-ref --format=%(refname)%00%(upstream:short)%00%(objectname)%00%(upstream:track)%00%(upstream:remotename)%00%(upstream:remoteref) refs/heads/main refs/remotes/main [2ms]
2025-06-02 11:41:11.713 [info] > git for-each-ref --sort -committerdate --format %(refname)%00%(objectname)%00%(*objectname) [1ms]
2025-06-02 11:41:11.752 [info] > git status -z -uall [68ms]
2025-06-02 11:41:16.774 [info] [Git][getRemotes] No remotes found in the git config file
2025-06-02 11:41:16.775 [info] > git config --get commit.template [8ms]
2025-06-02 11:41:16.776 [info] > git for-each-ref --format=%(refname)%00%(upstream:short)%00%(objectname)%00%(upstream:track)%00%(upstream:remotename)%00%(upstream:remoteref) refs/heads/main refs/remotes/main [1ms]
2025-06-02 11:41:16.815 [info] > git for-each-ref --sort -committerdate --format %(refname)%00%(objectname)%00%(*objectname) [5ms]
2025-06-02 11:41:16.852 [info] > git status -z -uall [69ms]
2025-06-02 11:41:21.882 [info] [Git][getRemotes] No remotes found in the git config file
2025-06-02 11:41:21.882 [info] > git config --get commit.template [8ms]
2025-06-02 11:41:21.883 [info] > git for-each-ref --format=%(refname)%00%(upstream:short)%00%(objectname)%00%(upstream:track)%00%(upstream:remotename)%00%(upstream:remoteref) refs/heads/main refs/remotes/main [1ms]
2025-06-02 11:41:21.920 [info] > git for-each-ref --sort -committerdate --format %(refname)%00%(objectname)%00%(*objectname) [4ms]
2025-06-02 11:41:21.960 [info] > git status -z -uall [70ms]
2025-06-02 11:41:26.979 [info] [Git][getRemotes] No remotes found in the git config file
2025-06-02 11:41:26.980 [info] > git config --get commit.template [9ms]
2025-06-02 11:41:26.981 [info] > git for-each-ref --format=%(refname)%00%(upstream:short)%00%(objectname)%00%(upstream:track)%00%(upstream:remotename)%00%(upstream:remoteref) refs/heads/main refs/remotes/main [2ms]
2025-06-02 11:41:27.017 [info] > git for-each-ref --sort -committerdate --format %(refname)%00%(objectname)%00%(*objectname) [4ms]
2025-06-02 11:41:27.071 [info] > git status -z -uall [83ms]
2025-06-02 11:41:32.098 [info] [Git][getRemotes] No remotes found in the git config file
2025-06-02 11:41:32.098 [info] > git config --get commit.template [9ms]
2025-06-02 11:41:32.099 [info] > git for-each-ref --format=%(refname)%00%(upstream:short)%00%(objectname)%00%(upstream:track)%00%(upstream:remotename)%00%(upstream:remoteref) refs/heads/main refs/remotes/main [2ms]
2025-06-02 11:41:32.132 [info] > git for-each-ref --sort -committerdate --format %(refname)%00%(objectname)%00%(*objectname) [2ms]
2025-06-02 11:41:32.173 [info] > git status -z -uall [68ms]
2025-06-02 11:41:36.879 [info] > git ls-files --stage -- index.html [3ms]
2025-06-02 11:41:36.886 [info] > git cat-file -s 212bf6c52e1483fa48026126d9065d26033b5066 [1ms]
2025-06-02 11:41:37.005 [info] > git show --textconv :index.html [3ms]
2025-06-02 11:41:37.197 [info] > git config --get commit.template [11ms]
2025-06-02 11:41:37.198 [info] > git for-each-ref --format=%(refname)%00%(upstream:short)%00%(objectname)%00%(upstream:track)%00%(upstream:remotename)%00%(upstream:remoteref) refs/heads/main refs/remotes/main [2ms]
2025-06-02 11:41:37.263 [info] > git for-each-ref --sort -committerdate --format %(refname)%00%(objectname)%00%(*objectname) [11ms]
2025-06-02 11:41:37.309 [info] > git status -z -uall [104ms]
2025-06-02 11:41:37.523 [info] > git config --get --local branch.main.github-pr-owner-number [4ms]
2025-06-02 11:41:37.523 [warning] [Git][config] git config failed: Failed to execute git
2025-06-02 11:41:37.533 [info] > git config --get --local branch.main.remote [1ms]
2025-06-02 11:41:37.533 [warning] [Git][config] git config failed: Failed to execute git
2025-06-02 11:41:37.542 [info] > git config --get --local branch.main.merge [1ms]
2025-06-02 11:41:37.542 [warning] [Git][config] git config failed: Failed to execute git
2025-06-02 11:41:42.332 [info] > git config --get commit.template [9ms]
2025-06-02 11:41:42.333 [info] > git for-each-ref --format=%(refname)%00%(upstream:short)%00%(objectname)%00%(upstream:track)%00%(upstream:remotename)%00%(upstream:remoteref) refs/heads/main refs/remotes/main [1ms]
2025-06-02 11:41:42.368 [info] > git for-each-ref --sort -committerdate --format %(refname)%00%(objectname)%00%(*objectname) [1ms]
2025-06-02 11:41:42.407 [info] > git status -z -uall [68ms]
