2025-06-02 11:38:02.362 [warning] /home/vscode/.ssh/config: ENOENT: no such file or directory, open '/home/vscode/.ssh/config'
2025-06-02 11:38:02.362 [info] [Activation] Extension version: 0.110.0
2025-06-02 11:38:03.702 [info] [Authentication] Creating hub for .com
2025-06-02 11:38:10.687 [info] [Activation] Looking for git repository
2025-06-02 11:38:10.687 [info] [Activation] Found 0 repositories during activation
2025-06-02 11:38:10.687 [info] [Activation] Git repository found, initializing review manager and pr tree view.
2025-06-02 11:38:10.694 [info] [GitAPI] Registering git provider
2025-06-02 11:38:10.694 [info] [Review+0] Validate state in progress
2025-06-02 11:38:10.694 [info] [Review+0] Validating state...
2025-06-02 11:38:10.694 [info] [Review+1] Validate state in progress
2025-06-02 11:38:10.694 [info] [Review+1] Validating state...
2025-06-02 11:38:10.694 [info] [Review+2] Validate state in progress
2025-06-02 11:38:10.694 [info] [Review+2] Validating state...
2025-06-02 11:38:10.694 [info] [Review+3] Validate state in progress
2025-06-02 11:38:10.694 [info] [Review+3] Validating state...
2025-06-02 11:38:10.962 [info] [FolderRepositoryManager+0] Found GitHub remote for folder /home/vscode/environment
2025-06-02 11:38:10.963 [info] [FolderRepositoryManager+1] Found GitHub remote for folder /home/vscode/.oh-my-zsh
2025-06-02 11:38:10.964 [info] [FolderRepositoryManager+2] Found GitHub remote for folder /home/vscode/.nodenv
2025-06-02 11:38:10.964 [info] [FolderRepositoryManager+3] Found GitHub remote for folder /home/vscode
2025-06-02 11:38:12.509 [info] [FolderRepositoryManager+3] Trying to use globalState for assignableUsers.
2025-06-02 11:38:12.637 [info] [FolderRepositoryManager+2] Trying to use globalState for assignableUsers.
2025-06-02 11:38:12.687 [info] [FolderRepositoryManager+0] Trying to use globalState for assignableUsers.
2025-06-02 11:38:12.715 [info] [FolderRepositoryManager+1] Trying to use globalState for assignableUsers.
2025-06-02 11:38:12.950 [info] [Review+2] No matching pull request metadata found locally for current branch main
2025-06-02 11:38:12.967 [info] [Review+3] No matching pull request metadata found locally for current branch main
2025-06-02 11:38:13.552 [info] [Review+1] No matching pull request metadata found locally for current branch master
2025-06-02 11:38:13.558 [info] [Review+0] No matching pull request metadata found locally for current branch main
2025-06-02 11:38:14.728 [info] [FolderRepositoryManager+2] Using globalState assignableUsers for 1.
2025-06-02 11:38:14.731 [info] [FolderRepositoryManager+3] Using globalState assignableUsers for 1.
2025-06-02 11:38:14.739 [info] [FolderRepositoryManager+0] Using globalState assignableUsers for 2.
2025-06-02 11:38:14.743 [info] [FolderRepositoryManager+1] Using globalState assignableUsers for 1.
2025-06-02 11:38:14.793 [info] [Review+2] No matching pull request metadata found on GitHub for current branch main
2025-06-02 11:38:14.829 [info] [Review+3] No matching pull request metadata found on GitHub for current branch main
2025-06-02 11:38:15.333 [info] [Review+0] No matching pull request metadata found on GitHub for current branch main
2025-06-02 11:38:15.822 [info] [Review+1] No matching pull request metadata found on GitHub for current branch master
2025-06-02 11:38:20.487 [info] [Activation] Repo state for file:///home/vscode changed.
2025-06-02 11:38:20.488 [info] [Activation] Repo file:///home/vscode has already been setup.
2025-06-02 11:38:26.868 [info] [Activation] Repo state for file:///home/vscode/.nodenv changed.
2025-06-02 11:38:26.868 [info] [Activation] Repo file:///home/vscode/.nodenv has already been setup.
2025-06-02 11:39:04.831 [info] [Review+3] Validate state in progress
2025-06-02 11:39:04.831 [info] [Review+3] Validating state...
2025-06-02 11:39:04.833 [warning] No remotes found. The following remotes are missing: origin, upstream
2025-06-02 11:39:04.833 [info] [FolderRepositoryManager+3] No GitHub remotes found for folder /home/vscode
2025-06-02 11:39:04.882 [info] [Review+3] No matching pull request metadata found locally for current branch main
2025-06-02 11:39:04.914 [info] [Review+3] No matching pull request metadata found on GitHub for current branch main
2025-06-02 11:41:37.314 [info] [Review+3] Validate state in progress
2025-06-02 11:41:37.315 [info] [Review+3] Validating state...
2025-06-02 11:41:37.509 [info] [FolderRepositoryManager+3] Found GitHub remote for folder /home/vscode
2025-06-02 11:41:37.510 [info] [FolderRepositoryManager+3] Using in-memory cached assignable users.
2025-06-02 11:41:37.532 [info] [Review+3] No matching pull request metadata found locally for current branch main
2025-06-02 11:41:37.543 [info] [Review+3] No matching pull request metadata found on GitHub for current branch main
