2025-06-01 03:19:46.809 [info] Reading sessions from keychain...
2025-06-01 03:19:46.809 [info] Getting sessions for all scopes...
2025-06-01 03:19:46.809 [info] Getting sessions for all scopes...
2025-06-01 03:19:46.809 [info] Getting sessions for all scopes...
2025-06-01 03:19:46.809 [info] Getting sessions for user:email...
2025-06-01 03:19:46.809 [info] Getting sessions for all scopes...
2025-06-01 03:19:46.809 [info] Getting sessions for all scopes...
2025-06-01 03:19:46.809 [info] Getting sessions for all scopes...
2025-06-01 03:19:46.809 [info] Getting sessions for all scopes...
2025-06-01 03:19:46.809 [info] Getting sessions for all scopes...
2025-06-01 03:19:46.809 [info] Got stored sessions!
2025-06-01 03:19:46.809 [info] Got 6 verified sessions.
2025-06-01 03:19:46.809 [info] Got 6 sessions for ...
2025-06-01 03:19:46.809 [info] Got 6 sessions for ...
2025-06-01 03:19:46.809 [info] Got 6 sessions for ...
2025-06-01 03:19:46.809 [info] Got 1 sessions for user:email...
2025-06-01 03:19:46.809 [info] Got 6 sessions for ...
2025-06-01 03:19:46.809 [info] Got 6 sessions for ...
2025-06-01 03:19:46.809 [info] Got 6 sessions for ...
2025-06-01 03:19:46.809 [info] Got 6 sessions for ...
2025-06-01 03:19:46.809 [info] Got 6 sessions for ...
2025-06-01 03:19:46.809 [info] Getting sessions for codespace,read:user,repo,user:email...
2025-06-01 03:19:46.809 [info] Getting sessions for all scopes...
2025-06-01 03:19:46.809 [info] Getting sessions for all scopes...
2025-06-01 03:19:46.809 [info] Getting sessions for all scopes...
2025-06-01 03:19:46.809 [info] Getting sessions for all scopes...
2025-06-01 03:19:46.809 [info] Getting sessions for all scopes...
2025-06-01 03:19:46.809 [info] Getting sessions for all scopes...
2025-06-01 03:19:46.809 [info] Getting sessions for all scopes...
2025-06-01 03:19:46.809 [info] Got 1 sessions for codespace,read:user,repo,user:email...
2025-06-01 03:19:46.809 [info] Got 6 sessions for ...
2025-06-01 03:19:46.809 [info] Got 6 sessions for ...
2025-06-01 03:19:46.809 [info] Got 6 sessions for ...
2025-06-01 03:19:46.809 [info] Got 6 sessions for ...
2025-06-01 03:19:46.809 [info] Got 6 sessions for ...
2025-06-01 03:19:46.809 [info] Got 6 sessions for ...
2025-06-01 03:19:46.809 [info] Got 6 sessions for ...
2025-06-01 03:19:46.809 [info] Getting sessions for all scopes...
2025-06-01 03:19:46.809 [info] Got 6 sessions for ...
2025-06-01 03:19:47.326 [info] Getting sessions for all scopes...
2025-06-01 03:19:47.326 [info] Getting sessions for all scopes...
2025-06-01 03:19:47.326 [info] Got 6 sessions for ...
2025-06-01 03:19:47.327 [info] Got 6 sessions for ...
2025-06-01 03:19:50.235 [info] Getting sessions for read:user,repo,user:email,workflow...
2025-06-01 03:19:50.235 [info] Getting sessions for all scopes...
2025-06-01 03:19:50.235 [info] Getting sessions for all scopes...
2025-06-01 03:19:50.236 [info] Got 1 sessions for read:user,repo,user:email,workflow...
2025-06-01 03:19:50.236 [info] Got 6 sessions for ...
2025-06-01 03:19:50.236 [info] Got 6 sessions for ...
2025-06-01 03:19:51.488 [info] Getting sessions for all scopes...
2025-06-01 03:19:51.497 [info] Getting sessions for all scopes...
2025-06-01 03:19:51.497 [info] Getting sessions for all scopes...
2025-06-01 03:19:51.497 [info] Got 6 sessions for ...
2025-06-01 03:19:51.497 [info] Got 6 sessions for ...
2025-06-01 03:19:51.499 [info] Got 6 sessions for ...
2025-06-01 03:19:52.013 [info] Getting sessions for project,read:org,read:user,repo,user:email,workflow...
2025-06-01 03:19:52.014 [info] Getting sessions for all scopes...
2025-06-01 03:19:52.014 [info] Got 0 sessions for project,read:org,read:user,repo,user:email,workflow...
2025-06-01 03:19:52.014 [info] Got 6 sessions for ...
2025-06-01 03:19:53.206 [info] Getting sessions for read:user,repo,user:email,workflow...
2025-06-01 03:19:53.206 [info] Got 1 sessions for read:user,repo,user:email,workflow...
2025-06-01 03:19:53.750 [info] Getting sessions for read:user,repo,user:email,workflow...
2025-06-01 03:19:53.752 [info] Got 1 sessions for read:user,repo,user:email,workflow...
2025-06-01 03:20:00.379 [info] Getting sessions for all scopes...
2025-06-01 03:20:00.379 [info] Getting sessions for all scopes...
2025-06-01 03:20:00.379 [info] Getting sessions for read:user,repo,user:email,workflow...
2025-06-01 03:20:00.379 [info] Got 6 sessions for ...
2025-06-01 03:20:00.379 [info] Got 6 sessions for ...
2025-06-01 03:20:00.379 [info] Got 1 sessions for read:user,repo,user:email,workflow...
2025-06-01 03:20:00.465 [info] Getting sessions for all scopes...
2025-06-01 03:20:00.465 [info] Got 6 sessions for ...
2025-06-01 03:20:04.262 [info] Getting sessions for read:user,repo,user:email,workflow...
2025-06-01 03:20:04.262 [info] Got 1 sessions for read:user,repo,user:email,workflow...
2025-06-01 03:20:05.903 [info] Getting sessions for read:user,repo,user:email,workflow...
2025-06-01 03:20:05.903 [info] Got 1 sessions for read:user,repo,user:email,workflow...
2025-06-01 03:20:08.127 [info] Getting sessions for read:user,repo,user:email,workflow...
2025-06-01 03:20:08.127 [info] Got 1 sessions for read:user,repo,user:email,workflow...
2025-06-01 03:20:12.526 [info] Getting sessions for read:user,repo,user:email,workflow...
2025-06-01 03:20:12.526 [info] Got 1 sessions for read:user,repo,user:email,workflow...
2025-06-01 03:20:13.281 [info] Getting sessions for all scopes...
2025-06-01 03:20:13.281 [info] Getting sessions for all scopes...
2025-06-01 03:20:13.281 [info] Got 6 sessions for ...
2025-06-01 03:20:13.281 [info] Got 6 sessions for ...
2025-06-01 03:20:13.784 [info] Getting sessions for read:user,repo,user:email,workflow...
2025-06-01 03:20:13.784 [info] Got 1 sessions for read:user,repo,user:email,workflow...
2025-06-01 03:20:14.498 [info] Getting sessions for all scopes...
2025-06-01 03:20:14.498 [info] Got 6 sessions for ...
2025-06-01 03:20:15.993 [info] Getting sessions for read:user,repo,user:email,workflow...
2025-06-01 03:20:15.993 [info] Got 1 sessions for read:user,repo,user:email,workflow...
2025-06-01 03:20:17.115 [info] Getting sessions for all scopes...
2025-06-01 03:20:17.117 [info] Got 6 sessions for ...
2025-06-01 03:20:17.650 [info] Getting sessions for read:user,repo,user:email,workflow...
2025-06-01 03:20:17.650 [info] Got 1 sessions for read:user,repo,user:email,workflow...
2025-06-01 03:20:17.999 [info] Getting sessions for all scopes...
2025-06-01 03:20:17.999 [info] Got 6 sessions for ...
2025-06-01 03:20:18.306 [info] Getting sessions for all scopes...
2025-06-01 03:20:18.306 [info] Got 6 sessions for ...
2025-06-01 03:24:52.555 [info] Getting sessions for all scopes...
2025-06-01 03:24:52.555 [info] Got 6 sessions for ...
2025-06-01 03:24:52.920 [info] Getting sessions for read:user,repo,user:email,workflow...
2025-06-01 03:24:52.921 [info] Got 1 sessions for read:user,repo,user:email,workflow...
2025-06-01 03:29:52.230 [info] Getting sessions for all scopes...
2025-06-01 03:29:52.230 [info] Got 6 sessions for ...
2025-06-01 03:29:52.623 [info] Getting sessions for read:user,repo,user:email,workflow...
2025-06-01 03:29:52.623 [info] Got 1 sessions for read:user,repo,user:email,workflow...
2025-06-01 03:34:52.277 [info] Getting sessions for all scopes...
2025-06-01 03:34:52.278 [info] Got 6 sessions for ...
2025-06-01 03:34:52.578 [info] Getting sessions for read:user,repo,user:email,workflow...
2025-06-01 03:34:52.578 [info] Got 1 sessions for read:user,repo,user:email,workflow...
2025-06-01 03:35:18.177 [info] Getting sessions for all scopes...
2025-06-01 03:35:18.177 [info] Got 6 sessions for ...
2025-06-01 03:35:18.597 [info] Getting sessions for read:user,repo,user:email,workflow...
2025-06-01 03:35:18.597 [info] Got 1 sessions for read:user,repo,user:email,workflow...
2025-06-01 03:39:52.259 [info] Getting sessions for all scopes...
2025-06-01 03:39:52.259 [info] Got 6 sessions for ...
2025-06-01 03:39:52.649 [info] Getting sessions for read:user,repo,user:email,workflow...
2025-06-01 03:39:52.649 [info] Got 1 sessions for read:user,repo,user:email,workflow...
2025-06-01 03:44:52.294 [info] Getting sessions for all scopes...
2025-06-01 03:44:52.294 [info] Got 6 sessions for ...
2025-06-01 03:44:52.606 [info] Getting sessions for read:user,repo,user:email,workflow...
2025-06-01 03:44:52.606 [info] Got 1 sessions for read:user,repo,user:email,workflow...
2025-06-01 03:49:52.199 [info] Getting sessions for all scopes...
2025-06-01 03:49:52.199 [info] Got 6 sessions for ...
2025-06-01 03:49:52.529 [info] Getting sessions for read:user,repo,user:email,workflow...
2025-06-01 03:49:52.529 [info] Got 1 sessions for read:user,repo,user:email,workflow...
2025-06-01 03:50:18.999 [info] Getting sessions for all scopes...
2025-06-01 03:50:18.999 [info] Got 6 sessions for ...
2025-06-01 03:50:19.318 [info] Getting sessions for read:user,repo,user:email,workflow...
2025-06-01 03:50:19.318 [info] Got 1 sessions for read:user,repo,user:email,workflow...
2025-06-01 03:50:19.639 [info] Getting sessions for all scopes...
2025-06-01 03:50:19.639 [info] Got 6 sessions for ...
2025-06-01 03:50:19.966 [info] Getting sessions for read:user,repo,user:email,workflow...
2025-06-01 03:50:19.966 [info] Got 1 sessions for read:user,repo,user:email,workflow...
2025-06-01 03:50:21.878 [info] Getting sessions for all scopes...
2025-06-01 03:50:21.878 [info] Getting sessions for all scopes...
2025-06-01 03:50:21.878 [info] Got 6 sessions for ...
2025-06-01 03:50:21.878 [info] Got 6 sessions for ...
2025-06-01 03:50:22.173 [info] Getting sessions for read:user,repo,user:email,workflow...
2025-06-01 03:50:22.173 [info] Got 1 sessions for read:user,repo,user:email,workflow...
2025-06-01 03:50:22.482 [info] Getting sessions for all scopes...
2025-06-01 03:50:22.482 [info] Got 6 sessions for ...
2025-06-01 03:50:22.802 [info] Getting sessions for read:user,repo,user:email,workflow...
2025-06-01 03:50:22.802 [info] Got 1 sessions for read:user,repo,user:email,workflow...
2025-06-01 03:50:23.151 [info] Getting sessions for all scopes...
2025-06-01 03:50:23.151 [info] Got 6 sessions for ...
2025-06-01 03:50:23.450 [info] Getting sessions for read:user,repo,user:email,workflow...
2025-06-01 03:50:23.451 [info] Got 1 sessions for read:user,repo,user:email,workflow...
