2025-06-01 03:19:52.973 [warning] /home/vscode/.ssh/config: ENOENT: no such file or directory, open '/home/vscode/.ssh/config'
2025-06-01 03:19:52.973 [info] [Activation] Extension version: 0.110.0
2025-06-01 03:19:59.789 [info] [Authentication] Creating hub for .com
2025-06-01 03:20:03.680 [info] [Activation] Looking for git repository
2025-06-01 03:20:03.680 [info] [Activation] Found 0 repositories during activation
2025-06-01 03:20:03.680 [info] [Activation] Git repository found, initializing review manager and pr tree view.
2025-06-01 03:20:03.692 [info] [GitAPI] Registering git provider
2025-06-01 03:20:03.694 [info] [Review+0] Validate state in progress
2025-06-01 03:20:03.694 [info] [Review+0] Validating state...
2025-06-01 03:20:03.694 [info] [Review+1] Validate state in progress
2025-06-01 03:20:03.695 [info] [Review+1] Validating state...
2025-06-01 03:20:03.698 [info] [Review+2] Validate state in progress
2025-06-01 03:20:03.698 [info] [Review+2] Validating state...
2025-06-01 03:20:03.699 [info] [Review+3] Validate state in progress
2025-06-01 03:20:03.699 [info] [Review+3] Validating state...
2025-06-01 03:20:04.113 [info] [FolderRepositoryManager+0] Found GitHub remote for folder /home/vscode/environment
2025-06-01 03:20:04.114 [info] [FolderRepositoryManager+1] Found GitHub remote for folder /home/vscode/.oh-my-zsh
2025-06-01 03:20:04.114 [info] [FolderRepositoryManager+2] Found GitHub remote for folder /home/vscode/.nodenv
2025-06-01 03:20:04.114 [info] [FolderRepositoryManager+3] Found GitHub remote for folder /home/vscode
2025-06-01 03:20:04.350 [info] [Activation] Repo state for file:///home/vscode changed.
2025-06-01 03:20:04.351 [info] [Activation] Repo file:///home/vscode has already been setup.
2025-06-01 03:20:05.718 [info] [FolderRepositoryManager+2] Trying to use globalState for assignableUsers.
2025-06-01 03:20:05.798 [info] [FolderRepositoryManager+3] Trying to use globalState for assignableUsers.
2025-06-01 03:20:05.826 [info] [FolderRepositoryManager+1] Trying to use globalState for assignableUsers.
2025-06-01 03:20:05.851 [info] [FolderRepositoryManager+0] Trying to use globalState for assignableUsers.
2025-06-01 03:20:05.949 [info] [Review+1] No matching pull request metadata found locally for current branch master
2025-06-01 03:20:05.959 [info] [Review+3] No matching pull request metadata found locally for current branch main
2025-06-01 03:20:05.962 [info] [Review+2] No matching pull request metadata found locally for current branch main
2025-06-01 03:20:06.688 [info] [Review+0] No matching pull request metadata found locally for current branch main
2025-06-01 03:20:08.212 [info] [FolderRepositoryManager+2] Using globalState assignableUsers for 1.
2025-06-01 03:20:08.221 [info] [FolderRepositoryManager+3] Using globalState assignableUsers for 1.
2025-06-01 03:20:08.267 [info] [FolderRepositoryManager+1] Using globalState assignableUsers for 1.
2025-06-01 03:20:08.271 [info] [FolderRepositoryManager+0] Using globalState assignableUsers for 2.
2025-06-01 03:20:08.315 [info] [Review+2] No matching pull request metadata found on GitHub for current branch main
2025-06-01 03:20:08.318 [info] [Review+3] No matching pull request metadata found on GitHub for current branch main
2025-06-01 03:20:08.328 [info] [Review+0] No matching pull request metadata found on GitHub for current branch main
2025-06-01 03:20:12.552 [info] [Review+1] No matching pull request metadata found on GitHub for current branch master
2025-06-01 03:21:22.116 [info] [Review+3] Validate state in progress
2025-06-01 03:21:22.117 [info] [Review+3] Validating state...
2025-06-01 03:21:22.383 [info] [FolderRepositoryManager+3] Found GitHub remote for folder /home/vscode
2025-06-01 03:21:22.387 [info] [FolderRepositoryManager+3] Using in-memory cached assignable users.
2025-06-01 03:21:22.418 [info] [Review+3] No matching pull request metadata found locally for current branch main
2025-06-01 03:21:22.436 [info] [Review+3] No matching pull request metadata found on GitHub for current branch main
2025-06-01 03:21:27.321 [info] [Review+3] Validate state in progress
2025-06-01 03:21:27.322 [info] [Review+3] Validating state...
2025-06-01 03:21:27.322 [warning] No remotes found. The following remotes are missing: origin, upstream
2025-06-01 03:21:27.322 [info] [FolderRepositoryManager+3] No GitHub remotes found for folder /home/vscode
2025-06-01 03:21:27.364 [info] [Review+3] No matching pull request metadata found locally for current branch main
2025-06-01 03:21:27.380 [info] [Review+3] No matching pull request metadata found on GitHub for current branch main
2025-06-01 03:35:35.184 [info] [Review+3] Validate state in progress
2025-06-01 03:35:35.184 [info] [Review+3] Validating state...
2025-06-01 03:35:35.431 [info] [FolderRepositoryManager+3] Found GitHub remote for folder /home/vscode
2025-06-01 03:35:35.920 [warning] Unable to resolve remote: HttpError: Not Found - https://docs.github.com/rest/repos/repos#get-a-repository
2025-06-01 03:35:35.920 [info] [FolderRepositoryManager+3] Using in-memory cached assignable users.
2025-06-01 03:35:35.949 [info] [Review+3] No matching pull request metadata found locally for current branch main
2025-06-01 03:35:35.966 [info] [Review+3] No matching pull request metadata found on GitHub for current branch main
