2025-05-30 04:39:04.819 [info] [main] ログ レベル: Info
2025-05-30 04:39:04.819 [info] [main] Git の検証が検出されました: "git"
2025-05-30 04:39:04.819 [info] [main] "git" から Git "2.49.0" を使用しています
2025-05-30 04:39:04.819 [info] [Model][doInitialScan] Initial repository scan started
2025-05-30 04:39:04.819 [info] > git rev-parse --show-toplevel [15ms]
2025-05-30 04:39:04.819 [info] > git rev-parse --git-dir --git-common-dir [3ms]
2025-05-30 04:39:04.819 [info] [Model][openRepository] Opened repository (path): /home/vscode
2025-05-30 04:39:04.819 [info] [Model][openRepository] Opened repository (real path): /home/vscode
2025-05-30 04:39:04.826 [info] > git config --get commit.template [3ms]
2025-05-30 04:39:04.838 [info] > git for-each-ref --format=%(refname)%00%(upstream:short)%00%(objectname)%00%(upstream:track)%00%(upstream:remotename)%00%(upstream:remoteref) refs/heads/main refs/remotes/main [9ms]
2025-05-30 04:39:04.841 [info] > git rev-parse --show-toplevel [4ms]
2025-05-30 04:39:04.872 [info] > git rev-parse --show-toplevel [27ms]
2025-05-30 04:39:04.883 [info] > git for-each-ref --sort -committerdate --format %(refname)%00%(objectname)%00%(*objectname) [12ms]
2025-05-30 04:39:04.885 [info] > git rev-parse --show-toplevel [5ms]
2025-05-30 04:39:04.894 [info] > git rev-parse --show-toplevel [0ms]
2025-05-30 04:39:04.901 [info] > git rev-parse --git-dir --git-common-dir [2ms]
2025-05-30 04:39:04.905 [info] [Model][openRepository] Opened repository (path): /home/vscode/.nodenv
2025-05-30 04:39:04.906 [info] [Model][openRepository] Opened repository (real path): /home/vscode/.nodenv
2025-05-30 04:39:04.929 [info] > git config --get commit.template [9ms]
2025-05-30 04:39:04.931 [info] > git rev-parse --show-toplevel [7ms]
2025-05-30 04:39:04.944 [info] > git status -z -uall [95ms]
2025-05-30 04:39:04.944 [info] > git for-each-ref --format=%(refname)%00%(upstream:short)%00%(objectname)%00%(upstream:track)%00%(upstream:remotename)%00%(upstream:remoteref) refs/heads/main refs/remotes/main [7ms]
2025-05-30 04:39:04.972 [warning] [Git][revParse] Unable to read file: ENOENT: no such file or directory, open '/home/vscode/.nodenv/.git/refs/remotes/origin/main'
2025-05-30 04:39:04.984 [info] > git for-each-ref --format=%(refname)%00%(upstream:short)%00%(objectname)%00%(upstream:track)%00%(upstream:remotename)%00%(upstream:remoteref) refs/heads/main refs/remotes/main [21ms]
2025-05-30 04:39:04.988 [info] > git rev-parse --show-toplevel [46ms]
2025-05-30 04:39:04.990 [info] > git config --get commit.template [7ms]
2025-05-30 04:39:04.990 [info] > git rev-parse refs/remotes/origin/main [18ms]
2025-05-30 04:39:05.002 [info] > git status -z -uall [9ms]
2025-05-30 04:39:05.002 [info] > git config --get --local branch.main.vscode-merge-base [14ms]
2025-05-30 04:39:05.003 [warning] [Git][config] git config failed: Failed to execute git
2025-05-30 04:39:05.011 [info] > git rev-parse --git-dir --git-common-dir [10ms]
2025-05-30 04:39:05.014 [info] [Model][openRepository] Opened repository (path): /home/vscode/.oh-my-zsh
2025-05-30 04:39:05.014 [info] [Model][openRepository] Opened repository (real path): /home/vscode/.oh-my-zsh
2025-05-30 04:39:05.015 [info] > git for-each-ref --sort -committerdate --format %(refname)%00%(objectname)%00%(*objectname) [17ms]
2025-05-30 04:39:05.032 [info] > git for-each-ref --format=%(refname)%00%(upstream:short)%00%(objectname)%00%(upstream:track)%00%(upstream:remotename)%00%(upstream:remoteref) refs/heads/main refs/remotes/main [22ms]
2025-05-30 04:39:05.032 [info] > git reflog main --grep-reflog=branch: Created from *. [26ms]
2025-05-30 04:39:05.042 [info] > git config --get commit.template [11ms]
2025-05-30 04:39:05.042 [info] > git rev-parse --show-toplevel [14ms]
2025-05-30 04:39:05.042 [info] > git config --get commit.template [17ms]
2025-05-30 04:39:05.042 [info] > git for-each-ref --format=%(refname)%00%(upstream:short)%00%(objectname)%00%(upstream:track)%00%(upstream:remotename)%00%(upstream:remoteref) refs/heads/main refs/remotes/main [22ms]
2025-05-30 04:39:05.076 [info] > git config --get --local branch.main.vscode-merge-base [31ms]
2025-05-30 04:39:05.080 [info] > git symbolic-ref --short refs/remotes/origin/HEAD [45ms]
2025-05-30 04:39:05.080 [info] fatal: ref refs/remotes/origin/HEAD is not a symbolic ref
2025-05-30 04:39:05.080 [warning] [Repository][getDefaultBranch] Failed to get default branch details: Failed to execute git.
2025-05-30 04:39:05.102 [info] > git for-each-ref --format=%(refname)%00%(upstream:short)%00%(objectname)%00%(upstream:track)%00%(upstream:remotename)%00%(upstream:remoteref) refs/heads/origin/main refs/remotes/origin/main [22ms]
2025-05-30 04:39:05.109 [info] > git rev-parse --show-toplevel [34ms]
2025-05-30 04:39:05.165 [info] > git merge-base refs/heads/main refs/remotes/origin/main [58ms]
2025-05-30 04:39:05.176 [info] > git for-each-ref --format=%(refname)%00%(upstream:short)%00%(objectname)%00%(upstream:track)%00%(upstream:remotename)%00%(upstream:remoteref) refs/heads/main refs/remotes/main [79ms]
2025-05-30 04:39:05.176 [info] > git for-each-ref --format=%(refname)%00%(upstream:short)%00%(objectname)%00%(upstream:track)%00%(upstream:remotename)%00%(upstream:remoteref) refs/heads/master refs/remotes/master [84ms]
2025-05-30 04:39:05.177 [info] > git merge-base refs/heads/main refs/remotes/origin/main [93ms]
2025-05-30 04:39:05.201 [warning] [Git][revParse] Unable to read file: ENOENT: no such file or directory, open '/home/vscode/.nodenv/.git/refs/remotes/origin/main'
2025-05-30 04:39:05.207 [warning] [Git][revParse] Unable to read file: ENOENT: no such file or directory, open '/home/vscode/.oh-my-zsh/.git/refs/remotes/origin/master'
2025-05-30 04:39:06.271 [info] > git status -z -uall [1156ms]
2025-05-30 04:39:06.272 [info] > git diff --name-status -z --diff-filter=ADMR 869b1c0b8e0ec3aff5da6b452626c69030886833...refs/remotes/origin/main [1080ms]
2025-05-30 04:39:06.272 [info] > git diff --name-status -z --diff-filter=ADMR c2bda62623165f2b9bab646844f22fc20a48f944...refs/remotes/origin/main [1096ms]
2025-05-30 04:39:06.273 [info] > git rev-parse --show-toplevel [1109ms]
2025-05-30 04:39:06.273 [info] > git for-each-ref --sort -committerdate --format %(refname)%00%(objectname)%00%(*objectname) [1120ms]
2025-05-30 04:39:06.419 [info] > git check-ignore -v -z --stdin [133ms]
2025-05-30 04:39:06.421 [info] > git check-ignore -v -z --stdin [121ms]
2025-05-30 04:39:06.421 [info] > git check-ignore -v -z --stdin [112ms]
2025-05-30 04:39:06.422 [info] > git rev-parse refs/remotes/origin/master [1215ms]
2025-05-30 04:39:06.457 [info] > git rev-parse refs/remotes/origin/main [1256ms]
2025-05-30 04:39:06.532 [info] > git status -z -uall [98ms]
2025-05-30 04:39:06.532 [info] > git status -z -uall [55ms]
2025-05-30 04:39:06.532 [info] > git for-each-ref --sort -committerdate --format %(refname)%00%(objectname)%00%(*objectname) [22ms]
2025-05-30 04:39:06.538 [info] > git for-each-ref --sort -committerdate --format %(refname)%00%(objectname)%00%(*objectname) [82ms]
2025-05-30 04:39:06.557 [info] > git rev-parse --git-dir --git-common-dir [200ms]
2025-05-30 04:39:06.561 [info] [Model][openRepository] Opened repository (path): /home/vscode/environment
2025-05-30 04:39:06.561 [info] [Model][openRepository] Opened repository (real path): /home/vscode/environment
2025-05-30 04:39:06.566 [info] [Model][doInitialScan] Initial repository scan completed - repositories (4), closed repositories (0), parent repositories (0), unsafe repositories (0)
2025-05-30 04:39:06.628 [info] > git for-each-ref --format=%(refname)%00%(upstream:short)%00%(objectname)%00%(upstream:track)%00%(upstream:remotename)%00%(upstream:remoteref) refs/heads/master refs/remotes/master [75ms]
2025-05-30 04:39:06.680 [info] > git config --get --local branch.master.vscode-merge-base [40ms]
2025-05-30 04:39:06.691 [info] > git config --get commit.template [64ms]
2025-05-30 04:39:06.691 [info] > git config --get commit.template [95ms]
2025-05-30 04:39:06.696 [info] > git for-each-ref --format=%(refname)%00%(upstream:short)%00%(objectname)%00%(upstream:track)%00%(upstream:remotename)%00%(upstream:remoteref) refs/heads/origin/master refs/remotes/origin/master [5ms]
2025-05-30 04:39:07.320 [info] > git check-ignore -v -z --stdin [235ms]
2025-05-30 04:39:07.321 [info] > git check-ignore -v -z --stdin [224ms]
2025-05-30 04:39:07.321 [info] > git check-ignore -v -z --stdin [205ms]
2025-05-30 04:39:07.322 [info] > git for-each-ref --format=%(refname)%00%(upstream:short)%00%(objectname)%00%(upstream:track)%00%(upstream:remotename)%00%(upstream:remoteref) refs/heads/main refs/remotes/main [261ms]
2025-05-30 04:39:07.336 [info] > git for-each-ref --format=%(refname)%00%(upstream:short)%00%(objectname)%00%(upstream:track)%00%(upstream:remotename)%00%(upstream:remoteref) refs/heads/master refs/remotes/master [589ms]
2025-05-30 04:39:07.337 [info] > git merge-base refs/heads/master refs/remotes/origin/master [615ms]
2025-05-30 04:39:07.454 [warning] [Git][revParse] Unable to read file: ENOENT: no such file or directory, open '/home/vscode/environment/.git/refs/remotes/origin/main'
2025-05-30 04:39:07.463 [warning] [Git][revParse] Unable to read file: ENOENT: no such file or directory, open '/home/vscode/.oh-my-zsh/.git/refs/remotes/origin/master'
2025-05-30 04:39:08.539 [info] > git show --textconv :index.html [1026ms]
2025-05-30 04:39:08.540 [info] > git check-ignore -v -z --stdin [51ms]
2025-05-30 04:39:08.540 [info] > git check-ignore -v -z --stdin [37ms]
2025-05-30 04:39:08.541 [info] > git check-ignore -v -z --stdin [27ms]
2025-05-30 04:39:08.541 [info] > git check-ignore -v -z --stdin [13ms]
2025-05-30 04:39:08.544 [info] > git ls-files --stage -- index.html [1005ms]
2025-05-30 04:39:08.557 [info] > git rev-parse refs/remotes/origin/master [1094ms]
2025-05-30 04:39:08.598 [info] > git rev-parse refs/remotes/origin/main [1144ms]
2025-05-30 04:39:08.630 [info] > git diff --name-status -z --diff-filter=ADMR 750d3ac4b493dca13ef0ced55fa6a2cd02dc7ee8...refs/remotes/origin/master [1255ms]
2025-05-30 04:39:08.800 [info] > git status -z -uall [231ms]
2025-05-30 04:39:08.803 [info] > git status -z -uall [188ms]
2025-05-30 04:39:08.805 [info] > git for-each-ref --sort -committerdate --format %(refname)%00%(objectname)%00%(*objectname) [207ms]
2025-05-30 04:39:08.810 [info] > git cat-file -s 212bf6c52e1483fa48026126d9065d26033b5066 [253ms]
2025-05-30 04:39:09.023 [info] > git for-each-ref --sort -committerdate --format %(refname)%00%(objectname)%00%(*objectname) [393ms]
2025-05-30 04:39:09.214 [info] > git for-each-ref --format=%(refname)%00%(upstream:short)%00%(objectname)%00%(upstream:track)%00%(upstream:remotename)%00%(upstream:remoteref) refs/heads/main refs/remotes/main [181ms]
2025-05-30 04:39:09.698 [info] > git config --get commit.template [651ms]
2025-05-30 04:39:09.732 [info] > git config --get --local branch.main.vscode-merge-base [511ms]
2025-05-30 04:39:10.046 [info] > git for-each-ref --format=%(refname)%00%(upstream:short)%00%(objectname)%00%(upstream:track)%00%(upstream:remotename)%00%(upstream:remoteref) refs/heads/origin/main refs/remotes/origin/main [295ms]
2025-05-30 04:39:10.122 [info] > git for-each-ref --format=%(refname)%00%(upstream:short)%00%(objectname)%00%(upstream:track)%00%(upstream:remotename)%00%(upstream:remoteref) refs/heads/main refs/remotes/main [105ms]
2025-05-30 04:39:10.253 [info] > git merge-base refs/heads/main refs/remotes/origin/main [200ms]
2025-05-30 04:39:10.289 [warning] [Git][revParse] Unable to read file: ENOENT: no such file or directory, open '/home/vscode/environment/.git/refs/remotes/origin/main'
2025-05-30 04:39:10.455 [info] > git diff --name-status -z --diff-filter=ADMR 527588dbcd166987a649f31988a023c1ec8c7011...refs/remotes/origin/main [187ms]
2025-05-30 04:39:10.455 [info] > git blame --root --incremental 869b1c0b8e0ec3aff5da6b452626c69030886833 -- index.html [292ms]
2025-05-30 04:39:10.501 [info] > git config --get commit.template [168ms]
2025-05-30 04:39:10.501 [info] > git config --get commit.template [179ms]
2025-05-30 04:39:10.501 [info] > git config --get commit.template [196ms]
2025-05-30 04:39:10.502 [info] > git rev-parse refs/remotes/origin/main [213ms]
2025-05-30 04:39:10.595 [info] > git status -z -uall [69ms]
2025-05-30 04:39:10.897 [info] > git for-each-ref --sort -committerdate --format %(refname)%00%(objectname)%00%(*objectname) [333ms]
2025-05-30 04:39:10.947 [info] > git for-each-ref --format=%(refname)%00%(upstream:short)%00%(objectname)%00%(upstream:track)%00%(upstream:remotename)%00%(upstream:remoteref) refs/heads/main refs/remotes/main [213ms]
2025-05-30 04:39:10.947 [info] > git for-each-ref --format=%(refname)%00%(upstream:short)%00%(objectname)%00%(upstream:track)%00%(upstream:remotename)%00%(upstream:remoteref) refs/heads/master refs/remotes/master [256ms]
2025-05-30 04:39:10.948 [info] > git for-each-ref --format=%(refname)%00%(upstream:short)%00%(objectname)%00%(upstream:track)%00%(upstream:remotename)%00%(upstream:remoteref) refs/heads/main refs/remotes/main [314ms]
2025-05-30 04:39:10.949 [info] > git config --get commit.template [38ms]
2025-05-30 04:39:10.985 [warning] [Git][revParse] Unable to read file: ENOENT: no such file or directory, open '/home/vscode/.oh-my-zsh/.git/refs/remotes/origin/master'
2025-05-30 04:39:10.994 [warning] [Git][revParse] Unable to read file: ENOENT: no such file or directory, open '/home/vscode/.nodenv/.git/refs/remotes/origin/main'
2025-05-30 04:39:11.007 [info] > git rev-parse refs/remotes/origin/main [13ms]
2025-05-30 04:39:11.027 [info] > git rev-parse refs/remotes/origin/master [42ms]
2025-05-30 04:39:11.090 [info] > git status -z -uall [74ms]
2025-05-30 04:39:11.092 [info] > git status -z -uall [54ms]
2025-05-30 04:39:11.092 [info] > git for-each-ref --sort -committerdate --format %(refname)%00%(objectname)%00%(*objectname) [65ms]
2025-05-30 04:39:11.100 [info] > git for-each-ref --format=%(refname)%00%(upstream:short)%00%(objectname)%00%(upstream:track)%00%(upstream:remotename)%00%(upstream:remoteref) refs/heads/main refs/remotes/main [94ms]
2025-05-30 04:39:11.175 [warning] [Git][revParse] Unable to read file: ENOENT: no such file or directory, open '/home/vscode/environment/.git/refs/remotes/origin/main'
2025-05-30 04:39:11.178 [info] > git for-each-ref --sort -committerdate --format %(refname)%00%(objectname)%00%(*objectname) [119ms]
2025-05-30 04:39:11.244 [info] > git rev-parse refs/remotes/origin/main [69ms]
2025-05-30 04:39:11.257 [info] > git for-each-ref --sort -committerdate --format %(refname)%00%(objectname)%00%(*objectname) [91ms]
2025-05-30 04:39:11.261 [info] > git status -z -uall [148ms]
2025-05-30 04:39:11.261 [info] > git status -z -uall [10ms]
2025-05-30 04:39:11.261 [info] > git for-each-ref --sort -committerdate --format %(refname)%00%(objectname)%00%(*objectname) [4ms]
2025-05-30 04:39:17.538 [info] > git config --get --local branch.main.github-pr-owner-number [21ms]
2025-05-30 04:39:17.539 [warning] [Git][config] git config failed: Failed to execute git
2025-05-30 04:39:17.544 [info] > git config --get --local branch.master.github-pr-owner-number [48ms]
2025-05-30 04:39:17.544 [warning] [Git][config] git config failed: Failed to execute git
2025-05-30 04:39:17.547 [info] > git config --get --local branch.main.github-pr-owner-number [108ms]
2025-05-30 04:39:17.547 [warning] [Git][config] git config failed: Failed to execute git
2025-05-30 04:39:18.742 [info] > git config --get --local branch.main.github-pr-owner-number [60ms]
2025-05-30 04:39:18.742 [warning] [Git][config] git config failed: Failed to execute git
2025-05-30 04:39:41.265 [info] > git config --get commit.template [2ms]
2025-05-30 04:39:41.274 [info] > git for-each-ref --format=%(refname)%00%(upstream:short)%00%(objectname)%00%(upstream:track)%00%(upstream:remotename)%00%(upstream:remoteref) refs/heads/main refs/remotes/main [2ms]
2025-05-30 04:39:41.294 [info] > git for-each-ref --sort -committerdate --format %(refname)%00%(objectname)%00%(*objectname) [2ms]
2025-05-30 04:39:41.355 [info] > git status -z -uall [75ms]
2025-05-30 04:39:46.937 [info] > git config --get commit.template [1ms]
2025-05-30 04:39:46.946 [info] > git for-each-ref --format=%(refname)%00%(upstream:short)%00%(objectname)%00%(upstream:track)%00%(upstream:remotename)%00%(upstream:remoteref) refs/heads/main refs/remotes/main [3ms]
2025-05-30 04:39:46.970 [info] > git for-each-ref --sort -committerdate --format %(refname)%00%(objectname)%00%(*objectname) [5ms]
2025-05-30 04:39:47.028 [info] > git status -z -uall [75ms]
2025-05-30 04:39:52.048 [info] > git config --get commit.template [8ms]
2025-05-30 04:39:52.049 [info] > git for-each-ref --format=%(refname)%00%(upstream:short)%00%(objectname)%00%(upstream:track)%00%(upstream:remotename)%00%(upstream:remoteref) refs/heads/main refs/remotes/main [2ms]
2025-05-30 04:39:52.071 [info] > git for-each-ref --sort -committerdate --format %(refname)%00%(objectname)%00%(*objectname) [0ms]
2025-05-30 04:39:52.130 [info] > git status -z -uall [74ms]
2025-05-30 04:39:57.153 [info] > git config --get commit.template [8ms]
2025-05-30 04:39:57.154 [info] > git for-each-ref --format=%(refname)%00%(upstream:short)%00%(objectname)%00%(upstream:track)%00%(upstream:remotename)%00%(upstream:remoteref) refs/heads/main refs/remotes/main [2ms]
2025-05-30 04:39:57.193 [info] > git for-each-ref --sort -committerdate --format %(refname)%00%(objectname)%00%(*objectname) [2ms]
2025-05-30 04:39:57.235 [info] > git status -z -uall [74ms]
2025-05-30 04:40:02.251 [info] > git config --get commit.template [2ms]
2025-05-30 04:40:02.261 [info] > git for-each-ref --format=%(refname)%00%(upstream:short)%00%(objectname)%00%(upstream:track)%00%(upstream:remotename)%00%(upstream:remoteref) refs/heads/main refs/remotes/main [2ms]
2025-05-30 04:40:02.299 [info] > git for-each-ref --sort -committerdate --format %(refname)%00%(objectname)%00%(*objectname) [3ms]
2025-05-30 04:40:02.345 [info] > git status -z -uall [76ms]
2025-05-30 04:40:07.364 [info] > git config --get commit.template [8ms]
2025-05-30 04:40:07.365 [info] > git for-each-ref --format=%(refname)%00%(upstream:short)%00%(objectname)%00%(upstream:track)%00%(upstream:remotename)%00%(upstream:remoteref) refs/heads/main refs/remotes/main [1ms]
2025-05-30 04:40:07.400 [info] > git for-each-ref --sort -committerdate --format %(refname)%00%(objectname)%00%(*objectname) [7ms]
2025-05-30 04:40:07.451 [info] > git status -z -uall [79ms]
2025-05-30 04:41:21.947 [info] > git config --get commit.template [10ms]
2025-05-30 04:41:21.948 [info] > git for-each-ref --format=%(refname)%00%(upstream:short)%00%(objectname)%00%(upstream:track)%00%(upstream:remotename)%00%(upstream:remoteref) refs/heads/main refs/remotes/main [2ms]
2025-05-30 04:41:21.981 [info] > git for-each-ref --sort -committerdate --format %(refname)%00%(objectname)%00%(*objectname) [5ms]
2025-05-30 04:41:22.032 [info] > git status -z -uall [76ms]
2025-05-30 04:41:52.000 [info] > git config --get commit.template [8ms]
2025-05-30 04:41:52.002 [info] > git for-each-ref --format=%(refname)%00%(upstream:short)%00%(objectname)%00%(upstream:track)%00%(upstream:remotename)%00%(upstream:remoteref) refs/heads/main refs/remotes/main [2ms]
2025-05-30 04:41:52.043 [info] > git for-each-ref --sort -committerdate --format %(refname)%00%(objectname)%00%(*objectname) [2ms]
2025-05-30 04:41:52.084 [info] > git status -z -uall [75ms]
2025-05-30 04:41:57.101 [info] > git config --get commit.template [2ms]
2025-05-30 04:41:57.110 [info] > git for-each-ref --format=%(refname)%00%(upstream:short)%00%(objectname)%00%(upstream:track)%00%(upstream:remotename)%00%(upstream:remoteref) refs/heads/main refs/remotes/main [2ms]
2025-05-30 04:41:57.148 [info] > git for-each-ref --sort -committerdate --format %(refname)%00%(objectname)%00%(*objectname) [3ms]
2025-05-30 04:41:57.196 [info] > git status -z -uall [79ms]
2025-05-30 04:42:02.210 [info] > git config --get commit.template [2ms]
2025-05-30 04:42:02.221 [info] > git for-each-ref --format=%(refname)%00%(upstream:short)%00%(objectname)%00%(upstream:track)%00%(upstream:remotename)%00%(upstream:remoteref) refs/heads/main refs/remotes/main [1ms]
2025-05-30 04:42:02.276 [info] > git for-each-ref --sort -committerdate --format %(refname)%00%(objectname)%00%(*objectname) [5ms]
2025-05-30 04:42:02.326 [info] > git status -z -uall [95ms]
2025-05-30 04:42:07.352 [info] > git config --get commit.template [9ms]
2025-05-30 04:42:07.353 [info] > git for-each-ref --format=%(refname)%00%(upstream:short)%00%(objectname)%00%(upstream:track)%00%(upstream:remotename)%00%(upstream:remoteref) refs/heads/main refs/remotes/main [1ms]
2025-05-30 04:42:07.388 [info] > git for-each-ref --sort -committerdate --format %(refname)%00%(objectname)%00%(*objectname) [1ms]
2025-05-30 04:42:07.432 [info] > git status -z -uall [72ms]
2025-05-30 04:42:12.446 [info] > git config --get commit.template [1ms]
2025-05-30 04:42:12.455 [info] > git for-each-ref --format=%(refname)%00%(upstream:short)%00%(objectname)%00%(upstream:track)%00%(upstream:remotename)%00%(upstream:remoteref) refs/heads/main refs/remotes/main [2ms]
2025-05-30 04:42:12.492 [info] > git for-each-ref --sort -committerdate --format %(refname)%00%(objectname)%00%(*objectname) [1ms]
2025-05-30 04:42:12.538 [info] > git status -z -uall [76ms]
2025-05-30 04:42:17.558 [info] > git config --get commit.template [8ms]
2025-05-30 04:42:17.559 [info] > git for-each-ref --format=%(refname)%00%(upstream:short)%00%(objectname)%00%(upstream:track)%00%(upstream:remotename)%00%(upstream:remoteref) refs/heads/main refs/remotes/main [1ms]
2025-05-30 04:42:17.593 [info] > git for-each-ref --sort -committerdate --format %(refname)%00%(objectname)%00%(*objectname) [1ms]
2025-05-30 04:42:17.645 [info] > git status -z -uall [79ms]
2025-05-30 04:42:22.672 [info] > git config --get commit.template [10ms]
2025-05-30 04:42:22.673 [info] > git for-each-ref --format=%(refname)%00%(upstream:short)%00%(objectname)%00%(upstream:track)%00%(upstream:remotename)%00%(upstream:remoteref) refs/heads/main refs/remotes/main [2ms]
2025-05-30 04:42:22.719 [info] > git for-each-ref --sort -committerdate --format %(refname)%00%(objectname)%00%(*objectname) [4ms]
2025-05-30 04:42:22.764 [info] > git status -z -uall [84ms]
2025-05-30 04:42:27.779 [info] > git config --get commit.template [2ms]
2025-05-30 04:42:27.790 [info] > git for-each-ref --format=%(refname)%00%(upstream:short)%00%(objectname)%00%(upstream:track)%00%(upstream:remotename)%00%(upstream:remoteref) refs/heads/main refs/remotes/main [2ms]
2025-05-30 04:42:27.833 [info] > git for-each-ref --sort -committerdate --format %(refname)%00%(objectname)%00%(*objectname) [3ms]
2025-05-30 04:42:27.875 [info] > git status -z -uall [76ms]
2025-05-30 04:42:32.896 [info] > git config --get commit.template [8ms]
2025-05-30 04:42:32.898 [info] > git for-each-ref --format=%(refname)%00%(upstream:short)%00%(objectname)%00%(upstream:track)%00%(upstream:remotename)%00%(upstream:remoteref) refs/heads/main refs/remotes/main [2ms]
2025-05-30 04:42:32.937 [info] > git for-each-ref --sort -committerdate --format %(refname)%00%(objectname)%00%(*objectname) [3ms]
2025-05-30 04:42:32.979 [info] > git status -z -uall [74ms]
2025-05-30 04:42:37.997 [info] > git config --get commit.template [3ms]
2025-05-30 04:42:38.008 [info] > git for-each-ref --format=%(refname)%00%(upstream:short)%00%(objectname)%00%(upstream:track)%00%(upstream:remotename)%00%(upstream:remoteref) refs/heads/main refs/remotes/main [2ms]
2025-05-30 04:42:38.045 [info] > git for-each-ref --sort -committerdate --format %(refname)%00%(objectname)%00%(*objectname) [3ms]
2025-05-30 04:42:38.093 [info] > git status -z -uall [77ms]
2025-05-30 04:42:43.113 [info] > git config --get commit.template [9ms]
2025-05-30 04:42:43.115 [info] > git for-each-ref --format=%(refname)%00%(upstream:short)%00%(objectname)%00%(upstream:track)%00%(upstream:remotename)%00%(upstream:remoteref) refs/heads/main refs/remotes/main [2ms]
2025-05-30 04:42:43.152 [info] > git for-each-ref --sort -committerdate --format %(refname)%00%(objectname)%00%(*objectname) [5ms]
2025-05-30 04:42:43.193 [info] > git status -z -uall [71ms]
2025-05-30 04:42:48.216 [info] > git config --get commit.template [10ms]
2025-05-30 04:42:48.217 [info] > git for-each-ref --format=%(refname)%00%(upstream:short)%00%(objectname)%00%(upstream:track)%00%(upstream:remotename)%00%(upstream:remoteref) refs/heads/main refs/remotes/main [2ms]
2025-05-30 04:42:48.256 [info] > git for-each-ref --sort -committerdate --format %(refname)%00%(objectname)%00%(*objectname) [2ms]
2025-05-30 04:42:48.299 [info] > git status -z -uall [74ms]
2025-05-30 04:42:53.321 [info] > git config --get commit.template [9ms]
2025-05-30 04:42:53.322 [info] > git for-each-ref --format=%(refname)%00%(upstream:short)%00%(objectname)%00%(upstream:track)%00%(upstream:remotename)%00%(upstream:remoteref) refs/heads/main refs/remotes/main [2ms]
2025-05-30 04:42:53.364 [info] > git for-each-ref --sort -committerdate --format %(refname)%00%(objectname)%00%(*objectname) [5ms]
2025-05-30 04:42:53.404 [info] > git status -z -uall [74ms]
2025-05-30 04:42:58.419 [info] > git config --get commit.template [2ms]
2025-05-30 04:42:58.428 [info] > git for-each-ref --format=%(refname)%00%(upstream:short)%00%(objectname)%00%(upstream:track)%00%(upstream:remotename)%00%(upstream:remoteref) refs/heads/main refs/remotes/main [1ms]
2025-05-30 04:42:58.463 [info] > git for-each-ref --sort -committerdate --format %(refname)%00%(objectname)%00%(*objectname) [1ms]
2025-05-30 04:42:58.511 [info] > git status -z -uall [75ms]
2025-05-30 04:43:03.530 [info] > git config --get commit.template [8ms]
2025-05-30 04:43:03.532 [info] > git for-each-ref --format=%(refname)%00%(upstream:short)%00%(objectname)%00%(upstream:track)%00%(upstream:remotename)%00%(upstream:remoteref) refs/heads/main refs/remotes/main [2ms]
2025-05-30 04:43:03.576 [info] > git for-each-ref --sort -committerdate --format %(refname)%00%(objectname)%00%(*objectname) [1ms]
2025-05-30 04:43:03.618 [info] > git status -z -uall [77ms]
2025-05-30 04:43:08.633 [info] > git config --get commit.template [3ms]
2025-05-30 04:43:08.643 [info] > git for-each-ref --format=%(refname)%00%(upstream:short)%00%(objectname)%00%(upstream:track)%00%(upstream:remotename)%00%(upstream:remoteref) refs/heads/main refs/remotes/main [2ms]
2025-05-30 04:43:08.683 [info] > git for-each-ref --sort -committerdate --format %(refname)%00%(objectname)%00%(*objectname) [6ms]
2025-05-30 04:43:08.724 [info] > git status -z -uall [73ms]
2025-05-30 04:43:13.738 [info] > git config --get commit.template [2ms]
2025-05-30 04:43:13.748 [info] > git for-each-ref --format=%(refname)%00%(upstream:short)%00%(objectname)%00%(upstream:track)%00%(upstream:remotename)%00%(upstream:remoteref) refs/heads/main refs/remotes/main [2ms]
2025-05-30 04:43:13.786 [info] > git for-each-ref --sort -committerdate --format %(refname)%00%(objectname)%00%(*objectname) [2ms]
2025-05-30 04:43:13.837 [info] > git status -z -uall [82ms]
2025-05-30 04:43:18.859 [info] > git config --get commit.template [10ms]
2025-05-30 04:43:18.861 [info] > git for-each-ref --format=%(refname)%00%(upstream:short)%00%(objectname)%00%(upstream:track)%00%(upstream:remotename)%00%(upstream:remoteref) refs/heads/main refs/remotes/main [1ms]
2025-05-30 04:43:18.905 [info] > git for-each-ref --sort -committerdate --format %(refname)%00%(objectname)%00%(*objectname) [6ms]
2025-05-30 04:43:18.946 [info] > git status -z -uall [78ms]
2025-05-30 04:43:23.970 [info] > git config --get commit.template [11ms]
2025-05-30 04:43:23.972 [info] > git for-each-ref --format=%(refname)%00%(upstream:short)%00%(objectname)%00%(upstream:track)%00%(upstream:remotename)%00%(upstream:remoteref) refs/heads/main refs/remotes/main [2ms]
2025-05-30 04:43:24.007 [info] > git for-each-ref --sort -committerdate --format %(refname)%00%(objectname)%00%(*objectname) [5ms]
2025-05-30 04:43:24.057 [info] > git status -z -uall [78ms]
2025-05-30 04:43:29.080 [info] > git config --get commit.template [10ms]
2025-05-30 04:43:29.081 [info] > git for-each-ref --format=%(refname)%00%(upstream:short)%00%(objectname)%00%(upstream:track)%00%(upstream:remotename)%00%(upstream:remoteref) refs/heads/main refs/remotes/main [2ms]
2025-05-30 04:43:29.118 [info] > git for-each-ref --sort -committerdate --format %(refname)%00%(objectname)%00%(*objectname) [2ms]
2025-05-30 04:43:29.165 [info] > git status -z -uall [77ms]
2025-05-30 04:43:34.185 [info] > git config --get commit.template [9ms]
2025-05-30 04:43:34.186 [info] > git for-each-ref --format=%(refname)%00%(upstream:short)%00%(objectname)%00%(upstream:track)%00%(upstream:remotename)%00%(upstream:remoteref) refs/heads/main refs/remotes/main [2ms]
2025-05-30 04:43:34.218 [info] > git for-each-ref --sort -committerdate --format %(refname)%00%(objectname)%00%(*objectname) [1ms]
2025-05-30 04:43:34.307 [info] > git status -z -uall [114ms]
2025-05-30 04:43:39.328 [info] > git config --get commit.template [0ms]
2025-05-30 04:43:39.338 [info] > git for-each-ref --format=%(refname)%00%(upstream:short)%00%(objectname)%00%(upstream:track)%00%(upstream:remotename)%00%(upstream:remoteref) refs/heads/main refs/remotes/main [1ms]
2025-05-30 04:43:39.378 [info] > git for-each-ref --sort -committerdate --format %(refname)%00%(objectname)%00%(*objectname) [3ms]
2025-05-30 04:43:39.418 [info] > git status -z -uall [72ms]
2025-05-30 04:43:44.442 [info] > git config --get commit.template [10ms]
2025-05-30 04:43:44.443 [info] > git for-each-ref --format=%(refname)%00%(upstream:short)%00%(objectname)%00%(upstream:track)%00%(upstream:remotename)%00%(upstream:remoteref) refs/heads/main refs/remotes/main [2ms]
2025-05-30 04:43:44.488 [info] > git for-each-ref --sort -committerdate --format %(refname)%00%(objectname)%00%(*objectname) [7ms]
2025-05-30 04:43:44.530 [info] > git status -z -uall [80ms]
2025-05-30 04:43:50.271 [info] > git config --get commit.template [3ms]
2025-05-30 04:43:50.283 [info] > git for-each-ref --format=%(refname)%00%(upstream:short)%00%(objectname)%00%(upstream:track)%00%(upstream:remotename)%00%(upstream:remoteref) refs/heads/main refs/remotes/main [3ms]
2025-05-30 04:43:50.345 [info] > git for-each-ref --sort -committerdate --format %(refname)%00%(objectname)%00%(*objectname) [2ms]
2025-05-30 04:43:50.408 [info] > git status -z -uall [111ms]
2025-05-30 04:43:55.421 [info] > git config --get commit.template [2ms]
2025-05-30 04:43:55.430 [info] > git for-each-ref --format=%(refname)%00%(upstream:short)%00%(objectname)%00%(upstream:track)%00%(upstream:remotename)%00%(upstream:remoteref) refs/heads/main refs/remotes/main [2ms]
2025-05-30 04:43:55.465 [info] > git for-each-ref --sort -committerdate --format %(refname)%00%(objectname)%00%(*objectname) [0ms]
2025-05-30 04:43:55.508 [info] > git status -z -uall [71ms]
2025-05-30 04:44:00.528 [info] > git config --get commit.template [9ms]
2025-05-30 04:44:00.529 [info] > git for-each-ref --format=%(refname)%00%(upstream:short)%00%(objectname)%00%(upstream:track)%00%(upstream:remotename)%00%(upstream:remoteref) refs/heads/main refs/remotes/main [2ms]
2025-05-30 04:44:00.568 [info] > git for-each-ref --sort -committerdate --format %(refname)%00%(objectname)%00%(*objectname) [4ms]
2025-05-30 04:44:00.608 [info] > git status -z -uall [72ms]
2025-05-30 04:44:05.622 [info] > git config --get commit.template [2ms]
2025-05-30 04:44:05.633 [info] > git for-each-ref --format=%(refname)%00%(upstream:short)%00%(objectname)%00%(upstream:track)%00%(upstream:remotename)%00%(upstream:remoteref) refs/heads/main refs/remotes/main [2ms]
2025-05-30 04:44:05.671 [info] > git for-each-ref --sort -committerdate --format %(refname)%00%(objectname)%00%(*objectname) [3ms]
2025-05-30 04:44:05.717 [info] > git status -z -uall [76ms]
