2025-05-29 12:30:32.084 [info] Reading sessions from keychain...
2025-05-29 12:30:32.084 [info] Getting sessions for all scopes...
2025-05-29 12:30:32.084 [info] Getting sessions for all scopes...
2025-05-29 12:30:32.084 [info] Getting sessions for all scopes...
2025-05-29 12:30:32.084 [info] Getting sessions for user:email...
2025-05-29 12:30:32.084 [info] Getting sessions for all scopes...
2025-05-29 12:30:32.084 [info] Getting sessions for all scopes...
2025-05-29 12:30:32.084 [info] Getting sessions for all scopes...
2025-05-29 12:30:32.084 [info] Getting sessions for all scopes...
2025-05-29 12:30:32.084 [info] Getting sessions for all scopes...
2025-05-29 12:30:32.084 [info] Got stored sessions!
2025-05-29 12:30:32.084 [info] Got 6 verified sessions.
2025-05-29 12:30:32.084 [info] Got 6 sessions for ...
2025-05-29 12:30:32.084 [info] Got 6 sessions for ...
2025-05-29 12:30:32.084 [info] Got 6 sessions for ...
2025-05-29 12:30:32.084 [info] Got 1 sessions for user:email...
2025-05-29 12:30:32.084 [info] Got 6 sessions for ...
2025-05-29 12:30:32.084 [info] Got 6 sessions for ...
2025-05-29 12:30:32.084 [info] Got 6 sessions for ...
2025-05-29 12:30:32.084 [info] Got 6 sessions for ...
2025-05-29 12:30:32.084 [info] Got 6 sessions for ...
2025-05-29 12:30:45.071 [info] Getting sessions for codespace,read:user,repo,user:email...
2025-05-29 12:30:45.072 [info] Getting sessions for all scopes...
2025-05-29 12:30:45.072 [info] Getting sessions for all scopes...
2025-05-29 12:30:45.072 [info] Getting sessions for all scopes...
2025-05-29 12:30:45.072 [info] Getting sessions for all scopes...
2025-05-29 12:30:45.072 [info] Got 1 sessions for codespace,read:user,repo,user:email...
2025-05-29 12:30:45.072 [info] Got 6 sessions for ...
2025-05-29 12:30:45.072 [info] Got 6 sessions for ...
2025-05-29 12:30:45.072 [info] Got 6 sessions for ...
2025-05-29 12:30:45.072 [info] Got 6 sessions for ...
2025-05-29 12:30:45.079 [info] Getting sessions for all scopes...
2025-05-29 12:30:45.080 [info] Getting sessions for all scopes...
2025-05-29 12:30:45.080 [info] Getting sessions for all scopes...
2025-05-29 12:30:45.080 [info] Got 6 sessions for ...
2025-05-29 12:30:45.080 [info] Got 6 sessions for ...
2025-05-29 12:30:45.080 [info] Got 6 sessions for ...
2025-05-29 12:30:50.462 [info] Getting sessions for all scopes...
2025-05-29 12:30:50.462 [info] Got 6 sessions for ...
2025-05-29 12:30:51.327 [info] Getting sessions for all scopes...
2025-05-29 12:30:51.328 [info] Got 6 sessions for ...
2025-05-29 12:31:03.098 [info] Getting sessions for all scopes...
2025-05-29 12:31:03.098 [info] Got 6 sessions for ...
2025-05-29 12:31:03.163 [info] Getting sessions for read:user,repo,user:email,workflow...
2025-05-29 12:31:03.163 [info] Getting sessions for all scopes...
2025-05-29 12:31:03.163 [info] Getting sessions for read:user,repo,user:email,workflow...
2025-05-29 12:31:03.163 [info] Got 1 sessions for read:user,repo,user:email,workflow...
2025-05-29 12:31:03.164 [info] Got 6 sessions for ...
2025-05-29 12:31:03.164 [info] Got 1 sessions for read:user,repo,user:email,workflow...
2025-05-29 12:31:12.147 [info] Getting sessions for all scopes...
2025-05-29 12:31:12.147 [info] Getting sessions for all scopes...
2025-05-29 12:31:12.147 [info] Getting sessions for all scopes...
2025-05-29 12:31:12.147 [info] Got 6 sessions for ...
2025-05-29 12:31:12.147 [info] Got 6 sessions for ...
2025-05-29 12:31:12.147 [info] Got 6 sessions for ...
2025-05-29 12:31:12.160 [info] Getting sessions for project,read:org,read:user,repo,user:email,workflow...
2025-05-29 12:31:12.160 [info] Got 0 sessions for project,read:org,read:user,repo,user:email,workflow...
2025-05-29 12:31:15.246 [info] Getting sessions for all scopes...
2025-05-29 12:31:15.246 [info] Got 6 sessions for ...
2025-05-29 12:31:20.761 [info] Getting sessions for all scopes...
2025-05-29 12:31:20.762 [info] Got 6 sessions for ...
2025-05-29 12:31:29.275 [info] Getting sessions for read:user,repo,user:email,workflow...
2025-05-29 12:31:29.275 [info] Got 1 sessions for read:user,repo,user:email,workflow...
2025-05-29 12:31:29.277 [info] Getting sessions for read:user,repo,user:email,workflow...
2025-05-29 12:31:29.277 [info] Got 1 sessions for read:user,repo,user:email,workflow...
2025-05-29 12:31:29.399 [info] Getting sessions for read:user,repo,user:email,workflow...
2025-05-29 12:31:29.399 [info] Got 1 sessions for read:user,repo,user:email,workflow...
2025-05-29 12:31:38.247 [info] Getting sessions for all scopes...
2025-05-29 12:31:38.247 [info] Getting sessions for all scopes...
2025-05-29 12:31:38.247 [info] Got 6 sessions for ...
2025-05-29 12:31:38.247 [info] Got 6 sessions for ...
2025-05-29 12:31:42.391 [info] Getting sessions for read:user,repo,user:email,workflow...
2025-05-29 12:31:42.391 [info] Got 1 sessions for read:user,repo,user:email,workflow...
2025-05-29 12:31:46.016 [info] Getting sessions for read:user,repo,user:email,workflow...
2025-05-29 12:31:46.017 [info] Got 1 sessions for read:user,repo,user:email,workflow...
2025-05-29 12:32:07.916 [info] Getting sessions for read:user,repo,user:email,workflow...
2025-05-29 12:32:07.916 [info] Got 1 sessions for read:user,repo,user:email,workflow...
2025-05-29 12:32:08.093 [info] Getting sessions for all scopes...
2025-05-29 12:32:08.093 [info] Getting sessions for all scopes...
2025-05-29 12:32:08.093 [info] Got 6 sessions for ...
2025-05-29 12:32:08.093 [info] Got 6 sessions for ...
2025-05-29 12:32:20.824 [info] Getting sessions for read:user,repo,user:email,workflow...
2025-05-29 12:32:20.824 [info] Got 1 sessions for read:user,repo,user:email,workflow...
2025-05-29 12:32:21.434 [info] Getting sessions for all scopes...
2025-05-29 12:32:21.434 [info] Got 6 sessions for ...
2025-05-29 12:32:22.039 [info] Getting sessions for read:user,repo,user:email,workflow...
2025-05-29 12:32:22.039 [info] Got 1 sessions for read:user,repo,user:email,workflow...
2025-05-29 12:32:22.994 [info] Getting sessions for all scopes...
2025-05-29 12:32:22.994 [info] Got 6 sessions for ...
2025-05-29 12:32:23.800 [info] Getting sessions for read:user,repo,user:email,workflow...
2025-05-29 12:32:23.801 [info] Got 1 sessions for read:user,repo,user:email,workflow...
2025-05-29 12:32:24.066 [info] Getting sessions for all scopes...
2025-05-29 12:32:24.066 [info] Got 6 sessions for ...
2025-05-29 12:32:24.297 [info] Getting sessions for all scopes...
2025-05-29 12:32:24.297 [info] Got 6 sessions for ...
