2025-05-22 15:05:07.590 [info] Reading sessions from keychain...
2025-05-22 15:05:07.590 [info] Getting sessions for all scopes...
2025-05-22 15:05:07.590 [info] Getting sessions for all scopes...
2025-05-22 15:05:07.590 [info] Getting sessions for all scopes...
2025-05-22 15:05:07.590 [info] Getting sessions for user:email...
2025-05-22 15:05:07.590 [info] Getting sessions for all scopes...
2025-05-22 15:05:07.590 [info] Getting sessions for all scopes...
2025-05-22 15:05:07.590 [info] Getting sessions for all scopes...
2025-05-22 15:05:07.590 [info] Getting sessions for all scopes...
2025-05-22 15:05:07.590 [info] Getting sessions for all scopes...
2025-05-22 15:05:07.590 [info] Got stored sessions!
2025-05-22 15:05:07.590 [info] Got 6 verified sessions.
2025-05-22 15:05:07.590 [info] Got 6 sessions for ...
2025-05-22 15:05:07.590 [info] Got 6 sessions for ...
2025-05-22 15:05:07.590 [info] Got 6 sessions for ...
2025-05-22 15:05:07.590 [info] Got 1 sessions for user:email...
2025-05-22 15:05:07.590 [info] Got 6 sessions for ...
2025-05-22 15:05:07.590 [info] Got 6 sessions for ...
2025-05-22 15:05:07.590 [info] Got 6 sessions for ...
2025-05-22 15:05:07.590 [info] Got 6 sessions for ...
2025-05-22 15:05:07.590 [info] Got 6 sessions for ...
2025-05-22 15:05:08.363 [info] Getting sessions for codespace,read:user,repo,user:email...
2025-05-22 15:05:08.363 [info] Getting sessions for all scopes...
2025-05-22 15:05:08.363 [info] Getting sessions for all scopes...
2025-05-22 15:05:08.363 [info] Getting sessions for all scopes...
2025-05-22 15:05:08.363 [info] Getting sessions for all scopes...
2025-05-22 15:05:08.363 [info] Getting sessions for all scopes...
2025-05-22 15:05:08.363 [info] Getting sessions for all scopes...
2025-05-22 15:05:08.363 [info] Getting sessions for all scopes...
2025-05-22 15:05:08.370 [info] Got 1 sessions for codespace,read:user,repo,user:email...
2025-05-22 15:05:08.370 [info] Got 6 sessions for ...
2025-05-22 15:05:08.370 [info] Got 6 sessions for ...
2025-05-22 15:05:08.370 [info] Got 6 sessions for ...
2025-05-22 15:05:08.370 [info] Got 6 sessions for ...
2025-05-22 15:05:08.370 [info] Got 6 sessions for ...
2025-05-22 15:05:08.370 [info] Got 6 sessions for ...
2025-05-22 15:05:08.370 [info] Got 6 sessions for ...
2025-05-22 15:05:08.983 [info] Getting sessions for all scopes...
2025-05-22 15:05:08.985 [info] Got 6 sessions for ...
2025-05-22 15:05:09.487 [info] Getting sessions for all scopes...
2025-05-22 15:05:09.488 [info] Got 6 sessions for ...
2025-05-22 15:05:11.603 [info] Getting sessions for all scopes...
2025-05-22 15:05:11.605 [info] Got 6 sessions for ...
2025-05-22 15:05:12.708 [info] Getting sessions for project,read:org,read:user,repo,user:email,workflow...
2025-05-22 15:05:12.708 [info] Getting sessions for all scopes...
2025-05-22 15:05:12.709 [info] Getting sessions for read:user,repo,user:email,workflow...
2025-05-22 15:05:12.709 [info] Got 0 sessions for project,read:org,read:user,repo,user:email,workflow...
2025-05-22 15:05:12.709 [info] Got 6 sessions for ...
2025-05-22 15:05:12.709 [info] Got 1 sessions for read:user,repo,user:email,workflow...
2025-05-22 15:05:12.955 [info] Getting sessions for all scopes...
2025-05-22 15:05:12.955 [info] Got 6 sessions for ...
2025-05-22 15:05:14.265 [info] Getting sessions for read:user,repo,user:email,workflow...
2025-05-22 15:05:14.265 [info] Got 1 sessions for read:user,repo,user:email,workflow...
2025-05-22 15:05:14.663 [info] Getting sessions for read:user,repo,user:email,workflow...
2025-05-22 15:05:14.664 [info] Got 1 sessions for read:user,repo,user:email,workflow...
2025-05-22 15:05:20.316 [info] Getting sessions for read:user,repo,user:email,workflow...
2025-05-22 15:05:20.316 [info] Got 1 sessions for read:user,repo,user:email,workflow...
2025-05-22 15:05:39.961 [info] Getting sessions for all scopes...
2025-05-22 15:05:39.961 [info] Got 6 sessions for ...
2025-05-22 15:05:40.841 [info] Getting sessions for read:user,repo,user:email,workflow...
2025-05-22 15:05:40.841 [info] Getting sessions for all scopes...
2025-05-22 15:05:40.842 [info] Got 1 sessions for read:user,repo,user:email,workflow...
2025-05-22 15:05:40.842 [info] Got 6 sessions for ...
2025-05-22 15:05:41.178 [info] Getting sessions for all scopes...
2025-05-22 15:05:41.178 [info] Getting sessions for all scopes...
2025-05-22 15:05:41.178 [info] Got 6 sessions for ...
2025-05-22 15:05:41.178 [info] Got 6 sessions for ...
2025-05-22 15:05:42.646 [info] Getting sessions for read:user,repo,user:email,workflow...
2025-05-22 15:05:42.647 [info] Got 1 sessions for read:user,repo,user:email,workflow...
2025-05-22 15:05:49.242 [info] Getting sessions for all scopes...
2025-05-22 15:05:49.242 [info] Getting sessions for all scopes...
2025-05-22 15:05:49.242 [info] Got 6 sessions for ...
2025-05-22 15:05:49.242 [info] Got 6 sessions for ...
2025-05-22 15:05:57.861 [info] Getting sessions for read:user,repo,user:email,workflow...
2025-05-22 15:05:57.862 [info] Got 1 sessions for read:user,repo,user:email,workflow...
2025-05-22 15:06:09.544 [info] Getting sessions for all scopes...
2025-05-22 15:06:09.544 [info] Getting sessions for all scopes...
2025-05-22 15:06:09.544 [info] Got 6 sessions for ...
2025-05-22 15:06:09.544 [info] Got 6 sessions for ...
2025-05-22 15:06:09.919 [info] Getting sessions for read:user,repo,user:email,workflow...
2025-05-22 15:06:09.919 [info] Got 1 sessions for read:user,repo,user:email,workflow...
2025-05-22 15:06:10.351 [info] Getting sessions for all scopes...
2025-05-22 15:06:10.351 [info] Got 6 sessions for ...
2025-05-22 15:06:10.739 [info] Getting sessions for read:user,repo,user:email,workflow...
2025-05-22 15:06:10.739 [info] Got 1 sessions for read:user,repo,user:email,workflow...
2025-05-22 15:06:11.527 [info] Getting sessions for all scopes...
2025-05-22 15:06:11.527 [info] Got 6 sessions for ...
2025-05-22 15:06:11.964 [info] Getting sessions for read:user,repo,user:email,workflow...
2025-05-22 15:06:11.964 [info] Got 1 sessions for read:user,repo,user:email,workflow...
2025-05-22 15:06:12.232 [info] Getting sessions for all scopes...
2025-05-22 15:06:12.232 [info] Got 6 sessions for ...
2025-05-22 15:06:12.437 [info] Getting sessions for all scopes...
2025-05-22 15:06:12.437 [info] Got 6 sessions for ...
2025-05-22 15:12:40.702 [info] Getting sessions for all scopes...
2025-05-22 15:12:40.703 [info] Got 6 sessions for ...
2025-05-22 15:15:40.708 [info] Getting sessions for read:user,repo,user:email,workflow...
2025-05-22 15:15:40.708 [info] Got 1 sessions for read:user,repo,user:email,workflow...
