2025-06-02 11:37:53.488 [info] Reading sessions from keychain...
2025-06-02 11:37:53.488 [info] Getting sessions for all scopes...
2025-06-02 11:37:53.488 [info] Getting sessions for all scopes...
2025-06-02 11:37:53.488 [info] Getting sessions for all scopes...
2025-06-02 11:37:53.488 [info] Getting sessions for user:email...
2025-06-02 11:37:53.488 [info] Getting sessions for all scopes...
2025-06-02 11:37:53.488 [info] Getting sessions for all scopes...
2025-06-02 11:37:53.488 [info] Getting sessions for all scopes...
2025-06-02 11:37:53.488 [info] Getting sessions for all scopes...
2025-06-02 11:37:53.488 [info] Getting sessions for all scopes...
2025-06-02 11:37:53.488 [info] Got stored sessions!
2025-06-02 11:37:53.488 [info] Got 6 verified sessions.
2025-06-02 11:37:53.488 [info] Got 6 sessions for ...
2025-06-02 11:37:53.488 [info] Got 6 sessions for ...
2025-06-02 11:37:53.488 [info] Got 6 sessions for ...
2025-06-02 11:37:53.488 [info] Got 1 sessions for user:email...
2025-06-02 11:37:53.488 [info] Got 6 sessions for ...
2025-06-02 11:37:53.488 [info] Got 6 sessions for ...
2025-06-02 11:37:53.488 [info] Got 6 sessions for ...
2025-06-02 11:37:53.488 [info] Got 6 sessions for ...
2025-06-02 11:37:53.488 [info] Got 6 sessions for ...
2025-06-02 11:37:53.490 [info] Getting sessions for codespace,read:user,repo,user:email...
2025-06-02 11:37:53.491 [info] Getting sessions for all scopes...
2025-06-02 11:37:53.493 [info] Getting sessions for all scopes...
2025-06-02 11:37:53.493 [info] Getting sessions for all scopes...
2025-06-02 11:37:53.493 [info] Getting sessions for all scopes...
2025-06-02 11:37:53.493 [info] Getting sessions for all scopes...
2025-06-02 11:37:53.493 [info] Getting sessions for all scopes...
2025-06-02 11:37:53.493 [info] Getting sessions for all scopes...
2025-06-02 11:37:53.493 [info] Got 1 sessions for codespace,read:user,repo,user:email...
2025-06-02 11:37:53.493 [info] Got 6 sessions for ...
2025-06-02 11:37:53.493 [info] Got 6 sessions for ...
2025-06-02 11:37:53.493 [info] Got 6 sessions for ...
2025-06-02 11:37:53.493 [info] Got 6 sessions for ...
2025-06-02 11:37:53.493 [info] Got 6 sessions for ...
2025-06-02 11:37:53.493 [info] Got 6 sessions for ...
2025-06-02 11:37:53.493 [info] Got 6 sessions for ...
2025-06-02 11:37:53.741 [info] Getting sessions for all scopes...
2025-06-02 11:37:53.741 [info] Got 6 sessions for ...
2025-06-02 11:37:54.554 [info] Getting sessions for all scopes...
2025-06-02 11:37:54.556 [info] Got 6 sessions for ...
2025-06-02 11:37:56.585 [info] Getting sessions for all scopes...
2025-06-02 11:37:56.586 [info] Got 6 sessions for ...
2025-06-02 11:37:57.825 [info] Getting sessions for all scopes...
2025-06-02 11:37:57.826 [info] Got 6 sessions for ...
2025-06-02 11:37:59.949 [info] Getting sessions for all scopes...
2025-06-02 11:37:59.949 [info] Getting sessions for all scopes...
2025-06-02 11:37:59.950 [info] Got 6 sessions for ...
2025-06-02 11:37:59.950 [info] Got 6 sessions for ...
2025-06-02 11:38:00.766 [info] Getting sessions for read:user,repo,user:email,workflow...
2025-06-02 11:38:00.766 [info] Getting sessions for all scopes...
2025-06-02 11:38:00.766 [info] Got 1 sessions for read:user,repo,user:email,workflow...
2025-06-02 11:38:00.775 [info] Got 6 sessions for ...
2025-06-02 11:38:01.130 [info] Getting sessions for all scopes...
2025-06-02 11:38:01.131 [info] Getting sessions for all scopes...
2025-06-02 11:38:01.131 [info] Getting sessions for project,read:org,read:user,repo,user:email,workflow...
2025-06-02 11:38:01.131 [info] Got 6 sessions for ...
2025-06-02 11:38:01.131 [info] Got 6 sessions for ...
2025-06-02 11:38:01.131 [info] Got 0 sessions for project,read:org,read:user,repo,user:email,workflow...
2025-06-02 11:38:03.210 [info] Getting sessions for read:user,repo,user:email,workflow...
2025-06-02 11:38:03.210 [info] Getting sessions for read:user,repo,user:email,workflow...
2025-06-02 11:38:03.210 [info] Got 1 sessions for read:user,repo,user:email,workflow...
2025-06-02 11:38:03.210 [info] Got 1 sessions for read:user,repo,user:email,workflow...
2025-06-02 11:38:09.466 [info] Getting sessions for all scopes...
2025-06-02 11:38:09.467 [info] Getting sessions for all scopes...
2025-06-02 11:38:09.468 [info] Got 6 sessions for ...
2025-06-02 11:38:09.468 [info] Got 6 sessions for ...
2025-06-02 11:38:09.782 [info] Getting sessions for read:user,repo,user:email,workflow...
2025-06-02 11:38:09.782 [info] Got 1 sessions for read:user,repo,user:email,workflow...
2025-06-02 11:38:09.851 [info] Getting sessions for all scopes...
2025-06-02 11:38:09.851 [info] Got 6 sessions for ...
2025-06-02 11:38:10.982 [info] Getting sessions for read:user,repo,user:email,workflow...
2025-06-02 11:38:10.982 [info] Got 1 sessions for read:user,repo,user:email,workflow...
2025-06-02 11:38:13.573 [info] Getting sessions for read:user,repo,user:email,workflow...
2025-06-02 11:38:13.573 [info] Got 1 sessions for read:user,repo,user:email,workflow...
2025-06-02 11:38:15.615 [info] Getting sessions for read:user,repo,user:email,workflow...
2025-06-02 11:38:15.615 [info] Got 1 sessions for read:user,repo,user:email,workflow...
2025-06-02 11:38:15.713 [info] Getting sessions for read:user,repo,user:email,workflow...
2025-06-02 11:38:15.713 [info] Got 1 sessions for read:user,repo,user:email,workflow...
2025-06-02 11:38:16.372 [info] Getting sessions for all scopes...
2025-06-02 11:38:16.372 [info] Getting sessions for all scopes...
2025-06-02 11:38:16.372 [info] Got 6 sessions for ...
2025-06-02 11:38:16.372 [info] Got 6 sessions for ...
2025-06-02 11:38:20.579 [info] Getting sessions for read:user,repo,user:email,workflow...
2025-06-02 11:38:20.579 [info] Got 1 sessions for read:user,repo,user:email,workflow...
2025-06-02 11:38:21.042 [info] Getting sessions for all scopes...
2025-06-02 11:38:21.042 [info] Got 6 sessions for ...
2025-06-02 11:38:21.404 [info] Getting sessions for read:user,repo,user:email,workflow...
2025-06-02 11:38:21.404 [info] Got 1 sessions for read:user,repo,user:email,workflow...
2025-06-02 11:38:22.526 [info] Getting sessions for all scopes...
2025-06-02 11:38:22.526 [info] Got 6 sessions for ...
2025-06-02 11:38:23.262 [info] Getting sessions for read:user,repo,user:email,workflow...
2025-06-02 11:38:23.262 [info] Got 1 sessions for read:user,repo,user:email,workflow...
2025-06-02 11:38:23.505 [info] Getting sessions for all scopes...
2025-06-02 11:38:23.506 [info] Got 6 sessions for ...
2025-06-02 11:38:23.781 [info] Getting sessions for all scopes...
2025-06-02 11:38:23.781 [info] Got 6 sessions for ...
2025-06-02 11:38:25.713 [info] Getting sessions for all scopes...
2025-06-02 11:38:25.713 [info] Got 6 sessions for ...
2025-06-02 11:38:26.032 [info] Getting sessions for read:user,repo,user:email,workflow...
2025-06-02 11:38:26.032 [info] Got 1 sessions for read:user,repo,user:email,workflow...
