2025-06-01 04:11:05.522 [warning] /home/vscode/.ssh/config: ENOENT: no such file or directory, open '/home/vscode/.ssh/config'
2025-06-01 04:11:05.522 [info] [Activation] Extension version: 0.110.0
2025-06-01 04:11:06.147 [info] [Authentication] Creating hub for .com
2025-06-01 04:11:08.108 [info] [Activation] Looking for git repository
2025-06-01 04:11:08.109 [info] [Activation] Found 0 repositories during activation
2025-06-01 04:11:08.109 [info] [Activation] Git repository found, initializing review manager and pr tree view.
2025-06-01 04:11:08.121 [info] [GitAPI] Registering git provider
2025-06-01 04:11:08.122 [info] [Review+0] Validate state in progress
2025-06-01 04:11:08.122 [info] [Review+0] Validating state...
2025-06-01 04:11:08.122 [info] [Review+1] Validate state in progress
2025-06-01 04:11:08.122 [info] [Review+1] Validating state...
2025-06-01 04:11:08.122 [info] [Review+2] Validate state in progress
2025-06-01 04:11:08.122 [info] [Review+2] Validating state...
2025-06-01 04:11:08.122 [info] [Review+3] Validate state in progress
2025-06-01 04:11:08.122 [info] [Review+3] Validating state...
2025-06-01 04:11:08.460 [info] [Activation] Repo state for file:///home/vscode/environment changed.
2025-06-01 04:11:08.460 [info] [Activation] Repo file:///home/vscode/environment has already been setup.
2025-06-01 04:11:08.553 [info] [Activation] Repo state for file:///home/vscode changed.
2025-06-01 04:11:08.553 [info] [Activation] Repo file:///home/vscode has already been setup.
2025-06-01 04:11:08.558 [info] [Activation] Repo state for file:///home/vscode/.nodenv changed.
2025-06-01 04:11:08.559 [info] [Activation] Repo file:///home/vscode/.nodenv has already been setup.
2025-06-01 04:11:08.585 [info] [Activation] Repo state for file:///home/vscode/.oh-my-zsh changed.
2025-06-01 04:11:08.585 [info] [Activation] Repo file:///home/vscode/.oh-my-zsh has already been setup.
2025-06-01 04:11:12.123 [info] [FolderRepositoryManager+0] Found GitHub remote for folder /home/vscode/environment
2025-06-01 04:11:12.124 [info] [FolderRepositoryManager+1] Found GitHub remote for folder /home/vscode/.oh-my-zsh
2025-06-01 04:11:12.124 [info] [FolderRepositoryManager+2] Found GitHub remote for folder /home/vscode/.nodenv
2025-06-01 04:11:12.124 [info] [FolderRepositoryManager+3] Found GitHub remote for folder /home/vscode
2025-06-01 04:11:13.302 [warning] Unable to resolve remote: HttpError: Not Found - https://docs.github.com/rest/repos/repos#get-a-repository
2025-06-01 04:11:13.302 [info] [FolderRepositoryManager+3] Missing upstream check failed: HttpError: Not Found - https://docs.github.com/rest/repos/repos#get-a-repository
2025-06-01 04:11:13.305 [info] [FolderRepositoryManager+3] Trying to use globalState for assignableUsers.
2025-06-01 04:11:13.320 [warning] [GitHubRepository+3] Fetching default branch failed: HttpError: Not Found - https://docs.github.com/rest/repos/repos#get-a-repository
2025-06-01 04:11:13.332 [warning] [GitHubRepository+3] Fetching default branch failed: HttpError: Not Found - https://docs.github.com/rest/repos/repos#get-a-repository
2025-06-01 04:11:13.338 [warning] [GitHubRepository+3] Fetching default branch failed: HttpError: Not Found - https://docs.github.com/rest/repos/repos#get-a-repository
2025-06-01 04:11:13.449 [info] [Review+3] No matching pull request metadata found locally for current branch main
2025-06-01 04:11:13.927 [info] [FolderRepositoryManager+1] Trying to use globalState for assignableUsers.
2025-06-01 04:11:13.956 [info] [FolderRepositoryManager+2] Trying to use globalState for assignableUsers.
2025-06-01 04:11:14.001 [info] [Review+2] No matching pull request metadata found locally for current branch main
2025-06-01 04:11:14.008 [info] [Review+1] No matching pull request metadata found locally for current branch master
2025-06-01 04:11:14.013 [info] [Review+3] No matching pull request metadata found on GitHub for current branch main
2025-06-01 04:11:14.024 [info] [FolderRepositoryManager+0] Trying to use globalState for assignableUsers.
2025-06-01 04:11:14.120 [info] [FolderRepositoryManager+3] No globalState for assignableUsers.
2025-06-01 04:11:15.003 [info] [Review+0] No matching pull request metadata found locally for current branch main
2025-06-01 04:11:15.813 [error] [GitHubRepository+3] Error querying GraphQL API (MaxIssue): GraphQL error: Could not resolve to a Repository with the name 'rvrn20/tana'.. 
2025-06-01 04:11:15.816 [error] [GitHubRepository+3] Unable to fetch issues with query: Error: GraphQL error: Could not resolve to a Repository with the name 'rvrn20/tana'.
2025-06-01 04:11:16.021 [info] [FolderRepositoryManager+1] Using globalState assignableUsers for 1.
2025-06-01 04:11:16.024 [info] [FolderRepositoryManager+2] Using globalState assignableUsers for 1.
2025-06-01 04:11:16.043 [info] [FolderRepositoryManager+0] Using globalState assignableUsers for 2.
2025-06-01 04:11:16.587 [info] [Review+2] No matching pull request metadata found on GitHub for current branch main
2025-06-01 04:11:19.506 [error] [GitHubRepository+3] Error querying GraphQL API (GetSuggestedActors): GraphQL error: Could not resolve to a Repository with the name 'rvrn20/tana'.. 
2025-06-01 04:11:19.514 [info] [Review+0] No matching pull request metadata found on GitHub for current branch main
2025-06-01 04:11:19.558 [info] [Review+1] No matching pull request metadata found on GitHub for current branch master
2025-06-01 04:11:52.791 [info] [Review+3] Validate state in progress
2025-06-01 04:11:52.791 [info] [Review+3] Validating state...
2025-06-01 04:11:52.792 [warning] No remotes found. The following remotes are missing: origin, upstream
2025-06-01 04:11:52.792 [info] [FolderRepositoryManager+3] No GitHub remotes found for folder /home/vscode
2025-06-01 04:11:52.822 [info] [Review+3] No matching pull request metadata found locally for current branch main
2025-06-01 04:11:52.846 [info] [Review+3] No matching pull request metadata found on GitHub for current branch main
2025-06-01 04:13:42.513 [info] [Review+3] Validate state in progress
2025-06-01 04:13:42.513 [info] [Review+3] Validating state...
2025-06-01 04:13:42.831 [info] [FolderRepositoryManager+3] Found GitHub remote for folder /home/vscode
2025-06-01 04:13:43.337 [info] [FolderRepositoryManager+3] Using in-memory cached assignable users.
2025-06-01 04:13:43.355 [info] [Review+3] No matching pull request metadata found locally for current branch main
2025-06-01 04:13:43.366 [info] [Review+3] No matching pull request metadata found on GitHub for current branch main
