[Client I] GitHub Codespaces version 1.17.3
[Client I] isRunningInWeb: "true"
[Client V] Initializing authentication
[API I] Successfully signed in
[Client:extension:6268 I] initializing
[Client:extension:6268:resolver I] created with protocol "codespaces"
[RemoteExplorer I] Updating codespace performance info
[DevContainerJsonSupport I] Initializing devcontainer.json support package
[DevContainerJsonSupport V] [2025-05-30T15:28:06.318Z] Internal initialization of dev container support package...

[Client I] Connecting to current codespace: ubiquitous-fishstick-jj9x777qppq7hrg6
[Command:Connect I] Decorator starting: ErrorNotification
[Command:Connect I] Decorator starting: Telemetry
[Client I] Jupyter API registered? false
[API:retries-left-2 I] making GET request for "https://api.github.com/user/codespaces/ubiquitous-fishstick-jj9x777qppq7hrg6"
[RemoteExplorer I] Updating codespace performance info
[Client:extension:6268:resolver:resolve:1 I] resolve retry #3
[Client:extension:6268:resolver:resolve:1 I] resolving "codespaces+ubiquitous-fishstick-jj9x777qppq7hrg6"
[Client:extension:6268:resolver:resolve:1 I] codespace: "ubiquitous-fishstick-jj9x777qppq7hrg6", fetching details
[Client:extension:6268:resolver:resolve:1:fetch-codespace-info I] fetching codespace details for "ubiquitous-fishstick-jj9x777qppq7hrg6"
[Client:extension:6268:resolver:resolve:1:fetch-codespace-info I] signed in, getting the details
[Client:extension:6268:resolver:resolve:1:fetch-codespace-info I] fetching codespace "ubiquitous-fishstick-jj9x777qppq7hrg6" (retries left: 2)
[API:retries-left-2 I] making GET request for "https://api.github.com/user/codespaces/ubiquitous-fishstick-jj9x777qppq7hrg6"
