2025-05-29 13:03:07.927 [info] Reading sessions from keychain...
2025-05-29 13:03:07.927 [info] Getting sessions for all scopes...
2025-05-29 13:03:07.927 [info] Getting sessions for all scopes...
2025-05-29 13:03:07.927 [info] Getting sessions for all scopes...
2025-05-29 13:03:07.927 [info] Got stored sessions!
2025-05-29 13:03:07.927 [info] Got 6 verified sessions.
2025-05-29 13:03:07.927 [info] Got 6 sessions for ...
2025-05-29 13:03:07.927 [info] Got 6 sessions for ...
2025-05-29 13:03:07.927 [info] Got 6 sessions for ...
2025-05-29 13:03:07.971 [info] Getting sessions for user:email...
2025-05-29 13:03:07.971 [info] Getting sessions for all scopes...
2025-05-29 13:03:07.971 [info] Getting sessions for all scopes...
2025-05-29 13:03:07.971 [info] Getting sessions for all scopes...
2025-05-29 13:03:07.972 [info] Getting sessions for all scopes...
2025-05-29 13:03:07.972 [info] Getting sessions for all scopes...
2025-05-29 13:03:07.972 [info] Got 1 sessions for user:email...
2025-05-29 13:03:07.972 [info] Got 6 sessions for ...
2025-05-29 13:03:07.972 [info] Got 6 sessions for ...
2025-05-29 13:03:07.972 [info] Got 6 sessions for ...
2025-05-29 13:03:07.972 [info] Got 6 sessions for ...
2025-05-29 13:03:07.972 [info] Got 6 sessions for ...
2025-05-29 13:03:10.767 [info] Getting sessions for all scopes...
2025-05-29 13:03:10.767 [info] Getting sessions for all scopes...
2025-05-29 13:03:10.767 [info] Getting sessions for codespace,read:user,repo,user:email...
2025-05-29 13:03:10.767 [info] Getting sessions for all scopes...
2025-05-29 13:03:10.767 [info] Getting sessions for all scopes...
2025-05-29 13:03:10.767 [info] Getting sessions for all scopes...
2025-05-29 13:03:10.767 [info] Getting sessions for all scopes...
2025-05-29 13:03:10.767 [info] Getting sessions for all scopes...
2025-05-29 13:03:10.767 [info] Got 6 sessions for ...
2025-05-29 13:03:10.767 [info] Got 6 sessions for ...
2025-05-29 13:03:10.767 [info] Got 1 sessions for codespace,read:user,repo,user:email...
2025-05-29 13:03:10.767 [info] Got 6 sessions for ...
2025-05-29 13:03:10.767 [info] Got 6 sessions for ...
2025-05-29 13:03:10.767 [info] Got 6 sessions for ...
2025-05-29 13:03:10.767 [info] Got 6 sessions for ...
2025-05-29 13:03:10.767 [info] Got 6 sessions for ...
2025-05-29 13:03:11.614 [info] Getting sessions for all scopes...
2025-05-29 13:03:11.615 [info] Got 6 sessions for ...
2025-05-29 13:03:12.200 [info] Getting sessions for all scopes...
2025-05-29 13:03:12.201 [info] Got 6 sessions for ...
2025-05-29 13:03:17.868 [info] Getting sessions for all scopes...
2025-05-29 13:03:17.869 [info] Got 6 sessions for ...
2025-05-29 13:03:18.787 [info] Getting sessions for all scopes...
2025-05-29 13:03:18.787 [info] Got 6 sessions for ...
2025-05-29 13:03:19.268 [info] Getting sessions for all scopes...
2025-05-29 13:03:19.268 [info] Got 6 sessions for ...
2025-05-29 13:03:20.215 [info] Getting sessions for all scopes...
2025-05-29 13:03:20.215 [info] Getting sessions for read:user,repo,user:email,workflow...
2025-05-29 13:03:20.215 [info] Getting sessions for all scopes...
2025-05-29 13:03:20.215 [info] Got 6 sessions for ...
2025-05-29 13:03:20.215 [info] Got 1 sessions for read:user,repo,user:email,workflow...
2025-05-29 13:03:20.215 [info] Got 6 sessions for ...
2025-05-29 13:03:23.486 [info] Getting sessions for all scopes...
2025-05-29 13:03:23.486 [info] Getting sessions for all scopes...
2025-05-29 13:03:23.487 [info] Got 6 sessions for ...
2025-05-29 13:03:23.487 [info] Got 6 sessions for ...
2025-05-29 13:03:24.321 [info] Getting sessions for project,read:org,read:user,repo,user:email,workflow...
2025-05-29 13:03:24.321 [info] Got 0 sessions for project,read:org,read:user,repo,user:email,workflow...
2025-05-29 13:03:24.653 [info] Getting sessions for read:user,repo,user:email,workflow...
2025-05-29 13:03:24.653 [info] Got 1 sessions for read:user,repo,user:email,workflow...
2025-05-29 13:03:24.968 [info] Getting sessions for read:user,repo,user:email,workflow...
2025-05-29 13:03:24.968 [info] Got 1 sessions for read:user,repo,user:email,workflow...
2025-05-29 13:03:25.516 [info] Getting sessions for read:user,repo,user:email,workflow...
2025-05-29 13:03:25.516 [info] Got 1 sessions for read:user,repo,user:email,workflow...
2025-05-29 13:03:32.229 [info] Getting sessions for all scopes...
2025-05-29 13:03:32.230 [info] Getting sessions for all scopes...
2025-05-29 13:03:32.230 [info] Getting sessions for all scopes...
2025-05-29 13:03:32.230 [info] Getting sessions for read:user,repo,user:email,workflow...
2025-05-29 13:03:32.254 [info] Got 6 sessions for ...
2025-05-29 13:03:32.254 [info] Got 6 sessions for ...
2025-05-29 13:03:32.254 [info] Got 6 sessions for ...
2025-05-29 13:03:32.254 [info] Got 1 sessions for read:user,repo,user:email,workflow...
2025-05-29 13:03:35.163 [info] Getting sessions for read:user,repo,user:email,workflow...
2025-05-29 13:03:35.164 [info] Got 1 sessions for read:user,repo,user:email,workflow...
2025-05-29 13:03:41.048 [info] Getting sessions for read:user,repo,user:email,workflow...
2025-05-29 13:03:41.048 [info] Got 1 sessions for read:user,repo,user:email,workflow...
2025-05-29 13:03:45.967 [info] Getting sessions for read:user,repo,user:email,workflow...
2025-05-29 13:03:45.967 [info] Got 1 sessions for read:user,repo,user:email,workflow...
2025-05-29 13:03:46.607 [info] Getting sessions for all scopes...
2025-05-29 13:03:46.608 [info] Getting sessions for all scopes...
2025-05-29 13:03:46.608 [info] Got 6 sessions for ...
2025-05-29 13:03:46.608 [info] Got 6 sessions for ...
2025-05-29 13:03:47.140 [info] Getting sessions for read:user,repo,user:email,workflow...
2025-05-29 13:03:47.141 [info] Got 1 sessions for read:user,repo,user:email,workflow...
2025-05-29 13:03:47.666 [info] Getting sessions for all scopes...
2025-05-29 13:03:47.666 [info] Got 6 sessions for ...
2025-05-29 13:03:48.100 [info] Getting sessions for read:user,repo,user:email,workflow...
2025-05-29 13:03:48.102 [info] Got 1 sessions for read:user,repo,user:email,workflow...
2025-05-29 13:03:49.252 [info] Getting sessions for all scopes...
2025-05-29 13:03:49.252 [info] Got 6 sessions for ...
2025-05-29 13:03:49.811 [info] Getting sessions for read:user,repo,user:email,workflow...
2025-05-29 13:03:49.811 [info] Got 1 sessions for read:user,repo,user:email,workflow...
2025-05-29 13:03:50.198 [info] Getting sessions for all scopes...
2025-05-29 13:03:50.198 [info] Got 6 sessions for ...
2025-05-29 13:03:50.583 [info] Getting sessions for all scopes...
2025-05-29 13:03:50.583 [info] Got 6 sessions for ...
2025-05-29 13:03:51.266 [info] Getting sessions for all scopes...
2025-05-29 13:03:51.266 [info] Got 6 sessions for ...
2025-05-29 13:03:51.695 [info] Getting sessions for read:user,repo,user:email,workflow...
2025-05-29 13:03:51.695 [info] Got 1 sessions for read:user,repo,user:email,workflow...
2025-05-29 13:08:25.203 [info] Getting sessions for all scopes...
2025-05-29 13:08:25.203 [info] Got 6 sessions for ...
2025-05-29 13:08:26.686 [info] Getting sessions for read:user,repo,user:email,workflow...
2025-05-29 13:08:26.686 [info] Got 1 sessions for read:user,repo,user:email,workflow...
2025-05-29 13:13:25.952 [info] Getting sessions for all scopes...
2025-05-29 13:13:25.952 [info] Got 6 sessions for ...
2025-05-29 13:13:26.521 [info] Getting sessions for read:user,repo,user:email,workflow...
2025-05-29 13:13:26.521 [info] Got 1 sessions for read:user,repo,user:email,workflow...
2025-05-29 13:18:25.327 [info] Getting sessions for all scopes...
2025-05-29 13:18:25.327 [info] Got 6 sessions for ...
2025-05-29 13:18:26.436 [info] Getting sessions for read:user,repo,user:email,workflow...
2025-05-29 13:18:26.437 [info] Got 1 sessions for read:user,repo,user:email,workflow...
2025-05-29 13:18:52.453 [info] Getting sessions for all scopes...
2025-05-29 13:18:52.453 [info] Got 6 sessions for ...
2025-05-29 13:18:53.413 [info] Getting sessions for read:user,repo,user:email,workflow...
2025-05-29 13:18:53.413 [info] Got 1 sessions for read:user,repo,user:email,workflow...
2025-05-29 13:23:24.953 [info] Getting sessions for all scopes...
2025-05-29 13:23:24.953 [info] Got 6 sessions for ...
2025-05-29 13:23:25.727 [info] Getting sessions for read:user,repo,user:email,workflow...
2025-05-29 13:23:25.727 [info] Got 1 sessions for read:user,repo,user:email,workflow...
2025-05-29 13:28:24.857 [info] Getting sessions for all scopes...
2025-05-29 13:28:24.857 [info] Got 6 sessions for ...
2025-05-29 13:28:25.242 [info] Getting sessions for read:user,repo,user:email,workflow...
2025-05-29 13:28:25.242 [info] Got 1 sessions for read:user,repo,user:email,workflow...
