2025-05-30 13:32:28.504 [info] [main] ログ レベル: Info
2025-05-30 13:32:28.504 [info] [main] Git の検証が検出されました: "git"
2025-05-30 13:32:28.504 [info] [main] "git" から Git "2.49.0" を使用しています
2025-05-30 13:32:28.504 [info] [Model][doInitialScan] Initial repository scan started
2025-05-30 13:32:28.504 [info] > git rev-parse --show-toplevel [22ms]
2025-05-30 13:32:28.504 [info] > git rev-parse --git-dir --git-common-dir [4ms]
2025-05-30 13:32:28.504 [info] [Model][openRepository] Opened repository (path): /home/vscode
2025-05-30 13:32:28.504 [info] [Model][openRepository] Opened repository (real path): /home/vscode
2025-05-30 13:32:28.504 [info] > git config --get commit.template [6ms]
2025-05-30 13:32:28.521 [info] > git for-each-ref --format=%(refname)%00%(upstream:short)%00%(objectname)%00%(upstream:track)%00%(upstream:remotename)%00%(upstream:remoteref) refs/heads/main refs/remotes/main [9ms]
2025-05-30 13:32:28.530 [info] > git rev-parse --show-toplevel [10ms]
2025-05-30 13:32:28.560 [info] > git rev-parse --show-toplevel [18ms]
2025-05-30 13:32:28.569 [info] > git for-each-ref --sort -committerdate --format %(refname)%00%(objectname)%00%(*objectname) [10ms]
2025-05-30 13:32:28.571 [info] > git rev-parse --show-toplevel [3ms]
2025-05-30 13:32:28.601 [info] > git rev-parse --show-toplevel [21ms]
2025-05-30 13:32:28.618 [info] > git rev-parse --git-dir --git-common-dir [3ms]
2025-05-30 13:32:28.626 [info] [Model][openRepository] Opened repository (path): /home/vscode/.nodenv
2025-05-30 13:32:28.627 [info] [Model][openRepository] Opened repository (real path): /home/vscode/.nodenv
2025-05-30 13:32:28.642 [info] > git config --get commit.template [8ms]
2025-05-30 13:32:28.649 [info] > git rev-parse --show-toplevel [9ms]
2025-05-30 13:32:28.657 [info] > git rev-parse --show-toplevel [3ms]
2025-05-30 13:32:28.667 [info] > git rev-parse --git-dir --git-common-dir [4ms]
2025-05-30 13:32:28.671 [info] [Model][openRepository] Opened repository (path): /home/vscode/.oh-my-zsh
2025-05-30 13:32:28.672 [info] [Model][openRepository] Opened repository (real path): /home/vscode/.oh-my-zsh
2025-05-30 13:32:28.690 [info] > git config --get commit.template [13ms]
2025-05-30 13:32:28.703 [info] > git rev-parse --show-toplevel [16ms]
2025-05-30 13:32:28.718 [info] > git for-each-ref --format=%(refname)%00%(upstream:short)%00%(objectname)%00%(upstream:track)%00%(upstream:remotename)%00%(upstream:remoteref) refs/heads/main refs/remotes/main [70ms]
2025-05-30 13:32:28.728 [warning] [Git][revParse] Unable to read file: ENOENT: no such file or directory, open '/home/vscode/.nodenv/.git/refs/remotes/origin/main'
2025-05-30 13:32:28.730 [info] > git rev-parse --show-toplevel [13ms]
2025-05-30 13:32:28.734 [info] > git rev-parse refs/remotes/origin/main [6ms]
2025-05-30 13:32:28.746 [info] > git status -z -uall [7ms]
2025-05-30 13:32:28.748 [info] > git rev-parse --show-toplevel [14ms]
2025-05-30 13:32:28.758 [info] > git rev-parse --git-dir --git-common-dir [3ms]
2025-05-30 13:32:28.764 [info] [Model][openRepository] Opened repository (path): /home/vscode/environment
2025-05-30 13:32:28.764 [info] [Model][openRepository] Opened repository (real path): /home/vscode/environment
2025-05-30 13:32:28.776 [info] [Model][doInitialScan] Initial repository scan completed - repositories (4), closed repositories (0), parent repositories (0), unsafe repositories (0)
2025-05-30 13:32:28.790 [info] > git config --get commit.template [4ms]
2025-05-30 13:32:28.790 [info] > git for-each-ref --format=%(refname)%00%(upstream:short)%00%(objectname)%00%(upstream:track)%00%(upstream:remotename)%00%(upstream:remoteref) refs/heads/master refs/remotes/master [82ms]
2025-05-30 13:32:28.802 [warning] [Git][revParse] Unable to read file: ENOENT: no such file or directory, open '/home/vscode/.oh-my-zsh/.git/refs/remotes/origin/master'
2025-05-30 13:32:28.808 [info] > git rev-parse refs/remotes/origin/master [7ms]
2025-05-30 13:32:28.828 [info] > git for-each-ref --sort -committerdate --format %(refname)%00%(objectname)%00%(*objectname) [82ms]
2025-05-30 13:32:28.915 [info] > git status -z -uall [99ms]
2025-05-30 13:32:28.916 [info] > git for-each-ref --format=%(refname)%00%(upstream:short)%00%(objectname)%00%(upstream:track)%00%(upstream:remotename)%00%(upstream:remoteref) refs/heads/main refs/remotes/main [19ms]
2025-05-30 13:32:28.926 [info] > git for-each-ref --sort -committerdate --format %(refname)%00%(objectname)%00%(*objectname) [99ms]
2025-05-30 13:32:28.938 [info] > git for-each-ref --format=%(refname)%00%(upstream:short)%00%(objectname)%00%(upstream:track)%00%(upstream:remotename)%00%(upstream:remoteref) refs/heads/main refs/remotes/main [131ms]
2025-05-30 13:32:28.950 [warning] [Git][revParse] Unable to read file: ENOENT: no such file or directory, open '/home/vscode/environment/.git/refs/remotes/origin/main'
2025-05-30 13:32:28.950 [info] > git status -z -uall [400ms]
2025-05-30 13:32:28.951 [info] > git for-each-ref --format=%(refname)%00%(upstream:short)%00%(objectname)%00%(upstream:track)%00%(upstream:remotename)%00%(upstream:remoteref) refs/heads/master refs/remotes/master [16ms]
2025-05-30 13:32:28.959 [info] > git config --get --local branch.main.vscode-merge-base [34ms]
2025-05-30 13:32:28.965 [info] > git config --get commit.template [54ms]
2025-05-30 13:32:28.970 [info] > git config --get --local branch.master.vscode-merge-base [12ms]
2025-05-30 13:32:28.978 [info] > git rev-parse refs/remotes/origin/main [28ms]
2025-05-30 13:32:28.989 [info] > git config --get commit.template [43ms]
2025-05-30 13:32:29.066 [info] > git status -z -uall [84ms]
2025-05-30 13:32:29.068 [info] > git for-each-ref --format=%(refname)%00%(upstream:short)%00%(objectname)%00%(upstream:track)%00%(upstream:remotename)%00%(upstream:remoteref) refs/heads/main refs/remotes/main [44ms]
2025-05-30 13:32:29.075 [info] > git for-each-ref --sort -committerdate --format %(refname)%00%(objectname)%00%(*objectname) [86ms]
2025-05-30 13:32:29.086 [info] > git for-each-ref --format=%(refname)%00%(upstream:short)%00%(objectname)%00%(upstream:track)%00%(upstream:remotename)%00%(upstream:remoteref) refs/heads/origin/master refs/remotes/origin/master [108ms]
2025-05-30 13:32:29.099 [info] > git for-each-ref --format=%(refname)%00%(upstream:short)%00%(objectname)%00%(upstream:track)%00%(upstream:remotename)%00%(upstream:remoteref) refs/heads/origin/main refs/remotes/origin/main [134ms]
2025-05-30 13:32:29.193 [info] > git merge-base refs/heads/main refs/remotes/origin/main [90ms]
2025-05-30 13:32:29.200 [info] > git merge-base refs/heads/master refs/remotes/origin/master [103ms]
2025-05-30 13:32:29.209 [info] > git for-each-ref --format=%(refname)%00%(upstream:short)%00%(objectname)%00%(upstream:track)%00%(upstream:remotename)%00%(upstream:remoteref) refs/heads/main refs/remotes/main [124ms]
2025-05-30 13:32:29.217 [info] > git config --get --local branch.main.vscode-merge-base [142ms]
2025-05-30 13:32:29.219 [warning] [Git][config] git config failed: Failed to execute git
2025-05-30 13:32:29.224 [info] > git config --get commit.template [175ms]
2025-05-30 13:32:29.224 [info] > git for-each-ref --format=%(refname)%00%(upstream:short)%00%(objectname)%00%(upstream:track)%00%(upstream:remotename)%00%(upstream:remoteref) refs/heads/main refs/remotes/main [186ms]
2025-05-30 13:32:29.245 [warning] [Git][revParse] Unable to read file: ENOENT: no such file or directory, open '/home/vscode/.nodenv/.git/refs/remotes/origin/main'
2025-05-30 13:32:29.246 [info] > git config --get --local branch.main.vscode-merge-base [29ms]
2025-05-30 13:32:29.256 [info] > git diff --name-status -z --diff-filter=ADMR 750d3ac4b493dca13ef0ced55fa6a2cd02dc7ee8...refs/remotes/origin/master [49ms]
2025-05-30 13:32:29.256 [info] > git diff --name-status -z --diff-filter=ADMR c2bda62623165f2b9bab646844f22fc20a48f944...refs/remotes/origin/main [56ms]
2025-05-30 13:32:29.257 [info] > git config --get commit.template [70ms]
2025-05-30 13:32:29.261 [info] > git for-each-ref --format=%(refname)%00%(upstream:short)%00%(objectname)%00%(upstream:track)%00%(upstream:remotename)%00%(upstream:remoteref) refs/heads/master refs/remotes/master [85ms]
2025-05-30 13:32:30.651 [info] > git rev-parse refs/remotes/origin/main [1406ms]
2025-05-30 13:32:30.670 [info] > git reflog main --grep-reflog=branch: Created from *. [1446ms]
2025-05-30 13:32:30.721 [warning] [Git][revParse] Unable to read file: ENOENT: no such file or directory, open '/home/vscode/.oh-my-zsh/.git/refs/remotes/origin/master'
2025-05-30 13:32:30.888 [info] > git status -z -uall [228ms]
2025-05-30 13:32:30.890 [info] > git for-each-ref --sort -committerdate --format %(refname)%00%(objectname)%00%(*objectname) [220ms]
2025-05-30 13:32:30.907 [info] > git for-each-ref --format=%(refname)%00%(upstream:short)%00%(objectname)%00%(upstream:track)%00%(upstream:remotename)%00%(upstream:remoteref) refs/heads/main refs/remotes/main [1638ms]
2025-05-30 13:32:30.907 [info] > git for-each-ref --format=%(refname)%00%(upstream:short)%00%(objectname)%00%(upstream:track)%00%(upstream:remotename)%00%(upstream:remoteref) refs/heads/origin/main refs/remotes/origin/main [1651ms]
2025-05-30 13:32:30.928 [info] > git for-each-ref --format=%(refname)%00%(upstream:short)%00%(objectname)%00%(upstream:track)%00%(upstream:remotename)%00%(upstream:remoteref) refs/heads/main refs/remotes/main [194ms]
2025-05-30 13:32:30.928 [info] > git rev-parse refs/remotes/origin/master [207ms]
2025-05-30 13:32:30.965 [info] > git symbolic-ref --short refs/remotes/origin/HEAD [267ms]
2025-05-30 13:32:30.965 [info] fatal: ref refs/remotes/origin/HEAD is not a symbolic ref
2025-05-30 13:32:30.965 [warning] [Repository][getDefaultBranch] Failed to get default branch details: Failed to execute git.
2025-05-30 13:32:30.999 [warning] [Git][revParse] Unable to read file: ENOENT: no such file or directory, open '/home/vscode/environment/.git/refs/remotes/origin/main'
2025-05-30 13:32:31.003 [info] > git status -z -uall [66ms]
2025-05-30 13:32:31.005 [info] > git for-each-ref --sort -committerdate --format %(refname)%00%(objectname)%00%(*objectname) [46ms]
2025-05-30 13:32:31.011 [info] > git merge-base refs/heads/main refs/remotes/origin/main [93ms]
2025-05-30 13:32:31.031 [info] > git diff --name-status -z --diff-filter=ADMR 527588dbcd166987a649f31988a023c1ec8c7011...refs/remotes/origin/main [2ms]
2025-05-30 13:32:31.033 [info] > git rev-parse refs/remotes/origin/main [34ms]
2025-05-30 13:32:31.055 [info] > git merge-base refs/heads/main refs/remotes/origin/main [75ms]
2025-05-30 13:32:31.500 [info] > git status -z -uall [455ms]
2025-05-30 13:32:31.500 [info] > git for-each-ref --sort -committerdate --format %(refname)%00%(objectname)%00%(*objectname) [445ms]
2025-05-30 13:32:31.731 [info] > git status -z -uall [274ms]
2025-05-30 13:32:31.731 [info] > git check-ignore -v -z --stdin [201ms]
2025-05-30 13:32:31.732 [info] > git check-ignore -v -z --stdin [181ms]
2025-05-30 13:32:31.732 [info] > git check-ignore -v -z --stdin [163ms]
2025-05-30 13:32:31.732 [info] > git check-ignore -v -z --stdin [147ms]
2025-05-30 13:32:31.732 [info] > git for-each-ref --sort -committerdate --format %(refname)%00%(objectname)%00%(*objectname) [233ms]
2025-05-30 13:32:31.732 [info] > git diff --name-status -z --diff-filter=ADMR 869b1c0b8e0ec3aff5da6b452626c69030886833...refs/remotes/origin/main [664ms]
2025-05-30 13:32:32.113 [info] > git show --textconv :index.html [82ms]
2025-05-30 13:32:32.114 [info] > git ls-files --stage -- index.html [54ms]
2025-05-30 13:32:32.145 [info] > git cat-file -s 212bf6c52e1483fa48026126d9065d26033b5066 [4ms]
2025-05-30 13:32:36.714 [info] > git config --get commit.template [247ms]
2025-05-30 13:32:36.859 [info] > git for-each-ref --format=%(refname)%00%(upstream:short)%00%(objectname)%00%(upstream:track)%00%(upstream:remotename)%00%(upstream:remoteref) refs/heads/main refs/remotes/main [91ms]
2025-05-30 13:32:37.876 [info] > git config --get commit.template [771ms]
2025-05-30 13:32:37.877 [info] > git config --get commit.template [784ms]
2025-05-30 13:32:37.877 [info] > git config --get commit.template [796ms]
2025-05-30 13:32:38.026 [info] > git for-each-ref --sort -committerdate --format %(refname)%00%(objectname)%00%(*objectname) [81ms]
2025-05-30 13:32:38.102 [info] > git for-each-ref --format=%(refname)%00%(upstream:short)%00%(objectname)%00%(upstream:track)%00%(upstream:remotename)%00%(upstream:remoteref) refs/heads/main refs/remotes/main [84ms]
2025-05-30 13:32:38.102 [info] > git for-each-ref --format=%(refname)%00%(upstream:short)%00%(objectname)%00%(upstream:track)%00%(upstream:remotename)%00%(upstream:remoteref) refs/heads/master refs/remotes/master [101ms]
2025-05-30 13:32:38.103 [info] > git for-each-ref --format=%(refname)%00%(upstream:short)%00%(objectname)%00%(upstream:track)%00%(upstream:remotename)%00%(upstream:remoteref) refs/heads/main refs/remotes/main [116ms]
2025-05-30 13:32:38.126 [warning] [Git][revParse] Unable to read file: ENOENT: no such file or directory, open '/home/vscode/.nodenv/.git/refs/remotes/origin/main'
2025-05-30 13:32:38.136 [warning] [Git][revParse] Unable to read file: ENOENT: no such file or directory, open '/home/vscode/.oh-my-zsh/.git/refs/remotes/origin/master'
2025-05-30 13:32:38.146 [warning] [Git][revParse] Unable to read file: ENOENT: no such file or directory, open '/home/vscode/environment/.git/refs/remotes/origin/main'
2025-05-30 13:32:38.159 [info] > git status -z -uall [261ms]
2025-05-30 13:32:38.160 [info] > git blame --root --incremental 869b1c0b8e0ec3aff5da6b452626c69030886833 -- index.html [112ms]
2025-05-30 13:32:38.283 [info] > git rev-parse refs/remotes/origin/main [137ms]
2025-05-30 13:32:38.313 [info] > git rev-parse refs/remotes/origin/master [177ms]
2025-05-30 13:32:38.335 [info] > git rev-parse refs/remotes/origin/main [209ms]
2025-05-30 13:32:38.969 [info] > git status -z -uall [671ms]
2025-05-30 13:32:38.969 [info] > git status -z -uall [648ms]
2025-05-30 13:32:38.969 [info] > git status -z -uall [625ms]
2025-05-30 13:32:38.970 [info] > git for-each-ref --sort -committerdate --format %(refname)%00%(objectname)%00%(*objectname) [615ms]
2025-05-30 13:32:38.977 [info] > git for-each-ref --sort -committerdate --format %(refname)%00%(objectname)%00%(*objectname) [642ms]
2025-05-30 13:32:38.979 [info] > git for-each-ref --sort -committerdate --format %(refname)%00%(objectname)%00%(*objectname) [667ms]
2025-05-30 13:32:38.982 [info] > git config --get commit.template [781ms]
2025-05-30 13:32:39.149 [info] > git for-each-ref --format=%(refname)%00%(upstream:short)%00%(objectname)%00%(upstream:track)%00%(upstream:remotename)%00%(upstream:remoteref) refs/heads/main refs/remotes/main [38ms]
2025-05-30 13:32:39.235 [info] > git for-each-ref --sort -committerdate --format %(refname)%00%(objectname)%00%(*objectname) [5ms]
2025-05-30 13:32:39.358 [info] > git status -z -uall [194ms]
2025-05-30 13:32:45.459 [info] > git config --get commit.template [2ms]
2025-05-30 13:32:45.471 [info] > git for-each-ref --format=%(refname)%00%(upstream:short)%00%(objectname)%00%(upstream:track)%00%(upstream:remotename)%00%(upstream:remoteref) refs/heads/main refs/remotes/main [4ms]
2025-05-30 13:32:45.515 [info] > git for-each-ref --sort -committerdate --format %(refname)%00%(objectname)%00%(*objectname) [2ms]
2025-05-30 13:32:45.652 [info] > git status -z -uall [168ms]
2025-05-30 13:32:52.349 [info] > git config --get commit.template [46ms]
2025-05-30 13:32:52.370 [info] > git for-each-ref --format=%(refname)%00%(upstream:short)%00%(objectname)%00%(upstream:track)%00%(upstream:remotename)%00%(upstream:remoteref) refs/heads/main refs/remotes/main [9ms]
2025-05-30 13:32:52.395 [info] > git for-each-ref --sort -committerdate --format %(refname)%00%(objectname)%00%(*objectname) [2ms]
2025-05-30 13:32:52.524 [info] > git status -z -uall [146ms]
2025-05-30 13:32:57.065 [info] > git config --get --local branch.main.github-pr-owner-number [75ms]
2025-05-30 13:32:57.065 [warning] [Git][config] git config failed: Failed to execute git
2025-05-30 13:32:57.208 [info] > git config --get --local branch.main.github-pr-owner-number [112ms]
2025-05-30 13:32:57.208 [warning] [Git][config] git config failed: Failed to execute git
2025-05-30 13:32:57.211 [info] > git config --get --local branch.master.github-pr-owner-number [127ms]
2025-05-30 13:32:57.211 [warning] [Git][config] git config failed: Failed to execute git
2025-05-30 13:32:57.221 [info] > git config --get --local branch.main.github-pr-owner-number [110ms]
2025-05-30 13:32:57.221 [warning] [Git][config] git config failed: Failed to execute git
2025-05-30 13:32:58.210 [info] > git config --get commit.template [54ms]
2025-05-30 13:32:58.283 [info] > git for-each-ref --format=%(refname)%00%(upstream:short)%00%(objectname)%00%(upstream:track)%00%(upstream:remotename)%00%(upstream:remoteref) refs/heads/main refs/remotes/main [9ms]
2025-05-30 13:32:58.615 [info] > git status -z -uall [320ms]
2025-05-30 13:32:58.617 [info] > git for-each-ref --sort -committerdate --format %(refname)%00%(objectname)%00%(*objectname) [261ms]
2025-05-30 13:33:03.944 [info] > git config --get commit.template [4ms]
2025-05-30 13:33:03.963 [info] > git for-each-ref --format=%(refname)%00%(upstream:short)%00%(objectname)%00%(upstream:track)%00%(upstream:remotename)%00%(upstream:remoteref) refs/heads/main refs/remotes/main [6ms]
2025-05-30 13:33:04.020 [info] > git for-each-ref --sort -committerdate --format %(refname)%00%(objectname)%00%(*objectname) [10ms]
2025-05-30 13:33:04.160 [info] > git status -z -uall [188ms]
2025-05-30 13:33:05.005 [info] > git config --get commit.template [41ms]
2025-05-30 13:33:05.008 [info] > git for-each-ref --format=%(refname)%00%(upstream:short)%00%(objectname)%00%(upstream:track)%00%(upstream:remotename)%00%(upstream:remoteref) refs/heads/main refs/remotes/main [4ms]
2025-05-30 13:33:05.026 [warning] [Git][revParse] Unable to read file: ENOENT: no such file or directory, open '/home/vscode/.nodenv/.git/refs/remotes/origin/main'
2025-05-30 13:33:05.029 [info] > git rev-parse refs/remotes/origin/main [3ms]
2025-05-30 13:33:05.064 [info] > git status -z -uall [15ms]
2025-05-30 13:33:05.066 [info] > git for-each-ref --sort -committerdate --format %(refname)%00%(objectname)%00%(*objectname) [3ms]
2025-05-30 13:33:09.268 [info] > git config --get commit.template [74ms]
2025-05-30 13:33:12.726 [info] > git for-each-ref --format=%(refname)%00%(upstream:short)%00%(objectname)%00%(upstream:track)%00%(upstream:remotename)%00%(upstream:remoteref) refs/heads/main refs/remotes/main [3512ms]
2025-05-30 13:33:12.879 [info] > git for-each-ref --sort -committerdate --format %(refname)%00%(objectname)%00%(*objectname) [27ms]
2025-05-30 13:33:13.738 [info] > git status -z -uall [964ms]
2025-05-30 13:33:18.777 [info] > git config --get commit.template [13ms]
2025-05-30 13:33:18.779 [info] > git for-each-ref --format=%(refname)%00%(upstream:short)%00%(objectname)%00%(upstream:track)%00%(upstream:remotename)%00%(upstream:remoteref) refs/heads/main refs/remotes/main [3ms]
2025-05-30 13:33:18.836 [info] > git for-each-ref --sort -committerdate --format %(refname)%00%(objectname)%00%(*objectname) [2ms]
2025-05-30 13:33:18.923 [info] > git status -z -uall [132ms]
2025-05-30 13:33:23.960 [info] > git config --get commit.template [12ms]
2025-05-30 13:33:23.965 [info] > git for-each-ref --format=%(refname)%00%(upstream:short)%00%(objectname)%00%(upstream:track)%00%(upstream:remotename)%00%(upstream:remoteref) refs/heads/main refs/remotes/main [6ms]
2025-05-30 13:33:24.037 [info] > git for-each-ref --sort -committerdate --format %(refname)%00%(objectname)%00%(*objectname) [4ms]
2025-05-30 13:33:24.096 [info] > git status -z -uall [119ms]
2025-05-30 13:33:29.133 [info] > git config --get commit.template [11ms]
2025-05-30 13:33:29.134 [info] > git for-each-ref --format=%(refname)%00%(upstream:short)%00%(objectname)%00%(upstream:track)%00%(upstream:remotename)%00%(upstream:remoteref) refs/heads/main refs/remotes/main [2ms]
2025-05-30 13:33:29.166 [info] > git for-each-ref --sort -committerdate --format %(refname)%00%(objectname)%00%(*objectname) [5ms]
2025-05-30 13:33:29.254 [info] > git status -z -uall [110ms]
2025-05-30 13:33:34.283 [info] > git config --get commit.template [3ms]
2025-05-30 13:33:34.301 [info] > git for-each-ref --format=%(refname)%00%(upstream:short)%00%(objectname)%00%(upstream:track)%00%(upstream:remotename)%00%(upstream:remoteref) refs/heads/main refs/remotes/main [4ms]
2025-05-30 13:33:34.368 [info] > git for-each-ref --sort -committerdate --format %(refname)%00%(objectname)%00%(*objectname) [4ms]
2025-05-30 13:33:34.435 [info] > git status -z -uall [112ms]
2025-05-30 13:33:39.462 [info] > git config --get commit.template [8ms]
2025-05-30 13:33:39.463 [info] > git for-each-ref --format=%(refname)%00%(upstream:short)%00%(objectname)%00%(upstream:track)%00%(upstream:remotename)%00%(upstream:remoteref) refs/heads/main refs/remotes/main [1ms]
2025-05-30 13:33:39.488 [info] > git for-each-ref --sort -committerdate --format %(refname)%00%(objectname)%00%(*objectname) [0ms]
2025-05-30 13:33:39.601 [info] > git status -z -uall [131ms]
2025-05-30 13:33:44.633 [info] > git config --get commit.template [10ms]
2025-05-30 13:33:44.634 [info] > git for-each-ref --format=%(refname)%00%(upstream:short)%00%(objectname)%00%(upstream:track)%00%(upstream:remotename)%00%(upstream:remoteref) refs/heads/main refs/remotes/main [2ms]
2025-05-30 13:33:44.702 [info] > git for-each-ref --sort -committerdate --format %(refname)%00%(objectname)%00%(*objectname) [4ms]
2025-05-30 13:33:44.780 [info] > git status -z -uall [130ms]
2025-05-30 13:33:49.824 [info] > git config --get commit.template [15ms]
2025-05-30 13:33:49.827 [info] > git for-each-ref --format=%(refname)%00%(upstream:short)%00%(objectname)%00%(upstream:track)%00%(upstream:remotename)%00%(upstream:remoteref) refs/heads/main refs/remotes/main [4ms]
2025-05-30 13:33:49.894 [info] > git for-each-ref --sort -committerdate --format %(refname)%00%(objectname)%00%(*objectname) [4ms]
2025-05-30 13:33:49.981 [info] > git status -z -uall [145ms]
2025-05-30 13:33:55.016 [info] > git config --get commit.template [12ms]
2025-05-30 13:33:55.018 [info] > git for-each-ref --format=%(refname)%00%(upstream:short)%00%(objectname)%00%(upstream:track)%00%(upstream:remotename)%00%(upstream:remoteref) refs/heads/main refs/remotes/main [2ms]
2025-05-30 13:33:55.071 [info] > git for-each-ref --sort -committerdate --format %(refname)%00%(objectname)%00%(*objectname) [3ms]
2025-05-30 13:33:55.161 [info] > git status -z -uall [132ms]
2025-05-30 13:34:00.212 [info] > git config --get commit.template [15ms]
2025-05-30 13:34:00.215 [info] > git for-each-ref --format=%(refname)%00%(upstream:short)%00%(objectname)%00%(upstream:track)%00%(upstream:remotename)%00%(upstream:remoteref) refs/heads/main refs/remotes/main [3ms]
2025-05-30 13:34:00.265 [info] > git for-each-ref --sort -committerdate --format %(refname)%00%(objectname)%00%(*objectname) [3ms]
2025-05-30 13:34:00.362 [info] > git status -z -uall [137ms]
2025-05-30 13:34:05.413 [info] > git config --get commit.template [0ms]
2025-05-30 13:34:05.432 [info] > git for-each-ref --format=%(refname)%00%(upstream:short)%00%(objectname)%00%(upstream:track)%00%(upstream:remotename)%00%(upstream:remoteref) refs/heads/main refs/remotes/main [4ms]
2025-05-30 13:34:05.536 [info] > git for-each-ref --sort -committerdate --format %(refname)%00%(objectname)%00%(*objectname) [8ms]
2025-05-30 13:34:05.644 [info] > git status -z -uall [195ms]
2025-05-30 13:34:10.671 [info] > git config --get commit.template [1ms]
2025-05-30 13:34:10.682 [info] > git for-each-ref --format=%(refname)%00%(upstream:short)%00%(objectname)%00%(upstream:track)%00%(upstream:remotename)%00%(upstream:remoteref) refs/heads/main refs/remotes/main [1ms]
2025-05-30 13:34:10.715 [info] > git for-each-ref --sort -committerdate --format %(refname)%00%(objectname)%00%(*objectname) [3ms]
2025-05-30 13:34:10.766 [info] > git status -z -uall [76ms]
2025-05-30 13:34:15.794 [info] > git config --get commit.template [10ms]
2025-05-30 13:34:15.797 [info] > git for-each-ref --format=%(refname)%00%(upstream:short)%00%(objectname)%00%(upstream:track)%00%(upstream:remotename)%00%(upstream:remoteref) refs/heads/main refs/remotes/main [3ms]
2025-05-30 13:34:15.899 [info] > git for-each-ref --sort -committerdate --format %(refname)%00%(objectname)%00%(*objectname) [20ms]
2025-05-30 13:34:15.975 [info] > git status -z -uall [164ms]
2025-05-30 13:34:21.010 [info] > git config --get commit.template [2ms]
2025-05-30 13:34:21.018 [info] > git for-each-ref --format=%(refname)%00%(upstream:short)%00%(objectname)%00%(upstream:track)%00%(upstream:remotename)%00%(upstream:remoteref) refs/heads/main refs/remotes/main [2ms]
2025-05-30 13:34:21.051 [info] > git for-each-ref --sort -committerdate --format %(refname)%00%(objectname)%00%(*objectname) [2ms]
2025-05-30 13:34:21.095 [info] > git status -z -uall [71ms]
2025-05-30 13:34:26.113 [info] > git config --get commit.template [1ms]
2025-05-30 13:34:26.126 [info] > git for-each-ref --format=%(refname)%00%(upstream:short)%00%(objectname)%00%(upstream:track)%00%(upstream:remotename)%00%(upstream:remoteref) refs/heads/main refs/remotes/main [3ms]
2025-05-30 13:34:26.186 [info] > git for-each-ref --sort -committerdate --format %(refname)%00%(objectname)%00%(*objectname) [3ms]
2025-05-30 13:34:26.263 [info] > git status -z -uall [124ms]
2025-05-30 13:34:31.298 [info] > git config --get commit.template [8ms]
2025-05-30 13:34:31.299 [info] > git for-each-ref --format=%(refname)%00%(upstream:short)%00%(objectname)%00%(upstream:track)%00%(upstream:remotename)%00%(upstream:remoteref) refs/heads/main refs/remotes/main [2ms]
2025-05-30 13:34:31.334 [info] > git for-each-ref --sort -committerdate --format %(refname)%00%(objectname)%00%(*objectname) [5ms]
2025-05-30 13:34:31.376 [info] > git status -z -uall [71ms]
2025-05-30 13:34:36.409 [info] > git config --get commit.template [15ms]
2025-05-30 13:34:36.411 [info] > git for-each-ref --format=%(refname)%00%(upstream:short)%00%(objectname)%00%(upstream:track)%00%(upstream:remotename)%00%(upstream:remoteref) refs/heads/main refs/remotes/main [2ms]
2025-05-30 13:34:36.452 [info] > git for-each-ref --sort -committerdate --format %(refname)%00%(objectname)%00%(*objectname) [2ms]
2025-05-30 13:34:36.522 [info] > git status -z -uall [102ms]
2025-05-30 13:34:41.541 [info] > git config --get commit.template [7ms]
2025-05-30 13:34:41.543 [info] > git for-each-ref --format=%(refname)%00%(upstream:short)%00%(objectname)%00%(upstream:track)%00%(upstream:remotename)%00%(upstream:remoteref) refs/heads/main refs/remotes/main [2ms]
2025-05-30 13:34:41.578 [info] > git for-each-ref --sort -committerdate --format %(refname)%00%(objectname)%00%(*objectname) [5ms]
2025-05-30 13:34:41.619 [info] > git status -z -uall [70ms]
2025-05-30 13:34:46.652 [info] > git config --get commit.template [9ms]
2025-05-30 13:34:46.667 [info] > git for-each-ref --format=%(refname)%00%(upstream:short)%00%(objectname)%00%(upstream:track)%00%(upstream:remotename)%00%(upstream:remoteref) refs/heads/main refs/remotes/main [1ms]
2025-05-30 13:34:46.717 [info] > git for-each-ref --sort -committerdate --format %(refname)%00%(objectname)%00%(*objectname) [2ms]
2025-05-30 13:34:46.772 [info] > git status -z -uall [93ms]
2025-05-30 13:34:51.791 [info] > git config --get commit.template [8ms]
2025-05-30 13:34:51.792 [info] > git for-each-ref --format=%(refname)%00%(upstream:short)%00%(objectname)%00%(upstream:track)%00%(upstream:remotename)%00%(upstream:remoteref) refs/heads/main refs/remotes/main [1ms]
2025-05-30 13:34:51.828 [info] > git for-each-ref --sort -committerdate --format %(refname)%00%(objectname)%00%(*objectname) [4ms]
2025-05-30 13:34:51.897 [info] > git status -z -uall [99ms]
2025-05-30 13:34:56.923 [info] > git config --get commit.template [9ms]
2025-05-30 13:34:56.924 [info] > git for-each-ref --format=%(refname)%00%(upstream:short)%00%(objectname)%00%(upstream:track)%00%(upstream:remotename)%00%(upstream:remoteref) refs/heads/main refs/remotes/main [1ms]
2025-05-30 13:34:56.949 [info] > git for-each-ref --sort -committerdate --format %(refname)%00%(objectname)%00%(*objectname) [4ms]
2025-05-30 13:34:57.003 [info] > git status -z -uall [72ms]
2025-05-30 13:35:02.026 [info] > git config --get commit.template [7ms]
2025-05-30 13:35:02.027 [info] > git for-each-ref --format=%(refname)%00%(upstream:short)%00%(objectname)%00%(upstream:track)%00%(upstream:remotename)%00%(upstream:remoteref) refs/heads/main refs/remotes/main [1ms]
2025-05-30 13:35:02.060 [info] > git for-each-ref --sort -committerdate --format %(refname)%00%(objectname)%00%(*objectname) [5ms]
2025-05-30 13:35:02.107 [info] > git status -z -uall [74ms]
2025-05-30 13:35:07.130 [info] > git config --get commit.template [9ms]
2025-05-30 13:35:07.131 [info] > git for-each-ref --format=%(refname)%00%(upstream:short)%00%(objectname)%00%(upstream:track)%00%(upstream:remotename)%00%(upstream:remoteref) refs/heads/main refs/remotes/main [2ms]
2025-05-30 13:35:07.167 [info] > git for-each-ref --sort -committerdate --format %(refname)%00%(objectname)%00%(*objectname) [4ms]
2025-05-30 13:35:07.214 [info] > git status -z -uall [76ms]
2025-05-30 13:35:12.230 [info] > git config --get commit.template [2ms]
2025-05-30 13:35:12.237 [info] > git for-each-ref --format=%(refname)%00%(upstream:short)%00%(objectname)%00%(upstream:track)%00%(upstream:remotename)%00%(upstream:remoteref) refs/heads/main refs/remotes/main [1ms]
2025-05-30 13:35:12.270 [info] > git for-each-ref --sort -committerdate --format %(refname)%00%(objectname)%00%(*objectname) [1ms]
2025-05-30 13:35:12.316 [info] > git status -z -uall [72ms]
2025-05-30 13:35:17.335 [info] > git config --get commit.template [7ms]
2025-05-30 13:35:17.336 [info] > git for-each-ref --format=%(refname)%00%(upstream:short)%00%(objectname)%00%(upstream:track)%00%(upstream:remotename)%00%(upstream:remoteref) refs/heads/main refs/remotes/main [1ms]
2025-05-30 13:35:17.370 [info] > git for-each-ref --sort -committerdate --format %(refname)%00%(objectname)%00%(*objectname) [2ms]
2025-05-30 13:35:17.413 [info] > git status -z -uall [70ms]
2025-05-30 13:35:25.259 [info] > git config --get commit.template [8ms]
2025-05-30 13:35:25.260 [info] > git for-each-ref --format=%(refname)%00%(upstream:short)%00%(objectname)%00%(upstream:track)%00%(upstream:remotename)%00%(upstream:remoteref) refs/heads/main refs/remotes/main [1ms]
2025-05-30 13:35:25.313 [info] > git for-each-ref --sort -committerdate --format %(refname)%00%(objectname)%00%(*objectname) [2ms]
2025-05-30 13:35:25.360 [info] > git status -z -uall [91ms]
2025-05-30 13:35:30.392 [info] > git config --get commit.template [12ms]
2025-05-30 13:35:30.393 [info] > git for-each-ref --format=%(refname)%00%(upstream:short)%00%(objectname)%00%(upstream:track)%00%(upstream:remotename)%00%(upstream:remoteref) refs/heads/main refs/remotes/main [1ms]
2025-05-30 13:35:30.427 [info] > git for-each-ref --sort -committerdate --format %(refname)%00%(objectname)%00%(*objectname) [5ms]
2025-05-30 13:35:30.472 [info] > git status -z -uall [73ms]
2025-05-30 13:35:35.426 [info] > git ls-files --stage -- index.html [4ms]
2025-05-30 13:35:35.436 [info] > git cat-file -s 212bf6c52e1483fa48026126d9065d26033b5066 [2ms]
2025-05-30 13:35:35.491 [info] [Git][getRemotes] No remotes found in the git config file
2025-05-30 13:35:35.491 [info] > git config --get commit.template [8ms]
2025-05-30 13:35:35.495 [info] > git for-each-ref --format=%(refname)%00%(upstream:short)%00%(objectname)%00%(upstream:track)%00%(upstream:remotename)%00%(upstream:remoteref) refs/heads/main refs/remotes/main [4ms]
2025-05-30 13:35:35.530 [info] > git for-each-ref --sort -committerdate --format %(refname)%00%(objectname)%00%(*objectname) [3ms]
2025-05-30 13:35:35.552 [info] > git show --textconv :index.html [3ms]
2025-05-30 13:35:35.583 [info] > git status -z -uall [81ms]
2025-05-30 13:35:35.600 [info] > git config --get --local branch.main.github-pr-owner-number [3ms]
2025-05-30 13:35:35.600 [warning] [Git][config] git config failed: Failed to execute git
2025-05-30 13:35:35.611 [info] > git config --get --local branch.main.remote [0ms]
2025-05-30 13:35:35.611 [warning] [Git][config] git config failed: Failed to execute git
2025-05-30 13:35:35.619 [info] > git config --get --local branch.main.merge [1ms]
2025-05-30 13:35:35.619 [warning] [Git][config] git config failed: Failed to execute git
2025-05-30 13:35:40.606 [info] [Git][getRemotes] No remotes found in the git config file
2025-05-30 13:35:40.607 [info] > git config --get commit.template [8ms]
2025-05-30 13:35:40.608 [info] > git for-each-ref --format=%(refname)%00%(upstream:short)%00%(objectname)%00%(upstream:track)%00%(upstream:remotename)%00%(upstream:remoteref) refs/heads/main refs/remotes/main [2ms]
2025-05-30 13:35:40.642 [info] > git for-each-ref --sort -committerdate --format %(refname)%00%(objectname)%00%(*objectname) [3ms]
2025-05-30 13:35:40.694 [info] > git status -z -uall [80ms]
2025-05-30 13:35:45.708 [info] > git config --get commit.template [2ms]
2025-05-30 13:35:45.714 [info] [Git][getRemotes] No remotes found in the git config file
2025-05-30 13:35:45.715 [info] > git for-each-ref --format=%(refname)%00%(upstream:short)%00%(objectname)%00%(upstream:track)%00%(upstream:remotename)%00%(upstream:remoteref) refs/heads/main refs/remotes/main [1ms]
2025-05-30 13:35:45.750 [info] > git for-each-ref --sort -committerdate --format %(refname)%00%(objectname)%00%(*objectname) [4ms]
2025-05-30 13:35:45.791 [info] > git status -z -uall [70ms]
2025-05-30 13:35:50.810 [info] > git config --get commit.template [2ms]
2025-05-30 13:35:50.816 [info] [Git][getRemotes] No remotes found in the git config file
2025-05-30 13:35:50.818 [info] > git for-each-ref --format=%(refname)%00%(upstream:short)%00%(objectname)%00%(upstream:track)%00%(upstream:remotename)%00%(upstream:remoteref) refs/heads/main refs/remotes/main [2ms]
2025-05-30 13:35:50.853 [info] > git for-each-ref --sort -committerdate --format %(refname)%00%(objectname)%00%(*objectname) [5ms]
2025-05-30 13:35:50.894 [info] > git status -z -uall [69ms]
2025-05-30 13:35:55.914 [info] [Git][getRemotes] No remotes found in the git config file
2025-05-30 13:35:55.915 [info] > git config --get commit.template [8ms]
2025-05-30 13:35:55.916 [info] > git for-each-ref --format=%(refname)%00%(upstream:short)%00%(objectname)%00%(upstream:track)%00%(upstream:remotename)%00%(upstream:remoteref) refs/heads/main refs/remotes/main [2ms]
2025-05-30 13:35:55.950 [info] > git for-each-ref --sort -committerdate --format %(refname)%00%(objectname)%00%(*objectname) [4ms]
2025-05-30 13:35:55.993 [info] > git status -z -uall [71ms]
2025-05-30 13:36:01.013 [info] [Git][getRemotes] No remotes found in the git config file
2025-05-30 13:36:01.013 [info] > git config --get commit.template [8ms]
2025-05-30 13:36:01.014 [info] > git for-each-ref --format=%(refname)%00%(upstream:short)%00%(objectname)%00%(upstream:track)%00%(upstream:remotename)%00%(upstream:remoteref) refs/heads/main refs/remotes/main [1ms]
2025-05-30 13:36:01.037 [info] > git for-each-ref --sort -committerdate --format %(refname)%00%(objectname)%00%(*objectname) [1ms]
2025-05-30 13:36:01.093 [info] > git status -z -uall [72ms]
2025-05-30 13:36:06.112 [info] [Git][getRemotes] No remotes found in the git config file
2025-05-30 13:36:06.112 [info] > git config --get commit.template [8ms]
2025-05-30 13:36:06.113 [info] > git for-each-ref --format=%(refname)%00%(upstream:short)%00%(objectname)%00%(upstream:track)%00%(upstream:remotename)%00%(upstream:remoteref) refs/heads/main refs/remotes/main [1ms]
2025-05-30 13:36:06.147 [info] > git for-each-ref --sort -committerdate --format %(refname)%00%(objectname)%00%(*objectname) [3ms]
2025-05-30 13:36:06.195 [info] > git status -z -uall [76ms]
2025-05-30 13:36:11.215 [info] [Git][getRemotes] No remotes found in the git config file
2025-05-30 13:36:11.216 [info] > git config --get commit.template [9ms]
2025-05-30 13:36:11.217 [info] > git for-each-ref --format=%(refname)%00%(upstream:short)%00%(objectname)%00%(upstream:track)%00%(upstream:remotename)%00%(upstream:remoteref) refs/heads/main refs/remotes/main [2ms]
2025-05-30 13:36:11.250 [info] > git for-each-ref --sort -committerdate --format %(refname)%00%(objectname)%00%(*objectname) [2ms]
2025-05-30 13:36:11.296 [info] > git status -z -uall [73ms]
2025-05-30 13:36:16.315 [info] [Git][getRemotes] No remotes found in the git config file
2025-05-30 13:36:16.315 [info] > git config --get commit.template [8ms]
2025-05-30 13:36:16.317 [info] > git for-each-ref --format=%(refname)%00%(upstream:short)%00%(objectname)%00%(upstream:track)%00%(upstream:remotename)%00%(upstream:remoteref) refs/heads/main refs/remotes/main [1ms]
2025-05-30 13:36:16.339 [info] > git for-each-ref --sort -committerdate --format %(refname)%00%(objectname)%00%(*objectname) [0ms]
2025-05-30 13:36:16.397 [info] > git status -z -uall [74ms]
2025-05-30 13:36:34.412 [info] > git config --get commit.template [2ms]
2025-05-30 13:36:34.419 [info] [Git][getRemotes] No remotes found in the git config file
2025-05-30 13:36:34.420 [info] > git for-each-ref --format=%(refname)%00%(upstream:short)%00%(objectname)%00%(upstream:track)%00%(upstream:remotename)%00%(upstream:remoteref) refs/heads/main refs/remotes/main [2ms]
2025-05-30 13:36:34.455 [info] > git for-each-ref --sort -committerdate --format %(refname)%00%(objectname)%00%(*objectname) [0ms]
2025-05-30 13:36:34.497 [info] > git status -z -uall [70ms]
2025-05-30 13:36:39.520 [info] [Git][getRemotes] No remotes found in the git config file
2025-05-30 13:36:39.520 [info] > git config --get commit.template [7ms]
2025-05-30 13:36:39.521 [info] > git for-each-ref --format=%(refname)%00%(upstream:short)%00%(objectname)%00%(upstream:track)%00%(upstream:remotename)%00%(upstream:remoteref) refs/heads/main refs/remotes/main [1ms]
2025-05-30 13:36:39.555 [info] > git for-each-ref --sort -committerdate --format %(refname)%00%(objectname)%00%(*objectname) [1ms]
2025-05-30 13:36:39.599 [info] > git status -z -uall [72ms]
2025-05-30 13:36:44.615 [info] > git config --get commit.template [1ms]
2025-05-30 13:36:44.624 [info] [Git][getRemotes] No remotes found in the git config file
2025-05-30 13:36:44.626 [info] > git for-each-ref --format=%(refname)%00%(upstream:short)%00%(objectname)%00%(upstream:track)%00%(upstream:remotename)%00%(upstream:remoteref) refs/heads/main refs/remotes/main [2ms]
2025-05-30 13:36:44.658 [info] > git for-each-ref --sort -committerdate --format %(refname)%00%(objectname)%00%(*objectname) [2ms]
2025-05-30 13:36:44.702 [info] > git status -z -uall [70ms]
2025-05-30 13:36:49.723 [info] [Git][getRemotes] No remotes found in the git config file
2025-05-30 13:36:49.723 [info] > git config --get commit.template [8ms]
2025-05-30 13:36:49.724 [info] > git for-each-ref --format=%(refname)%00%(upstream:short)%00%(objectname)%00%(upstream:track)%00%(upstream:remotename)%00%(upstream:remoteref) refs/heads/main refs/remotes/main [1ms]
2025-05-30 13:36:49.757 [info] > git for-each-ref --sort -committerdate --format %(refname)%00%(objectname)%00%(*objectname) [2ms]
2025-05-30 13:36:49.800 [info] > git status -z -uall [70ms]
2025-05-30 13:36:54.813 [info] > git config --get commit.template [1ms]
2025-05-30 13:36:54.821 [info] [Git][getRemotes] No remotes found in the git config file
2025-05-30 13:36:54.822 [info] > git for-each-ref --format=%(refname)%00%(upstream:short)%00%(objectname)%00%(upstream:track)%00%(upstream:remotename)%00%(upstream:remoteref) refs/heads/main refs/remotes/main [2ms]
2025-05-30 13:36:54.857 [info] > git for-each-ref --sort -committerdate --format %(refname)%00%(objectname)%00%(*objectname) [4ms]
2025-05-30 13:36:54.904 [info] > git status -z -uall [76ms]
2025-05-30 13:36:59.928 [info] [Git][getRemotes] No remotes found in the git config file
2025-05-30 13:36:59.929 [info] > git config --get commit.template [8ms]
2025-05-30 13:36:59.930 [info] > git for-each-ref --format=%(refname)%00%(upstream:short)%00%(objectname)%00%(upstream:track)%00%(upstream:remotename)%00%(upstream:remoteref) refs/heads/main refs/remotes/main [2ms]
2025-05-30 13:36:59.959 [info] > git for-each-ref --sort -committerdate --format %(refname)%00%(objectname)%00%(*objectname) [4ms]
2025-05-30 13:37:00.009 [info] > git status -z -uall [73ms]
2025-05-30 13:37:05.029 [info] [Git][getRemotes] No remotes found in the git config file
2025-05-30 13:37:05.029 [info] > git config --get commit.template [7ms]
2025-05-30 13:37:05.030 [info] > git for-each-ref --format=%(refname)%00%(upstream:short)%00%(objectname)%00%(upstream:track)%00%(upstream:remotename)%00%(upstream:remoteref) refs/heads/main refs/remotes/main [1ms]
2025-05-30 13:37:05.063 [info] > git for-each-ref --sort -committerdate --format %(refname)%00%(objectname)%00%(*objectname) [3ms]
2025-05-30 13:37:05.106 [info] > git status -z -uall [70ms]
2025-05-30 13:37:10.129 [info] [Git][getRemotes] No remotes found in the git config file
2025-05-30 13:37:10.129 [info] > git config --get commit.template [8ms]
2025-05-30 13:37:10.130 [info] > git for-each-ref --format=%(refname)%00%(upstream:short)%00%(objectname)%00%(upstream:track)%00%(upstream:remotename)%00%(upstream:remoteref) refs/heads/main refs/remotes/main [1ms]
2025-05-30 13:37:10.163 [info] > git for-each-ref --sort -committerdate --format %(refname)%00%(objectname)%00%(*objectname) [3ms]
2025-05-30 13:37:10.212 [info] > git status -z -uall [76ms]
2025-05-30 13:37:15.231 [info] [Git][getRemotes] No remotes found in the git config file
2025-05-30 13:37:15.231 [info] > git config --get commit.template [8ms]
2025-05-30 13:37:15.233 [info] > git for-each-ref --format=%(refname)%00%(upstream:short)%00%(objectname)%00%(upstream:track)%00%(upstream:remotename)%00%(upstream:remoteref) refs/heads/main refs/remotes/main [2ms]
2025-05-30 13:37:15.278 [info] > git for-each-ref --sort -committerdate --format %(refname)%00%(objectname)%00%(*objectname) [5ms]
2025-05-30 13:37:15.319 [info] > git status -z -uall [79ms]
2025-05-30 13:37:20.337 [info] [Git][getRemotes] No remotes found in the git config file
2025-05-30 13:37:20.338 [info] > git config --get commit.template [8ms]
2025-05-30 13:37:20.339 [info] > git for-each-ref --format=%(refname)%00%(upstream:short)%00%(objectname)%00%(upstream:track)%00%(upstream:remotename)%00%(upstream:remoteref) refs/heads/main refs/remotes/main [2ms]
2025-05-30 13:37:20.379 [info] > git for-each-ref --sort -committerdate --format %(refname)%00%(objectname)%00%(*objectname) [14ms]
2025-05-30 13:37:20.434 [info] > git status -z -uall [88ms]
2025-05-30 13:37:25.456 [info] [Git][getRemotes] No remotes found in the git config file
2025-05-30 13:37:25.456 [info] > git config --get commit.template [9ms]
2025-05-30 13:37:25.457 [info] > git for-each-ref --format=%(refname)%00%(upstream:short)%00%(objectname)%00%(upstream:track)%00%(upstream:remotename)%00%(upstream:remoteref) refs/heads/main refs/remotes/main [1ms]
2025-05-30 13:37:25.493 [info] > git for-each-ref --sort -committerdate --format %(refname)%00%(objectname)%00%(*objectname) [2ms]
2025-05-30 13:37:25.537 [info] > git status -z -uall [71ms]
2025-05-30 13:37:30.560 [info] [Git][getRemotes] No remotes found in the git config file
2025-05-30 13:37:30.561 [info] > git config --get commit.template [9ms]
2025-05-30 13:37:30.562 [info] > git for-each-ref --format=%(refname)%00%(upstream:short)%00%(objectname)%00%(upstream:track)%00%(upstream:remotename)%00%(upstream:remoteref) refs/heads/main refs/remotes/main [2ms]
2025-05-30 13:37:30.597 [info] > git for-each-ref --sort -committerdate --format %(refname)%00%(objectname)%00%(*objectname) [3ms]
2025-05-30 13:37:30.639 [info] > git status -z -uall [71ms]
2025-05-30 13:37:35.659 [info] [Git][getRemotes] No remotes found in the git config file
2025-05-30 13:37:35.659 [info] > git config --get commit.template [8ms]
2025-05-30 13:37:35.660 [info] > git for-each-ref --format=%(refname)%00%(upstream:short)%00%(objectname)%00%(upstream:track)%00%(upstream:remotename)%00%(upstream:remoteref) refs/heads/main refs/remotes/main [1ms]
2025-05-30 13:37:35.693 [info] > git for-each-ref --sort -committerdate --format %(refname)%00%(objectname)%00%(*objectname) [3ms]
2025-05-30 13:37:35.739 [info] > git status -z -uall [73ms]
2025-05-30 13:37:40.760 [info] [Git][getRemotes] No remotes found in the git config file
2025-05-30 13:37:40.760 [info] > git config --get commit.template [8ms]
2025-05-30 13:37:40.761 [info] > git for-each-ref --format=%(refname)%00%(upstream:short)%00%(objectname)%00%(upstream:track)%00%(upstream:remotename)%00%(upstream:remoteref) refs/heads/main refs/remotes/main [1ms]
2025-05-30 13:37:40.795 [info] > git for-each-ref --sort -committerdate --format %(refname)%00%(objectname)%00%(*objectname) [3ms]
2025-05-30 13:37:40.836 [info] > git status -z -uall [69ms]
2025-05-30 13:37:45.856 [info] [Git][getRemotes] No remotes found in the git config file
2025-05-30 13:37:45.856 [info] > git config --get commit.template [7ms]
2025-05-30 13:37:45.858 [info] > git for-each-ref --format=%(refname)%00%(upstream:short)%00%(objectname)%00%(upstream:track)%00%(upstream:remotename)%00%(upstream:remoteref) refs/heads/main refs/remotes/main [2ms]
2025-05-30 13:37:45.892 [info] > git for-each-ref --sort -committerdate --format %(refname)%00%(objectname)%00%(*objectname) [4ms]
2025-05-30 13:37:45.934 [info] > git status -z -uall [71ms]
2025-05-30 13:37:50.948 [info] > git config --get commit.template [2ms]
2025-05-30 13:37:50.954 [info] [Git][getRemotes] No remotes found in the git config file
2025-05-30 13:37:50.956 [info] > git for-each-ref --format=%(refname)%00%(upstream:short)%00%(objectname)%00%(upstream:track)%00%(upstream:remotename)%00%(upstream:remoteref) refs/heads/main refs/remotes/main [2ms]
2025-05-30 13:37:50.985 [info] > git for-each-ref --sort -committerdate --format %(refname)%00%(objectname)%00%(*objectname) [5ms]
2025-05-30 13:37:51.032 [info] > git status -z -uall [70ms]
2025-05-30 13:37:56.050 [info] [Git][getRemotes] No remotes found in the git config file
2025-05-30 13:37:56.050 [info] > git config --get commit.template [8ms]
2025-05-30 13:37:56.051 [info] > git for-each-ref --format=%(refname)%00%(upstream:short)%00%(objectname)%00%(upstream:track)%00%(upstream:remotename)%00%(upstream:remoteref) refs/heads/main refs/remotes/main [2ms]
2025-05-30 13:37:56.084 [info] > git for-each-ref --sort -committerdate --format %(refname)%00%(objectname)%00%(*objectname) [3ms]
2025-05-30 13:37:56.127 [info] > git status -z -uall [70ms]
2025-05-30 13:38:01.147 [info] [Git][getRemotes] No remotes found in the git config file
2025-05-30 13:38:01.151 [info] > git for-each-ref --format=%(refname)%00%(upstream:short)%00%(objectname)%00%(upstream:track)%00%(upstream:remotename)%00%(upstream:remoteref) refs/heads/main refs/remotes/main [4ms]
2025-05-30 13:38:01.151 [info] > git config --get commit.template [11ms]
2025-05-30 13:38:01.185 [info] > git for-each-ref --sort -committerdate --format %(refname)%00%(objectname)%00%(*objectname) [3ms]
2025-05-30 13:38:01.229 [info] > git status -z -uall [72ms]
2025-05-30 13:38:06.246 [info] [Git][getRemotes] No remotes found in the git config file
2025-05-30 13:38:06.247 [info] > git config --get commit.template [8ms]
2025-05-30 13:38:06.248 [info] > git for-each-ref --format=%(refname)%00%(upstream:short)%00%(objectname)%00%(upstream:track)%00%(upstream:remotename)%00%(upstream:remoteref) refs/heads/main refs/remotes/main [2ms]
2025-05-30 13:38:06.282 [info] > git for-each-ref --sort -committerdate --format %(refname)%00%(objectname)%00%(*objectname) [3ms]
2025-05-30 13:38:06.324 [info] > git status -z -uall [71ms]
2025-05-30 13:38:11.340 [info] > git config --get commit.template [2ms]
2025-05-30 13:38:11.346 [info] [Git][getRemotes] No remotes found in the git config file
2025-05-30 13:38:11.348 [info] > git for-each-ref --format=%(refname)%00%(upstream:short)%00%(objectname)%00%(upstream:track)%00%(upstream:remotename)%00%(upstream:remoteref) refs/heads/main refs/remotes/main [2ms]
2025-05-30 13:38:11.383 [info] > git for-each-ref --sort -committerdate --format %(refname)%00%(objectname)%00%(*objectname) [6ms]
2025-05-30 13:38:11.426 [info] > git status -z -uall [73ms]
2025-05-30 13:38:16.446 [info] [Git][getRemotes] No remotes found in the git config file
2025-05-30 13:38:16.446 [info] > git config --get commit.template [9ms]
2025-05-30 13:38:16.447 [info] > git for-each-ref --format=%(refname)%00%(upstream:short)%00%(objectname)%00%(upstream:track)%00%(upstream:remotename)%00%(upstream:remoteref) refs/heads/main refs/remotes/main [1ms]
2025-05-30 13:38:16.479 [info] > git for-each-ref --sort -committerdate --format %(refname)%00%(objectname)%00%(*objectname) [2ms]
2025-05-30 13:38:16.529 [info] > git status -z -uall [76ms]
2025-05-30 13:38:21.551 [info] [Git][getRemotes] No remotes found in the git config file
2025-05-30 13:38:21.551 [info] > git config --get commit.template [8ms]
2025-05-30 13:38:21.552 [info] > git for-each-ref --format=%(refname)%00%(upstream:short)%00%(objectname)%00%(upstream:track)%00%(upstream:remotename)%00%(upstream:remoteref) refs/heads/main refs/remotes/main [1ms]
2025-05-30 13:38:21.585 [info] > git for-each-ref --sort -committerdate --format %(refname)%00%(objectname)%00%(*objectname) [1ms]
2025-05-30 13:38:21.629 [info] > git status -z -uall [71ms]
2025-05-30 13:38:26.644 [info] > git config --get commit.template [2ms]
2025-05-30 13:38:26.644 [info] [Git][getRemotes] No remotes found in the git config file
2025-05-30 13:38:26.652 [info] > git for-each-ref --format=%(refname)%00%(upstream:short)%00%(objectname)%00%(upstream:track)%00%(upstream:remotename)%00%(upstream:remoteref) refs/heads/main refs/remotes/main [1ms]
2025-05-30 13:38:26.678 [info] > git for-each-ref --sort -committerdate --format %(refname)%00%(objectname)%00%(*objectname) [4ms]
2025-05-30 13:38:26.727 [info] > git status -z -uall [70ms]
2025-05-30 13:38:31.741 [info] > git config --get commit.template [2ms]
2025-05-30 13:38:31.747 [info] [Git][getRemotes] No remotes found in the git config file
2025-05-30 13:38:31.748 [info] > git for-each-ref --format=%(refname)%00%(upstream:short)%00%(objectname)%00%(upstream:track)%00%(upstream:remotename)%00%(upstream:remoteref) refs/heads/main refs/remotes/main [1ms]
2025-05-30 13:38:31.780 [info] > git for-each-ref --sort -committerdate --format %(refname)%00%(objectname)%00%(*objectname) [2ms]
2025-05-30 13:38:31.827 [info] > git status -z -uall [73ms]
2025-05-30 13:38:36.849 [info] [Git][getRemotes] No remotes found in the git config file
2025-05-30 13:38:36.849 [info] > git config --get commit.template [8ms]
2025-05-30 13:38:36.850 [info] > git for-each-ref --format=%(refname)%00%(upstream:short)%00%(objectname)%00%(upstream:track)%00%(upstream:remotename)%00%(upstream:remoteref) refs/heads/main refs/remotes/main [2ms]
2025-05-30 13:38:36.883 [info] > git for-each-ref --sort -committerdate --format %(refname)%00%(objectname)%00%(*objectname) [2ms]
2025-05-30 13:38:36.930 [info] > git status -z -uall [74ms]
2025-05-30 13:38:41.953 [info] [Git][getRemotes] No remotes found in the git config file
2025-05-30 13:38:41.954 [info] > git config --get commit.template [10ms]
2025-05-30 13:38:41.955 [info] > git for-each-ref --format=%(refname)%00%(upstream:short)%00%(objectname)%00%(upstream:track)%00%(upstream:remotename)%00%(upstream:remoteref) refs/heads/main refs/remotes/main [2ms]
2025-05-30 13:38:41.987 [info] > git for-each-ref --sort -committerdate --format %(refname)%00%(objectname)%00%(*objectname) [1ms]
2025-05-30 13:38:42.037 [info] > git status -z -uall [74ms]
2025-05-30 13:38:47.055 [info] [Git][getRemotes] No remotes found in the git config file
2025-05-30 13:38:47.063 [info] > git config --get commit.template [8ms]
2025-05-30 13:38:47.064 [info] > git for-each-ref --format=%(refname)%00%(upstream:short)%00%(objectname)%00%(upstream:track)%00%(upstream:remotename)%00%(upstream:remoteref) refs/heads/main refs/remotes/main [1ms]
2025-05-30 13:38:47.099 [info] > git for-each-ref --sort -committerdate --format %(refname)%00%(objectname)%00%(*objectname) [6ms]
2025-05-30 13:38:47.141 [info] > git status -z -uall [71ms]
2025-05-30 13:38:52.155 [info] > git config --get commit.template [1ms]
2025-05-30 13:38:52.162 [info] [Git][getRemotes] No remotes found in the git config file
2025-05-30 13:38:52.163 [info] > git for-each-ref --format=%(refname)%00%(upstream:short)%00%(objectname)%00%(upstream:track)%00%(upstream:remotename)%00%(upstream:remoteref) refs/heads/main refs/remotes/main [2ms]
2025-05-30 13:38:52.195 [info] > git for-each-ref --sort -committerdate --format %(refname)%00%(objectname)%00%(*objectname) [1ms]
2025-05-30 13:38:52.239 [info] > git status -z -uall [70ms]
2025-05-30 13:38:57.257 [info] [Git][getRemotes] No remotes found in the git config file
2025-05-30 13:38:57.258 [info] > git config --get commit.template [7ms]
2025-05-30 13:38:57.259 [info] > git for-each-ref --format=%(refname)%00%(upstream:short)%00%(objectname)%00%(upstream:track)%00%(upstream:remotename)%00%(upstream:remoteref) refs/heads/main refs/remotes/main [2ms]
2025-05-30 13:38:57.289 [info] > git for-each-ref --sort -committerdate --format %(refname)%00%(objectname)%00%(*objectname) [2ms]
2025-05-30 13:38:57.336 [info] > git status -z -uall [71ms]
2025-05-30 13:39:02.357 [info] [Git][getRemotes] No remotes found in the git config file
2025-05-30 13:39:02.357 [info] > git config --get commit.template [8ms]
2025-05-30 13:39:02.358 [info] > git for-each-ref --format=%(refname)%00%(upstream:short)%00%(objectname)%00%(upstream:track)%00%(upstream:remotename)%00%(upstream:remoteref) refs/heads/main refs/remotes/main [1ms]
2025-05-30 13:39:02.391 [info] > git for-each-ref --sort -committerdate --format %(refname)%00%(objectname)%00%(*objectname) [3ms]
2025-05-30 13:39:02.434 [info] > git status -z -uall [70ms]
2025-05-30 13:39:07.449 [info] > git config --get commit.template [2ms]
2025-05-30 13:39:07.455 [info] [Git][getRemotes] No remotes found in the git config file
2025-05-30 13:39:07.457 [info] > git for-each-ref --format=%(refname)%00%(upstream:short)%00%(objectname)%00%(upstream:track)%00%(upstream:remotename)%00%(upstream:remoteref) refs/heads/main refs/remotes/main [2ms]
2025-05-30 13:39:07.487 [info] > git for-each-ref --sort -committerdate --format %(refname)%00%(objectname)%00%(*objectname) [4ms]
2025-05-30 13:39:07.543 [info] > git status -z -uall [79ms]
2025-05-30 13:39:12.563 [info] [Git][getRemotes] No remotes found in the git config file
2025-05-30 13:39:12.563 [info] > git config --get commit.template [7ms]
2025-05-30 13:39:12.564 [info] > git for-each-ref --format=%(refname)%00%(upstream:short)%00%(objectname)%00%(upstream:track)%00%(upstream:remotename)%00%(upstream:remoteref) refs/heads/main refs/remotes/main [1ms]
2025-05-30 13:39:12.592 [info] > git for-each-ref --sort -committerdate --format %(refname)%00%(objectname)%00%(*objectname) [2ms]
2025-05-30 13:39:12.641 [info] > git status -z -uall [71ms]
2025-05-30 13:39:17.664 [info] > git config --get commit.template [11ms]
2025-05-30 13:39:17.665 [info] > git for-each-ref --format=%(refname)%00%(upstream:short)%00%(objectname)%00%(upstream:track)%00%(upstream:remotename)%00%(upstream:remoteref) refs/heads/main refs/remotes/main [1ms]
2025-05-30 13:39:17.703 [info] > git for-each-ref --sort -committerdate --format %(refname)%00%(objectname)%00%(*objectname) [2ms]
2025-05-30 13:39:17.746 [info] > git status -z -uall [73ms]
2025-05-30 13:39:18.081 [info] > git config --get --local branch.main.github-pr-owner-number [2ms]
2025-05-30 13:39:18.081 [warning] [Git][config] git config failed: Failed to execute git
2025-05-30 13:39:18.088 [info] > git config --get --local branch.main.remote [1ms]
2025-05-30 13:39:18.089 [warning] [Git][config] git config failed: Failed to execute git
2025-05-30 13:39:18.096 [info] > git config --get --local branch.main.merge [1ms]
2025-05-30 13:39:18.096 [warning] [Git][config] git config failed: Failed to execute git
2025-05-30 13:39:18.399 [info] > git ls-files --stage -- index.html [4ms]
2025-05-30 13:39:18.407 [info] > git cat-file -s 212bf6c52e1483fa48026126d9065d26033b5066 [1ms]
2025-05-30 13:39:18.519 [info] > git show --textconv :index.html [3ms]
2025-05-30 13:39:22.765 [info] > git config --get commit.template [8ms]
2025-05-30 13:39:22.766 [info] > git for-each-ref --format=%(refname)%00%(upstream:short)%00%(objectname)%00%(upstream:track)%00%(upstream:remotename)%00%(upstream:remoteref) refs/heads/main refs/remotes/main [2ms]
2025-05-30 13:39:22.798 [info] > git for-each-ref --sort -committerdate --format %(refname)%00%(objectname)%00%(*objectname) [4ms]
2025-05-30 13:39:22.842 [info] > git status -z -uall [71ms]
2025-05-30 13:39:27.862 [info] > git config --get commit.template [9ms]
2025-05-30 13:39:27.863 [info] > git for-each-ref --format=%(refname)%00%(upstream:short)%00%(objectname)%00%(upstream:track)%00%(upstream:remotename)%00%(upstream:remoteref) refs/heads/main refs/remotes/main [2ms]
2025-05-30 13:39:27.897 [info] > git for-each-ref --sort -committerdate --format %(refname)%00%(objectname)%00%(*objectname) [5ms]
2025-05-30 13:39:27.940 [info] > git status -z -uall [71ms]
2025-05-30 13:39:32.960 [info] > git config --get commit.template [8ms]
2025-05-30 13:39:32.961 [info] > git for-each-ref --format=%(refname)%00%(upstream:short)%00%(objectname)%00%(upstream:track)%00%(upstream:remotename)%00%(upstream:remoteref) refs/heads/main refs/remotes/main [2ms]
2025-05-30 13:39:32.992 [info] > git for-each-ref --sort -committerdate --format %(refname)%00%(objectname)%00%(*objectname) [2ms]
2025-05-30 13:39:33.036 [info] > git status -z -uall [70ms]
