2025-05-29 13:56:21.297 [warning] /home/vscode/.ssh/config: ENOENT: no such file or directory, open '/home/vscode/.ssh/config'
2025-05-29 13:56:21.297 [info] [Activation] Extension version: 0.110.0
2025-05-29 13:56:25.064 [info] [Authentication] Creating hub for .com
2025-05-29 13:56:31.642 [info] [Activation] Looking for git repository
2025-05-29 13:56:31.643 [info] [Activation] Found 0 repositories during activation
2025-05-29 13:56:31.643 [info] [Activation] Git repository found, initializing review manager and pr tree view.
2025-05-29 13:56:31.652 [info] [GitAPI] Registering git provider
2025-05-29 13:56:31.652 [info] [Review+0] Validate state in progress
2025-05-29 13:56:31.652 [info] [Review+0] Validating state...
2025-05-29 13:56:31.652 [info] [Review+1] Validate state in progress
2025-05-29 13:56:31.652 [info] [Review+1] Validating state...
2025-05-29 13:56:31.652 [info] [Review+2] Validate state in progress
2025-05-29 13:56:31.652 [info] [Review+2] Validating state...
2025-05-29 13:56:31.652 [info] [Review+3] Validate state in progress
2025-05-29 13:56:31.652 [info] [Review+3] Validating state...
2025-05-29 13:56:32.023 [info] [FolderRepositoryManager+0] Found GitHub remote for folder /home/vscode/environment
2025-05-29 13:56:32.023 [info] [FolderRepositoryManager+1] Found GitHub remote for folder /home/vscode/.oh-my-zsh
2025-05-29 13:56:32.024 [info] [FolderRepositoryManager+2] Found GitHub remote for folder /home/vscode/.nodenv
2025-05-29 13:56:32.024 [info] [FolderRepositoryManager+3] Found GitHub remote for folder /home/vscode
2025-05-29 13:56:36.536 [info] [FolderRepositoryManager+3] Trying to use globalState for assignableUsers.
2025-05-29 13:56:36.618 [info] [FolderRepositoryManager+2] Trying to use globalState for assignableUsers.
2025-05-29 13:56:36.667 [info] [FolderRepositoryManager+1] Trying to use globalState for assignableUsers.
2025-05-29 13:56:36.688 [info] [FolderRepositoryManager+0] Trying to use globalState for assignableUsers.
2025-05-29 13:56:36.773 [info] [Review+1] No matching pull request metadata found locally for current branch master
2025-05-29 13:56:36.845 [info] [Review+2] No matching pull request metadata found locally for current branch main
2025-05-29 13:56:36.869 [info] [Review+3] No matching pull request metadata found locally for current branch main
2025-05-29 13:56:37.611 [info] [Review+0] No matching pull request metadata found locally for current branch main
2025-05-29 13:56:37.889 [info] [Activation] Repo state for file:///home/vscode changed.
2025-05-29 13:56:37.889 [info] [Activation] Repo file:///home/vscode has already been setup.
2025-05-29 13:56:38.295 [info] [Review+3] No matching pull request metadata found on GitHub for current branch main
2025-05-29 13:56:38.454 [info] [FolderRepositoryManager+2] Using globalState assignableUsers for 1.
2025-05-29 13:56:38.461 [info] [FolderRepositoryManager+1] Using globalState assignableUsers for 1.
2025-05-29 13:56:38.476 [info] [FolderRepositoryManager+0] Using globalState assignableUsers for 2.
2025-05-29 13:56:38.733 [info] [FolderRepositoryManager+3] Using globalState assignableUsers for 1.
2025-05-29 13:56:39.489 [info] [Review+2] No matching pull request metadata found on GitHub for current branch main
2025-05-29 13:56:39.496 [info] [Review+0] No matching pull request metadata found on GitHub for current branch main
2025-05-29 13:56:39.835 [info] [Review+1] No matching pull request metadata found on GitHub for current branch master
2025-05-29 13:56:44.559 [info] [Activation] Repo state for file:///home/vscode/.nodenv changed.
2025-05-29 13:56:44.560 [info] [Activation] Repo file:///home/vscode/.nodenv has already been setup.
2025-05-29 13:58:34.211 [info] [Activation] Repo state for file:///home/vscode/.oh-my-zsh changed.
2025-05-29 13:58:34.211 [info] [Activation] Repo file:///home/vscode/.oh-my-zsh has already been setup.
2025-05-29 13:58:34.214 [info] [Activation] Repo state for file:///home/vscode/environment changed.
2025-05-29 13:58:34.214 [info] [Activation] Repo file:///home/vscode/environment has already been setup.
2025-05-29 13:59:10.168 [info] [Review+3] Validate state in progress
2025-05-29 13:59:10.168 [info] [Review+3] Validating state...
2025-05-29 13:59:10.526 [info] [FolderRepositoryManager+3] Found GitHub remote for folder /home/vscode
2025-05-29 13:59:10.527 [info] [FolderRepositoryManager+3] Using in-memory cached assignable users.
2025-05-29 13:59:10.547 [info] [Review+3] No matching pull request metadata found locally for current branch main
2025-05-29 13:59:10.570 [info] [Review+3] No matching pull request metadata found on GitHub for current branch main
2025-05-29 14:09:41.162 [info] [Review+3] Validate state in progress
2025-05-29 14:09:41.163 [info] [Review+3] Validating state...
2025-05-29 14:09:41.539 [info] [FolderRepositoryManager+3] Found GitHub remote for folder /home/vscode
2025-05-29 14:09:41.539 [info] [FolderRepositoryManager+3] Using in-memory cached assignable users.
2025-05-29 14:09:41.557 [info] [Review+3] No matching pull request metadata found locally for current branch main
2025-05-29 14:09:41.580 [info] [Review+3] No matching pull request metadata found on GitHub for current branch main
2025-05-29 14:20:24.602 [info] [Review+3] Validate state in progress
2025-05-29 14:20:24.602 [info] [Review+3] Validating state...
2025-05-29 14:20:24.602 [warning] No remotes found. The following remotes are missing: origin, upstream
2025-05-29 14:20:24.602 [info] [FolderRepositoryManager+3] No GitHub remotes found for folder /home/vscode
2025-05-29 14:20:24.619 [info] [Review+3] No matching pull request metadata found locally for current branch main
2025-05-29 14:20:24.628 [info] [Review+3] No matching pull request metadata found on GitHub for current branch main
2025-05-29 14:23:02.984 [info] [Review+3] Validate state in progress
2025-05-29 14:23:02.984 [info] [Review+3] Validating state...
2025-05-29 14:23:03.127 [info] [FolderRepositoryManager+3] Found GitHub remote for folder /home/vscode
2025-05-29 14:23:03.128 [info] [FolderRepositoryManager+3] Using in-memory cached assignable users.
2025-05-29 14:23:03.146 [info] [Review+3] No matching pull request metadata found locally for current branch main
2025-05-29 14:23:03.156 [info] [Review+3] No matching pull request metadata found on GitHub for current branch main
2025-05-29 14:31:40.982 [info] [Review+3] Validate state in progress
2025-05-29 14:31:40.982 [info] [Review+3] Validating state...
2025-05-29 14:31:40.983 [warning] No remotes found. The following remotes are missing: origin, upstream
2025-05-29 14:31:40.983 [info] [FolderRepositoryManager+3] No GitHub remotes found for folder /home/vscode
2025-05-29 14:31:41.001 [info] [Review+3] No matching pull request metadata found locally for current branch main
2025-05-29 14:31:41.014 [info] [Review+3] No matching pull request metadata found on GitHub for current branch main
2025-05-29 14:33:42.454 [info] [Review+3] Validate state in progress
2025-05-29 14:33:42.454 [info] [Review+3] Validating state...
2025-05-29 14:33:42.563 [info] [FolderRepositoryManager+3] Found GitHub remote for folder /home/vscode
2025-05-29 14:33:42.563 [info] [FolderRepositoryManager+3] Using in-memory cached assignable users.
2025-05-29 14:33:42.583 [info] [Review+3] No matching pull request metadata found locally for current branch main
2025-05-29 14:33:42.593 [info] [Review+3] No matching pull request metadata found on GitHub for current branch main
