[Client I] GitHub Codespaces version 1.17.3
[Client I] isRunningInWeb: "true"
[Client V] Initializing authentication
[API I] Successfully signed in
[Client:extension:db2a I] initializing
[Client:extension:db2a:resolver I] created with protocol "codespaces"
[RemoteExplorer I] Updating codespace performance info
[DevContainerJsonSupport I] Initializing devcontainer.json support package
[DevContainerJsonSupport V] [2025-05-29T13:56:21.503Z] Internal initialization of dev container support package...

[Client I] Connecting to current codespace: ubiquitous-fishstick-jj9x777qppq7hrg6
[Command:Connect I] Decorator starting: ErrorNotification
[Command:Connect I] Decorator starting: Telemetry
[Client I] Jupyter API registered? false
[API:retries-left-2 I] making GET request for "https://api.github.com/user/codespaces/ubiquitous-fishstick-jj9x777qppq7hrg6"
[RemoteExplorer I] Updating codespace performance info
[Client:extension:db2a:resolver:resolve:1 I] resolve retry #3
[Client:extension:db2a:resolver:resolve:1 I] resolving "codespaces+ubiquitous-fishstick-jj9x777qppq7hrg6"
[Client:extension:db2a:resolver:resolve:1 I] codespace: "ubiquitous-fishstick-jj9x777qppq7hrg6", fetching details
[Client:extension:db2a:resolver:resolve:1:fetch-codespace-info I] fetching codespace details for "ubiquitous-fishstick-jj9x777qppq7hrg6"
[Client:extension:db2a:resolver:resolve:1:fetch-codespace-info I] signed in, getting the details
[Client:extension:db2a:resolver:resolve:1:fetch-codespace-info I] fetching codespace "ubiquitous-fishstick-jj9x777qppq7hrg6" (retries left: 2)
[API:retries-left-2 I] making GET request for "https://api.github.com/user/codespaces/ubiquitous-fishstick-jj9x777qppq7hrg6"
[RemoteExplorer I] Updating codespace performance info
[Client:extension:db2a:resolver I] successfully fetched codespace details> object #0: {
  "id": 28821251,
  "name": "<37:<redacted>>",
  "environment_id": "9b089ddc-d711-4dd8-889e-6260891b1546",
  "owner": "<undefined:<redacted>>",
  "billable_owner": {
    "login": "rvrn20",
    "id": 211614125,
    "node_id": "U_kgDODJz5rQ",
    "avatar_url": "https://avatars.githubusercontent.com/u/211614125?v=4",
    "gravatar_id": "",
    "url": "https://api.github.com/users/rvrn20",
    "html_url": "https://github.com/rvrn20",
    "followers_url": "https://api.github.com/users/rvrn20/followers",
    "following_url": "https://api.github.com/users/rvrn20/following{/other_user}",
    "gists_url": "https://api.github.com/users/rvrn20/gists{/gist_id}",
    "starred_url": "https://api.github.com/users/rvrn20/starred{/owner}{/repo}",
    "subscriptions_url": "https://api.github.com/users/rvrn20/subscriptions",
    "organizations_url": "https://api.github.com/users/rvrn20/orgs",
    "repos_url": "https://api.github.com/users/rvrn20/repos",
    "events_url": "https://api.github.com/users/rvrn20/events{/privacy}",
    "received_events_url": "https://api.github.com/users/rvrn20/received_events",
    "type": "User",
    "user_view_type": "public",
    "site_admin": false
  },
  "repository": {
    "id": 983373267,
    "node_id": "R_kgDOOp0V0w",
    "name": "<22:<redacted>>",
    "full_name": "rvrn20/path-study-environment",
    "private": false,
    "owner": "<undefined:<redacted>>",
    "html_url": "https://github.com/rvrn20/path-study-environment",
    "description": null,
    "fork": true,
    "url": "https://api.github.com/repos/rvrn20/path-study-environment",
    "forks_url": "https://api.github.com/repos/rvrn20/path-study-environment/forks",
    "keys_url": "https://api.github.com/repos/rvrn20/path-study-environment/keys{/key_id}",
    "collaborators_url": "https://api.github.com/repos/rvrn20/path-study-environment/collaborators{/collaborator}",
    "teams_url": "https://api.github.com/repos/rvrn20/path-study-environment/teams",
    "hooks_url": "https://api.github.com/repos/rvrn20/path-study-environment/hooks",
    "issue_events_url": "https://api.github.com/repos/rvrn20/path-study-environment/issues/events{/number}",
    "events_url": "https://api.github.com/repos/rvrn20/path-study-environment/events",
    "assignees_url": "https://api.github.com/repos/rvrn20/path-study-environment/assignees{/user}",
    "branches_url": "https://api.github.com/repos/rvrn20/path-study-environment/branches{/branch}",
    "tags_url": "https://api.github.com/repos/rvrn20/path-study-environment/tags",
    "blobs_url": "https://api.github.com/repos/rvrn20/path-study-environment/git/blobs{/sha}",
    "git_tags_url": "https://api.github.com/repos/rvrn20/path-study-environment/git/tags{/sha}",
    "git_refs_url": "https://api.github.com/repos/rvrn20/path-study-environment/git/refs{/sha}",
    "trees_url": "https://api.github.com/repos/rvrn20/path-study-environment/git/trees{/sha}",
    "statuses_url": "https://api.github.com/repos/rvrn20/path-study-environment/statuses/{sha}",
    "languages_url": "https://api.github.com/repos/rvrn20/path-study-environment/languages",
    "stargazers_url": "https://api.github.com/repos/rvrn20/path-study-environment/stargazers",
    "contributors_url": "https://api.github.com/repos/rvrn20/path-study-environment/contributors",
    "subscribers_url": "https://api.github.com/repos/rvrn20/path-study-environment/subscribers",
    "subscription_url": "https://api.github.com/repos/rvrn20/path-study-environment/subscription",
    "commits_url": "https://api.github.com/repos/rvrn20/path-study-environment/commits{/sha}",
    "git_commits_url": "https://api.github.com/repos/rvrn20/path-study-environment/git/commits{/sha}",
    "comments_url": "https://api.github.com/repos/rvrn20/path-study-environment/comments{/number}",
    "issue_comment_url": "https://api.github.com/repos/rvrn20/path-study-environment/issues/comments{/number}",
    "contents_url": "https://api.github.com/repos/rvrn20/path-study-environment/contents/{+path}",
    "compare_url": "https://api.github.com/repos/rvrn20/path-study-environment/compare/{base}...{head}",
    "merges_url": "https://api.github.com/repos/rvrn20/path-study-environment/merges",
    "archive_url": "https://api.github.com/repos/rvrn20/path-study-environment/{archive_format}{/ref}",
    "downloads_url": "https://api.github.com/repos/rvrn20/path-study-environment/downloads",
    "issues_url": "https://api.github.com/repos/rvrn20/path-study-environment/issues{/number}",
    "pulls_url": "https://api.github.com/repos/rvrn20/path-study-environment/pulls{/number}",
    "milestones_url": "https://api.github.com/repos/rvrn20/path-study-environment/milestones{/number}",
    "notifications_url": "https://api.github.com/repos/rvrn20/path-study-environment/notifications{?since,all,participating}",
    "labels_url": "https://api.github.com/repos/rvrn20/path-study-environment/labels{/name}",
    "releases_url": "https://api.github.com/repos/rvrn20/path-study-environment/releases{/id}",
    "deployments_url": "https://api.github.com/repos/rvrn20/path-study-environment/deployments"
  },
  "machine": {
    "name": "<14:<redacted>>",
    "display_name": "2 cores, 8 GB RAM, 32 GB storage",
    "operating_system": "linux",
    "storage_in_bytes": 34359738368,
    "memory_in_bytes": 8589934592,
    "cpus": 2,
    "prebuild_availability": null
  },
  "prebuild": null,
  "created_at": "2025-05-23T00:01:06+09:00",
  "updated_at": "2025-05-29T22:56:31+09:00",
  "last_used_at": "2025-05-29T22:55:30+09:00",
  "state": "Available",
  "url": "https://api.github.com/user/codespaces/ubiquitous-fishstick-jj9x777qppq7hrg6",
  "git_status": {
    "ahead": 0,
    "behind": 0,
    "has_unpushed_changes": false,
    "has_uncommitted_changes": false,
    "ref": "main"
  },
  "location": "SouthEastAsia",
  "idle_timeout_minutes": 30,
  "web_url": "https://ubiquitous-fishstick-jj9x777qppq7hrg6.github.dev",
  "machines_url": "https://api.github.com/user/codespaces/ubiquitous-fishstick-jj9x777qppq7hrg6/machines",
  "start_url": "https://api.github.com/user/codespaces/ubiquitous-fishstick-jj9x777qppq7hrg6/start",
  "stop_url": "https://api.github.com/user/codespaces/ubiquitous-fishstick-jj9x777qppq7hrg6/stop",
  "pulls_url": null,
  "recent_folders": [
    "/home/vscode"
  ],
  "runtime_constraints": {
    "allowed_port_privacy_settings": [
      "private",
      "public"
    ]
  },
  "connection": {
    "sessionPath": "/home/vscode",
    "tunnelProperties": {
      "tunnelId": "puzzled-mountain-xpk89w1",
      "clusterId": "asse",
      "domain": "app.github.dev",
      "connectAccessToken": "<396:<redacted>>",
      "managePortsAccessToken": "<402:<redacted>>",
      "serviceUri": "https://global.rel.tunnels.api.visualstudio.com/"
    }
  },
  "container_id": "378f04042d172947fbe841a2141e0eed07cf4d0e67675abc12de879ec5d55478",
  "display_name": "ubiquitous fishstick",
  "devcontainer_path": ".devcontainer/devcontainer.json",
  "pending_operation": false,
  "feature_flags": {
    "developer": false,
    "detailedActivityMonitor": false,
    "vscodeAccountSwitching": false,
    "enableSmbDiagnosticContinuousMonitoring": false,
    "enableSmbDiagnosticOnAnomalyMonitoring": false,
    "useEarlyWorkbenchWebClient": true,
    "useCoiWebClient": false,
    "remapUserNamespace": false,
    "removeConnectRetriesWebClient": true,
    "storageV2ExhaustiveValidation": false,
    "forcePushShutdownTelemetry": true,
    "useNewJupyterApi": true,
    "improvedWarmupContainerReuse": true,
    "storageV2ComprehensiveDiagnosticsCollection": false,
    "usingCopilotWorkspaceConfig": true,
    "copilotWorkspace": false,
    "hostnameSpecificGitCredentialHelper": true,
    "storageV2ForcedFlushes": false,
    "storageV2DisableIoUring": false,
    "Basis": true,
    "Skuheapscaling": true,
    "CacheIde": true,
    "Developer": false,
    "Eap": false
  },
  "retention_period_minutes": 43200,
  "retention_expires_at": null,
  "template": null,
  "publish_url": null
}
[RemoteExplorer I] Updating codespace performance info
[Client:extension:db2a:resolver:resolve:1:check-codespace-state I] codespace ubiquitous-fishstick-jj9x777qppq7hrg6 (id: 9b089ddc-d711-4dd8-889e-6260891b1546) is in the "Default" state
[Client:extension:db2a:resolver:resolve:1:check-codespace-state I] noop
[Client:extension:db2a:resolver I] Initializing RPC client
[Client:extension:db2a:resolver I] Running in web, using unix socket for communication
[Client:extension:db2a:resolver I] Initializing Node-based codespace host service client
[Client:extension:db2a:resolver I] Initializing Node-based VS Code server host service client
[Client:extension:db2a:resolver I] Initializing Node-based Jupyter server host service client
[Client:extension:db2a:resolver:resolve:1:check-codespace-state I] vscode connection options: > object #0: {
  "environmentId": "9b089ddc-d711-4dd8-889e-6260891b1546",
  "vsCodeCommit": "848b80aeb52026648a8ff9f7c45a9b0a80641e2e",
  "vsCodeQuality": "stable",
  "extensions": [
    "GitHub.codespaces",
    "GitHub.vscode-pull-request-github"
  ],
  "telemetry": true
}
[RemoteExplorer I] Updating codespace details
[Client:extension:db2a:resolver I] Executed start-remote-server using gRPC
[Client:extension:db2a:resolver:resolve:1 I] vscode server remote port: "33503", local port: "undefined"}
[Client V] connect duration: 15078 ms
[Client:extension:db2a:resolver:resolve:1 I] Progress: Done
[Client:extension:db2a:resolver I] Subscribed to event stream
[Client:extension:db2a:resolver:resolve:1:background-tasks I] launching background configuration tasks
[Client:extension:db2a:resolver:resolve:1:background-tasks I] Running in web, starting post attach command listener without disposable
[Client:extension:db2a:resolver:resolve:1:background-tasks:post-attach-command-manager I] PostAttachCommandManager: addEnvironmentConfiguredEventCallback()
[Client:extension:db2a:resolver:resolve:1:background-tasks I] no max idle timeout notice
[Client:extension:db2a:resolver:resolve:1:background-tasks V] checking correctness of the codespace session path> object #0: [
  {
    "uri": {
      "$mid": 1,
      "fsPath": "/home/vscode",
      "external": "file:///home/vscode",
      "path": "/home/vscode",
      "scheme": "file"
    },
    "name": "<6:<redacted>>",
    "index": 0
  }
]
[Client:extension:db2a:resolver:resolve:1:background-tasks I] Running in web, starting dev container change event listener without disposable
[Client:extension:db2a:resolver:resolve:1:background-tasks I] Running in web, starting secrets updated event listener without disposable
[Client:extension:db2a:resolver:resolve:1:background-tasks I] Running in web, starting codespace stopping event listener without disposable
[Client:extension:db2a:resolver:resolve:1:background-tasks I] starting activity monitor, isRunningInWeb: "true"
[Client:extension:db2a:resolver:resolve:1:background-tasks:activity-monitor:vscode-activity-provider I] isRunningInWeb: true
[Client:extension:db2a:resolver:resolve:1:background-tasks:activity-monitor:vscode-activity-provider I] starting activity monitor
[Client:extension:db2a:resolver:resolve:1:background-tasks:activity-monitor:vscode-activity-provider V] sending activity heartbeat
[Client:extension:db2a:resolver:resolve:1:background-tasks I] Running in web, starting user notification event listener without disposable
[Client:extension:db2a:resolver:resolve:1:background-tasks:openDefaultFiles I] Skipping openFiles because it's not the first activation
[Command:Connect I] Command [Connect to Codespace]: Connect to Codespace Success (17226ms)
[Command:Connect I] Decorator finishing: Telemetry. Duration: 4ms (2 + 2)
[Command:Connect I] Decorator finishing: ErrorNotification. Duration: 0ms (0 + 0)
[Client:extension:db2a:resolver:resolve:1:background-tasks I] Executed is-recovery-container using gRPC
[Client:extension:db2a:resolver:resolve:1:background-tasks V] not in recovery container
[Client:extension:db2a:resolver:resolve:1:background-tasks I] Executed get-container-persisted-folder using gRPC
[Client:extension:db2a:resolver:resolve:1:background-tasks V] container folder path: "/workspaces/.codespaces/.persistedshare"
[Client:extension:db2a:resolver:resolve:1:background-tasks V] shared folder path: "/workspaces/.codespaces/shared/postCreateOutput.json"
[Client:extension:db2a:resolver:resolve:1:background-tasks V] shared file path: "/workspaces/.codespaces/shared/postCreateOutput.json"
[Performance I] Executed get-container-persisted-folder using gRPC
[ResourceUsage I] Executed get-container-persisted-folder using gRPC
[ResourceUsage V] container folder path: "/workspaces/.codespaces/.persistedshare"
[ResourceUsage V] shared folder path: "/workspaces/.codespaces/shared/resource-usage.json"
[ResourceUsage V] shared file path: "/workspaces/.codespaces/shared/resource-usage.json"
[ResourceUsage I] Starting monitor
[ResourceUsage I] Checking if the codespace connection exists
[ResourceUsage I] Running in web, starting monitor without disposable
[Client:extension:db2a:resolver:resolve:1:background-tasks I] Executed configure-environment using gRPC
[Client:extension:db2a:resolver I] Received event: Subscribed
[Client:extension:db2a:resolver I] Client 35e3759b-5e74-498d-98b1-6e59544d76ee subscribed to event stream
[Client:extension:db2a:resolver I] Received event: EnvironmentConfigured
[Client:extension:db2a:resolver:resolve:1:background-tasks:post-attach-command-manager I] PostAttachCommandManager: handleEnvironmentConfiguredEvent()
[Client:extension:db2a:resolver:resolve:1:background-tasks I] GetRemotePid: Echoing $PPID to /tmp/codespace_pids/.pid-da7e2de8-ab1f-4735-8b7c-2d6ae3a7fc7a...
[Client:extension:db2a:resolver:resolve:1:background-tasks I] GetRemotePid: Start polling for existance of PID file at file:///tmp/codespace_pids/.pid-da7e2de8-ab1f-4735-8b7c-2d6ae3a7fc7a took 4 ms...
[Client:extension:db2a:resolver:resolve:1:background-tasks:activity-monitor:vscode-activity-provider I] Executed notify-codespace-of-client-activity using gRPC
[Client:extension:db2a:resolver:resolve:1:background-tasks:activity-monitor:vscode-activity-provider I] Activity signal sent with result true
[Performance I] Starting monitor
[Performance I] Checking if the codespace connection exists
[Performance I] Running in web, starting monitor without disposable
[Client:extension:db2a:resolver:resolve:1:background-tasks:post-attach-command-manager I] PostAttachCommandManager: commandsKey: codespaces.1069.runningPostAttachCommands
[Client:extension:db2a:resolver:resolve:1:background-tasks:post-attach-command-manager I] PostAttachCommandManager: Running /bin/bash ~/environment/.devcontainer/postAttachCommand.sh in terminal Codespaces: /bin/bash ~/environment/.devcontainer/postAttachCommand.sh
[Client:extension:db2a:resolver:resolve:1:background-tasks:post-attach-command-manager I] PostAttachCommandManager: Added Codespaces: /bin/bash ~/environment/.devcontainer/postAttachCommand.sh to codespaces.1069.runningPostAttachCommands
[Performance I] Executed get-performance-data using gRPC
[Performance I] Executed get-performance-data using gRPC
[Performance I] Executed get-performance-data using gRPC
[Client:extension:db2a:resolver:resolve:1:background-tasks:activity-monitor:vscode-activity-provider V] sending activity heartbeat
[Client:extension:db2a:resolver:resolve:1:background-tasks:activity-monitor:vscode-activity-provider I] Executed notify-codespace-of-client-activity using gRPC
[Client:extension:db2a:resolver:resolve:1:background-tasks:activity-monitor:vscode-activity-provider I] Activity signal sent with result true
[Performance I] Executed get-performance-data using gRPC
[Performance I] Executed get-performance-data using gRPC
[Client:extension:db2a:resolver:resolve:1:background-tasks:activity-monitor:vscode-activity-provider V] sending activity heartbeat
[Client:extension:db2a:resolver:resolve:1:background-tasks:activity-monitor:vscode-activity-provider I] Executed notify-codespace-of-client-activity using gRPC
[Client:extension:db2a:resolver:resolve:1:background-tasks:activity-monitor:vscode-activity-provider I] Activity signal sent with result true
[Performance I] Executed get-performance-data using gRPC
[Performance I] Executed get-performance-data using gRPC
[Performance I] Executed get-performance-data using gRPC
[Client:extension:db2a:resolver:resolve:1:background-tasks:activity-monitor:vscode-activity-provider V] sending activity heartbeat
[Client:extension:db2a:resolver:resolve:1:background-tasks:activity-monitor:vscode-activity-provider I] Executed notify-codespace-of-client-activity using gRPC
[Client:extension:db2a:resolver:resolve:1:background-tasks:activity-monitor:vscode-activity-provider I] Activity signal sent with result true
[Performance I] Executed get-performance-data using gRPC
[Performance I] Executed get-performance-data using gRPC
[Performance I] Executed get-performance-data using gRPC
[Client:extension:db2a:resolver:resolve:1:background-tasks:activity-monitor:vscode-activity-provider V] sending activity heartbeat
[Client:extension:db2a:resolver:resolve:1:background-tasks:activity-monitor:vscode-activity-provider I] Executed notify-codespace-of-client-activity using gRPC
[Client:extension:db2a:resolver:resolve:1:background-tasks:activity-monitor:vscode-activity-provider I] Activity signal sent with result true
[Performance I] Executed get-performance-data using gRPC
[Performance I] Executed get-performance-data using gRPC
[Client:extension:db2a:resolver:resolve:1:background-tasks:activity-monitor:vscode-activity-provider V] sending activity heartbeat
[Client:extension:db2a:resolver:resolve:1:background-tasks:activity-monitor:vscode-activity-provider I] Executed notify-codespace-of-client-activity using gRPC
[Client:extension:db2a:resolver:resolve:1:background-tasks:activity-monitor:vscode-activity-provider I] Activity signal sent with result true
[Performance I] Executed get-performance-data using gRPC
[Performance I] Executed get-performance-data using gRPC
[Client:extension:db2a:resolver:resolve:1:background-tasks:activity-monitor:vscode-activity-provider V] sending activity heartbeat
[Client:extension:db2a:resolver:resolve:1:background-tasks:activity-monitor:vscode-activity-provider I] Executed notify-codespace-of-client-activity using gRPC
[Client:extension:db2a:resolver:resolve:1:background-tasks:activity-monitor:vscode-activity-provider I] Activity signal sent with result true
[Performance I] Executed get-performance-data using gRPC
[Performance I] Executed get-performance-data using gRPC
[Client:extension:db2a:resolver:resolve:1:background-tasks:activity-monitor:vscode-activity-provider V] sending activity heartbeat
[Client:extension:db2a:resolver:resolve:1:background-tasks:activity-monitor:vscode-activity-provider I] Executed notify-codespace-of-client-activity using gRPC
[Client:extension:db2a:resolver:resolve:1:background-tasks:activity-monitor:vscode-activity-provider I] Activity signal sent with result true
[Performance I] Executed get-performance-data using gRPC
[Performance I] Executed get-performance-data using gRPC
[Client:extension:db2a:resolver:resolve:1:background-tasks:activity-monitor:vscode-activity-provider V] sending activity heartbeat
[Client:extension:db2a:resolver:resolve:1:background-tasks:activity-monitor:vscode-activity-provider I] Executed notify-codespace-of-client-activity using gRPC
[Client:extension:db2a:resolver:resolve:1:background-tasks:activity-monitor:vscode-activity-provider I] Activity signal sent with result true
[Performance I] Executed get-performance-data using gRPC
[Performance I] Executed get-performance-data using gRPC
[Client:extension:db2a:resolver:resolve:1:background-tasks:activity-monitor:vscode-activity-provider V] sending activity heartbeat
[Client:extension:db2a:resolver:resolve:1:background-tasks:activity-monitor:vscode-activity-provider I] Executed notify-codespace-of-client-activity using gRPC
[Client:extension:db2a:resolver:resolve:1:background-tasks:activity-monitor:vscode-activity-provider I] Activity signal sent with result true
[Performance I] Executed get-performance-data using gRPC
[Performance I] Executed get-performance-data using gRPC
[Client:extension:db2a:resolver:resolve:1:background-tasks:activity-monitor:vscode-activity-provider V] sending activity heartbeat
[Client:extension:db2a:resolver:resolve:1:background-tasks:activity-monitor:vscode-activity-provider I] Executed notify-codespace-of-client-activity using gRPC
[Client:extension:db2a:resolver:resolve:1:background-tasks:activity-monitor:vscode-activity-provider I] Activity signal sent with result true
[Performance I] Executed get-performance-data using gRPC
[Performance I] Executed get-performance-data using gRPC
[Client:extension:db2a:resolver:resolve:1:background-tasks:activity-monitor:vscode-activity-provider V] sending activity heartbeat
[Client:extension:db2a:resolver:resolve:1:background-tasks:activity-monitor:vscode-activity-provider I] Executed notify-codespace-of-client-activity using gRPC
[Client:extension:db2a:resolver:resolve:1:background-tasks:activity-monitor:vscode-activity-provider I] Activity signal sent with result true
[Performance I] Executed get-performance-data using gRPC
[Performance I] Executed get-performance-data using gRPC
[Client:extension:db2a:resolver:resolve:1:background-tasks:activity-monitor:vscode-activity-provider V] sending activity heartbeat
[Client:extension:db2a:resolver:resolve:1:background-tasks:activity-monitor:vscode-activity-provider I] Executed notify-codespace-of-client-activity using gRPC
[Client:extension:db2a:resolver:resolve:1:background-tasks:activity-monitor:vscode-activity-provider I] Activity signal sent with result true
[Performance I] Executed get-performance-data using gRPC
[Performance I] Executed get-performance-data using gRPC
[Performance I] Executed get-performance-data using gRPC
[Performance I] Executed get-performance-data using gRPC
[Performance I] Executed get-performance-data using gRPC
[Performance I] Executed get-performance-data using gRPC
[Performance I] Executed get-performance-data using gRPC
[Client:extension:db2a:resolver:resolve:1:background-tasks:activity-monitor:vscode-activity-provider V] sending activity heartbeat
[Client:extension:db2a:resolver:resolve:1:background-tasks:activity-monitor:vscode-activity-provider I] Executed notify-codespace-of-client-activity using gRPC
[Client:extension:db2a:resolver:resolve:1:background-tasks:activity-monitor:vscode-activity-provider I] Activity signal sent with result true
[Performance I] Executed get-performance-data using gRPC
[Performance I] Executed get-performance-data using gRPC
[Performance I] Executed get-performance-data using gRPC
[Client:extension:db2a:resolver:resolve:1:background-tasks:activity-monitor:vscode-activity-provider V] sending activity heartbeat
[Client:extension:db2a:resolver:resolve:1:background-tasks:activity-monitor:vscode-activity-provider I] Executed notify-codespace-of-client-activity using gRPC
[Client:extension:db2a:resolver:resolve:1:background-tasks:activity-monitor:vscode-activity-provider I] Activity signal sent with result true
[Performance I] Executed get-performance-data using gRPC
[Performance I] Executed get-performance-data using gRPC
[Client:extension:db2a:resolver:resolve:1:background-tasks:activity-monitor:vscode-activity-provider V] sending activity heartbeat
[Client:extension:db2a:resolver:resolve:1:background-tasks:activity-monitor:vscode-activity-provider I] Executed notify-codespace-of-client-activity using gRPC
[Client:extension:db2a:resolver:resolve:1:background-tasks:activity-monitor:vscode-activity-provider I] Activity signal sent with result true
[Performance I] Executed get-performance-data using gRPC
[Performance I] Executed get-performance-data using gRPC
[Performance I] Executed get-performance-data using gRPC
[Performance I] Executed get-performance-data using gRPC
[Performance I] Executed get-performance-data using gRPC
[Performance I] Executed get-performance-data using gRPC
[Performance I] Executed get-performance-data using gRPC
[Performance I] Executed get-performance-data using gRPC
[Client:extension:db2a:resolver:resolve:1:background-tasks:activity-monitor:vscode-activity-provider V] sending activity heartbeat
[Client:extension:db2a:resolver:resolve:1:background-tasks:activity-monitor:vscode-activity-provider I] Executed notify-codespace-of-client-activity using gRPC
[Client:extension:db2a:resolver:resolve:1:background-tasks:activity-monitor:vscode-activity-provider I] Activity signal sent with result true
[Performance I] Executed get-performance-data using gRPC
[Performance I] Executed get-performance-data using gRPC
[Client:extension:db2a:resolver:resolve:1:background-tasks:activity-monitor:vscode-activity-provider V] sending activity heartbeat
[Client:extension:db2a:resolver:resolve:1:background-tasks:activity-monitor:vscode-activity-provider I] Executed notify-codespace-of-client-activity using gRPC
[Client:extension:db2a:resolver:resolve:1:background-tasks:activity-monitor:vscode-activity-provider I] Activity signal sent with result true
[Performance I] Executed get-performance-data using gRPC
[Performance I] Executed get-performance-data using gRPC
[Client:extension:db2a:resolver:resolve:1:background-tasks:activity-monitor:vscode-activity-provider V] sending activity heartbeat
[Client:extension:db2a:resolver:resolve:1:background-tasks:activity-monitor:vscode-activity-provider I] Executed notify-codespace-of-client-activity using gRPC
[Client:extension:db2a:resolver:resolve:1:background-tasks:activity-monitor:vscode-activity-provider I] Activity signal sent with result true
[Performance I] Executed get-performance-data using gRPC
[Performance I] Executed get-performance-data using gRPC
[Performance I] Executed get-performance-data using gRPC
[Performance I] Executed get-performance-data using gRPC
[Performance I] Executed get-performance-data using gRPC
[Performance I] Executed get-performance-data using gRPC
[Performance I] Executed get-performance-data using gRPC
[Performance I] Executed get-performance-data using gRPC
[Performance I] Executed get-performance-data using gRPC
[Performance I] Executed get-performance-data using gRPC
[Performance I] Executed get-performance-data using gRPC
[Performance I] Executed get-performance-data using gRPC
[Performance I] Executed get-performance-data using gRPC
[Performance I] Executed get-performance-data using gRPC
[Client:extension:db2a:resolver:resolve:1:background-tasks:activity-monitor:vscode-activity-provider V] sending activity heartbeat
[Client:extension:db2a:resolver:resolve:1:background-tasks:activity-monitor:vscode-activity-provider I] Executed notify-codespace-of-client-activity using gRPC
[Client:extension:db2a:resolver:resolve:1:background-tasks:activity-monitor:vscode-activity-provider I] Activity signal sent with result true
[Performance I] Executed get-performance-data using gRPC
[Performance I] Executed get-performance-data using gRPC
[Performance I] Executed get-performance-data using gRPC
[Client:extension:db2a:resolver:resolve:1:background-tasks:activity-monitor:vscode-activity-provider V] sending activity heartbeat
[Client:extension:db2a:resolver:resolve:1:background-tasks:activity-monitor:vscode-activity-provider I] Executed notify-codespace-of-client-activity using gRPC
[Client:extension:db2a:resolver:resolve:1:background-tasks:activity-monitor:vscode-activity-provider I] Activity signal sent with result true
[Performance I] Executed get-performance-data using gRPC
[Performance I] Executed get-performance-data using gRPC
[Client:extension:db2a:resolver:resolve:1:background-tasks:activity-monitor:vscode-activity-provider V] sending activity heartbeat
[Client:extension:db2a:resolver:resolve:1:background-tasks:activity-monitor:vscode-activity-provider I] Executed notify-codespace-of-client-activity using gRPC
[Client:extension:db2a:resolver:resolve:1:background-tasks:activity-monitor:vscode-activity-provider I] Activity signal sent with result true
[Performance I] Executed get-performance-data using gRPC
[Performance I] Executed get-performance-data using gRPC
[Client:extension:db2a:resolver:resolve:1:background-tasks:activity-monitor:vscode-activity-provider V] sending activity heartbeat
[Client:extension:db2a:resolver:resolve:1:background-tasks:activity-monitor:vscode-activity-provider I] Executed notify-codespace-of-client-activity using gRPC
[Client:extension:db2a:resolver:resolve:1:background-tasks:activity-monitor:vscode-activity-provider I] Activity signal sent with result true
[Performance I] Executed get-performance-data using gRPC
[Performance I] Executed get-performance-data using gRPC
[Performance I] Executed get-performance-data using gRPC
[Client:extension:db2a:resolver:resolve:1:background-tasks:activity-monitor:vscode-activity-provider V] sending activity heartbeat
[Client:extension:db2a:resolver:resolve:1:background-tasks:activity-monitor:vscode-activity-provider I] Executed notify-codespace-of-client-activity using gRPC
[Client:extension:db2a:resolver:resolve:1:background-tasks:activity-monitor:vscode-activity-provider I] Activity signal sent with result true
[Performance I] Executed get-performance-data using gRPC
[Performance I] Executed get-performance-data using gRPC
[Client:extension:db2a:resolver:resolve:1:background-tasks:activity-monitor:vscode-activity-provider V] sending activity heartbeat
[Client:extension:db2a:resolver:resolve:1:background-tasks:activity-monitor:vscode-activity-provider I] Executed notify-codespace-of-client-activity using gRPC
[Client:extension:db2a:resolver:resolve:1:background-tasks:activity-monitor:vscode-activity-provider I] Activity signal sent with result true
[Performance I] Executed get-performance-data using gRPC
[Performance I] Executed get-performance-data using gRPC
[Performance I] Executed get-performance-data using gRPC
[Performance I] Executed get-performance-data using gRPC
[Client:extension:db2a:resolver:resolve:1:background-tasks:activity-monitor:vscode-activity-provider V] sending activity heartbeat
[Client:extension:db2a:resolver:resolve:1:background-tasks:activity-monitor:vscode-activity-provider I] Executed notify-codespace-of-client-activity using gRPC
[Client:extension:db2a:resolver:resolve:1:background-tasks:activity-monitor:vscode-activity-provider I] Activity signal sent with result true
[Performance I] Executed get-performance-data using gRPC
[Performance I] Executed get-performance-data using gRPC
[Performance I] Executed get-performance-data using gRPC
[Performance I] Executed get-performance-data using gRPC
[Performance I] Executed get-performance-data using gRPC
[Performance I] Executed get-performance-data using gRPC
[Performance I] Executed get-performance-data using gRPC
[Performance I] Executed get-performance-data using gRPC
[Performance I] Executed get-performance-data using gRPC
[Performance I] Executed get-performance-data using gRPC
[Performance I] Executed get-performance-data using gRPC
[Performance I] Executed get-performance-data using gRPC
[Performance I] Executed get-performance-data using gRPC
[Performance I] Executed get-performance-data using gRPC
[Performance I] Executed get-performance-data using gRPC
[Performance I] Executed get-performance-data using gRPC
[Performance I] Executed get-performance-data using gRPC
[Performance I] Executed get-performance-data using gRPC
[Performance I] Executed get-performance-data using gRPC
[Performance I] Executed get-performance-data using gRPC
[Performance I] Executed get-performance-data using gRPC
[Performance I] Executed get-performance-data using gRPC
[Performance I] Executed get-performance-data using gRPC
[Performance I] Executed get-performance-data using gRPC
[Performance I] Executed get-performance-data using gRPC
[Performance I] Executed get-performance-data using gRPC
[Performance I] Executed get-performance-data using gRPC
[Performance I] Executed get-performance-data using gRPC
[Performance I] Executed get-performance-data using gRPC
[Performance I] Executed get-performance-data using gRPC
[Performance I] Executed get-performance-data using gRPC
[Performance I] Executed get-performance-data using gRPC
[Performance I] Executed get-performance-data using gRPC
[Performance I] Executed get-performance-data using gRPC
[Performance I] Executed get-performance-data using gRPC
[Performance I] Executed get-performance-data using gRPC
[Performance I] Executed get-performance-data using gRPC
[Performance I] Executed get-performance-data using gRPC
[Performance I] Executed get-performance-data using gRPC
[Performance I] Executed get-performance-data using gRPC
[Performance I] Executed get-performance-data using gRPC
[Performance I] Executed get-performance-data using gRPC
[Performance I] Executed get-performance-data using gRPC
[Performance I] Executed get-performance-data using gRPC
[Performance I] Executed get-performance-data using gRPC
[Performance I] Executed get-performance-data using gRPC
[Performance I] Executed get-performance-data using gRPC
[Performance I] Executed get-performance-data using gRPC
[Performance I] Executed get-performance-data using gRPC
[Performance I] Executed get-performance-data using gRPC
[Performance I] Executed get-performance-data using gRPC
[Performance I] Executed get-performance-data using gRPC
[Performance I] Executed get-performance-data using gRPC
[Performance I] Executed get-performance-data using gRPC
[Performance I] Executed get-performance-data using gRPC
[Performance I] Executed get-performance-data using gRPC
[Performance I] Executed get-performance-data using gRPC
[Performance I] Executed get-performance-data using gRPC
[Performance I] Executed get-performance-data using gRPC
[Client:extension:db2a:resolver:resolve:1:background-tasks:activity-monitor:vscode-activity-provider V] sending activity heartbeat
[Client:extension:db2a:resolver:resolve:1:background-tasks:activity-monitor:vscode-activity-provider I] Executed notify-codespace-of-client-activity using gRPC
[Client:extension:db2a:resolver:resolve:1:background-tasks:activity-monitor:vscode-activity-provider I] Activity signal sent with result true
[Performance I] Executed get-performance-data using gRPC
[Performance I] Executed get-performance-data using gRPC
[Performance I] Executed get-performance-data using gRPC
[Performance I] Executed get-performance-data using gRPC
[Performance I] Executed get-performance-data using gRPC
[Performance I] Executed get-performance-data using gRPC
[Performance I] Executed get-performance-data using gRPC
[Performance I] Executed get-performance-data using gRPC
[Performance I] Executed get-performance-data using gRPC
[Performance I] Executed get-performance-data using gRPC
[Performance I] Executed get-performance-data using gRPC
[Performance I] Executed get-performance-data using gRPC
[Performance I] Executed get-performance-data using gRPC
[Performance I] Executed get-performance-data using gRPC
[Performance I] Executed get-performance-data using gRPC
[Performance I] Executed get-performance-data using gRPC
[Performance I] Executed get-performance-data using gRPC
[Performance I] Executed get-performance-data using gRPC
[Performance I] Executed get-performance-data using gRPC
[Performance I] Executed get-performance-data using gRPC
[Performance I] Executed get-performance-data using gRPC
[Performance I] Executed get-performance-data using gRPC
[Performance I] Executed get-performance-data using gRPC
[Performance I] Executed get-performance-data using gRPC
[Performance I] Executed get-performance-data using gRPC
[Performance I] Executed get-performance-data using gRPC
[Performance I] Executed get-performance-data using gRPC
[Performance I] Executed get-performance-data using gRPC
[Performance I] Executed get-performance-data using gRPC
[Performance I] Executed get-performance-data using gRPC
[Performance I] Executed get-performance-data using gRPC
[Performance I] Executed get-performance-data using gRPC
[Performance I] Executed get-performance-data using gRPC
[Performance I] Executed get-performance-data using gRPC
[Performance I] Executed get-performance-data using gRPC
[Performance I] Executed get-performance-data using gRPC
[Performance I] Executed get-performance-data using gRPC
[Performance I] Executed get-performance-data using gRPC
[Client:extension:db2a:resolver:resolve:1:background-tasks:activity-monitor:vscode-activity-provider V] sending activity heartbeat
[Client:extension:db2a:resolver:resolve:1:background-tasks:activity-monitor:vscode-activity-provider I] Executed notify-codespace-of-client-activity using gRPC
[Client:extension:db2a:resolver:resolve:1:background-tasks:activity-monitor:vscode-activity-provider I] Activity signal sent with result true
[Performance I] Executed get-performance-data using gRPC
[Performance I] Executed get-performance-data using gRPC
[Performance I] Executed get-performance-data using gRPC
[Performance I] Executed get-performance-data using gRPC
[Performance I] Executed get-performance-data using gRPC
[Performance I] Executed get-performance-data using gRPC
[Performance I] Executed get-performance-data using gRPC
[Performance I] Executed get-performance-data using gRPC
[Performance I] Executed get-performance-data using gRPC
[Performance I] Executed get-performance-data using gRPC
[Performance I] Executed get-performance-data using gRPC
[Performance I] Executed get-performance-data using gRPC
[Performance I] Executed get-performance-data using gRPC
[Performance I] Executed get-performance-data using gRPC
[Performance I] Executed get-performance-data using gRPC
[Performance I] Executed get-performance-data using gRPC
[Performance I] Executed get-performance-data using gRPC
[Performance I] Executed get-performance-data using gRPC
[Performance I] Executed get-performance-data using gRPC
[Performance I] Executed get-performance-data using gRPC
[Performance I] Executed get-performance-data using gRPC
[Performance I] Executed get-performance-data using gRPC
[Performance I] Executed get-performance-data using gRPC
[Performance I] Executed get-performance-data using gRPC
[Performance I] Executed get-performance-data using gRPC
[Performance I] Executed get-performance-data using gRPC
[Performance I] Executed get-performance-data using gRPC
[Performance I] Executed get-performance-data using gRPC
[Performance I] Executed get-performance-data using gRPC
[Performance I] Executed get-performance-data using gRPC
[Performance I] Executed get-performance-data using gRPC
[Performance I] Executed get-performance-data using gRPC
[Performance I] Executed get-performance-data using gRPC
[Performance I] Executed get-performance-data using gRPC
[Performance I] Executed get-performance-data using gRPC
[Client:extension:db2a:resolver:resolve:1:background-tasks:activity-monitor:vscode-activity-provider V] sending activity heartbeat
[Client:extension:db2a:resolver:resolve:1:background-tasks:activity-monitor:vscode-activity-provider I] Executed notify-codespace-of-client-activity using gRPC
[Client:extension:db2a:resolver:resolve:1:background-tasks:activity-monitor:vscode-activity-provider I] Activity signal sent with result true
[Performance I] Executed get-performance-data using gRPC
[Performance I] Executed get-performance-data using gRPC
[Performance I] Executed get-performance-data using gRPC
[Performance I] Executed get-performance-data using gRPC
[Performance I] Executed get-performance-data using gRPC
[Performance I] Executed get-performance-data using gRPC
[Performance I] Executed get-performance-data using gRPC
[Performance I] Executed get-performance-data using gRPC
[Performance I] Executed get-performance-data using gRPC
[Performance I] Executed get-performance-data using gRPC
[Performance I] Executed get-performance-data using gRPC
[Performance I] Executed get-performance-data using gRPC
[Performance I] Executed get-performance-data using gRPC
[Performance I] Executed get-performance-data using gRPC
[Performance I] Executed get-performance-data using gRPC
[Performance I] Executed get-performance-data using gRPC
[Performance I] Executed get-performance-data using gRPC
[Performance I] Executed get-performance-data using gRPC
[Performance I] Executed get-performance-data using gRPC
[Performance I] Executed get-performance-data using gRPC
[Performance I] Executed get-performance-data using gRPC
[Performance I] Executed get-performance-data using gRPC
[Performance I] Executed get-performance-data using gRPC
[Performance I] Executed get-performance-data using gRPC
[Performance I] Executed get-performance-data using gRPC
[Performance I] Executed get-performance-data using gRPC
[Performance I] Executed get-performance-data using gRPC
[Performance I] Executed get-performance-data using gRPC
[Performance I] Executed get-performance-data using gRPC
[Performance I] Executed get-performance-data using gRPC
[Performance I] Executed get-performance-data using gRPC
[Performance I] Executed get-performance-data using gRPC
[Performance I] Executed get-performance-data using gRPC
[Performance I] Executed get-performance-data using gRPC
[Performance I] Executed get-performance-data using gRPC
[Performance I] Executed get-performance-data using gRPC
[Performance I] Executed get-performance-data using gRPC
[Performance I] Executed get-performance-data using gRPC
[Performance I] Executed get-performance-data using gRPC
[Performance I] Executed get-performance-data using gRPC
[Performance I] Executed get-performance-data using gRPC
[Performance I] Executed get-performance-data using gRPC
[Performance I] Executed get-performance-data using gRPC
[Performance I] Executed get-performance-data using gRPC
[Performance I] Executed get-performance-data using gRPC
[Performance I] Executed get-performance-data using gRPC
[Performance I] Executed get-performance-data using gRPC
[Performance I] Executed get-performance-data using gRPC
[Performance I] Executed get-performance-data using gRPC
[Performance I] Executed get-performance-data using gRPC
[Performance I] Executed get-performance-data using gRPC
[Performance I] Executed get-performance-data using gRPC
[Performance I] Executed get-performance-data using gRPC
[Performance I] Executed get-performance-data using gRPC
[Performance I] Executed get-performance-data using gRPC
[Performance I] Executed get-performance-data using gRPC
[Performance I] Executed get-performance-data using gRPC
[Performance I] Executed get-performance-data using gRPC
[Performance I] Executed get-performance-data using gRPC
[Performance I] Executed get-performance-data using gRPC
