2025-05-30 04:19:50.894 [info] [main] ログ レベル: Info
2025-05-30 04:19:50.894 [info] [main] Git の検証が検出されました: "git"
2025-05-30 04:19:50.894 [info] [main] "git" から Git "2.49.0" を使用しています
2025-05-30 04:19:50.894 [info] [Model][doInitialScan] Initial repository scan started
2025-05-30 04:19:50.894 [info] > git rev-parse --show-toplevel [2301ms]
2025-05-30 04:19:50.894 [info] > git rev-parse --git-dir --git-common-dir [1310ms]
2025-05-30 04:19:50.894 [info] [Model][openRepository] Opened repository (path): /home/vscode
2025-05-30 04:19:50.894 [info] [Model][openRepository] Opened repository (real path): /home/vscode
2025-05-30 04:19:50.894 [info] > git config --get commit.template [107ms]
2025-05-30 04:19:51.278 [info] > git for-each-ref --format=%(refname)%00%(upstream:short)%00%(objectname)%00%(upstream:track)%00%(upstream:remotename)%00%(upstream:remoteref) refs/heads/main refs/remotes/main [269ms]
2025-05-30 04:19:52.849 [info] > git check-ignore -v -z --stdin [1202ms]
2025-05-30 04:19:52.865 [info] > git rev-parse --show-toplevel [1544ms]
2025-05-30 04:19:53.065 [info] > git rev-parse --show-toplevel [169ms]
2025-05-30 04:19:53.840 [info] > git status -z -uall [836ms]
2025-05-30 04:19:53.840 [info] > git for-each-ref --sort -committerdate --format %(refname)%00%(objectname)%00%(*objectname) [792ms]
2025-05-30 04:19:53.853 [info] > git rev-parse --show-toplevel [137ms]
2025-05-30 04:19:53.950 [info] > git for-each-ref --format=%(refname)%00%(upstream:short)%00%(objectname)%00%(upstream:track)%00%(upstream:remotename)%00%(upstream:remoteref) refs/heads/main refs/remotes/main [65ms]
2025-05-30 04:19:54.031 [info] > git config --get --local branch.main.vscode-merge-base [65ms]
2025-05-30 04:19:54.031 [warning] [Git][config] git config failed: Failed to execute git
2025-05-30 04:19:54.044 [info] > git config --get commit.template [96ms]
2025-05-30 04:19:54.045 [info] > git rev-parse --show-toplevel [109ms]
2025-05-30 04:19:54.177 [info] > git rev-parse --git-dir --git-common-dir [117ms]
2025-05-30 04:19:54.203 [info] [Model][openRepository] Opened repository (path): /home/vscode/.nodenv
2025-05-30 04:19:54.203 [info] [Model][openRepository] Opened repository (real path): /home/vscode/.nodenv
2025-05-30 04:19:54.232 [info] > git for-each-ref --format=%(refname)%00%(upstream:short)%00%(objectname)%00%(upstream:track)%00%(upstream:remotename)%00%(upstream:remoteref) refs/heads/main refs/remotes/main [80ms]
2025-05-30 04:19:54.233 [info] > git reflog main --grep-reflog=branch: Created from *. [189ms]
2025-05-30 04:19:54.250 [info] > git symbolic-ref --short refs/remotes/origin/HEAD [3ms]
2025-05-30 04:19:54.250 [info] fatal: ref refs/remotes/origin/HEAD is not a symbolic ref
2025-05-30 04:19:54.250 [warning] [Repository][getDefaultBranch] Failed to get default branch details: Failed to execute git.
2025-05-30 04:19:54.262 [info] > git rev-parse --show-toplevel [31ms]
2025-05-30 04:19:54.264 [info] > git config --get commit.template [43ms]
2025-05-30 04:19:54.299 [info] > git merge-base refs/heads/main refs/remotes/origin/main [39ms]
2025-05-30 04:19:54.367 [info] > git for-each-ref --format=%(refname)%00%(upstream:short)%00%(objectname)%00%(upstream:track)%00%(upstream:remotename)%00%(upstream:remoteref) refs/heads/main refs/remotes/main [74ms]
2025-05-30 04:19:54.367 [info] > git rev-parse --show-toplevel [89ms]
2025-05-30 04:19:54.386 [warning] [Git][revParse] Unable to read file: ENOENT: no such file or directory, open '/home/vscode/.nodenv/.git/refs/remotes/origin/main'
2025-05-30 04:19:54.401 [info] > git for-each-ref --sort -committerdate --format %(refname)%00%(objectname)%00%(*objectname) [41ms]
2025-05-30 04:19:54.402 [info] > git diff --name-status -z --diff-filter=ADMR 869b1c0b8e0ec3aff5da6b452626c69030886833...refs/remotes/origin/main [86ms]
2025-05-30 04:19:54.423 [info] > git rev-parse --git-dir --git-common-dir [23ms]
2025-05-30 04:19:54.453 [info] [Model][openRepository] Opened repository (path): /home/vscode/.oh-my-zsh
2025-05-30 04:19:54.453 [info] [Model][openRepository] Opened repository (real path): /home/vscode/.oh-my-zsh
2025-05-30 04:19:54.460 [info] > git rev-parse refs/remotes/origin/main [74ms]
2025-05-30 04:19:54.544 [info] > git status -z -uall [60ms]
2025-05-30 04:19:54.549 [info] > git rev-parse --show-toplevel [8ms]
2025-05-30 04:19:54.550 [info] > git config --get commit.template [31ms]
2025-05-30 04:19:54.550 [info] > git for-each-ref --sort -committerdate --format %(refname)%00%(objectname)%00%(*objectname) [50ms]
2025-05-30 04:19:55.213 [info] > git status -z -uall [877ms]
2025-05-30 04:19:55.213 [info] > git for-each-ref --format=%(refname)%00%(upstream:short)%00%(objectname)%00%(upstream:track)%00%(upstream:remotename)%00%(upstream:remoteref) refs/heads/main refs/remotes/main [597ms]
2025-05-30 04:19:55.689 [info] > git config --get --local branch.main.vscode-merge-base [449ms]
2025-05-30 04:19:55.702 [info] > git config --get commit.template [830ms]
2025-05-30 04:19:55.702 [info] > git rev-parse --show-toplevel [841ms]
2025-05-30 04:19:55.727 [info] > git for-each-ref --format=%(refname)%00%(upstream:short)%00%(objectname)%00%(upstream:track)%00%(upstream:remotename)%00%(upstream:remoteref) refs/heads/origin/main refs/remotes/origin/main [25ms]
2025-05-30 04:19:55.748 [info] > git for-each-ref --format=%(refname)%00%(upstream:short)%00%(objectname)%00%(upstream:track)%00%(upstream:remotename)%00%(upstream:remoteref) refs/heads/master refs/remotes/master [468ms]
2025-05-30 04:19:55.778 [warning] [Git][revParse] Unable to read file: ENOENT: no such file or directory, open '/home/vscode/.oh-my-zsh/.git/refs/remotes/origin/master'
2025-05-30 04:19:55.780 [info] > git rev-parse --show-toplevel [58ms]
2025-05-30 04:19:55.783 [info] > git for-each-ref --format=%(refname)%00%(upstream:short)%00%(objectname)%00%(upstream:track)%00%(upstream:remotename)%00%(upstream:remoteref) refs/heads/main refs/remotes/main [16ms]
2025-05-30 04:19:55.784 [info] > git merge-base refs/heads/main refs/remotes/origin/main [38ms]
2025-05-30 04:19:55.873 [warning] [Git][revParse] Unable to read file: ENOENT: no such file or directory, open '/home/vscode/.nodenv/.git/refs/remotes/origin/main'
2025-05-30 04:19:55.880 [info] > git diff --name-status -z --diff-filter=ADMR c2bda62623165f2b9bab646844f22fc20a48f944...refs/remotes/origin/main [72ms]
2025-05-30 04:19:55.880 [info] > git rev-parse refs/remotes/origin/master [102ms]
2025-05-30 04:19:56.103 [info] > git status -z -uall [213ms]
2025-05-30 04:19:56.103 [info] > git check-ignore -v -z --stdin [164ms]
2025-05-30 04:19:56.104 [info] > git check-ignore -v -z --stdin [131ms]
2025-05-30 04:19:56.104 [info] > git check-ignore -v -z --stdin [109ms]
2025-05-30 04:19:56.104 [info] > git for-each-ref --sort -committerdate --format %(refname)%00%(objectname)%00%(*objectname) [186ms]
2025-05-30 04:19:56.125 [info] > git rev-parse refs/remotes/origin/main [253ms]
2025-05-30 04:19:56.151 [info] > git rev-parse --git-dir --git-common-dir [289ms]
2025-05-30 04:19:56.164 [info] [Model][openRepository] Opened repository (path): /home/vscode/environment
2025-05-30 04:19:56.164 [info] [Model][openRepository] Opened repository (real path): /home/vscode/environment
2025-05-30 04:19:56.167 [info] [Model][doInitialScan] Initial repository scan completed - repositories (4), closed repositories (0), parent repositories (0), unsafe repositories (0)
2025-05-30 04:19:56.240 [info] > git status -z -uall [103ms]
2025-05-30 04:19:56.240 [info] > git show --textconv :index.html [63ms]
2025-05-30 04:19:56.245 [info] > git for-each-ref --sort -committerdate --format %(refname)%00%(objectname)%00%(*objectname) [95ms]
2025-05-30 04:19:56.248 [info] > git for-each-ref --format=%(refname)%00%(upstream:short)%00%(objectname)%00%(upstream:track)%00%(upstream:remotename)%00%(upstream:remoteref) refs/heads/master refs/remotes/master [126ms]
2025-05-30 04:19:59.427 [info] > git config --get --local branch.master.vscode-merge-base [3168ms]
2025-05-30 04:19:59.445 [info] > git config --get commit.template [3215ms]
2025-05-30 04:19:59.446 [info] > git config --get commit.template [3230ms]
2025-05-30 04:19:59.446 [info] > git ls-files --stage -- index.html [3252ms]
2025-05-30 04:19:59.529 [info] > git check-ignore -v -z --stdin [59ms]
2025-05-30 04:19:59.529 [info] > git check-ignore -v -z --stdin [44ms]
2025-05-30 04:19:59.530 [info] > git check-ignore -v -z --stdin [23ms]
2025-05-30 04:19:59.530 [info] > git check-ignore -v -z --stdin [17ms]
2025-05-30 04:19:59.531 [info] > git cat-file -s 212bf6c52e1483fa48026126d9065d26033b5066 [76ms]
2025-05-30 04:19:59.532 [info] > git for-each-ref --format=%(refname)%00%(upstream:short)%00%(objectname)%00%(upstream:track)%00%(upstream:remotename)%00%(upstream:remoteref) refs/heads/origin/master refs/remotes/origin/master [88ms]
2025-05-30 04:19:59.573 [info] > git config --get commit.template [52ms]
2025-05-30 04:19:59.576 [info] > git for-each-ref --format=%(refname)%00%(upstream:short)%00%(objectname)%00%(upstream:track)%00%(upstream:remotename)%00%(upstream:remoteref) refs/heads/main refs/remotes/main [7ms]
2025-05-30 04:19:59.576 [info] > git for-each-ref --format=%(refname)%00%(upstream:short)%00%(objectname)%00%(upstream:track)%00%(upstream:remotename)%00%(upstream:remoteref) refs/heads/master refs/remotes/master [17ms]
2025-05-30 04:19:59.577 [info] > git merge-base refs/heads/master refs/remotes/origin/master [34ms]
2025-05-30 04:19:59.627 [warning] [Git][revParse] Unable to read file: ENOENT: no such file or directory, open '/home/vscode/environment/.git/refs/remotes/origin/main'
2025-05-30 04:19:59.649 [warning] [Git][revParse] Unable to read file: ENOENT: no such file or directory, open '/home/vscode/.oh-my-zsh/.git/refs/remotes/origin/master'
2025-05-30 04:19:59.720 [info] > git rev-parse refs/remotes/origin/master [71ms]
2025-05-30 04:19:59.767 [info] > git rev-parse refs/remotes/origin/main [140ms]
2025-05-30 04:19:59.800 [info] > git for-each-ref --format=%(refname)%00%(upstream:short)%00%(objectname)%00%(upstream:track)%00%(upstream:remotename)%00%(upstream:remoteref) refs/heads/main refs/remotes/main [190ms]
2025-05-30 04:19:59.801 [info] > git diff --name-status -z --diff-filter=ADMR 750d3ac4b493dca13ef0ced55fa6a2cd02dc7ee8...refs/remotes/origin/master [206ms]
2025-05-30 04:20:00.063 [info] > git status -z -uall [335ms]
2025-05-30 04:20:00.064 [info] > git status -z -uall [280ms]
2025-05-30 04:20:00.064 [info] > git for-each-ref --sort -committerdate --format %(refname)%00%(objectname)%00%(*objectname) [302ms]
2025-05-30 04:20:01.084 [info] > git for-each-ref --sort -committerdate --format %(refname)%00%(objectname)%00%(*objectname) [877ms]
2025-05-30 04:20:01.806 [info] > git status -z -uall [1663ms]
2025-05-30 04:20:01.813 [info] > git for-each-ref --sort -committerdate --format %(refname)%00%(objectname)%00%(*objectname) [2015ms]
2025-05-30 04:20:01.897 [info] > git for-each-ref --format=%(refname)%00%(upstream:short)%00%(objectname)%00%(upstream:track)%00%(upstream:remotename)%00%(upstream:remoteref) refs/heads/main refs/remotes/main [63ms]
2025-05-30 04:20:02.038 [info] > git config --get --local branch.main.vscode-merge-base [127ms]
2025-05-30 04:20:02.051 [info] > git config --get commit.template [155ms]
2025-05-30 04:20:02.051 [info] > git config --get commit.template [170ms]
2025-05-30 04:20:02.052 [info] > git config --get commit.template [176ms]
2025-05-30 04:20:02.052 [info] > git config --get commit.template [187ms]
2025-05-30 04:20:02.413 [info] > git config --get --local branch.master.github-pr-owner-number [187ms]
2025-05-30 04:20:02.413 [warning] [Git][config] git config failed: Failed to execute git
2025-05-30 04:20:02.420 [info] > git config --get --local branch.main.github-pr-owner-number [247ms]
2025-05-30 04:20:02.421 [warning] [Git][config] git config failed: Failed to execute git
2025-05-30 04:20:02.424 [info] > git config --get --local branch.main.github-pr-owner-number [314ms]
2025-05-30 04:20:02.424 [warning] [Git][config] git config failed: Failed to execute git
2025-05-30 04:20:02.427 [info] > git for-each-ref --format=%(refname)%00%(upstream:short)%00%(objectname)%00%(upstream:track)%00%(upstream:remotename)%00%(upstream:remoteref) refs/heads/origin/main refs/remotes/origin/main [377ms]
2025-05-30 04:20:02.456 [info] > git merge-base refs/heads/main refs/remotes/origin/main [18ms]
2025-05-30 04:20:02.469 [info] > git for-each-ref --format=%(refname)%00%(upstream:short)%00%(objectname)%00%(upstream:track)%00%(upstream:remotename)%00%(upstream:remoteref) refs/heads/main refs/remotes/main [62ms]
2025-05-30 04:20:02.469 [info] > git for-each-ref --format=%(refname)%00%(upstream:short)%00%(objectname)%00%(upstream:track)%00%(upstream:remotename)%00%(upstream:remoteref) refs/heads/main refs/remotes/main [76ms]
2025-05-30 04:20:02.469 [info] > git for-each-ref --format=%(refname)%00%(upstream:short)%00%(objectname)%00%(upstream:track)%00%(upstream:remotename)%00%(upstream:remoteref) refs/heads/master refs/remotes/master [91ms]
2025-05-30 04:20:02.471 [info] > git for-each-ref --format=%(refname)%00%(upstream:short)%00%(objectname)%00%(upstream:track)%00%(upstream:remotename)%00%(upstream:remoteref) refs/heads/main refs/remotes/main [104ms]
2025-05-30 04:20:02.487 [warning] [Git][revParse] Unable to read file: ENOENT: no such file or directory, open '/home/vscode/.nodenv/.git/refs/remotes/origin/main'
2025-05-30 04:20:02.499 [warning] [Git][revParse] Unable to read file: ENOENT: no such file or directory, open '/home/vscode/.oh-my-zsh/.git/refs/remotes/origin/master'
2025-05-30 04:20:02.514 [warning] [Git][revParse] Unable to read file: ENOENT: no such file or directory, open '/home/vscode/environment/.git/refs/remotes/origin/main'
2025-05-30 04:20:02.527 [info] > git diff --name-status -z --diff-filter=ADMR 527588dbcd166987a649f31988a023c1ec8c7011...refs/remotes/origin/main [59ms]
2025-05-30 04:20:03.153 [info] > git rev-parse refs/remotes/origin/main [639ms]
2025-05-30 04:20:03.175 [info] > git rev-parse refs/remotes/origin/master [676ms]
2025-05-30 04:20:03.202 [info] > git rev-parse refs/remotes/origin/main [715ms]
2025-05-30 04:20:03.414 [info] > git status -z -uall [249ms]
2025-05-30 04:20:03.414 [info] > git status -z -uall [230ms]
2025-05-30 04:20:03.414 [info] > git status -z -uall [198ms]
2025-05-30 04:20:03.415 [info] > git for-each-ref --sort -committerdate --format %(refname)%00%(objectname)%00%(*objectname) [214ms]
2025-05-30 04:20:03.419 [info] > git for-each-ref --sort -committerdate --format %(refname)%00%(objectname)%00%(*objectname) [244ms]
2025-05-30 04:20:03.507 [info] > git for-each-ref --sort -committerdate --format %(refname)%00%(objectname)%00%(*objectname) [276ms]
2025-05-30 04:20:03.598 [info] > git config --get commit.template [102ms]
2025-05-30 04:20:03.600 [info] > git for-each-ref --sort -committerdate --format %(refname)%00%(objectname)%00%(*objectname) [122ms]
2025-05-30 04:20:04.075 [info] > git blame --root --incremental 869b1c0b8e0ec3aff5da6b452626c69030886833 -- index.html [455ms]
2025-05-30 04:20:04.102 [info] > git status -z -uall [665ms]
2025-05-30 04:20:04.104 [info] > git for-each-ref --format=%(refname)%00%(upstream:short)%00%(objectname)%00%(upstream:track)%00%(upstream:remotename)%00%(upstream:remoteref) refs/heads/main refs/remotes/main [279ms]
2025-05-30 04:20:04.124 [warning] [Git][revParse] Unable to read file: ENOENT: no such file or directory, open '/home/vscode/environment/.git/refs/remotes/origin/main'
2025-05-30 04:20:04.143 [info] > git rev-parse refs/remotes/origin/main [19ms]
2025-05-30 04:20:04.183 [info] > git status -z -uall [29ms]
2025-05-30 04:20:04.208 [info] > git for-each-ref --sort -committerdate --format %(refname)%00%(objectname)%00%(*objectname) [43ms]
2025-05-30 04:20:04.240 [info] > git config --get --local branch.main.github-pr-owner-number [41ms]
2025-05-30 04:20:04.240 [warning] [Git][config] git config failed: Failed to execute git
2025-05-30 04:20:08.494 [info] > git config --get commit.template [60ms]
2025-05-30 04:20:08.521 [info] > git for-each-ref --format=%(refname)%00%(upstream:short)%00%(objectname)%00%(upstream:track)%00%(upstream:remotename)%00%(upstream:remoteref) refs/heads/main refs/remotes/main [14ms]
2025-05-30 04:20:09.410 [info] > git status -z -uall [867ms]
2025-05-30 04:20:09.410 [info] > git for-each-ref --sort -committerdate --format %(refname)%00%(objectname)%00%(*objectname) [820ms]
2025-05-30 04:20:20.118 [info] > git config --get commit.template [10ms]
2025-05-30 04:20:20.120 [info] > git for-each-ref --format=%(refname)%00%(upstream:short)%00%(objectname)%00%(upstream:track)%00%(upstream:remotename)%00%(upstream:remoteref) refs/heads/main refs/remotes/main [4ms]
2025-05-30 04:20:20.127 [warning] [Git][revParse] Unable to read file: ENOENT: no such file or directory, open '/home/vscode/.nodenv/.git/refs/remotes/origin/main'
2025-05-30 04:20:20.138 [info] > git rev-parse refs/remotes/origin/main [11ms]
2025-05-30 04:20:20.171 [info] > git status -z -uall [9ms]
2025-05-30 04:20:20.174 [info] > git for-each-ref --sort -committerdate --format %(refname)%00%(objectname)%00%(*objectname) [3ms]
2025-05-30 04:20:22.058 [info] > git config --get commit.template [23ms]
2025-05-30 04:20:22.062 [info] > git for-each-ref --format=%(refname)%00%(upstream:short)%00%(objectname)%00%(upstream:track)%00%(upstream:remotename)%00%(upstream:remoteref) refs/heads/main refs/remotes/main [5ms]
2025-05-30 04:20:22.090 [info] > git for-each-ref --sort -committerdate --format %(refname)%00%(objectname)%00%(*objectname) [1ms]
2025-05-30 04:20:22.219 [info] > git status -z -uall [144ms]
2025-05-30 04:20:27.247 [info] > git config --get commit.template [3ms]
2025-05-30 04:20:27.262 [info] > git for-each-ref --format=%(refname)%00%(upstream:short)%00%(objectname)%00%(upstream:track)%00%(upstream:remotename)%00%(upstream:remoteref) refs/heads/main refs/remotes/main [1ms]
2025-05-30 04:20:27.304 [info] > git for-each-ref --sort -committerdate --format %(refname)%00%(objectname)%00%(*objectname) [4ms]
2025-05-30 04:20:27.405 [info] > git status -z -uall [130ms]
2025-05-30 04:22:12.607 [info] > git config --get commit.template [2ms]
2025-05-30 04:22:12.616 [info] > git for-each-ref --format=%(refname)%00%(upstream:short)%00%(objectname)%00%(upstream:track)%00%(upstream:remotename)%00%(upstream:remoteref) refs/heads/main refs/remotes/main [1ms]
2025-05-30 04:22:12.656 [info] > git for-each-ref --sort -committerdate --format %(refname)%00%(objectname)%00%(*objectname) [6ms]
2025-05-30 04:22:12.694 [info] > git status -z -uall [71ms]
2025-05-30 04:22:17.717 [info] > git config --get commit.template [7ms]
2025-05-30 04:22:17.719 [info] > git for-each-ref --format=%(refname)%00%(upstream:short)%00%(objectname)%00%(upstream:track)%00%(upstream:remotename)%00%(upstream:remoteref) refs/heads/main refs/remotes/main [2ms]
2025-05-30 04:22:17.752 [info] > git for-each-ref --sort -committerdate --format %(refname)%00%(objectname)%00%(*objectname) [1ms]
2025-05-30 04:22:17.794 [info] > git status -z -uall [69ms]
2025-05-30 04:22:22.817 [info] > git config --get commit.template [10ms]
2025-05-30 04:22:22.818 [info] > git for-each-ref --format=%(refname)%00%(upstream:short)%00%(objectname)%00%(upstream:track)%00%(upstream:remotename)%00%(upstream:remoteref) refs/heads/main refs/remotes/main [2ms]
2025-05-30 04:22:22.857 [info] > git for-each-ref --sort -committerdate --format %(refname)%00%(objectname)%00%(*objectname) [1ms]
2025-05-30 04:22:22.900 [info] > git status -z -uall [73ms]
